ARM GAS  C:\Users\Eih3\AppData\Local\Temp\cc7glH0U.s 			page 1


   1              		.syntax unified
   2              		.cpu cortex-m3
   3              		.fpu softvfp
   4              		.eabi_attribute 20, 1
   5              		.eabi_attribute 21, 1
   6              		.eabi_attribute 23, 3
   7              		.eabi_attribute 24, 1
   8              		.eabi_attribute 25, 1
   9              		.eabi_attribute 26, 1
  10              		.eabi_attribute 30, 6
  11              		.eabi_attribute 34, 1
  12              		.eabi_attribute 18, 4
  13              		.thumb
  14              		.file	"cymetadata.c"
  15              		.text
  16              	.Ltext0:
  17              		.cfi_sections	.debug_frame
  18              		.global	cy_meta_configecc
  19              		.section	.cyconfigecc,"a",%progbits
  20              		.align	2
  21              		.type	cy_meta_configecc, %object
  22              		.size	cy_meta_configecc, 1548
  23              	cy_meta_configecc:
  24 0000 03       		.byte	3
  25 0001 52       		.byte	82
  26 0002 00       		.byte	0
  27 0003 40       		.byte	64
  28 0004 02       		.byte	2
  29 0005 64       		.byte	100
  30 0006 00       		.byte	0
  31 0007 40       		.byte	64
  32 0008 01       		.byte	1
  33 0009 65       		.byte	101
  34 000a 00       		.byte	0
  35 000b 40       		.byte	64
  36 000c 59       		.byte	89
  37 000d 02       		.byte	2
  38 000e 01       		.byte	1
  39 000f 40       		.byte	64
  40 0010 2E       		.byte	46
  41 0011 03       		.byte	3
  42 0012 01       		.byte	1
  43 0013 40       		.byte	64
  44 0014 3F       		.byte	63
  45 0015 04       		.byte	4
  46 0016 01       		.byte	1
  47 0017 40       		.byte	64
  48 0018 39       		.byte	57
  49 0019 05       		.byte	5
  50 001a 01       		.byte	1
  51 001b 40       		.byte	64
  52 001c 57       		.byte	87
  53 001d 06       		.byte	6
  54 001e 01       		.byte	1
  55 001f 40       		.byte	64
  56 0020 47       		.byte	71
  57 0021 07       		.byte	7
ARM GAS  C:\Users\Eih3\AppData\Local\Temp\cc7glH0U.s 			page 2


  58 0022 01       		.byte	1
  59 0023 40       		.byte	64
  60 0024 44       		.byte	68
  61 0025 14       		.byte	20
  62 0026 01       		.byte	1
  63 0027 40       		.byte	64
  64 0028 42       		.byte	66
  65 0029 15       		.byte	21
  66 002a 01       		.byte	1
  67 002b 40       		.byte	64
  68 002c 46       		.byte	70
  69 002d 16       		.byte	22
  70 002e 01       		.byte	1
  71 002f 40       		.byte	64
  72 0030 42       		.byte	66
  73 0031 17       		.byte	23
  74 0032 01       		.byte	1
  75 0033 40       		.byte	64
  76 0034 04       		.byte	4
  77 0035 40       		.byte	64
  78 0036 01       		.byte	1
  79 0037 40       		.byte	64
  80 0038 01       		.byte	1
  81 0039 41       		.byte	65
  82 003a 01       		.byte	1
  83 003b 40       		.byte	64
  84 003c 04       		.byte	4
  85 003d 42       		.byte	66
  86 003e 01       		.byte	1
  87 003f 40       		.byte	64
  88 0040 02       		.byte	2
  89 0041 43       		.byte	67
  90 0042 01       		.byte	1
  91 0043 40       		.byte	64
  92 0044 03       		.byte	3
  93 0045 48       		.byte	72
  94 0046 01       		.byte	1
  95 0047 40       		.byte	64
  96 0048 07       		.byte	7
  97 0049 49       		.byte	73
  98 004a 01       		.byte	1
  99 004b 40       		.byte	64
 100 004c 05       		.byte	5
 101 004d 50       		.byte	80
 102 004e 01       		.byte	1
 103 004f 40       		.byte	64
 104 0050 01       		.byte	1
 105 0051 51       		.byte	81
 106 0052 01       		.byte	1
 107 0053 40       		.byte	64
 108 0054 18       		.byte	24
 109 0055 80       		.byte	-128
 110 0056 1C       		.byte	28
 111 0057 20       		.byte	32
 112 0058 34       		.byte	52
 113 0059 02       		.byte	2
 114 005a 85       		.byte	-123
ARM GAS  C:\Users\Eih3\AppData\Local\Temp\cc7glH0U.s 			page 3


 115 005b 0F       		.byte	15
 116 005c 87       		.byte	-121
 117 005d 72       		.byte	114
 118 005e 84       		.byte	-124
 119 005f 79       		.byte	121
 120 0060 02       		.byte	2
 121 0061 20       		.byte	32
 122 0062 06       		.byte	6
 123 0063 20       		.byte	32
 124 0064 07       		.byte	7
 125 0065 88       		.byte	-120
 126 0066 08       		.byte	8
 127 0067 14       		.byte	20
 128 0068 09       		.byte	9
 129 0069 AA       		.byte	-86
 130 006a 0B       		.byte	11
 131 006b 44       		.byte	68
 132 006c 0C       		.byte	12
 133 006d 2C       		.byte	44
 134 006e 0E       		.byte	14
 135 006f 11       		.byte	17
 136 0070 11       		.byte	17
 137 0071 33       		.byte	51
 138 0072 13       		.byte	19
 139 0073 C4       		.byte	-60
 140 0074 15       		.byte	21
 141 0075 33       		.byte	51
 142 0076 16       		.byte	22
 143 0077 03       		.byte	3
 144 0078 17       		.byte	23
 145 0079 4C       		.byte	76
 146 007a 18       		.byte	24
 147 007b 09       		.byte	9
 148 007c 1A       		.byte	26
 149 007d 10       		.byte	16
 150 007e 20       		.byte	32
 151 007f 10       		.byte	16
 152 0080 23       		.byte	35
 153 0081 80       		.byte	-128
 154 0082 24       		.byte	36
 155 0083 1C       		.byte	28
 156 0084 26       		.byte	38
 157 0085 22       		.byte	34
 158 0086 28       		.byte	40
 159 0087 30       		.byte	48
 160 0088 29       		.byte	41
 161 0089 03       		.byte	3
 162 008a 2A       		.byte	42
 163 008b 0C       		.byte	12
 164 008c 2B       		.byte	43
 165 008d 04       		.byte	4
 166 008e 2F       		.byte	47
 167 008f 55       		.byte	85
 168 0090 30       		.byte	48
 169 0091 20       		.byte	32
 170 0092 32       		.byte	50
 171 0093 1F       		.byte	31
ARM GAS  C:\Users\Eih3\AppData\Local\Temp\cc7glH0U.s 			page 4


 172 0094 33       		.byte	51
 173 0095 0F       		.byte	15
 174 0096 35       		.byte	53
 175 0097 30       		.byte	48
 176 0098 37       		.byte	55
 177 0099 C8       		.byte	-56
 178 009a 39       		.byte	57
 179 009b 20       		.byte	32
 180 009c 3B       		.byte	59
 181 009d 88       		.byte	-120
 182 009e 3E       		.byte	62
 183 009f 01       		.byte	1
 184 00a0 3F       		.byte	63
 185 00a1 10       		.byte	16
 186 00a2 40       		.byte	64
 187 00a3 24       		.byte	36
 188 00a4 41       		.byte	65
 189 00a5 05       		.byte	5
 190 00a6 45       		.byte	69
 191 00a7 E0       		.byte	-32
 192 00a8 46       		.byte	70
 193 00a9 C0       		.byte	-64
 194 00aa 47       		.byte	71
 195 00ab 0B       		.byte	11
 196 00ac 48       		.byte	72
 197 00ad 1A       		.byte	26
 198 00ae 49       		.byte	73
 199 00af FF       		.byte	-1
 200 00b0 4A       		.byte	74
 201 00b1 FF       		.byte	-1
 202 00b2 4B       		.byte	75
 203 00b3 FF       		.byte	-1
 204 00b4 4E       		.byte	78
 205 00b5 F0       		.byte	-16
 206 00b6 4F       		.byte	79
 207 00b7 44       		.byte	68
 208 00b8 50       		.byte	80
 209 00b9 0C       		.byte	12
 210 00ba 58       		.byte	88
 211 00bb 04       		.byte	4
 212 00bc 59       		.byte	89
 213 00bd 04       		.byte	4
 214 00be 5A       		.byte	90
 215 00bf 04       		.byte	4
 216 00c0 5F       		.byte	95
 217 00c1 01       		.byte	1
 218 00c2 66       		.byte	102
 219 00c3 C0       		.byte	-64
 220 00c4 6A       		.byte	106
 221 00c5 40       		.byte	64
 222 00c6 6B       		.byte	107
 223 00c7 02       		.byte	2
 224 00c8 81       		.byte	-127
 225 00c9 11       		.byte	17
 226 00ca 82       		.byte	-126
 227 00cb 3F       		.byte	63
 228 00cc 83       		.byte	-125
ARM GAS  C:\Users\Eih3\AppData\Local\Temp\cc7glH0U.s 			page 5


 229 00cd 0E       		.byte	14
 230 00ce 84       		.byte	-124
 231 00cf 09       		.byte	9
 232 00d0 85       		.byte	-123
 233 00d1 0C       		.byte	12
 234 00d2 86       		.byte	-122
 235 00d3 24       		.byte	36
 236 00d4 87       		.byte	-121
 237 00d5 13       		.byte	19
 238 00d6 88       		.byte	-120
 239 00d7 3F       		.byte	63
 240 00d8 8E       		.byte	-114
 241 00d9 3F       		.byte	63
 242 00da 90       		.byte	-112
 243 00db 3F       		.byte	63
 244 00dc 94       		.byte	-108
 245 00dd 36       		.byte	54
 246 00de 95       		.byte	-107
 247 00df 11       		.byte	17
 248 00e0 96       		.byte	-106
 249 00e1 09       		.byte	9
 250 00e2 97       		.byte	-105
 251 00e3 06       		.byte	6
 252 00e4 98       		.byte	-104
 253 00e5 3F       		.byte	63
 254 00e6 9B       		.byte	-101
 255 00e7 0C       		.byte	12
 256 00e8 9E       		.byte	-98
 257 00e9 3F       		.byte	63
 258 00ea A0       		.byte	-96
 259 00eb 09       		.byte	9
 260 00ec A2       		.byte	-94
 261 00ed 12       		.byte	18
 262 00ee A3       		.byte	-93
 263 00ef 08       		.byte	8
 264 00f0 A4       		.byte	-92
 265 00f1 38       		.byte	56
 266 00f2 A6       		.byte	-90
 267 00f3 07       		.byte	7
 268 00f4 A8       		.byte	-88
 269 00f5 38       		.byte	56
 270 00f6 AA       		.byte	-86
 271 00f7 07       		.byte	7
 272 00f8 AC       		.byte	-84
 273 00f9 07       		.byte	7
 274 00fa AD       		.byte	-83
 275 00fb 20       		.byte	32
 276 00fc AE       		.byte	-82
 277 00fd 38       		.byte	56
 278 00fe AF       		.byte	-81
 279 00ff 03       		.byte	3
 280 0100 B2       		.byte	-78
 281 0101 3F       		.byte	63
 282 0102 B3       		.byte	-77
 283 0103 0F       		.byte	15
 284 0104 B5       		.byte	-75
 285 0105 30       		.byte	48
ARM GAS  C:\Users\Eih3\AppData\Local\Temp\cc7glH0U.s 			page 6


 286 0106 B9       		.byte	-71
 287 0107 20       		.byte	32
 288 0108 BA       		.byte	-70
 289 0109 0A       		.byte	10
 290 010a BB       		.byte	-69
 291 010b 08       		.byte	8
 292 010c D8       		.byte	-40
 293 010d 04       		.byte	4
 294 010e D9       		.byte	-39
 295 010f 04       		.byte	4
 296 0110 DF       		.byte	-33
 297 0111 01       		.byte	1
 298 0112 00       		.byte	0
 299 0113 22       		.byte	34
 300 0114 01       		.byte	1
 301 0115 08       		.byte	8
 302 0116 02       		.byte	2
 303 0117 02       		.byte	2
 304 0118 06       		.byte	6
 305 0119 94       		.byte	-108
 306 011a 07       		.byte	7
 307 011b 02       		.byte	2
 308 011c 08       		.byte	8
 309 011d 40       		.byte	64
 310 011e 0A       		.byte	10
 311 011f A4       		.byte	-92
 312 0120 0D       		.byte	13
 313 0121 20       		.byte	32
 314 0122 0E       		.byte	14
 315 0123 10       		.byte	16
 316 0124 10       		.byte	16
 317 0125 28       		.byte	40
 318 0126 12       		.byte	18
 319 0127 40       		.byte	64
 320 0128 13       		.byte	19
 321 0129 80       		.byte	-128
 322 012a 15       		.byte	21
 323 012b 09       		.byte	9
 324 012c 17       		.byte	23
 325 012d 10       		.byte	16
 326 012e 1A       		.byte	26
 327 012f A0       		.byte	-96
 328 0130 1C       		.byte	28
 329 0131 40       		.byte	64
 330 0132 1E       		.byte	30
 331 0133 10       		.byte	16
 332 0134 21       		.byte	33
 333 0135 24       		.byte	36
 334 0136 23       		.byte	35
 335 0137 14       		.byte	20
 336 0138 24       		.byte	36
 337 0139 02       		.byte	2
 338 013a 26       		.byte	38
 339 013b 08       		.byte	8
 340 013c 27       		.byte	39
 341 013d 16       		.byte	22
 342 013e 2B       		.byte	43
ARM GAS  C:\Users\Eih3\AppData\Local\Temp\cc7glH0U.s 			page 7


 343 013f 82       		.byte	-126
 344 0140 2D       		.byte	45
 345 0141 11       		.byte	17
 346 0142 2E       		.byte	46
 347 0143 A0       		.byte	-96
 348 0144 2F       		.byte	47
 349 0145 82       		.byte	-126
 350 0146 31       		.byte	49
 351 0147 20       		.byte	32
 352 0148 32       		.byte	50
 353 0149 08       		.byte	8
 354 014a 36       		.byte	54
 355 014b 08       		.byte	8
 356 014c 37       		.byte	55
 357 014d 02       		.byte	2
 358 014e 38       		.byte	56
 359 014f 02       		.byte	2
 360 0150 39       		.byte	57
 361 0151 08       		.byte	8
 362 0152 3F       		.byte	63
 363 0153 14       		.byte	20
 364 0154 46       		.byte	70
 365 0155 80       		.byte	-128
 366 0156 47       		.byte	71
 367 0157 10       		.byte	16
 368 0158 4C       		.byte	76
 369 0159 01       		.byte	1
 370 015a 4F       		.byte	79
 371 015b 01       		.byte	1
 372 015c 56       		.byte	86
 373 015d 34       		.byte	52
 374 015e C0       		.byte	-64
 375 015f FF       		.byte	-1
 376 0160 C2       		.byte	-62
 377 0161 6F       		.byte	111
 378 0162 C4       		.byte	-60
 379 0163 7F       		.byte	127
 380 0164 CA       		.byte	-54
 381 0165 B9       		.byte	-71
 382 0166 CC       		.byte	-52
 383 0167 C6       		.byte	-58
 384 0168 CE       		.byte	-50
 385 0169 63       		.byte	99
 386 016a D0       		.byte	-48
 387 016b A0       		.byte	-96
 388 016c D2       		.byte	-46
 389 016d 10       		.byte	16
 390 016e 02       		.byte	2
 391 016f 08       		.byte	8
 392 0170 03       		.byte	3
 393 0171 01       		.byte	1
 394 0172 05       		.byte	5
 395 0173 07       		.byte	7
 396 0174 06       		.byte	6
 397 0175 08       		.byte	8
 398 0176 08       		.byte	8
 399 0177 1F       		.byte	31
ARM GAS  C:\Users\Eih3\AppData\Local\Temp\cc7glH0U.s 			page 8


 400 0178 09       		.byte	9
 401 0179 04       		.byte	4
 402 017a 0D       		.byte	13
 403 017b 02       		.byte	2
 404 017c 0E       		.byte	14
 405 017d 0F       		.byte	15
 406 017e 0F       		.byte	15
 407 017f 01       		.byte	1
 408 0180 10       		.byte	16
 409 0181 1F       		.byte	31
 410 0182 13       		.byte	19
 411 0183 03       		.byte	3
 412 0184 14       		.byte	20
 413 0185 10       		.byte	16
 414 0186 15       		.byte	21
 415 0187 03       		.byte	3
 416 0188 17       		.byte	23
 417 0189 04       		.byte	4
 418 018a 18       		.byte	24
 419 018b 0F       		.byte	15
 420 018c 1A       		.byte	26
 421 018d 10       		.byte	16
 422 018e 1B       		.byte	27
 423 018f 02       		.byte	2
 424 0190 1C       		.byte	28
 425 0191 10       		.byte	16
 426 0192 1D       		.byte	29
 427 0193 07       		.byte	7
 428 0194 20       		.byte	32
 429 0195 10       		.byte	16
 430 0196 21       		.byte	33
 431 0197 04       		.byte	4
 432 0198 22       		.byte	34
 433 0199 0F       		.byte	15
 434 019a 23       		.byte	35
 435 019b 03       		.byte	3
 436 019c 24       		.byte	36
 437 019d 01       		.byte	1
 438 019e 26       		.byte	38
 439 019f 0C       		.byte	12
 440 01a0 27       		.byte	39
 441 01a1 08       		.byte	8
 442 01a2 28       		.byte	40
 443 01a3 04       		.byte	4
 444 01a4 29       		.byte	41
 445 01a5 04       		.byte	4
 446 01a6 2A       		.byte	42
 447 01a7 02       		.byte	2
 448 01a8 2C       		.byte	44
 449 01a9 01       		.byte	1
 450 01aa 2E       		.byte	46
 451 01ab 02       		.byte	2
 452 01ac 2F       		.byte	47
 453 01ad 01       		.byte	1
 454 01ae 31       		.byte	49
 455 01af 0F       		.byte	15
 456 01b0 32       		.byte	50
ARM GAS  C:\Users\Eih3\AppData\Local\Temp\cc7glH0U.s 			page 9


 457 01b1 1F       		.byte	31
 458 01b2 3E       		.byte	62
 459 01b3 04       		.byte	4
 460 01b4 52       		.byte	82
 461 01b5 E0       		.byte	-32
 462 01b6 58       		.byte	88
 463 01b7 04       		.byte	4
 464 01b8 59       		.byte	89
 465 01b9 04       		.byte	4
 466 01ba 5B       		.byte	91
 467 01bb 04       		.byte	4
 468 01bc 5F       		.byte	95
 469 01bd 01       		.byte	1
 470 01be 80       		.byte	-128
 471 01bf 01       		.byte	1
 472 01c0 88       		.byte	-120
 473 01c1 04       		.byte	4
 474 01c2 8C       		.byte	-116
 475 01c3 01       		.byte	1
 476 01c4 92       		.byte	-110
 477 01c5 02       		.byte	2
 478 01c6 98       		.byte	-104
 479 01c7 01       		.byte	1
 480 01c8 9C       		.byte	-100
 481 01c9 01       		.byte	1
 482 01ca A2       		.byte	-94
 483 01cb 01       		.byte	1
 484 01cc A6       		.byte	-90
 485 01cd 01       		.byte	1
 486 01ce A9       		.byte	-87
 487 01cf 01       		.byte	1
 488 01d0 AA       		.byte	-86
 489 01d1 01       		.byte	1
 490 01d2 AE       		.byte	-82
 491 01d3 01       		.byte	1
 492 01d4 B2       		.byte	-78
 493 01d5 03       		.byte	3
 494 01d6 B4       		.byte	-76
 495 01d7 04       		.byte	4
 496 01d8 B5       		.byte	-75
 497 01d9 01       		.byte	1
 498 01da BA       		.byte	-70
 499 01db 08       		.byte	8
 500 01dc BE       		.byte	-66
 501 01dd 10       		.byte	16
 502 01de BF       		.byte	-65
 503 01df 10       		.byte	16
 504 01e0 D4       		.byte	-44
 505 01e1 01       		.byte	1
 506 01e2 D6       		.byte	-42
 507 01e3 04       		.byte	4
 508 01e4 D8       		.byte	-40
 509 01e5 04       		.byte	4
 510 01e6 D9       		.byte	-39
 511 01e7 04       		.byte	4
 512 01e8 DB       		.byte	-37
 513 01e9 04       		.byte	4
ARM GAS  C:\Users\Eih3\AppData\Local\Temp\cc7glH0U.s 			page 10


 514 01ea DF       		.byte	-33
 515 01eb 01       		.byte	1
 516 01ec 00       		.byte	0
 517 01ed 22       		.byte	34
 518 01ee 01       		.byte	1
 519 01ef 08       		.byte	8
 520 01f0 02       		.byte	2
 521 01f1 02       		.byte	2
 522 01f2 03       		.byte	3
 523 01f3 01       		.byte	1
 524 01f4 06       		.byte	6
 525 01f5 04       		.byte	4
 526 01f6 07       		.byte	7
 527 01f7 42       		.byte	66
 528 01f8 0A       		.byte	10
 529 01f9 8D       		.byte	-115
 530 01fa 0B       		.byte	11
 531 01fb 10       		.byte	16
 532 01fc 0E       		.byte	14
 533 01fd 86       		.byte	-122
 534 01fe 10       		.byte	16
 535 01ff 68       		.byte	104
 536 0200 13       		.byte	19
 537 0201 82       		.byte	-126
 538 0202 14       		.byte	20
 539 0203 04       		.byte	4
 540 0204 15       		.byte	21
 541 0205 08       		.byte	8
 542 0206 17       		.byte	23
 543 0207 81       		.byte	-127
 544 0208 19       		.byte	25
 545 0209 04       		.byte	4
 546 020a 1E       		.byte	30
 547 020b 28       		.byte	40
 548 020c 22       		.byte	34
 549 020d 01       		.byte	1
 550 020e 25       		.byte	37
 551 020f 20       		.byte	32
 552 0210 28       		.byte	40
 553 0211 40       		.byte	64
 554 0212 29       		.byte	41
 555 0213 14       		.byte	20
 556 0214 2A       		.byte	42
 557 0215 40       		.byte	64
 558 0216 2E       		.byte	46
 559 0217 10       		.byte	16
 560 0218 32       		.byte	50
 561 0219 56       		.byte	86
 562 021a 33       		.byte	51
 563 021b 40       		.byte	64
 564 021c 39       		.byte	57
 565 021d 0A       		.byte	10
 566 021e 3B       		.byte	59
 567 021f 90       		.byte	-112
 568 0220 5C       		.byte	92
 569 0221 40       		.byte	64
 570 0222 5D       		.byte	93
ARM GAS  C:\Users\Eih3\AppData\Local\Temp\cc7glH0U.s 			page 11


 571 0223 10       		.byte	16
 572 0224 5E       		.byte	94
 573 0225 08       		.byte	8
 574 0226 5F       		.byte	95
 575 0227 01       		.byte	1
 576 0228 65       		.byte	101
 577 0229 01       		.byte	1
 578 022a 70       		.byte	112
 579 022b 28       		.byte	40
 580 022c 72       		.byte	114
 581 022d A8       		.byte	-88
 582 022e 73       		.byte	115
 583 022f 80       		.byte	-128
 584 0230 81       		.byte	-127
 585 0231 01       		.byte	1
 586 0232 85       		.byte	-123
 587 0233 20       		.byte	32
 588 0234 90       		.byte	-112
 589 0235 40       		.byte	64
 590 0236 91       		.byte	-111
 591 0237 10       		.byte	16
 592 0238 92       		.byte	-110
 593 0239 B0       		.byte	-80
 594 023a 93       		.byte	-109
 595 023b 01       		.byte	1
 596 023c 96       		.byte	-106
 597 023d 04       		.byte	4
 598 023e 9B       		.byte	-101
 599 023f 04       		.byte	4
 600 0240 9C       		.byte	-100
 601 0241 40       		.byte	64
 602 0242 9D       		.byte	-99
 603 0243 08       		.byte	8
 604 0244 9E       		.byte	-98
 605 0245 40       		.byte	64
 606 0246 9F       		.byte	-97
 607 0247 80       		.byte	-128
 608 0248 A4       		.byte	-92
 609 0249 39       		.byte	57
 610 024a A6       		.byte	-90
 611 024b 02       		.byte	2
 612 024c A7       		.byte	-89
 613 024d 82       		.byte	-126
 614 024e C0       		.byte	-64
 615 024f DF       		.byte	-33
 616 0250 C2       		.byte	-62
 617 0251 DF       		.byte	-33
 618 0252 C4       		.byte	-60
 619 0253 FF       		.byte	-1
 620 0254 CA       		.byte	-54
 621 0255 2F       		.byte	47
 622 0256 CC       		.byte	-52
 623 0257 0F       		.byte	15
 624 0258 CE       		.byte	-50
 625 0259 0F       		.byte	15
 626 025a D6       		.byte	-42
 627 025b F0       		.byte	-16
ARM GAS  C:\Users\Eih3\AppData\Local\Temp\cc7glH0U.s 			page 12


 628 025c D8       		.byte	-40
 629 025d 80       		.byte	-128
 630 025e 02       		.byte	2
 631 025f 03       		.byte	3
 632 0260 06       		.byte	6
 633 0261 1C       		.byte	28
 634 0262 0C       		.byte	12
 635 0263 6D       		.byte	109
 636 0264 0E       		.byte	14
 637 0265 92       		.byte	-110
 638 0266 10       		.byte	16
 639 0267 FF       		.byte	-1
 640 0268 14       		.byte	20
 641 0269 92       		.byte	-110
 642 026a 16       		.byte	22
 643 026b 6D       		.byte	109
 644 026c 18       		.byte	24
 645 026d FF       		.byte	-1
 646 026e 20       		.byte	32
 647 026f 24       		.byte	36
 648 0270 22       		.byte	34
 649 0271 DB       		.byte	-37
 650 0272 24       		.byte	36
 651 0273 DB       		.byte	-37
 652 0274 26       		.byte	38
 653 0275 24       		.byte	36
 654 0276 2A       		.byte	42
 655 0277 E0       		.byte	-32
 656 0278 2E       		.byte	46
 657 0279 FF       		.byte	-1
 658 027a 30       		.byte	48
 659 027b FF       		.byte	-1
 660 027c 3E       		.byte	62
 661 027d 01       		.byte	1
 662 027e 40       		.byte	64
 663 027f 03       		.byte	3
 664 0280 46       		.byte	70
 665 0281 04       		.byte	4
 666 0282 49       		.byte	73
 667 0283 FF       		.byte	-1
 668 0284 4A       		.byte	74
 669 0285 07       		.byte	7
 670 0286 4B       		.byte	75
 671 0287 FF       		.byte	-1
 672 0288 4C       		.byte	76
 673 0289 40       		.byte	64
 674 028a 4D       		.byte	77
 675 028b 20       		.byte	32
 676 028c 4E       		.byte	78
 677 028d F0       		.byte	-16
 678 028e 4F       		.byte	79
 679 028f 05       		.byte	5
 680 0290 50       		.byte	80
 681 0291 08       		.byte	8
 682 0292 58       		.byte	88
 683 0293 04       		.byte	4
 684 0294 5A       		.byte	90
ARM GAS  C:\Users\Eih3\AppData\Local\Temp\cc7glH0U.s 			page 13


 685 0295 04       		.byte	4
 686 0296 5F       		.byte	95
 687 0297 01       		.byte	1
 688 0298 60       		.byte	96
 689 0299 40       		.byte	64
 690 029a 61       		.byte	97
 691 029b A8       		.byte	-88
 692 029c 62       		.byte	98
 693 029d 40       		.byte	64
 694 029e 63       		.byte	99
 695 029f 20       		.byte	32
 696 02a0 80       		.byte	-128
 697 02a1 01       		.byte	1
 698 02a2 86       		.byte	-122
 699 02a3 08       		.byte	8
 700 02a4 88       		.byte	-120
 701 02a5 06       		.byte	6
 702 02a6 89       		.byte	-119
 703 02a7 01       		.byte	1
 704 02a8 8A       		.byte	-118
 705 02a9 01       		.byte	1
 706 02aa 8D       		.byte	-115
 707 02ab 01       		.byte	1
 708 02ac 8E       		.byte	-114
 709 02ad 01       		.byte	1
 710 02ae 90       		.byte	-112
 711 02af 07       		.byte	7
 712 02b0 94       		.byte	-108
 713 02b1 01       		.byte	1
 714 02b2 96       		.byte	-106
 715 02b3 06       		.byte	6
 716 02b4 99       		.byte	-103
 717 02b5 01       		.byte	1
 718 02b6 9A       		.byte	-102
 719 02b7 10       		.byte	16
 720 02b8 9E       		.byte	-98
 721 02b9 10       		.byte	16
 722 02ba A0       		.byte	-96
 723 02bb 04       		.byte	4
 724 02bc A4       		.byte	-92
 725 02bd 02       		.byte	2
 726 02be A8       		.byte	-88
 727 02bf 06       		.byte	6
 728 02c0 AC       		.byte	-84
 729 02c1 07       		.byte	7
 730 02c2 B0       		.byte	-80
 731 02c3 0E       		.byte	14
 732 02c4 B1       		.byte	-79
 733 02c5 01       		.byte	1
 734 02c6 B2       		.byte	-78
 735 02c7 10       		.byte	16
 736 02c8 B4       		.byte	-76
 737 02c9 07       		.byte	7
 738 02ca BA       		.byte	-70
 739 02cb 22       		.byte	34
 740 02cc BE       		.byte	-66
 741 02cd 04       		.byte	4
ARM GAS  C:\Users\Eih3\AppData\Local\Temp\cc7glH0U.s 			page 14


 742 02ce C0       		.byte	-64
 743 02cf 24       		.byte	36
 744 02d0 C1       		.byte	-63
 745 02d1 01       		.byte	1
 746 02d2 C2       		.byte	-62
 747 02d3 03       		.byte	3
 748 02d4 C4       		.byte	-60
 749 02d5 05       		.byte	5
 750 02d6 C5       		.byte	-59
 751 02d7 04       		.byte	4
 752 02d8 C6       		.byte	-58
 753 02d9 C0       		.byte	-64
 754 02da C7       		.byte	-57
 755 02db 0E       		.byte	14
 756 02dc C8       		.byte	-56
 757 02dd 1D       		.byte	29
 758 02de C9       		.byte	-55
 759 02df FF       		.byte	-1
 760 02e0 CA       		.byte	-54
 761 02e1 FF       		.byte	-1
 762 02e2 CB       		.byte	-53
 763 02e3 FF       		.byte	-1
 764 02e4 CC       		.byte	-52
 765 02e5 62       		.byte	98
 766 02e6 CD       		.byte	-51
 767 02e7 A0       		.byte	-96
 768 02e8 CE       		.byte	-50
 769 02e9 F0       		.byte	-16
 770 02ea CF       		.byte	-49
 771 02eb 41       		.byte	65
 772 02ec D0       		.byte	-48
 773 02ed 0C       		.byte	12
 774 02ee D6       		.byte	-42
 775 02ef 02       		.byte	2
 776 02f0 D7       		.byte	-41
 777 02f1 12       		.byte	18
 778 02f2 D8       		.byte	-40
 779 02f3 04       		.byte	4
 780 02f4 D9       		.byte	-39
 781 02f5 04       		.byte	4
 782 02f6 DA       		.byte	-38
 783 02f7 04       		.byte	4
 784 02f8 DB       		.byte	-37
 785 02f9 04       		.byte	4
 786 02fa DF       		.byte	-33
 787 02fb 01       		.byte	1
 788 02fc E6       		.byte	-26
 789 02fd 40       		.byte	64
 790 02fe E7       		.byte	-25
 791 02ff 02       		.byte	2
 792 0300 E9       		.byte	-23
 793 0301 10       		.byte	16
 794 0302 EA       		.byte	-22
 795 0303 30       		.byte	48
 796 0304 EB       		.byte	-21
 797 0305 10       		.byte	16
 798 0306 ED       		.byte	-19
ARM GAS  C:\Users\Eih3\AppData\Local\Temp\cc7glH0U.s 			page 15


 799 0307 10       		.byte	16
 800 0308 EE       		.byte	-18
 801 0309 10       		.byte	16
 802 030a EF       		.byte	-17
 803 030b 12       		.byte	18
 804 030c 00       		.byte	0
 805 030d 6A       		.byte	106
 806 030e 05       		.byte	5
 807 030f 40       		.byte	64
 808 0310 06       		.byte	6
 809 0311 A0       		.byte	-96
 810 0312 08       		.byte	8
 811 0313 08       		.byte	8
 812 0314 09       		.byte	9
 813 0315 20       		.byte	32
 814 0316 0A       		.byte	10
 815 0317 82       		.byte	-126
 816 0318 0C       		.byte	12
 817 0319 04       		.byte	4
 818 031a 0E       		.byte	14
 819 031b 64       		.byte	100
 820 031c 10       		.byte	16
 821 031d 80       		.byte	-128
 822 031e 12       		.byte	18
 823 031f 01       		.byte	1
 824 0320 13       		.byte	19
 825 0321 14       		.byte	20
 826 0322 14       		.byte	20
 827 0323 40       		.byte	64
 828 0324 15       		.byte	21
 829 0325 08       		.byte	8
 830 0326 16       		.byte	22
 831 0327 08       		.byte	8
 832 0328 17       		.byte	23
 833 0329 80       		.byte	-128
 834 032a 18       		.byte	24
 835 032b 10       		.byte	16
 836 032c 19       		.byte	25
 837 032d 21       		.byte	33
 838 032e 1A       		.byte	26
 839 032f 04       		.byte	4
 840 0330 1E       		.byte	30
 841 0331 80       		.byte	-128
 842 0332 20       		.byte	32
 843 0333 40       		.byte	64
 844 0334 22       		.byte	34
 845 0335 02       		.byte	2
 846 0336 23       		.byte	35
 847 0337 80       		.byte	-128
 848 0338 33       		.byte	51
 849 0339 10       		.byte	16
 850 033a 39       		.byte	57
 851 033b 50       		.byte	80
 852 033c 40       		.byte	64
 853 033d 48       		.byte	72
 854 033e 42       		.byte	66
 855 033f 04       		.byte	4
ARM GAS  C:\Users\Eih3\AppData\Local\Temp\cc7glH0U.s 			page 16


 856 0340 43       		.byte	67
 857 0341 48       		.byte	72
 858 0342 47       		.byte	71
 859 0343 04       		.byte	4
 860 0344 48       		.byte	72
 861 0345 01       		.byte	1
 862 0346 49       		.byte	73
 863 0347 08       		.byte	8
 864 0348 50       		.byte	80
 865 0349 04       		.byte	4
 866 034a 51       		.byte	81
 867 034b 60       		.byte	96
 868 034c 52       		.byte	82
 869 034d 40       		.byte	64
 870 034e 57       		.byte	87
 871 034f 82       		.byte	-126
 872 0350 5A       		.byte	90
 873 0351 C8       		.byte	-56
 874 0352 5B       		.byte	91
 875 0353 40       		.byte	64
 876 0354 64       		.byte	100
 877 0355 40       		.byte	64
 878 0356 65       		.byte	101
 879 0357 01       		.byte	1
 880 0358 66       		.byte	102
 881 0359 01       		.byte	1
 882 035a 69       		.byte	105
 883 035b 50       		.byte	80
 884 035c 6A       		.byte	106
 885 035d 10       		.byte	16
 886 035e 6B       		.byte	107
 887 035f 10       		.byte	16
 888 0360 70       		.byte	112
 889 0361 90       		.byte	-112
 890 0362 71       		.byte	113
 891 0363 10       		.byte	16
 892 0364 72       		.byte	114
 893 0365 01       		.byte	1
 894 0366 73       		.byte	115
 895 0367 34       		.byte	52
 896 0368 92       		.byte	-110
 897 0369 A2       		.byte	-94
 898 036a 95       		.byte	-107
 899 036b 08       		.byte	8
 900 036c 96       		.byte	-106
 901 036d 05       		.byte	5
 902 036e 97       		.byte	-105
 903 036f 90       		.byte	-112
 904 0370 9A       		.byte	-102
 905 0371 A8       		.byte	-88
 906 0372 9B       		.byte	-101
 907 0373 04       		.byte	4
 908 0374 9C       		.byte	-100
 909 0375 44       		.byte	68
 910 0376 9D       		.byte	-99
 911 0377 18       		.byte	24
 912 0378 9E       		.byte	-98
ARM GAS  C:\Users\Eih3\AppData\Local\Temp\cc7glH0U.s 			page 17


 913 0379 40       		.byte	64
 914 037a A2       		.byte	-94
 915 037b 10       		.byte	16
 916 037c A4       		.byte	-92
 917 037d 11       		.byte	17
 918 037e A6       		.byte	-90
 919 037f 43       		.byte	67
 920 0380 A7       		.byte	-89
 921 0381 82       		.byte	-126
 922 0382 AA       		.byte	-86
 923 0383 04       		.byte	4
 924 0384 AB       		.byte	-85
 925 0385 01       		.byte	1
 926 0386 AD       		.byte	-83
 927 0387 01       		.byte	1
 928 0388 AE       		.byte	-82
 929 0389 08       		.byte	8
 930 038a C0       		.byte	-64
 931 038b BF       		.byte	-65
 932 038c C2       		.byte	-62
 933 038d 7F       		.byte	127
 934 038e C4       		.byte	-60
 935 038f FF       		.byte	-1
 936 0390 CC       		.byte	-52
 937 0391 04       		.byte	4
 938 0392 CE       		.byte	-50
 939 0393 0C       		.byte	12
 940 0394 D0       		.byte	-48
 941 0395 4F       		.byte	79
 942 0396 D2       		.byte	-46
 943 0397 08       		.byte	8
 944 0398 D6       		.byte	-42
 945 0399 02       		.byte	2
 946 039a 00       		.byte	0
 947 039b 3F       		.byte	63
 948 039c 01       		.byte	1
 949 039d 22       		.byte	34
 950 039e 03       		.byte	3
 951 039f 05       		.byte	5
 952 03a0 06       		.byte	6
 953 03a1 2A       		.byte	42
 954 03a2 07       		.byte	7
 955 03a3 30       		.byte	48
 956 03a4 08       		.byte	8
 957 03a5 3F       		.byte	63
 958 03a6 09       		.byte	9
 959 03a7 0C       		.byte	12
 960 03a8 0B       		.byte	11
 961 03a9 03       		.byte	3
 962 03aa 0D       		.byte	13
 963 03ab 03       		.byte	3
 964 03ac 0E       		.byte	14
 965 03ad 15       		.byte	21
 966 03ae 0F       		.byte	15
 967 03af 0C       		.byte	12
 968 03b0 10       		.byte	16
 969 03b1 40       		.byte	64
ARM GAS  C:\Users\Eih3\AppData\Local\Temp\cc7glH0U.s 			page 18


 970 03b2 12       		.byte	18
 971 03b3 03       		.byte	3
 972 03b4 13       		.byte	19
 973 03b5 3F       		.byte	63
 974 03b6 15       		.byte	21
 975 03b7 0C       		.byte	12
 976 03b8 17       		.byte	23
 977 03b9 03       		.byte	3
 978 03ba 19       		.byte	25
 979 03bb 0A       		.byte	10
 980 03bc 1A       		.byte	26
 981 03bd 3F       		.byte	63
 982 03be 1C       		.byte	28
 983 03bf 80       		.byte	-128
 984 03c0 1D       		.byte	29
 985 03c1 3F       		.byte	63
 986 03c2 22       		.byte	34
 987 03c3 3F       		.byte	63
 988 03c4 23       		.byte	35
 989 03c5 3F       		.byte	63
 990 03c6 24       		.byte	36
 991 03c7 40       		.byte	64
 992 03c8 25       		.byte	37
 993 03c9 01       		.byte	1
 994 03ca 26       		.byte	38
 995 03cb 30       		.byte	48
 996 03cc 28       		.byte	40
 997 03cd 40       		.byte	64
 998 03ce 29       		.byte	41
 999 03cf 3F       		.byte	63
 1000 03d0 2A       		.byte	42
 1001 03d1 0C       		.byte	12
 1002 03d2 2D       		.byte	45
 1003 03d3 01       		.byte	1
 1004 03d4 2E       		.byte	46
 1005 03d5 3F       		.byte	63
 1006 03d6 31       		.byte	49
 1007 03d7 20       		.byte	32
 1008 03d8 34       		.byte	52
 1009 03d9 C0       		.byte	-64
 1010 03da 35       		.byte	53
 1011 03db 1F       		.byte	31
 1012 03dc 36       		.byte	54
 1013 03dd 3F       		.byte	63
 1014 03de 38       		.byte	56
 1015 03df 20       		.byte	32
 1016 03e0 3E       		.byte	62
 1017 03e1 10       		.byte	16
 1018 03e2 3F       		.byte	63
 1019 03e3 10       		.byte	16
 1020 03e4 54       		.byte	84
 1021 03e5 59       		.byte	89
 1022 03e6 56       		.byte	86
 1023 03e7 04       		.byte	4
 1024 03e8 58       		.byte	88
 1025 03e9 04       		.byte	4
 1026 03ea 59       		.byte	89
ARM GAS  C:\Users\Eih3\AppData\Local\Temp\cc7glH0U.s 			page 19


 1027 03eb 04       		.byte	4
 1028 03ec 5B       		.byte	91
 1029 03ed 04       		.byte	4
 1030 03ee 5F       		.byte	95
 1031 03ef 01       		.byte	1
 1032 03f0 89       		.byte	-119
 1033 03f1 08       		.byte	8
 1034 03f2 8B       		.byte	-117
 1035 03f3 02       		.byte	2
 1036 03f4 8D       		.byte	-115
 1037 03f5 07       		.byte	7
 1038 03f6 92       		.byte	-110
 1039 03f7 02       		.byte	2
 1040 03f8 93       		.byte	-109
 1041 03f9 07       		.byte	7
 1042 03fa 97       		.byte	-105
 1043 03fb 07       		.byte	7
 1044 03fc 99       		.byte	-103
 1045 03fd 07       		.byte	7
 1046 03fe 9A       		.byte	-102
 1047 03ff 01       		.byte	1
 1048 0400 9D       		.byte	-99
 1049 0401 10       		.byte	16
 1050 0402 A3       		.byte	-93
 1051 0403 07       		.byte	7
 1052 0404 A5       		.byte	-91
 1053 0405 08       		.byte	8
 1054 0406 A7       		.byte	-89
 1055 0407 04       		.byte	4
 1056 0408 AA       		.byte	-86
 1057 0409 02       		.byte	2
 1058 040a AB       		.byte	-85
 1059 040b 07       		.byte	7
 1060 040c AD       		.byte	-83
 1061 040d 08       		.byte	8
 1062 040e AF       		.byte	-81
 1063 040f 01       		.byte	1
 1064 0410 B1       		.byte	-79
 1065 0411 07       		.byte	7
 1066 0412 B6       		.byte	-74
 1067 0413 03       		.byte	3
 1068 0414 B7       		.byte	-73
 1069 0415 18       		.byte	24
 1070 0416 B9       		.byte	-71
 1071 0417 80       		.byte	-128
 1072 0418 BE       		.byte	-66
 1073 0419 40       		.byte	64
 1074 041a BF       		.byte	-65
 1075 041b 40       		.byte	64
 1076 041c D8       		.byte	-40
 1077 041d 04       		.byte	4
 1078 041e D9       		.byte	-39
 1079 041f 04       		.byte	4
 1080 0420 DF       		.byte	-33
 1081 0421 01       		.byte	1
 1082 0422 01       		.byte	1
 1083 0423 A8       		.byte	-88
ARM GAS  C:\Users\Eih3\AppData\Local\Temp\cc7glH0U.s 			page 20


 1084 0424 02       		.byte	2
 1085 0425 80       		.byte	-128
 1086 0426 0A       		.byte	10
 1087 0427 01       		.byte	1
 1088 0428 0B       		.byte	11
 1089 0429 48       		.byte	72
 1090 042a 0E       		.byte	14
 1091 042b 88       		.byte	-120
 1092 042c 10       		.byte	16
 1093 042d 40       		.byte	64
 1094 042e 11       		.byte	17
 1095 042f 14       		.byte	20
 1096 0430 12       		.byte	18
 1097 0431 02       		.byte	2
 1098 0432 17       		.byte	23
 1099 0433 20       		.byte	32
 1100 0434 1A       		.byte	26
 1101 0435 01       		.byte	1
 1102 0436 1B       		.byte	27
 1103 0437 10       		.byte	16
 1104 0438 1C       		.byte	28
 1105 0439 03       		.byte	3
 1106 043a 1D       		.byte	29
 1107 043b 40       		.byte	64
 1108 043c 1E       		.byte	30
 1109 043d 02       		.byte	2
 1110 043e 1F       		.byte	31
 1111 043f 40       		.byte	64
 1112 0440 20       		.byte	32
 1113 0441 08       		.byte	8
 1114 0442 22       		.byte	34
 1115 0443 01       		.byte	1
 1116 0444 25       		.byte	37
 1117 0445 80       		.byte	-128
 1118 0446 27       		.byte	39
 1119 0447 80       		.byte	-128
 1120 0448 28       		.byte	40
 1121 0449 40       		.byte	64
 1122 044a 29       		.byte	41
 1123 044b A9       		.byte	-87
 1124 044c 2A       		.byte	42
 1125 044d 40       		.byte	64
 1126 044e 2C       		.byte	44
 1127 044f 40       		.byte	64
 1128 0450 2E       		.byte	46
 1129 0451 88       		.byte	-120
 1130 0452 2F       		.byte	47
 1131 0453 04       		.byte	4
 1132 0454 31       		.byte	49
 1133 0455 04       		.byte	4
 1134 0456 32       		.byte	50
 1135 0457 D2       		.byte	-46
 1136 0458 34       		.byte	52
 1137 0459 04       		.byte	4
 1138 045a 35       		.byte	53
 1139 045b 20       		.byte	32
 1140 045c 36       		.byte	54
ARM GAS  C:\Users\Eih3\AppData\Local\Temp\cc7glH0U.s 			page 21


 1141 045d 02       		.byte	2
 1142 045e 37       		.byte	55
 1143 045f 80       		.byte	-128
 1144 0460 38       		.byte	56
 1145 0461 01       		.byte	1
 1146 0462 39       		.byte	57
 1147 0463 18       		.byte	24
 1148 0464 3A       		.byte	58
 1149 0465 A0       		.byte	-96
 1150 0466 3B       		.byte	59
 1151 0467 48       		.byte	72
 1152 0468 3E       		.byte	62
 1153 0469 60       		.byte	96
 1154 046a 45       		.byte	69
 1155 046b 80       		.byte	-128
 1156 046c 47       		.byte	71
 1157 046d 40       		.byte	64
 1158 046e 5A       		.byte	90
 1159 046f 02       		.byte	2
 1160 0470 5B       		.byte	91
 1161 0471 40       		.byte	64
 1162 0472 60       		.byte	96
 1163 0473 06       		.byte	6
 1164 0474 62       		.byte	98
 1165 0475 01       		.byte	1
 1166 0476 63       		.byte	99
 1167 0477 20       		.byte	32
 1168 0478 65       		.byte	101
 1169 0479 04       		.byte	4
 1170 047a 66       		.byte	102
 1171 047b 08       		.byte	8
 1172 047c 83       		.byte	-125
 1173 047d 21       		.byte	33
 1174 047e 90       		.byte	-112
 1175 047f 04       		.byte	4
 1176 0480 91       		.byte	-111
 1177 0481 0C       		.byte	12
 1178 0482 92       		.byte	-110
 1179 0483 E0       		.byte	-32
 1180 0484 97       		.byte	-105
 1181 0485 81       		.byte	-127
 1182 0486 98       		.byte	-104
 1183 0487 06       		.byte	6
 1184 0488 99       		.byte	-103
 1185 0489 29       		.byte	41
 1186 048a 9A       		.byte	-102
 1187 048b E8       		.byte	-24
 1188 048c 9D       		.byte	-99
 1189 048d 40       		.byte	64
 1190 048e 9E       		.byte	-98
 1191 048f 01       		.byte	1
 1192 0490 A2       		.byte	-94
 1193 0491 46       		.byte	70
 1194 0492 A4       		.byte	-92
 1195 0493 05       		.byte	5
 1196 0494 A6       		.byte	-90
 1197 0495 01       		.byte	1
ARM GAS  C:\Users\Eih3\AppData\Local\Temp\cc7glH0U.s 			page 22


 1198 0496 C0       		.byte	-64
 1199 0497 0F       		.byte	15
 1200 0498 C2       		.byte	-62
 1201 0499 5B       		.byte	91
 1202 049a C4       		.byte	-60
 1203 049b 4F       		.byte	79
 1204 049c CA       		.byte	-54
 1205 049d FF       		.byte	-1
 1206 049e CC       		.byte	-52
 1207 049f FF       		.byte	-1
 1208 04a0 CE       		.byte	-50
 1209 04a1 3F       		.byte	63
 1210 04a2 D6       		.byte	-42
 1211 04a3 09       		.byte	9
 1212 04a4 D8       		.byte	-40
 1213 04a5 0F       		.byte	15
 1214 04a6 00       		.byte	0
 1215 04a7 01       		.byte	1
 1216 04a8 01       		.byte	1
 1217 04a9 11       		.byte	17
 1218 04aa 02       		.byte	2
 1219 04ab 02       		.byte	2
 1220 04ac 03       		.byte	3
 1221 04ad 0E       		.byte	14
 1222 04ae 04       		.byte	4
 1223 04af 04       		.byte	4
 1224 04b0 06       		.byte	6
 1225 04b1 02       		.byte	2
 1226 04b2 08       		.byte	8
 1227 04b3 10       		.byte	16
 1228 04b4 0E       		.byte	14
 1229 04b5 08       		.byte	8
 1230 04b6 11       		.byte	17
 1231 04b7 22       		.byte	34
 1232 04b8 12       		.byte	18
 1233 04b9 0F       		.byte	15
 1234 04ba 13       		.byte	19
 1235 04bb 09       		.byte	9
 1236 04bc 14       		.byte	20
 1237 04bd 10       		.byte	16
 1238 04be 15       		.byte	21
 1239 04bf 08       		.byte	8
 1240 04c0 17       		.byte	23
 1241 04c1 30       		.byte	48
 1242 04c2 18       		.byte	24
 1243 04c3 0F       		.byte	15
 1244 04c4 19       		.byte	25
 1245 04c5 3B       		.byte	59
 1246 04c6 1A       		.byte	26
 1247 04c7 10       		.byte	16
 1248 04c8 1C       		.byte	28
 1249 04c9 1F       		.byte	31
 1250 04ca 20       		.byte	32
 1251 04cb 10       		.byte	16
 1252 04cc 22       		.byte	34
 1253 04cd 0F       		.byte	15
 1254 04ce 24       		.byte	36
ARM GAS  C:\Users\Eih3\AppData\Local\Temp\cc7glH0U.s 			page 23


 1255 04cf 01       		.byte	1
 1256 04d0 26       		.byte	38
 1257 04d1 0C       		.byte	12
 1258 04d2 28       		.byte	40
 1259 04d3 10       		.byte	16
 1260 04d4 29       		.byte	41
 1261 04d5 3B       		.byte	59
 1262 04d6 2E       		.byte	46
 1263 04d7 08       		.byte	8
 1264 04d8 32       		.byte	50
 1265 04d9 1F       		.byte	31
 1266 04da 33       		.byte	51
 1267 04db 38       		.byte	56
 1268 04dc 35       		.byte	53
 1269 04dd 04       		.byte	4
 1270 04de 37       		.byte	55
 1271 04df 03       		.byte	3
 1272 04e0 3E       		.byte	62
 1273 04e1 04       		.byte	4
 1274 04e2 58       		.byte	88
 1275 04e3 04       		.byte	4
 1276 04e4 59       		.byte	89
 1277 04e5 04       		.byte	4
 1278 04e6 5F       		.byte	95
 1279 04e7 01       		.byte	1
 1280 04e8 82       		.byte	-126
 1281 04e9 02       		.byte	2
 1282 04ea 86       		.byte	-122
 1283 04eb 02       		.byte	2
 1284 04ec 87       		.byte	-121
 1285 04ed 08       		.byte	8
 1286 04ee 88       		.byte	-120
 1287 04ef 38       		.byte	56
 1288 04f0 89       		.byte	-119
 1289 04f1 01       		.byte	1
 1290 04f2 8A       		.byte	-118
 1291 04f3 05       		.byte	5
 1292 04f4 8C       		.byte	-116
 1293 04f5 38       		.byte	56
 1294 04f6 8E       		.byte	-114
 1295 04f7 03       		.byte	3
 1296 04f8 8F       		.byte	-113
 1297 04f9 01       		.byte	1
 1298 04fa 90       		.byte	-112
 1299 04fb 3F       		.byte	63
 1300 04fc 93       		.byte	-109
 1301 04fd 01       		.byte	1
 1302 04fe 96       		.byte	-106
 1303 04ff 02       		.byte	2
 1304 0500 98       		.byte	-104
 1305 0501 2F       		.byte	47
 1306 0502 9A       		.byte	-102
 1307 0503 10       		.byte	16
 1308 0504 9B       		.byte	-101
 1309 0505 01       		.byte	1
 1310 0506 9C       		.byte	-100
 1311 0507 08       		.byte	8
ARM GAS  C:\Users\Eih3\AppData\Local\Temp\cc7glH0U.s 			page 24


 1312 0508 9D       		.byte	-99
 1313 0509 01       		.byte	1
 1314 050a A0       		.byte	-96
 1315 050b 10       		.byte	16
 1316 050c A3       		.byte	-93
 1317 050d 08       		.byte	8
 1318 050e A6       		.byte	-90
 1319 050f 08       		.byte	8
 1320 0510 A7       		.byte	-89
 1321 0511 02       		.byte	2
 1322 0512 A8       		.byte	-88
 1323 0513 10       		.byte	16
 1324 0514 AB       		.byte	-85
 1325 0515 04       		.byte	4
 1326 0516 AD       		.byte	-83
 1327 0517 01       		.byte	1
 1328 0518 AE       		.byte	-82
 1329 0519 06       		.byte	6
 1330 051a B2       		.byte	-78
 1331 051b 1E       		.byte	30
 1332 051c B3       		.byte	-77
 1333 051d 07       		.byte	7
 1334 051e B4       		.byte	-76
 1335 051f 20       		.byte	32
 1336 0520 B5       		.byte	-75
 1337 0521 08       		.byte	8
 1338 0522 B6       		.byte	-74
 1339 0523 01       		.byte	1
 1340 0524 B8       		.byte	-72
 1341 0525 80       		.byte	-128
 1342 0526 BB       		.byte	-69
 1343 0527 08       		.byte	8
 1344 0528 BE       		.byte	-66
 1345 0529 14       		.byte	20
 1346 052a BF       		.byte	-65
 1347 052b 10       		.byte	16
 1348 052c D8       		.byte	-40
 1349 052d 04       		.byte	4
 1350 052e D9       		.byte	-39
 1351 052f 04       		.byte	4
 1352 0530 DF       		.byte	-33
 1353 0531 01       		.byte	1
 1354 0532 00       		.byte	0
 1355 0533 62       		.byte	98
 1356 0534 01       		.byte	1
 1357 0535 08       		.byte	8
 1358 0536 04       		.byte	4
 1359 0537 20       		.byte	32
 1360 0538 05       		.byte	5
 1361 0539 40       		.byte	64
 1362 053a 06       		.byte	6
 1363 053b A0       		.byte	-96
 1364 053c 0A       		.byte	10
 1365 053d 84       		.byte	-124
 1366 053e 0B       		.byte	11
 1367 053f 21       		.byte	33
 1368 0540 0C       		.byte	12
ARM GAS  C:\Users\Eih3\AppData\Local\Temp\cc7glH0U.s 			page 25


 1369 0541 40       		.byte	64
 1370 0542 0D       		.byte	13
 1371 0543 14       		.byte	20
 1372 0544 0E       		.byte	14
 1373 0545 04       		.byte	4
 1374 0546 0F       		.byte	15
 1375 0547 40       		.byte	64
 1376 0548 10       		.byte	16
 1377 0549 80       		.byte	-128
 1378 054a 12       		.byte	18
 1379 054b 22       		.byte	34
 1380 054c 13       		.byte	19
 1381 054d 60       		.byte	96
 1382 054e 14       		.byte	20
 1383 054f 80       		.byte	-128
 1384 0550 15       		.byte	21
 1385 0551 84       		.byte	-124
 1386 0552 17       		.byte	23
 1387 0553 20       		.byte	32
 1388 0554 19       		.byte	25
 1389 0555 04       		.byte	4
 1390 0556 1A       		.byte	26
 1391 0557 08       		.byte	8
 1392 0558 1B       		.byte	27
 1393 0559 40       		.byte	64
 1394 055a 1F       		.byte	31
 1395 055b 08       		.byte	8
 1396 055c 20       		.byte	32
 1397 055d 24       		.byte	36
 1398 055e 21       		.byte	33
 1399 055f 04       		.byte	4
 1400 0560 26       		.byte	38
 1401 0561 64       		.byte	100
 1402 0562 27       		.byte	39
 1403 0563 02       		.byte	2
 1404 0564 29       		.byte	41
 1405 0565 44       		.byte	68
 1406 0566 2B       		.byte	43
 1407 0567 48       		.byte	72
 1408 0568 2D       		.byte	45
 1409 0569 04       		.byte	4
 1410 056a 2E       		.byte	46
 1411 056b 18       		.byte	24
 1412 056c 2F       		.byte	47
 1413 056d 10       		.byte	16
 1414 056e 32       		.byte	50
 1415 056f 52       		.byte	82
 1416 0570 36       		.byte	54
 1417 0571 04       		.byte	4
 1418 0572 37       		.byte	55
 1419 0573 12       		.byte	18
 1420 0574 38       		.byte	56
 1421 0575 48       		.byte	72
 1422 0576 39       		.byte	57
 1423 0577 20       		.byte	32
 1424 0578 3F       		.byte	63
 1425 0579 01       		.byte	1
ARM GAS  C:\Users\Eih3\AppData\Local\Temp\cc7glH0U.s 			page 26


 1426 057a 58       		.byte	88
 1427 057b 40       		.byte	64
 1428 057c 5A       		.byte	90
 1429 057d 80       		.byte	-128
 1430 057e 60       		.byte	96
 1431 057f C0       		.byte	-64
 1432 0580 61       		.byte	97
 1433 0581 01       		.byte	1
 1434 0582 8E       		.byte	-114
 1435 0583 01       		.byte	1
 1436 0584 90       		.byte	-112
 1437 0585 28       		.byte	40
 1438 0586 91       		.byte	-111
 1439 0587 80       		.byte	-128
 1440 0588 92       		.byte	-110
 1441 0589 F4       		.byte	-12
 1442 058a 95       		.byte	-107
 1443 058b 08       		.byte	8
 1444 058c 96       		.byte	-106
 1445 058d 08       		.byte	8
 1446 058e 97       		.byte	-105
 1447 058f 80       		.byte	-128
 1448 0590 98       		.byte	-104
 1449 0591 06       		.byte	6
 1450 0592 99       		.byte	-103
 1451 0593 29       		.byte	41
 1452 0594 9A       		.byte	-102
 1453 0595 E8       		.byte	-24
 1454 0596 9B       		.byte	-101
 1455 0597 30       		.byte	48
 1456 0598 9D       		.byte	-99
 1457 0599 40       		.byte	64
 1458 059a A0       		.byte	-96
 1459 059b 80       		.byte	-128
 1460 059c A2       		.byte	-94
 1461 059d 02       		.byte	2
 1462 059e A4       		.byte	-92
 1463 059f 15       		.byte	21
 1464 05a0 A6       		.byte	-90
 1465 05a1 01       		.byte	1
 1466 05a2 A8       		.byte	-88
 1467 05a3 12       		.byte	18
 1468 05a4 AE       		.byte	-82
 1469 05a5 01       		.byte	1
 1470 05a6 AF       		.byte	-81
 1471 05a7 08       		.byte	8
 1472 05a8 C0       		.byte	-64
 1473 05a9 FF       		.byte	-1
 1474 05aa C2       		.byte	-62
 1475 05ab FF       		.byte	-1
 1476 05ac C4       		.byte	-60
 1477 05ad FF       		.byte	-1
 1478 05ae CA       		.byte	-54
 1479 05af 2F       		.byte	47
 1480 05b0 CC       		.byte	-52
 1481 05b1 ED       		.byte	-19
 1482 05b2 CE       		.byte	-50
ARM GAS  C:\Users\Eih3\AppData\Local\Temp\cc7glH0U.s 			page 27


 1483 05b3 8E       		.byte	-114
 1484 05b4 E6       		.byte	-26
 1485 05b5 40       		.byte	64
 1486 05b6 30       		.byte	48
 1487 05b7 82       		.byte	-126
 1488 05b8 32       		.byte	50
 1489 05b9 20       		.byte	32
 1490 05ba 36       		.byte	54
 1491 05bb 20       		.byte	32
 1492 05bc CC       		.byte	-52
 1493 05bd 70       		.byte	112
 1494 05be A4       		.byte	-92
 1495 05bf 82       		.byte	-126
 1496 05c0 80       		.byte	-128
 1497 05c1 02       		.byte	2
 1498 05c2 87       		.byte	-121
 1499 05c3 08       		.byte	8
 1500 05c4 A4       		.byte	-92
 1501 05c5 82       		.byte	-126
 1502 05c6 E2       		.byte	-30
 1503 05c7 30       		.byte	48
 1504 05c8 9B       		.byte	-101
 1505 05c9 08       		.byte	8
 1506 05ca A4       		.byte	-92
 1507 05cb 80       		.byte	-128
 1508 05cc 8C       		.byte	-116
 1509 05cd 80       		.byte	-128
 1510 05ce 9B       		.byte	-101
 1511 05cf 08       		.byte	8
 1512 05d0 A4       		.byte	-92
 1513 05d1 80       		.byte	-128
 1514 05d2 0E       		.byte	14
 1515 05d3 10       		.byte	16
 1516 05d4 5F       		.byte	95
 1517 05d5 08       		.byte	8
 1518 05d6 82       		.byte	-126
 1519 05d7 10       		.byte	16
 1520 05d8 9B       		.byte	-101
 1521 05d9 08       		.byte	8
 1522 05da C2       		.byte	-62
 1523 05db 20       		.byte	32
 1524 05dc D6       		.byte	-42
 1525 05dd 80       		.byte	-128
 1526 05de E0       		.byte	-32
 1527 05df 80       		.byte	-128
 1528 05e0 00       		.byte	0
 1529 05e1 01       		.byte	1
 1530 05e2 08       		.byte	8
 1531 05e3 01       		.byte	1
 1532 05e4 0A       		.byte	10
 1533 05e5 01       		.byte	1
 1534 05e6 10       		.byte	16
 1535 05e7 01       		.byte	1
 1536 05e8 1A       		.byte	26
 1537 05e9 01       		.byte	1
 1538 05ea 00       		.byte	0
 1539 05eb 3F       		.byte	63
ARM GAS  C:\Users\Eih3\AppData\Local\Temp\cc7glH0U.s 			page 28


 1540 05ec 00       		.byte	0
 1541 05ed 7F       		.byte	127
 1542 05ee 7F       		.byte	127
 1543 05ef 00       		.byte	0
 1544 05f0 00       		.byte	0
 1545 05f1 00       		.byte	0
 1546 05f2 00       		.byte	0
 1547 05f3 00       		.byte	0
 1548 05f4 80       		.byte	-128
 1549 05f5 00       		.byte	0
 1550 05f6 20       		.byte	32
 1551 05f7 A0       		.byte	-96
 1552 05f8 A0       		.byte	-96
 1553 05f9 00       		.byte	0
 1554 05fa 80       		.byte	-128
 1555 05fb 00       		.byte	0
 1556 05fc 00       		.byte	0
 1557 05fd 00       		.byte	0
 1558 05fe 00       		.byte	0
 1559 05ff 00       		.byte	0
 1560 0600 02       		.byte	2
 1561 0601 00       		.byte	0
 1562 0602 00       		.byte	0
 1563 0603 02       		.byte	2
 1564 0604 00       		.byte	0
 1565 0605 00       		.byte	0
 1566 0606 00       		.byte	0
 1567 0607 00       		.byte	0
 1568 0608 00       		.byte	0
 1569 0609 00       		.byte	0
 1570 060a 00       		.byte	0
 1571 060b 00       		.byte	0
 1572              		.global	cy_meta_custnvl
 1573              		.section	.cycustnvl,"a",%progbits
 1574              		.align	2
 1575              		.type	cy_meta_custnvl, %object
 1576              		.size	cy_meta_custnvl, 4
 1577              	cy_meta_custnvl:
 1578 0000 00       		.byte	0
 1579 0001 00       		.byte	0
 1580 0002 40       		.byte	64
 1581 0003 05       		.byte	5
 1582              		.global	cy_meta_wonvl
 1583              		.section	.cywolatch,"a",%progbits
 1584              		.align	2
 1585              		.type	cy_meta_wonvl, %object
 1586              		.size	cy_meta_wonvl, 4
 1587              	cy_meta_wonvl:
 1588 0000 BC       		.byte	-68
 1589 0001 90       		.byte	-112
 1590 0002 AC       		.byte	-84
 1591 0003 AF       		.byte	-81
 1592              		.global	cy_meta_flashprotect
 1593              		.section	.cyflashprotect,"a",%progbits
 1594              		.align	2
 1595              		.type	cy_meta_flashprotect, %object
 1596              		.size	cy_meta_flashprotect, 256
ARM GAS  C:\Users\Eih3\AppData\Local\Temp\cc7glH0U.s 			page 29


 1597              	cy_meta_flashprotect:
 1598 0000 00000000 		.space	256
 1598      00000000 
 1598      00000000 
 1598      00000000 
 1598      00000000 
 1599              		.global	cy_metadata
 1600              		.section	.cymeta,"a",%progbits
 1601              		.align	2
 1602              		.type	cy_metadata, %object
 1603              		.size	cy_metadata, 12
 1604              	cy_metadata:
 1605 0000 00       		.byte	0
 1606 0001 01       		.byte	1
 1607 0002 2E       		.byte	46
 1608 0003 12       		.byte	18
 1609 0004 30       		.byte	48
 1610 0005 69       		.byte	105
 1611 0006 00       		.byte	0
 1612 0007 01       		.byte	1
 1613 0008 00       		.byte	0
 1614 0009 00       		.byte	0
 1615 000a 00       		.byte	0
 1616 000b 00       		.byte	0
 1617              		.text
 1618              	.Letext0:
 1619              		.file 1 ".\\Generated_Source\\PSoC5\\cymetadata.c"
 1620              		.file 2 ".\\Generated_Source\\PSoC5\\cytypes.h"
 1621              		.section	.debug_info,"",%progbits
 1622              	.Ldebug_info0:
 1623 0000 37010000 		.4byte	0x137
 1624 0004 0400     		.2byte	0x4
 1625 0006 00000000 		.4byte	.Ldebug_abbrev0
 1626 000a 04       		.byte	0x4
 1627 000b 01       		.uleb128 0x1
 1628 000c FB000000 		.4byte	.LASF18
 1629 0010 01       		.byte	0x1
 1630 0011 00000000 		.4byte	.LASF19
 1631 0015 94000000 		.4byte	.LASF20
 1632 0019 00000000 		.4byte	.Ldebug_line0
 1633 001d 02       		.uleb128 0x2
 1634 001e 01       		.byte	0x1
 1635 001f 06       		.byte	0x6
 1636 0020 CF010000 		.4byte	.LASF0
 1637 0024 02       		.uleb128 0x2
 1638 0025 01       		.byte	0x1
 1639 0026 08       		.byte	0x8
 1640 0027 38000000 		.4byte	.LASF1
 1641 002b 02       		.uleb128 0x2
 1642 002c 02       		.byte	0x2
 1643 002d 05       		.byte	0x5
 1644 002e B6010000 		.4byte	.LASF2
 1645 0032 02       		.uleb128 0x2
 1646 0033 02       		.byte	0x2
 1647 0034 07       		.byte	0x7
 1648 0035 58000000 		.4byte	.LASF3
 1649 0039 02       		.uleb128 0x2
ARM GAS  C:\Users\Eih3\AppData\Local\Temp\cc7glH0U.s 			page 30


 1650 003a 04       		.byte	0x4
 1651 003b 05       		.byte	0x5
 1652 003c C6010000 		.4byte	.LASF4
 1653 0040 02       		.uleb128 0x2
 1654 0041 04       		.byte	0x4
 1655 0042 07       		.byte	0x7
 1656 0043 46000000 		.4byte	.LASF5
 1657 0047 02       		.uleb128 0x2
 1658 0048 08       		.byte	0x8
 1659 0049 05       		.byte	0x5
 1660 004a A3010000 		.4byte	.LASF6
 1661 004e 02       		.uleb128 0x2
 1662 004f 08       		.byte	0x8
 1663 0050 07       		.byte	0x7
 1664 0051 E4000000 		.4byte	.LASF7
 1665 0055 03       		.uleb128 0x3
 1666 0056 04       		.byte	0x4
 1667 0057 05       		.byte	0x5
 1668 0058 696E7400 		.ascii	"int\000"
 1669 005c 02       		.uleb128 0x2
 1670 005d 04       		.byte	0x4
 1671 005e 07       		.byte	0x7
 1672 005f D7000000 		.4byte	.LASF8
 1673 0063 04       		.uleb128 0x4
 1674 0064 C0010000 		.4byte	.LASF21
 1675 0068 02       		.byte	0x2
 1676 0069 A1       		.byte	0xa1
 1677 006a 24000000 		.4byte	0x24
 1678 006e 02       		.uleb128 0x2
 1679 006f 04       		.byte	0x4
 1680 0070 04       		.byte	0x4
 1681 0071 32000000 		.4byte	.LASF9
 1682 0075 02       		.uleb128 0x2
 1683 0076 08       		.byte	0x8
 1684 0077 04       		.byte	0x4
 1685 0078 6B000000 		.4byte	.LASF10
 1686 007c 02       		.uleb128 0x2
 1687 007d 01       		.byte	0x1
 1688 007e 08       		.byte	0x8
 1689 007f B1010000 		.4byte	.LASF11
 1690 0083 05       		.uleb128 0x5
 1691 0084 63000000 		.4byte	0x63
 1692 0088 94000000 		.4byte	0x94
 1693 008c 06       		.uleb128 0x6
 1694 008d 94000000 		.4byte	0x94
 1695 0091 0B06     		.2byte	0x60b
 1696 0093 00       		.byte	0
 1697 0094 02       		.uleb128 0x2
 1698 0095 04       		.byte	0x4
 1699 0096 07       		.byte	0x7
 1700 0097 9A010000 		.4byte	.LASF12
 1701 009b 07       		.uleb128 0x7
 1702 009c 82000000 		.4byte	.LASF13
 1703 00a0 01       		.byte	0x1
 1704 00a1 1C       		.byte	0x1c
 1705 00a2 AC000000 		.4byte	0xac
 1706 00a6 05       		.uleb128 0x5
ARM GAS  C:\Users\Eih3\AppData\Local\Temp\cc7glH0U.s 			page 31


 1707 00a7 03       		.byte	0x3
 1708 00a8 00000000 		.4byte	cy_meta_configecc
 1709 00ac 08       		.uleb128 0x8
 1710 00ad 83000000 		.4byte	0x83
 1711 00b1 05       		.uleb128 0x5
 1712 00b2 63000000 		.4byte	0x63
 1713 00b6 C1000000 		.4byte	0xc1
 1714 00ba 09       		.uleb128 0x9
 1715 00bb 94000000 		.4byte	0x94
 1716 00bf 03       		.byte	0x3
 1717 00c0 00       		.byte	0
 1718 00c1 07       		.uleb128 0x7
 1719 00c2 72000000 		.4byte	.LASF14
 1720 00c6 01       		.byte	0x1
 1721 00c7 E8       		.byte	0xe8
 1722 00c8 D2000000 		.4byte	0xd2
 1723 00cc 05       		.uleb128 0x5
 1724 00cd 03       		.byte	0x3
 1725 00ce 00000000 		.4byte	cy_meta_custnvl
 1726 00d2 08       		.uleb128 0x8
 1727 00d3 B1000000 		.4byte	0xb1
 1728 00d7 07       		.uleb128 0x7
 1729 00d8 8C010000 		.4byte	.LASF15
 1730 00dc 01       		.byte	0x1
 1731 00dd F3       		.byte	0xf3
 1732 00de E8000000 		.4byte	0xe8
 1733 00e2 05       		.uleb128 0x5
 1734 00e3 03       		.byte	0x3
 1735 00e4 00000000 		.4byte	cy_meta_wonvl
 1736 00e8 08       		.uleb128 0x8
 1737 00e9 B1000000 		.4byte	0xb1
 1738 00ed 05       		.uleb128 0x5
 1739 00ee 63000000 		.4byte	0x63
 1740 00f2 FD000000 		.4byte	0xfd
 1741 00f6 09       		.uleb128 0x9
 1742 00f7 94000000 		.4byte	0x94
 1743 00fb FF       		.byte	0xff
 1744 00fc 00       		.byte	0
 1745 00fd 07       		.uleb128 0x7
 1746 00fe 77010000 		.4byte	.LASF16
 1747 0102 01       		.byte	0x1
 1748 0103 FE       		.byte	0xfe
 1749 0104 0E010000 		.4byte	0x10e
 1750 0108 05       		.uleb128 0x5
 1751 0109 03       		.byte	0x3
 1752 010a 00000000 		.4byte	cy_meta_flashprotect
 1753 010e 08       		.uleb128 0x8
 1754 010f ED000000 		.4byte	0xed
 1755 0113 05       		.uleb128 0x5
 1756 0114 63000000 		.4byte	0x63
 1757 0118 23010000 		.4byte	0x123
 1758 011c 09       		.uleb128 0x9
 1759 011d 94000000 		.4byte	0x94
 1760 0121 0B       		.byte	0xb
 1761 0122 00       		.byte	0
 1762 0123 0A       		.uleb128 0xa
 1763 0124 26000000 		.4byte	.LASF17
ARM GAS  C:\Users\Eih3\AppData\Local\Temp\cc7glH0U.s 			page 32


 1764 0128 01       		.byte	0x1
 1765 0129 2801     		.2byte	0x128
 1766 012b 35010000 		.4byte	0x135
 1767 012f 05       		.uleb128 0x5
 1768 0130 03       		.byte	0x3
 1769 0131 00000000 		.4byte	cy_metadata
 1770 0135 08       		.uleb128 0x8
 1771 0136 13010000 		.4byte	0x113
 1772 013a 00       		.byte	0
 1773              		.section	.debug_abbrev,"",%progbits
 1774              	.Ldebug_abbrev0:
 1775 0000 01       		.uleb128 0x1
 1776 0001 11       		.uleb128 0x11
 1777 0002 01       		.byte	0x1
 1778 0003 25       		.uleb128 0x25
 1779 0004 0E       		.uleb128 0xe
 1780 0005 13       		.uleb128 0x13
 1781 0006 0B       		.uleb128 0xb
 1782 0007 03       		.uleb128 0x3
 1783 0008 0E       		.uleb128 0xe
 1784 0009 1B       		.uleb128 0x1b
 1785 000a 0E       		.uleb128 0xe
 1786 000b 10       		.uleb128 0x10
 1787 000c 17       		.uleb128 0x17
 1788 000d 00       		.byte	0
 1789 000e 00       		.byte	0
 1790 000f 02       		.uleb128 0x2
 1791 0010 24       		.uleb128 0x24
 1792 0011 00       		.byte	0
 1793 0012 0B       		.uleb128 0xb
 1794 0013 0B       		.uleb128 0xb
 1795 0014 3E       		.uleb128 0x3e
 1796 0015 0B       		.uleb128 0xb
 1797 0016 03       		.uleb128 0x3
 1798 0017 0E       		.uleb128 0xe
 1799 0018 00       		.byte	0
 1800 0019 00       		.byte	0
 1801 001a 03       		.uleb128 0x3
 1802 001b 24       		.uleb128 0x24
 1803 001c 00       		.byte	0
 1804 001d 0B       		.uleb128 0xb
 1805 001e 0B       		.uleb128 0xb
 1806 001f 3E       		.uleb128 0x3e
 1807 0020 0B       		.uleb128 0xb
 1808 0021 03       		.uleb128 0x3
 1809 0022 08       		.uleb128 0x8
 1810 0023 00       		.byte	0
 1811 0024 00       		.byte	0
 1812 0025 04       		.uleb128 0x4
 1813 0026 16       		.uleb128 0x16
 1814 0027 00       		.byte	0
 1815 0028 03       		.uleb128 0x3
 1816 0029 0E       		.uleb128 0xe
 1817 002a 3A       		.uleb128 0x3a
 1818 002b 0B       		.uleb128 0xb
 1819 002c 3B       		.uleb128 0x3b
 1820 002d 0B       		.uleb128 0xb
ARM GAS  C:\Users\Eih3\AppData\Local\Temp\cc7glH0U.s 			page 33


 1821 002e 49       		.uleb128 0x49
 1822 002f 13       		.uleb128 0x13
 1823 0030 00       		.byte	0
 1824 0031 00       		.byte	0
 1825 0032 05       		.uleb128 0x5
 1826 0033 01       		.uleb128 0x1
 1827 0034 01       		.byte	0x1
 1828 0035 49       		.uleb128 0x49
 1829 0036 13       		.uleb128 0x13
 1830 0037 01       		.uleb128 0x1
 1831 0038 13       		.uleb128 0x13
 1832 0039 00       		.byte	0
 1833 003a 00       		.byte	0
 1834 003b 06       		.uleb128 0x6
 1835 003c 21       		.uleb128 0x21
 1836 003d 00       		.byte	0
 1837 003e 49       		.uleb128 0x49
 1838 003f 13       		.uleb128 0x13
 1839 0040 2F       		.uleb128 0x2f
 1840 0041 05       		.uleb128 0x5
 1841 0042 00       		.byte	0
 1842 0043 00       		.byte	0
 1843 0044 07       		.uleb128 0x7
 1844 0045 34       		.uleb128 0x34
 1845 0046 00       		.byte	0
 1846 0047 03       		.uleb128 0x3
 1847 0048 0E       		.uleb128 0xe
 1848 0049 3A       		.uleb128 0x3a
 1849 004a 0B       		.uleb128 0xb
 1850 004b 3B       		.uleb128 0x3b
 1851 004c 0B       		.uleb128 0xb
 1852 004d 49       		.uleb128 0x49
 1853 004e 13       		.uleb128 0x13
 1854 004f 3F       		.uleb128 0x3f
 1855 0050 19       		.uleb128 0x19
 1856 0051 02       		.uleb128 0x2
 1857 0052 18       		.uleb128 0x18
 1858 0053 00       		.byte	0
 1859 0054 00       		.byte	0
 1860 0055 08       		.uleb128 0x8
 1861 0056 26       		.uleb128 0x26
 1862 0057 00       		.byte	0
 1863 0058 49       		.uleb128 0x49
 1864 0059 13       		.uleb128 0x13
 1865 005a 00       		.byte	0
 1866 005b 00       		.byte	0
 1867 005c 09       		.uleb128 0x9
 1868 005d 21       		.uleb128 0x21
 1869 005e 00       		.byte	0
 1870 005f 49       		.uleb128 0x49
 1871 0060 13       		.uleb128 0x13
 1872 0061 2F       		.uleb128 0x2f
 1873 0062 0B       		.uleb128 0xb
 1874 0063 00       		.byte	0
 1875 0064 00       		.byte	0
 1876 0065 0A       		.uleb128 0xa
 1877 0066 34       		.uleb128 0x34
ARM GAS  C:\Users\Eih3\AppData\Local\Temp\cc7glH0U.s 			page 34


 1878 0067 00       		.byte	0
 1879 0068 03       		.uleb128 0x3
 1880 0069 0E       		.uleb128 0xe
 1881 006a 3A       		.uleb128 0x3a
 1882 006b 0B       		.uleb128 0xb
 1883 006c 3B       		.uleb128 0x3b
 1884 006d 05       		.uleb128 0x5
 1885 006e 49       		.uleb128 0x49
 1886 006f 13       		.uleb128 0x13
 1887 0070 3F       		.uleb128 0x3f
 1888 0071 19       		.uleb128 0x19
 1889 0072 02       		.uleb128 0x2
 1890 0073 18       		.uleb128 0x18
 1891 0074 00       		.byte	0
 1892 0075 00       		.byte	0
 1893 0076 00       		.byte	0
 1894              		.section	.debug_aranges,"",%progbits
 1895 0000 14000000 		.4byte	0x14
 1896 0004 0200     		.2byte	0x2
 1897 0006 00000000 		.4byte	.Ldebug_info0
 1898 000a 04       		.byte	0x4
 1899 000b 00       		.byte	0
 1900 000c 0000     		.2byte	0
 1901 000e 0000     		.2byte	0
 1902 0010 00000000 		.4byte	0
 1903 0014 00000000 		.4byte	0
 1904              		.section	.debug_line,"",%progbits
 1905              	.Ldebug_line0:
 1906 0000 4F000000 		.section	.debug_str,"MS",%progbits,1
 1906      02004900 
 1906      00000201 
 1906      FB0E0D00 
 1906      01010101 
 1907              	.LASF19:
 1908 0000 2E5C4765 		.ascii	".\\Generated_Source\\PSoC5\\cymetadata.c\000"
 1908      6E657261 
 1908      7465645F 
 1908      536F7572 
 1908      63655C50 
 1909              	.LASF17:
 1910 0026 63795F6D 		.ascii	"cy_metadata\000"
 1910      65746164 
 1910      61746100 
 1911              	.LASF9:
 1912 0032 666C6F61 		.ascii	"float\000"
 1912      7400
 1913              	.LASF1:
 1914 0038 756E7369 		.ascii	"unsigned char\000"
 1914      676E6564 
 1914      20636861 
 1914      7200
 1915              	.LASF5:
 1916 0046 6C6F6E67 		.ascii	"long unsigned int\000"
 1916      20756E73 
 1916      69676E65 
 1916      6420696E 
 1916      7400
ARM GAS  C:\Users\Eih3\AppData\Local\Temp\cc7glH0U.s 			page 35


 1917              	.LASF3:
 1918 0058 73686F72 		.ascii	"short unsigned int\000"
 1918      7420756E 
 1918      7369676E 
 1918      65642069 
 1918      6E7400
 1919              	.LASF10:
 1920 006b 646F7562 		.ascii	"double\000"
 1920      6C6500
 1921              	.LASF14:
 1922 0072 63795F6D 		.ascii	"cy_meta_custnvl\000"
 1922      6574615F 
 1922      63757374 
 1922      6E766C00 
 1923              	.LASF13:
 1924 0082 63795F6D 		.ascii	"cy_meta_configecc\000"
 1924      6574615F 
 1924      636F6E66 
 1924      69676563 
 1924      6300
 1925              	.LASF20:
 1926 0094 443A5C45 		.ascii	"D:\\Eih3Cloud\\Projet Programme\\Module HF Client\\"
 1926      69683343 
 1926      6C6F7564 
 1926      5C50726F 
 1926      6A657420 
 1927 00c3 4D6F6475 		.ascii	"Module HF STA.cydsn\000"
 1927      6C652048 
 1927      46205354 
 1927      412E6379 
 1927      64736E00 
 1928              	.LASF8:
 1929 00d7 756E7369 		.ascii	"unsigned int\000"
 1929      676E6564 
 1929      20696E74 
 1929      00
 1930              	.LASF7:
 1931 00e4 6C6F6E67 		.ascii	"long long unsigned int\000"
 1931      206C6F6E 
 1931      6720756E 
 1931      7369676E 
 1931      65642069 
 1932              	.LASF18:
 1933 00fb 474E5520 		.ascii	"GNU C 4.8.4 20140526 (release) [ARM/embedded-4_8-br"
 1933      4320342E 
 1933      382E3420 
 1933      32303134 
 1933      30353236 
 1934 012e 616E6368 		.ascii	"anch revision 211358] -mcpu=cortex-m3 -mthumb -g -O"
 1934      20726576 
 1934      6973696F 
 1934      6E203231 
 1934      31333538 
 1935 0161 30202D66 		.ascii	"0 -ffunction-sections\000"
 1935      66756E63 
 1935      74696F6E 
 1935      2D736563 
ARM GAS  C:\Users\Eih3\AppData\Local\Temp\cc7glH0U.s 			page 36


 1935      74696F6E 
 1936              	.LASF16:
 1937 0177 63795F6D 		.ascii	"cy_meta_flashprotect\000"
 1937      6574615F 
 1937      666C6173 
 1937      6870726F 
 1937      74656374 
 1938              	.LASF15:
 1939 018c 63795F6D 		.ascii	"cy_meta_wonvl\000"
 1939      6574615F 
 1939      776F6E76 
 1939      6C00
 1940              	.LASF12:
 1941 019a 73697A65 		.ascii	"sizetype\000"
 1941      74797065 
 1941      00
 1942              	.LASF6:
 1943 01a3 6C6F6E67 		.ascii	"long long int\000"
 1943      206C6F6E 
 1943      6720696E 
 1943      7400
 1944              	.LASF11:
 1945 01b1 63686172 		.ascii	"char\000"
 1945      00
 1946              	.LASF2:
 1947 01b6 73686F72 		.ascii	"short int\000"
 1947      7420696E 
 1947      7400
 1948              	.LASF21:
 1949 01c0 75696E74 		.ascii	"uint8\000"
 1949      3800
 1950              	.LASF4:
 1951 01c6 6C6F6E67 		.ascii	"long int\000"
 1951      20696E74 
 1951      00
 1952              	.LASF0:
 1953 01cf 7369676E 		.ascii	"signed char\000"
 1953      65642063 
 1953      68617200 
 1954              		.ident	"GCC: (GNU Tools for ARM Embedded Processors) 4.8.4 20140526 (release) [ARM/embedded-4_8-br
