ARM GAS  C:\Users\Eih3\AppData\Local\Temp\ccgzU1Qj.s 			page 1


   1              		.syntax unified
   2              		.cpu cortex-m3
   3              		.fpu softvfp
   4              		.eabi_attribute 20, 1
   5              		.eabi_attribute 21, 1
   6              		.eabi_attribute 23, 3
   7              		.eabi_attribute 24, 1
   8              		.eabi_attribute 25, 1
   9              		.eabi_attribute 26, 1
  10              		.eabi_attribute 30, 6
  11              		.eabi_attribute 34, 1
  12              		.eabi_attribute 18, 4
  13              		.thumb
  14              		.file	"main.c"
  15              		.text
  16              	.Ltext0:
  17              		.cfi_sections	.debug_frame
  18              		.comm	RxData,1,1
  19              		.comm	ConfigEnd,1,1
  20              		.section	.rodata
  21              		.align	2
  22              	.LC0:
  23 0000 43686172 		.ascii	"Char rec: \000"
  23      20726563 
  23      3A2000
  24 000b 00       		.align	2
  25              	.LC1:
  26 000c 53544100 		.ascii	"STA\000"
  27              		.align	2
  28              	.LC2:
  29 0010 43686172 		.ascii	"Char env: \000"
  29      20656E76 
  29      3A2000
  30              		.section	.text.main,"ax",%progbits
  31              		.align	2
  32              		.global	main
  33              		.thumb
  34              		.thumb_func
  35              		.type	main, %function
  36              	main:
  37              	.LFB56:
  38              		.file 1 ".\\main.c"
   1:.\main.c      **** /************************
   2:.\main.c      ****  * Programme Module HF  *
   3:.\main.c      ****  *                      *
   4:.\main.c      ****  * Auteurs :            *
   5:.\main.c      ****  *  Escamez Michel      *
   6:.\main.c      ****  *  Soler Donovan       * 
   7:.\main.c      ****  *  Verdier Jordan      *
   8:.\main.c      ****  *                      *
   9:.\main.c      ****  * Fonctions :          *
  10:.\main.c      ****  *  Liaison HF          *
  11:.\main.c      ****  *  Liaison I²C         *
  12:.\main.c      ****  *  Commande Relai      *
  13:.\main.c      ****  *  R/W EEPROM          *
  14:.\main.c      ****  *                      *
  15:.\main.c      ****  * MàJ :                *
ARM GAS  C:\Users\Eih3\AppData\Local\Temp\ccgzU1Qj.s 			page 2


  16:.\main.c      ****  *  06/02/2015 Exemple  *
  17:.\main.c      ****  *                      *
  18:.\main.c      ****  ***********************/
  19:.\main.c      **** 
  20:.\main.c      **** /****Déclarations****/
  21:.\main.c      **** #include <project.h>
  22:.\main.c      **** #include "wifi.h"
  23:.\main.c      **** #include "RxUART.h"
  24:.\main.c      ****     
  25:.\main.c      **** /****Déclarations Variables****/
  26:.\main.c      **** uint8 RxData,
  27:.\main.c      ****       ConfigEnd;
  28:.\main.c      **** 
  29:.\main.c      **** /****Déclarations Fonctions****/
  30:.\main.c      **** void Config(),
  31:.\main.c      ****      Init(),
  32:.\main.c      ****      Init_LCD();
  33:.\main.c      **** 
  34:.\main.c      **** /****Fonction Principale****/
  35:.\main.c      **** int main()
  36:.\main.c      **** {    
  39              		.loc 1 36 0
  40              		.cfi_startproc
  41              		@ args = 0, pretend = 0, frame = 8
  42              		@ frame_needed = 1, uses_anonymous_args = 0
  43 0000 80B5     		push	{r7, lr}
  44              		.cfi_def_cfa_offset 8
  45              		.cfi_offset 7, -8
  46              		.cfi_offset 14, -4
  47 0002 82B0     		sub	sp, sp, #8
  48              		.cfi_def_cfa_offset 16
  49 0004 00AF     		add	r7, sp, #0
  50              		.cfi_def_cfa_register 7
  37:.\main.c      ****     Init();    
  51              		.loc 1 37 0
  52 0006 FFF7FEFF 		bl	Init
  38:.\main.c      ****     Config();
  53              		.loc 1 38 0
  54 000a FFF7FEFF 		bl	Config
  39:.\main.c      ****     
  40:.\main.c      ****     int8 i=33;
  55              		.loc 1 40 0
  56 000e 2123     		movs	r3, #33
  57 0010 FB71     		strb	r3, [r7, #7]
  58              	.L4:
  41:.\main.c      ****         
  42:.\main.c      ****     for(;;)
  43:.\main.c      ****     {
  44:.\main.c      ****         if (!SW2_Read()) LCD_ClearDisplay();        
  59              		.loc 1 44 0
  60 0012 FFF7FEFF 		bl	SW2_Read
  61 0016 0346     		mov	r3, r0
  62 0018 002B     		cmp	r3, #0
  63 001a 02D1     		bne	.L2
  64              		.loc 1 44 0 is_stmt 0 discriminator 1
  65 001c 0120     		movs	r0, #1
  66 001e FFF7FEFF 		bl	LCD_WriteControl
ARM GAS  C:\Users\Eih3\AppData\Local\Temp\ccgzU1Qj.s 			page 3


  67              	.L2:
  45:.\main.c      ****         
  46:.\main.c      ****         LCD_Position(0, 0);
  68              		.loc 1 46 0 is_stmt 1
  69 0022 0020     		movs	r0, #0
  70 0024 0021     		movs	r1, #0
  71 0026 FFF7FEFF 		bl	LCD_Position
  47:.\main.c      ****         LCD_PrintString("Char rec: ");
  72              		.loc 1 47 0
  73 002a 1648     		ldr	r0, .L5
  74 002c FFF7FEFF 		bl	LCD_PrintString
  48:.\main.c      ****         LCD_Position(0, 13);
  75              		.loc 1 48 0
  76 0030 0020     		movs	r0, #0
  77 0032 0D21     		movs	r1, #13
  78 0034 FFF7FEFF 		bl	LCD_Position
  49:.\main.c      ****         LCD_PrintString("STA");
  79              		.loc 1 49 0
  80 0038 1348     		ldr	r0, .L5+4
  81 003a FFF7FEFF 		bl	LCD_PrintString
  50:.\main.c      ****         LCD_Position(1, 0);
  82              		.loc 1 50 0
  83 003e 0120     		movs	r0, #1
  84 0040 0021     		movs	r1, #0
  85 0042 FFF7FEFF 		bl	LCD_Position
  51:.\main.c      ****         LCD_PrintString("Char env: ");
  86              		.loc 1 51 0
  87 0046 1148     		ldr	r0, .L5+8
  88 0048 FFF7FEFF 		bl	LCD_PrintString
  52:.\main.c      ****         
  53:.\main.c      ****         CyDelay(1000u);
  89              		.loc 1 53 0
  90 004c 4FF47A70 		mov	r0, #1000
  91 0050 FFF7FEFF 		bl	CyDelay
  54:.\main.c      ****         UART_PutChar(i);
  92              		.loc 1 54 0
  93 0054 FB79     		ldrb	r3, [r7, #7]	@ zero_extendqisi2
  94 0056 1846     		mov	r0, r3
  95 0058 FFF7FEFF 		bl	UART_PutChar
  55:.\main.c      ****         LCD_Position(1u, 10u);
  96              		.loc 1 55 0
  97 005c 0120     		movs	r0, #1
  98 005e 0A21     		movs	r1, #10
  99 0060 FFF7FEFF 		bl	LCD_Position
  56:.\main.c      ****         LCD_PutChar(i);
 100              		.loc 1 56 0
 101 0064 FB79     		ldrb	r3, [r7, #7]	@ zero_extendqisi2
 102 0066 1846     		mov	r0, r3
 103 0068 FFF7FEFF 		bl	LCD_PutChar
  57:.\main.c      ****         i++;
 104              		.loc 1 57 0
 105 006c FB79     		ldrb	r3, [r7, #7]	@ zero_extendqisi2
 106 006e 0133     		adds	r3, r3, #1
 107 0070 FB71     		strb	r3, [r7, #7]
  58:.\main.c      ****         if (i==127) i=33;         
 108              		.loc 1 58 0
 109 0072 97F90730 		ldrsb	r3, [r7, #7]
ARM GAS  C:\Users\Eih3\AppData\Local\Temp\ccgzU1Qj.s 			page 4


 110 0076 7F2B     		cmp	r3, #127
 111 0078 02D1     		bne	.L3
 112              		.loc 1 58 0 is_stmt 0 discriminator 1
 113 007a 2123     		movs	r3, #33
 114 007c FB71     		strb	r3, [r7, #7]
  59:.\main.c      ****     }    
 115              		.loc 1 59 0 is_stmt 1 discriminator 1
 116 007e C8E7     		b	.L4
 117              	.L3:
 118              		.loc 1 59 0 is_stmt 0
 119 0080 C7E7     		b	.L4
 120              	.L6:
 121 0082 00BF     		.align	2
 122              	.L5:
 123 0084 00000000 		.word	.LC0
 124 0088 0C000000 		.word	.LC1
 125 008c 10000000 		.word	.LC2
 126              		.cfi_endproc
 127              	.LFE56:
 128              		.size	main, .-main
 129              		.section	.text.Init,"ax",%progbits
 130              		.align	2
 131              		.global	Init
 132              		.thumb
 133              		.thumb_func
 134              		.type	Init, %function
 135              	Init:
 136              	.LFB57:
  60:.\main.c      **** }
  61:.\main.c      **** 
  62:.\main.c      **** /****Fonction Initialisation****/
  63:.\main.c      **** void Init()
  64:.\main.c      **** {    
 137              		.loc 1 64 0 is_stmt 1
 138              		.cfi_startproc
 139              		@ args = 0, pretend = 0, frame = 0
 140              		@ frame_needed = 1, uses_anonymous_args = 0
 141 0000 80B5     		push	{r7, lr}
 142              		.cfi_def_cfa_offset 8
 143              		.cfi_offset 7, -8
 144              		.cfi_offset 14, -4
 145 0002 00AF     		add	r7, sp, #0
 146              		.cfi_def_cfa_register 7
  65:.\main.c      ****     Init_LCD();
 147              		.loc 1 65 0
 148 0004 FFF7FEFF 		bl	Init_LCD
  66:.\main.c      ****     Init_UART();  
 149              		.loc 1 66 0
 150 0008 FFF7FEFF 		bl	Init_UART
  67:.\main.c      ****     Init_Rx_ISR();  
 151              		.loc 1 67 0
 152 000c FFF7FEFF 		bl	Init_Rx_ISR
  68:.\main.c      **** }
 153              		.loc 1 68 0
 154 0010 80BD     		pop	{r7, pc}
 155              		.cfi_endproc
 156              	.LFE57:
ARM GAS  C:\Users\Eih3\AppData\Local\Temp\ccgzU1Qj.s 			page 5


 157              		.size	Init, .-Init
 158 0012 00BF     		.section	.text.Config,"ax",%progbits
 159              		.align	2
 160              		.global	Config
 161              		.thumb
 162              		.thumb_func
 163              		.type	Config, %function
 164              	Config:
 165              	.LFB58:
  69:.\main.c      **** 
  70:.\main.c      **** /****Fonction Configuration****/
  71:.\main.c      **** void Config()
  72:.\main.c      **** {
 166              		.loc 1 72 0
 167              		.cfi_startproc
 168              		@ args = 0, pretend = 0, frame = 0
 169              		@ frame_needed = 1, uses_anonymous_args = 0
 170 0000 80B5     		push	{r7, lr}
 171              		.cfi_def_cfa_offset 8
 172              		.cfi_offset 7, -8
 173              		.cfi_offset 14, -4
 174 0002 00AF     		add	r7, sp, #0
 175              		.cfi_def_cfa_register 7
  73:.\main.c      ****     EnterATMode();     
 176              		.loc 1 73 0
 177 0004 FFF7FEFF 		bl	EnterATMode
  74:.\main.c      ****     ConfigSTA(); 
 178              		.loc 1 74 0
 179 0008 FFF7FEFF 		bl	ConfigSTA
  75:.\main.c      **** 
  76:.\main.c      ****     CyDelay(1000);
 180              		.loc 1 76 0
 181 000c 4FF47A70 		mov	r0, #1000
 182 0010 FFF7FEFF 		bl	CyDelay
  77:.\main.c      ****     UART_ClearRxBuffer();
 183              		.loc 1 77 0
 184 0014 FFF7FEFF 		bl	UART_ClearRxBuffer
  78:.\main.c      ****     ConfigEnd = 1u;
 185              		.loc 1 78 0
 186 0018 014B     		ldr	r3, .L9
 187 001a 0122     		movs	r2, #1
 188 001c 1A70     		strb	r2, [r3]
  79:.\main.c      **** }
 189              		.loc 1 79 0
 190 001e 80BD     		pop	{r7, pc}
 191              	.L10:
 192              		.align	2
 193              	.L9:
 194 0020 00000000 		.word	ConfigEnd
 195              		.cfi_endproc
 196              	.LFE58:
 197              		.size	Config, .-Config
 198              		.section	.rodata
 199 001b 00       		.align	2
 200              	.LC3:
 201 001c 2020204D 		.ascii	"   Module STA\000"
 201      6F64756C 
ARM GAS  C:\Users\Eih3\AppData\Local\Temp\ccgzU1Qj.s 			page 6


 201      65205354 
 201      4100
 202 002a 0000     		.align	2
 203              	.LC4:
 204 002c 496E6974 		.ascii	"Initialisation\000"
 204      69616C69 
 204      73617469 
 204      6F6E00
 205 003b 00       		.section	.text.Init_LCD,"ax",%progbits
 206              		.align	2
 207              		.global	Init_LCD
 208              		.thumb
 209              		.thumb_func
 210              		.type	Init_LCD, %function
 211              	Init_LCD:
 212              	.LFB59:
  80:.\main.c      **** 
  81:.\main.c      **** /****Fonction LCD****/
  82:.\main.c      **** void Init_LCD()
  83:.\main.c      **** {
 213              		.loc 1 83 0
 214              		.cfi_startproc
 215              		@ args = 0, pretend = 0, frame = 0
 216              		@ frame_needed = 1, uses_anonymous_args = 0
 217 0000 80B5     		push	{r7, lr}
 218              		.cfi_def_cfa_offset 8
 219              		.cfi_offset 7, -8
 220              		.cfi_offset 14, -4
 221 0002 00AF     		add	r7, sp, #0
 222              		.cfi_def_cfa_register 7
  84:.\main.c      ****     LCD_Start();
 223              		.loc 1 84 0
 224 0004 FFF7FEFF 		bl	LCD_Start
  85:.\main.c      ****     LCD_PrintString("   Module STA"); 
 225              		.loc 1 85 0
 226 0008 0848     		ldr	r0, .L12
 227 000a FFF7FEFF 		bl	LCD_PrintString
  86:.\main.c      ****     LCD_Position(1u, 1u);
 228              		.loc 1 86 0
 229 000e 0120     		movs	r0, #1
 230 0010 0121     		movs	r1, #1
 231 0012 FFF7FEFF 		bl	LCD_Position
  87:.\main.c      ****     LCD_PrintString("Initialisation");
 232              		.loc 1 87 0
 233 0016 0648     		ldr	r0, .L12+4
 234 0018 FFF7FEFF 		bl	LCD_PrintString
  88:.\main.c      ****     CyDelay(1000);
 235              		.loc 1 88 0
 236 001c 4FF47A70 		mov	r0, #1000
 237 0020 FFF7FEFF 		bl	CyDelay
  89:.\main.c      ****     LCD_ClearDisplay(); 
 238              		.loc 1 89 0
 239 0024 0120     		movs	r0, #1
 240 0026 FFF7FEFF 		bl	LCD_WriteControl
  90:.\main.c      **** }
 241              		.loc 1 90 0
 242 002a 80BD     		pop	{r7, pc}
ARM GAS  C:\Users\Eih3\AppData\Local\Temp\ccgzU1Qj.s 			page 7


 243              	.L13:
 244              		.align	2
 245              	.L12:
 246 002c 1C000000 		.word	.LC3
 247 0030 2C000000 		.word	.LC4
 248              		.cfi_endproc
 249              	.LFE59:
 250              		.size	Init_LCD, .-Init_LCD
 251              		.text
 252              	.Letext0:
 253              		.file 2 "c:\\program files (x86)\\cypress\\psoc creator\\3.1\\psoc creator\\import\\gnu_cs\\arm\\4
 254              		.file 3 "c:\\program files (x86)\\cypress\\psoc creator\\3.1\\psoc creator\\import\\gnu_cs\\arm\\4
 255              		.file 4 ".\\Generated_Source\\PSoC5/cytypes.h"
 256              		.file 5 ".\\Generated_Source\\PSoC5/core_cm3.h"
 257              		.section	.debug_info,"",%progbits
 258              	.Ldebug_info0:
 259 0000 3C010000 		.4byte	0x13c
 260 0004 0400     		.2byte	0x4
 261 0006 00000000 		.4byte	.Ldebug_abbrev0
 262 000a 04       		.byte	0x4
 263 000b 01       		.uleb128 0x1
 264 000c 2F010000 		.4byte	.LASF23
 265 0010 01       		.byte	0x1
 266 0011 9D000000 		.4byte	.LASF24
 267 0015 38000000 		.4byte	.LASF25
 268 0019 00000000 		.4byte	.Ldebug_ranges0+0
 269 001d 00000000 		.4byte	0
 270 0021 00000000 		.4byte	.Ldebug_line0
 271 0025 02       		.uleb128 0x2
 272 0026 01       		.byte	0x1
 273 0027 06       		.byte	0x6
 274 0028 04010000 		.4byte	.LASF0
 275 002c 02       		.uleb128 0x2
 276 002d 01       		.byte	0x1
 277 002e 08       		.byte	0x8
 278 002f C6000000 		.4byte	.LASF1
 279 0033 02       		.uleb128 0x2
 280 0034 02       		.byte	0x2
 281 0035 05       		.byte	0x5
 282 0036 25010000 		.4byte	.LASF2
 283 003a 02       		.uleb128 0x2
 284 003b 02       		.byte	0x2
 285 003c 07       		.byte	0x7
 286 003d 0E000000 		.4byte	.LASF3
 287 0041 03       		.uleb128 0x3
 288 0042 10010000 		.4byte	.LASF9
 289 0046 02       		.byte	0x2
 290 0047 37       		.byte	0x37
 291 0048 4C000000 		.4byte	0x4c
 292 004c 02       		.uleb128 0x2
 293 004d 04       		.byte	0x4
 294 004e 05       		.byte	0x5
 295 004f D9000000 		.4byte	.LASF4
 296 0053 02       		.uleb128 0x2
 297 0054 04       		.byte	0x4
 298 0055 07       		.byte	0x7
 299 0056 8B000000 		.4byte	.LASF5
ARM GAS  C:\Users\Eih3\AppData\Local\Temp\ccgzU1Qj.s 			page 8


 300 005a 02       		.uleb128 0x2
 301 005b 08       		.byte	0x8
 302 005c 05       		.byte	0x5
 303 005d 00000000 		.4byte	.LASF6
 304 0061 02       		.uleb128 0x2
 305 0062 08       		.byte	0x8
 306 0063 07       		.byte	0x7
 307 0064 A6000000 		.4byte	.LASF7
 308 0068 04       		.uleb128 0x4
 309 0069 04       		.byte	0x4
 310 006a 05       		.byte	0x5
 311 006b 696E7400 		.ascii	"int\000"
 312 006f 02       		.uleb128 0x2
 313 0070 04       		.byte	0x4
 314 0071 07       		.byte	0x7
 315 0072 21000000 		.4byte	.LASF8
 316 0076 03       		.uleb128 0x3
 317 0077 AB010000 		.4byte	.LASF10
 318 007b 03       		.byte	0x3
 319 007c 41       		.byte	0x41
 320 007d 41000000 		.4byte	0x41
 321 0081 03       		.uleb128 0x3
 322 0082 85000000 		.4byte	.LASF11
 323 0086 04       		.byte	0x4
 324 0087 A1       		.byte	0xa1
 325 0088 2C000000 		.4byte	0x2c
 326 008c 03       		.uleb128 0x3
 327 008d 80000000 		.4byte	.LASF12
 328 0091 04       		.byte	0x4
 329 0092 A4       		.byte	0xa4
 330 0093 25000000 		.4byte	0x25
 331 0097 02       		.uleb128 0x2
 332 0098 04       		.byte	0x4
 333 0099 04       		.byte	0x4
 334 009a 1F010000 		.4byte	.LASF13
 335 009e 02       		.uleb128 0x2
 336 009f 08       		.byte	0x8
 337 00a0 04       		.byte	0x4
 338 00a1 F0000000 		.4byte	.LASF14
 339 00a5 02       		.uleb128 0x2
 340 00a6 01       		.byte	0x1
 341 00a7 08       		.byte	0x8
 342 00a8 D4000000 		.4byte	.LASF15
 343 00ac 02       		.uleb128 0x2
 344 00ad 04       		.byte	0x4
 345 00ae 07       		.byte	0x7
 346 00af B3010000 		.4byte	.LASF16
 347 00b3 05       		.uleb128 0x5
 348 00b4 7B000000 		.4byte	.LASF26
 349 00b8 01       		.byte	0x1
 350 00b9 23       		.byte	0x23
 351 00ba 68000000 		.4byte	0x68
 352 00be 00000000 		.4byte	.LFB56
 353 00c2 90000000 		.4byte	.LFE56-.LFB56
 354 00c6 01       		.uleb128 0x1
 355 00c7 9C       		.byte	0x9c
 356 00c8 D9000000 		.4byte	0xd9
ARM GAS  C:\Users\Eih3\AppData\Local\Temp\ccgzU1Qj.s 			page 9


 357 00cc 06       		.uleb128 0x6
 358 00cd 6900     		.ascii	"i\000"
 359 00cf 01       		.byte	0x1
 360 00d0 28       		.byte	0x28
 361 00d1 8C000000 		.4byte	0x8c
 362 00d5 02       		.uleb128 0x2
 363 00d6 91       		.byte	0x91
 364 00d7 77       		.sleb128 -9
 365 00d8 00       		.byte	0
 366 00d9 07       		.uleb128 0x7
 367 00da 1A010000 		.4byte	.LASF17
 368 00de 01       		.byte	0x1
 369 00df 3F       		.byte	0x3f
 370 00e0 00000000 		.4byte	.LFB57
 371 00e4 12000000 		.4byte	.LFE57-.LFB57
 372 00e8 01       		.uleb128 0x1
 373 00e9 9C       		.byte	0x9c
 374 00ea 07       		.uleb128 0x7
 375 00eb E9000000 		.4byte	.LASF18
 376 00ef 01       		.byte	0x1
 377 00f0 47       		.byte	0x47
 378 00f1 00000000 		.4byte	.LFB58
 379 00f5 24000000 		.4byte	.LFE58-.LFB58
 380 00f9 01       		.uleb128 0x1
 381 00fa 9C       		.byte	0x9c
 382 00fb 07       		.uleb128 0x7
 383 00fc BD000000 		.4byte	.LASF19
 384 0100 01       		.byte	0x1
 385 0101 52       		.byte	0x52
 386 0102 00000000 		.4byte	.LFB59
 387 0106 34000000 		.4byte	.LFE59-.LFB59
 388 010a 01       		.uleb128 0x1
 389 010b 9C       		.byte	0x9c
 390 010c 08       		.uleb128 0x8
 391 010d F7000000 		.4byte	.LASF20
 392 0111 05       		.byte	0x5
 393 0112 1606     		.2byte	0x616
 394 0114 18010000 		.4byte	0x118
 395 0118 09       		.uleb128 0x9
 396 0119 76000000 		.4byte	0x76
 397 011d 0A       		.uleb128 0xa
 398 011e E2000000 		.4byte	.LASF21
 399 0122 01       		.byte	0x1
 400 0123 1A       		.byte	0x1a
 401 0124 81000000 		.4byte	0x81
 402 0128 05       		.uleb128 0x5
 403 0129 03       		.byte	0x3
 404 012a 00000000 		.4byte	RxData
 405 012e 0A       		.uleb128 0xa
 406 012f 2E000000 		.4byte	.LASF22
 407 0133 01       		.byte	0x1
 408 0134 1B       		.byte	0x1b
 409 0135 81000000 		.4byte	0x81
 410 0139 05       		.uleb128 0x5
 411 013a 03       		.byte	0x3
 412 013b 00000000 		.4byte	ConfigEnd
 413 013f 00       		.byte	0
ARM GAS  C:\Users\Eih3\AppData\Local\Temp\ccgzU1Qj.s 			page 10


 414              		.section	.debug_abbrev,"",%progbits
 415              	.Ldebug_abbrev0:
 416 0000 01       		.uleb128 0x1
 417 0001 11       		.uleb128 0x11
 418 0002 01       		.byte	0x1
 419 0003 25       		.uleb128 0x25
 420 0004 0E       		.uleb128 0xe
 421 0005 13       		.uleb128 0x13
 422 0006 0B       		.uleb128 0xb
 423 0007 03       		.uleb128 0x3
 424 0008 0E       		.uleb128 0xe
 425 0009 1B       		.uleb128 0x1b
 426 000a 0E       		.uleb128 0xe
 427 000b 55       		.uleb128 0x55
 428 000c 17       		.uleb128 0x17
 429 000d 11       		.uleb128 0x11
 430 000e 01       		.uleb128 0x1
 431 000f 10       		.uleb128 0x10
 432 0010 17       		.uleb128 0x17
 433 0011 00       		.byte	0
 434 0012 00       		.byte	0
 435 0013 02       		.uleb128 0x2
 436 0014 24       		.uleb128 0x24
 437 0015 00       		.byte	0
 438 0016 0B       		.uleb128 0xb
 439 0017 0B       		.uleb128 0xb
 440 0018 3E       		.uleb128 0x3e
 441 0019 0B       		.uleb128 0xb
 442 001a 03       		.uleb128 0x3
 443 001b 0E       		.uleb128 0xe
 444 001c 00       		.byte	0
 445 001d 00       		.byte	0
 446 001e 03       		.uleb128 0x3
 447 001f 16       		.uleb128 0x16
 448 0020 00       		.byte	0
 449 0021 03       		.uleb128 0x3
 450 0022 0E       		.uleb128 0xe
 451 0023 3A       		.uleb128 0x3a
 452 0024 0B       		.uleb128 0xb
 453 0025 3B       		.uleb128 0x3b
 454 0026 0B       		.uleb128 0xb
 455 0027 49       		.uleb128 0x49
 456 0028 13       		.uleb128 0x13
 457 0029 00       		.byte	0
 458 002a 00       		.byte	0
 459 002b 04       		.uleb128 0x4
 460 002c 24       		.uleb128 0x24
 461 002d 00       		.byte	0
 462 002e 0B       		.uleb128 0xb
 463 002f 0B       		.uleb128 0xb
 464 0030 3E       		.uleb128 0x3e
 465 0031 0B       		.uleb128 0xb
 466 0032 03       		.uleb128 0x3
 467 0033 08       		.uleb128 0x8
 468 0034 00       		.byte	0
 469 0035 00       		.byte	0
 470 0036 05       		.uleb128 0x5
ARM GAS  C:\Users\Eih3\AppData\Local\Temp\ccgzU1Qj.s 			page 11


 471 0037 2E       		.uleb128 0x2e
 472 0038 01       		.byte	0x1
 473 0039 3F       		.uleb128 0x3f
 474 003a 19       		.uleb128 0x19
 475 003b 03       		.uleb128 0x3
 476 003c 0E       		.uleb128 0xe
 477 003d 3A       		.uleb128 0x3a
 478 003e 0B       		.uleb128 0xb
 479 003f 3B       		.uleb128 0x3b
 480 0040 0B       		.uleb128 0xb
 481 0041 49       		.uleb128 0x49
 482 0042 13       		.uleb128 0x13
 483 0043 11       		.uleb128 0x11
 484 0044 01       		.uleb128 0x1
 485 0045 12       		.uleb128 0x12
 486 0046 06       		.uleb128 0x6
 487 0047 40       		.uleb128 0x40
 488 0048 18       		.uleb128 0x18
 489 0049 9642     		.uleb128 0x2116
 490 004b 19       		.uleb128 0x19
 491 004c 01       		.uleb128 0x1
 492 004d 13       		.uleb128 0x13
 493 004e 00       		.byte	0
 494 004f 00       		.byte	0
 495 0050 06       		.uleb128 0x6
 496 0051 34       		.uleb128 0x34
 497 0052 00       		.byte	0
 498 0053 03       		.uleb128 0x3
 499 0054 08       		.uleb128 0x8
 500 0055 3A       		.uleb128 0x3a
 501 0056 0B       		.uleb128 0xb
 502 0057 3B       		.uleb128 0x3b
 503 0058 0B       		.uleb128 0xb
 504 0059 49       		.uleb128 0x49
 505 005a 13       		.uleb128 0x13
 506 005b 02       		.uleb128 0x2
 507 005c 18       		.uleb128 0x18
 508 005d 00       		.byte	0
 509 005e 00       		.byte	0
 510 005f 07       		.uleb128 0x7
 511 0060 2E       		.uleb128 0x2e
 512 0061 00       		.byte	0
 513 0062 3F       		.uleb128 0x3f
 514 0063 19       		.uleb128 0x19
 515 0064 03       		.uleb128 0x3
 516 0065 0E       		.uleb128 0xe
 517 0066 3A       		.uleb128 0x3a
 518 0067 0B       		.uleb128 0xb
 519 0068 3B       		.uleb128 0x3b
 520 0069 0B       		.uleb128 0xb
 521 006a 11       		.uleb128 0x11
 522 006b 01       		.uleb128 0x1
 523 006c 12       		.uleb128 0x12
 524 006d 06       		.uleb128 0x6
 525 006e 40       		.uleb128 0x40
 526 006f 18       		.uleb128 0x18
 527 0070 9642     		.uleb128 0x2116
ARM GAS  C:\Users\Eih3\AppData\Local\Temp\ccgzU1Qj.s 			page 12


 528 0072 19       		.uleb128 0x19
 529 0073 00       		.byte	0
 530 0074 00       		.byte	0
 531 0075 08       		.uleb128 0x8
 532 0076 34       		.uleb128 0x34
 533 0077 00       		.byte	0
 534 0078 03       		.uleb128 0x3
 535 0079 0E       		.uleb128 0xe
 536 007a 3A       		.uleb128 0x3a
 537 007b 0B       		.uleb128 0xb
 538 007c 3B       		.uleb128 0x3b
 539 007d 05       		.uleb128 0x5
 540 007e 49       		.uleb128 0x49
 541 007f 13       		.uleb128 0x13
 542 0080 3F       		.uleb128 0x3f
 543 0081 19       		.uleb128 0x19
 544 0082 3C       		.uleb128 0x3c
 545 0083 19       		.uleb128 0x19
 546 0084 00       		.byte	0
 547 0085 00       		.byte	0
 548 0086 09       		.uleb128 0x9
 549 0087 35       		.uleb128 0x35
 550 0088 00       		.byte	0
 551 0089 49       		.uleb128 0x49
 552 008a 13       		.uleb128 0x13
 553 008b 00       		.byte	0
 554 008c 00       		.byte	0
 555 008d 0A       		.uleb128 0xa
 556 008e 34       		.uleb128 0x34
 557 008f 00       		.byte	0
 558 0090 03       		.uleb128 0x3
 559 0091 0E       		.uleb128 0xe
 560 0092 3A       		.uleb128 0x3a
 561 0093 0B       		.uleb128 0xb
 562 0094 3B       		.uleb128 0x3b
 563 0095 0B       		.uleb128 0xb
 564 0096 49       		.uleb128 0x49
 565 0097 13       		.uleb128 0x13
 566 0098 3F       		.uleb128 0x3f
 567 0099 19       		.uleb128 0x19
 568 009a 02       		.uleb128 0x2
 569 009b 18       		.uleb128 0x18
 570 009c 00       		.byte	0
 571 009d 00       		.byte	0
 572 009e 00       		.byte	0
 573              		.section	.debug_aranges,"",%progbits
 574 0000 34000000 		.4byte	0x34
 575 0004 0200     		.2byte	0x2
 576 0006 00000000 		.4byte	.Ldebug_info0
 577 000a 04       		.byte	0x4
 578 000b 00       		.byte	0
 579 000c 0000     		.2byte	0
 580 000e 0000     		.2byte	0
 581 0010 00000000 		.4byte	.LFB56
 582 0014 90000000 		.4byte	.LFE56-.LFB56
 583 0018 00000000 		.4byte	.LFB57
 584 001c 12000000 		.4byte	.LFE57-.LFB57
ARM GAS  C:\Users\Eih3\AppData\Local\Temp\ccgzU1Qj.s 			page 13


 585 0020 00000000 		.4byte	.LFB58
 586 0024 24000000 		.4byte	.LFE58-.LFB58
 587 0028 00000000 		.4byte	.LFB59
 588 002c 34000000 		.4byte	.LFE59-.LFB59
 589 0030 00000000 		.4byte	0
 590 0034 00000000 		.4byte	0
 591              		.section	.debug_ranges,"",%progbits
 592              	.Ldebug_ranges0:
 593 0000 00000000 		.4byte	.LFB56
 594 0004 90000000 		.4byte	.LFE56
 595 0008 00000000 		.4byte	.LFB57
 596 000c 12000000 		.4byte	.LFE57
 597 0010 00000000 		.4byte	.LFB58
 598 0014 24000000 		.4byte	.LFE58
 599 0018 00000000 		.4byte	.LFB59
 600 001c 34000000 		.4byte	.LFE59
 601 0020 00000000 		.4byte	0
 602 0024 00000000 		.4byte	0
 603              		.section	.debug_line,"",%progbits
 604              	.Ldebug_line0:
 605 0000 CB010000 		.section	.debug_str,"MS",%progbits,1
 605      02005101 
 605      00000201 
 605      FB0E0D00 
 605      01010101 
 606              	.LASF6:
 607 0000 6C6F6E67 		.ascii	"long long int\000"
 607      206C6F6E 
 607      6720696E 
 607      7400
 608              	.LASF3:
 609 000e 73686F72 		.ascii	"short unsigned int\000"
 609      7420756E 
 609      7369676E 
 609      65642069 
 609      6E7400
 610              	.LASF8:
 611 0021 756E7369 		.ascii	"unsigned int\000"
 611      676E6564 
 611      20696E74 
 611      00
 612              	.LASF22:
 613 002e 436F6E66 		.ascii	"ConfigEnd\000"
 613      6967456E 
 613      6400
 614              	.LASF25:
 615 0038 443A5C45 		.ascii	"D:\\Eih3Cloud\\Projet Programme\\Module HF Client\\"
 615      69683343 
 615      6C6F7564 
 615      5C50726F 
 615      6A657420 
 616 0067 4D6F6475 		.ascii	"Module HF STA.cydsn\000"
 616      6C652048 
 616      46205354 
 616      412E6379 
 616      64736E00 
 617              	.LASF26:
ARM GAS  C:\Users\Eih3\AppData\Local\Temp\ccgzU1Qj.s 			page 14


 618 007b 6D61696E 		.ascii	"main\000"
 618      00
 619              	.LASF12:
 620 0080 696E7438 		.ascii	"int8\000"
 620      00
 621              	.LASF11:
 622 0085 75696E74 		.ascii	"uint8\000"
 622      3800
 623              	.LASF5:
 624 008b 6C6F6E67 		.ascii	"long unsigned int\000"
 624      20756E73 
 624      69676E65 
 624      6420696E 
 624      7400
 625              	.LASF24:
 626 009d 2E5C6D61 		.ascii	".\\main.c\000"
 626      696E2E63 
 626      00
 627              	.LASF7:
 628 00a6 6C6F6E67 		.ascii	"long long unsigned int\000"
 628      206C6F6E 
 628      6720756E 
 628      7369676E 
 628      65642069 
 629              	.LASF19:
 630 00bd 496E6974 		.ascii	"Init_LCD\000"
 630      5F4C4344 
 630      00
 631              	.LASF1:
 632 00c6 756E7369 		.ascii	"unsigned char\000"
 632      676E6564 
 632      20636861 
 632      7200
 633              	.LASF15:
 634 00d4 63686172 		.ascii	"char\000"
 634      00
 635              	.LASF4:
 636 00d9 6C6F6E67 		.ascii	"long int\000"
 636      20696E74 
 636      00
 637              	.LASF21:
 638 00e2 52784461 		.ascii	"RxData\000"
 638      746100
 639              	.LASF18:
 640 00e9 436F6E66 		.ascii	"Config\000"
 640      696700
 641              	.LASF14:
 642 00f0 646F7562 		.ascii	"double\000"
 642      6C6500
 643              	.LASF20:
 644 00f7 49544D5F 		.ascii	"ITM_RxBuffer\000"
 644      52784275 
 644      66666572 
 644      00
 645              	.LASF0:
 646 0104 7369676E 		.ascii	"signed char\000"
 646      65642063 
ARM GAS  C:\Users\Eih3\AppData\Local\Temp\ccgzU1Qj.s 			page 15


 646      68617200 
 647              	.LASF9:
 648 0110 5F5F696E 		.ascii	"__int32_t\000"
 648      7433325F 
 648      7400
 649              	.LASF17:
 650 011a 496E6974 		.ascii	"Init\000"
 650      00
 651              	.LASF13:
 652 011f 666C6F61 		.ascii	"float\000"
 652      7400
 653              	.LASF2:
 654 0125 73686F72 		.ascii	"short int\000"
 654      7420696E 
 654      7400
 655              	.LASF23:
 656 012f 474E5520 		.ascii	"GNU C 4.8.4 20140526 (release) [ARM/embedded-4_8-br"
 656      4320342E 
 656      382E3420 
 656      32303134 
 656      30353236 
 657 0162 616E6368 		.ascii	"anch revision 211358] -mcpu=cortex-m3 -mthumb -g -O"
 657      20726576 
 657      6973696F 
 657      6E203231 
 657      31333538 
 658 0195 30202D66 		.ascii	"0 -ffunction-sections\000"
 658      66756E63 
 658      74696F6E 
 658      2D736563 
 658      74696F6E 
 659              	.LASF10:
 660 01ab 696E7433 		.ascii	"int32_t\000"
 660      325F7400 
 661              	.LASF16:
 662 01b3 73697A65 		.ascii	"sizetype\000"
 662      74797065 
 662      00
 663              		.ident	"GCC: (GNU Tools for ARM Embedded Processors) 4.8.4 20140526 (release) [ARM/embedded-4_8-br
