--------------- Build Started: 05/10/2015 14:09:52 Project: Module HF STA, Configuration: ARM GCC 4.8.4 Debug ---------------
cydsfit.exe -.appdatapath "C:\Users\Eih3\AppData\Local\Cypress Semiconductor\PSoC Creator\3.1" -.fdsnotice -.fdswarpdepfile=warp_dependencies.txt -.fdselabdepfile=elab_dependencies.txt -.fdsbldfile=generated_files.txt -p "E:\Documents\Projet Etuve 2015\Programmation\Sauv\Module STA\2\Module HF STA.cydsn\Module HF STA.cyprj" -d CY8C5868AXI-LP035 -s "E:\Documents\Projet Etuve 2015\Programmation\Sauv\Module STA\2\Module HF STA.cydsn\Generated_Source\PSoC5" -- -yv2 -q10 -ygs -o2 -v3 -.fftcfgtype=LE
Elaborating Design...
HDL Generation ...
Synthesis ...
Place and Route ...
Tech mapping ...
Analog Placement ...
Analog Routing ...
Analog Code Generation ...
Digital Placement ...
Digital Routing ...
Bitstream Generation ...
Static timing analysis ...
API Generation ...
Dependency Generation ...
Clean Temporary Files ...
The compile step is up to date, no work needs to be done.
arm-none-eabi-ar.exe -rs ".\CortexM3\ARM_GCC_484\Debug\Module HF STA.a" .\CortexM3\ARM_GCC_484\Debug\cyfitter_cfg.o .\CortexM3\ARM_GCC_484\Debug\CyBootAsmGnu.o .\CortexM3\ARM_GCC_484\Debug\CyDmac.o .\CortexM3\ARM_GCC_484\Debug\CyFlash.o .\CortexM3\ARM_GCC_484\Debug\CyLib.o .\CortexM3\ARM_GCC_484\Debug\cyPm.o .\CortexM3\ARM_GCC_484\Debug\CySpc.o .\CortexM3\ARM_GCC_484\Debug\cyutils.o .\CortexM3\ARM_GCC_484\Debug\UART.o .\CortexM3\ARM_GCC_484\Debug\UART_PM.o .\CortexM3\ARM_GCC_484\Debug\UART_INT.o .\CortexM3\ARM_GCC_484\Debug\UART_BOOT.o .\CortexM3\ARM_GCC_484\Debug\LCD.o .\CortexM3\ARM_GCC_484\Debug\LCD_PM.o .\CortexM3\ARM_GCC_484\Debug\UART_IntClock.o .\CortexM3\ARM_GCC_484\Debug\LCD_LCDPort.o .\CortexM3\ARM_GCC_484\Debug\Rx_Int.o .\CortexM3\ARM_GCC_484\Debug\SW2.o
arm-none-eabi-ar.exe: creating .\CortexM3\ARM_GCC_484\Debug\Module HF STA.a
arm-none-eabi-gcc.exe -Wl,--start-group -o ".\CortexM3\ARM_GCC_484\Debug\Module HF STA.elf" .\CortexM3\ARM_GCC_484\Debug\main.o .\CortexM3\ARM_GCC_484\Debug\wifi.o .\CortexM3\ARM_GCC_484\Debug\RxUART.o .\CortexM3\ARM_GCC_484\Debug\cymetadata.o .\CortexM3\ARM_GCC_484\Debug\Cm3Start.o ".\CortexM3\ARM_GCC_484\Debug\Module HF STA.a" "C:\Program Files (x86)\Cypress\PSoC Creator\3.1\PSoC Creator\psoc\content\cycomponentlibrary\CyComponentLibrary.cylib\CortexM3\ARM_GCC_484\Debug\CyComponentLibrary.a" -mthumb -march=armv7-m -mfix-cortex-m3-ldrd "-Wl,-Map,.\CortexM3\ARM_GCC_484\Debug/Module HF STA.map" -T .\Generated_Source\PSoC5\cm3gcc.ld -g -specs=nano.specs "-u _printf_float" "" -Wl,--gc-sections -Wl,--end-group
cyelftool.exe -C "E:\Documents\Projet Etuve 2015\Programmation\Sauv\Module STA\2\Module HF STA.cydsn\CortexM3\ARM_GCC_484\Debug\Module HF STA.elf" --flash_size 262144 --flash_row_size 256
cyelftool.exe -S "E:\Documents\Projet Etuve 2015\Programmation\Sauv\Module STA\2\Module HF STA.cydsn\CortexM3\ARM_GCC_484\Debug\Module HF STA.elf"
Flash used: 5462 of 262144 bytes (2,1 %).
SRAM used: 2565 of 65536 bytes (3,9 %). Stack: 2048 bytes. Heap: 128 bytes.
--------------- Build Succeeded: 05/10/2015 14:11:18 ---------------
