ARM GAS  C:\Users\Eih3\AppData\Local\Temp\ccPxWgsI.s 			page 1


   1              		.syntax unified
   2              		.cpu cortex-m3
   3              		.fpu softvfp
   4              		.eabi_attribute 20, 1
   5              		.eabi_attribute 21, 1
   6              		.eabi_attribute 23, 3
   7              		.eabi_attribute 24, 1
   8              		.eabi_attribute 25, 1
   9              		.eabi_attribute 26, 1
  10              		.eabi_attribute 30, 6
  11              		.eabi_attribute 34, 1
  12              		.eabi_attribute 18, 4
  13              		.thumb
  14              		.file	"RxUART.c"
  15              		.text
  16              	.Ltext0:
  17              		.cfi_sections	.debug_frame
  18              		.section	.text.Rx_ISR,"ax",%progbits
  19              		.align	2
  20              		.global	Rx_ISR
  21              		.thumb
  22              		.thumb_func
  23              		.type	Rx_ISR, %function
  24              	Rx_ISR:
  25              	.LFB56:
  26              		.file 1 ".\\RxUART.c"
   1:.\RxUART.c    **** /****Déclarations****/
   2:.\RxUART.c    **** #include <project.h>
   3:.\RxUART.c    **** #include "RxUART.h"
   4:.\RxUART.c    **** 
   5:.\RxUART.c    **** /****Déclarations Variables****/
   6:.\RxUART.c    **** extern int8 RxData,
   7:.\RxUART.c    ****             ConfigEnd;
   8:.\RxUART.c    **** 
   9:.\RxUART.c    **** /****Déclarations Fonctions****/
  10:.\RxUART.c    **** extern void TCPOK();
  11:.\RxUART.c    **** 
  12:.\RxUART.c    **** /****Fonction Interruption****/    
  13:.\RxUART.c    **** CY_ISR(Rx_ISR)
  14:.\RxUART.c    **** { 
  27              		.loc 1 14 0
  28              		.cfi_startproc
  29              		@ args = 0, pretend = 0, frame = 0
  30              		@ frame_needed = 1, uses_anonymous_args = 0
  31 0000 80B5     		push	{r7, lr}
  32              		.cfi_def_cfa_offset 8
  33              		.cfi_offset 7, -8
  34              		.cfi_offset 14, -4
  35 0002 00AF     		add	r7, sp, #0
  36              		.cfi_def_cfa_register 7
  15:.\RxUART.c    ****     UART_ReadRxStatus();
  37              		.loc 1 15 0
  38 0004 FFF7FEFF 		bl	UART_ReadRxStatus
  16:.\RxUART.c    ****     RxData = UART_GetByte();
  39              		.loc 1 16 0
  40 0008 FFF7FEFF 		bl	UART_GetByte
  41 000c 0346     		mov	r3, r0
ARM GAS  C:\Users\Eih3\AppData\Local\Temp\ccPxWgsI.s 			page 2


  42 000e DAB2     		uxtb	r2, r3
  43 0010 064B     		ldr	r3, .L3
  44 0012 1A70     		strb	r2, [r3]
  17:.\RxUART.c    ****     if (ConfigEnd && RxData == 'A') TCPOK(); 
  45              		.loc 1 17 0
  46 0014 064B     		ldr	r3, .L3+4
  47 0016 1B78     		ldrb	r3, [r3]	@ zero_extendqisi2
  48 0018 002B     		cmp	r3, #0
  49 001a 06D0     		beq	.L1
  50              		.loc 1 17 0 is_stmt 0 discriminator 1
  51 001c 034B     		ldr	r3, .L3
  52 001e 1B78     		ldrb	r3, [r3]	@ zero_extendqisi2
  53 0020 5BB2     		sxtb	r3, r3
  54 0022 412B     		cmp	r3, #65
  55 0024 01D1     		bne	.L1
  56 0026 FFF7FEFF 		bl	TCPOK
  57              	.L1:
  18:.\RxUART.c    ****     
  19:.\RxUART.c    ****     /*writepointer++;
  20:.\RxUART.c    **** 
  21:.\RxUART.c    ****     tempchar = received character;
  22:.\RxUART.c    **** 
  23:.\RxUART.c    ****     if( ( writepointer <= end of buffer ) && ( tempchar != NULL ) ) {
  24:.\RxUART.c    **** 
  25:.\RxUART.c    ****         *writetpointer = tempchar;
  26:.\RxUART.c    ****         charactercount++;
  27:.\RxUART.c    ****     }
  28:.\RxUART.c    ****     else 
  29:.\RxUART.c    ****     {
  30:.\RxUART.c    ****      writepointer = begin of buffer;
  31:.\RxUART.c    **** 
  32:.\RxUART.c    ****     }*/
  33:.\RxUART.c    **** }
  58              		.loc 1 33 0 is_stmt 1
  59 002a 80BD     		pop	{r7, pc}
  60              	.L4:
  61              		.align	2
  62              	.L3:
  63 002c 00000000 		.word	RxData
  64 0030 00000000 		.word	ConfigEnd
  65              		.cfi_endproc
  66              	.LFE56:
  67              		.size	Rx_ISR, .-Rx_ISR
  68              		.section	.text.Init_Rx_ISR,"ax",%progbits
  69              		.align	2
  70              		.global	Init_Rx_ISR
  71              		.thumb
  72              		.thumb_func
  73              		.type	Init_Rx_ISR, %function
  74              	Init_Rx_ISR:
  75              	.LFB57:
  34:.\RxUART.c    **** 
  35:.\RxUART.c    **** /****Fonction Interruption Rx****/
  36:.\RxUART.c    **** void Init_Rx_ISR()
  37:.\RxUART.c    **** {
  76              		.loc 1 37 0
  77              		.cfi_startproc
ARM GAS  C:\Users\Eih3\AppData\Local\Temp\ccPxWgsI.s 			page 3


  78              		@ args = 0, pretend = 0, frame = 0
  79              		@ frame_needed = 1, uses_anonymous_args = 0
  80 0000 80B5     		push	{r7, lr}
  81              		.cfi_def_cfa_offset 8
  82              		.cfi_offset 7, -8
  83              		.cfi_offset 14, -4
  84 0002 00AF     		add	r7, sp, #0
  85              		.cfi_def_cfa_register 7
  38:.\RxUART.c    ****     CyGlobalIntEnable; 
  86              		.loc 1 38 0
  87              	@ 38 ".\RxUART.c" 1
  88 0004 62B6     		CPSIE   i
  89              	@ 0 "" 2
  39:.\RxUART.c    ****     Rx_Int_StartEx(Rx_ISR);
  90              		.loc 1 39 0
  91              		.thumb
  92 0006 0248     		ldr	r0, .L6
  93 0008 FFF7FEFF 		bl	Rx_Int_StartEx
  40:.\RxUART.c    **** }
  94              		.loc 1 40 0
  95 000c 80BD     		pop	{r7, pc}
  96              	.L7:
  97 000e 00BF     		.align	2
  98              	.L6:
  99 0010 00000000 		.word	Rx_ISR
 100              		.cfi_endproc
 101              	.LFE57:
 102              		.size	Init_Rx_ISR, .-Init_Rx_ISR
 103              		.section	.text.Init_UART,"ax",%progbits
 104              		.align	2
 105              		.global	Init_UART
 106              		.thumb
 107              		.thumb_func
 108              		.type	Init_UART, %function
 109              	Init_UART:
 110              	.LFB58:
  41:.\RxUART.c    **** 
  42:.\RxUART.c    **** /****Fonction UART****/
  43:.\RxUART.c    **** void Init_UART()
  44:.\RxUART.c    **** {
 111              		.loc 1 44 0
 112              		.cfi_startproc
 113              		@ args = 0, pretend = 0, frame = 0
 114              		@ frame_needed = 1, uses_anonymous_args = 0
 115 0000 80B5     		push	{r7, lr}
 116              		.cfi_def_cfa_offset 8
 117              		.cfi_offset 7, -8
 118              		.cfi_offset 14, -4
 119 0002 00AF     		add	r7, sp, #0
 120              		.cfi_def_cfa_register 7
  45:.\RxUART.c    ****     UART_Start();     
 121              		.loc 1 45 0
 122 0004 FFF7FEFF 		bl	UART_Start
  46:.\RxUART.c    ****     UART_ClearRxBuffer();   
 123              		.loc 1 46 0
 124 0008 FFF7FEFF 		bl	UART_ClearRxBuffer
  47:.\RxUART.c    **** }
ARM GAS  C:\Users\Eih3\AppData\Local\Temp\ccPxWgsI.s 			page 4


 125              		.loc 1 47 0
 126 000c 80BD     		pop	{r7, pc}
 127              		.cfi_endproc
 128              	.LFE58:
 129              		.size	Init_UART, .-Init_UART
 130 000e 00BF     		.text
 131              	.Letext0:
 132              		.file 2 "c:\\program files (x86)\\cypress\\psoc creator\\3.1\\psoc creator\\import\\gnu_cs\\arm\\4
 133              		.file 3 "c:\\program files (x86)\\cypress\\psoc creator\\3.1\\psoc creator\\import\\gnu_cs\\arm\\4
 134              		.file 4 ".\\Generated_Source\\PSoC5/cytypes.h"
 135              		.file 5 ".\\Generated_Source\\PSoC5/core_cm3.h"
 136              		.section	.debug_info,"",%progbits
 137              	.Ldebug_info0:
 138 0000 FF000000 		.4byte	0xff
 139 0004 0400     		.2byte	0x4
 140 0006 00000000 		.4byte	.Ldebug_abbrev0
 141 000a 04       		.byte	0x4
 142 000b 01       		.uleb128 0x1
 143 000c 24010000 		.4byte	.LASF21
 144 0010 01       		.byte	0x1
 145 0011 E6000000 		.4byte	.LASF22
 146 0015 38000000 		.4byte	.LASF23
 147 0019 00000000 		.4byte	.Ldebug_ranges0+0
 148 001d 00000000 		.4byte	0
 149 0021 00000000 		.4byte	.Ldebug_line0
 150 0025 02       		.uleb128 0x2
 151 0026 01       		.byte	0x1
 152 0027 06       		.byte	0x6
 153 0028 FE000000 		.4byte	.LASF0
 154 002c 02       		.uleb128 0x2
 155 002d 01       		.byte	0x1
 156 002e 08       		.byte	0x8
 157 002f A9000000 		.4byte	.LASF1
 158 0033 02       		.uleb128 0x2
 159 0034 02       		.byte	0x2
 160 0035 05       		.byte	0x5
 161 0036 1A010000 		.4byte	.LASF2
 162 003a 02       		.uleb128 0x2
 163 003b 02       		.byte	0x2
 164 003c 07       		.byte	0x7
 165 003d 0E000000 		.4byte	.LASF3
 166 0041 03       		.uleb128 0x3
 167 0042 0A010000 		.4byte	.LASF9
 168 0046 02       		.byte	0x2
 169 0047 37       		.byte	0x37
 170 0048 4C000000 		.4byte	0x4c
 171 004c 02       		.uleb128 0x2
 172 004d 04       		.byte	0x4
 173 004e 05       		.byte	0x5
 174 004f CF000000 		.4byte	.LASF4
 175 0053 02       		.uleb128 0x2
 176 0054 04       		.byte	0x4
 177 0055 07       		.byte	0x7
 178 0056 80000000 		.4byte	.LASF5
 179 005a 02       		.uleb128 0x2
 180 005b 08       		.byte	0x8
 181 005c 05       		.byte	0x5
ARM GAS  C:\Users\Eih3\AppData\Local\Temp\ccPxWgsI.s 			page 5


 182 005d 00000000 		.4byte	.LASF6
 183 0061 02       		.uleb128 0x2
 184 0062 08       		.byte	0x8
 185 0063 07       		.byte	0x7
 186 0064 92000000 		.4byte	.LASF7
 187 0068 04       		.uleb128 0x4
 188 0069 04       		.byte	0x4
 189 006a 05       		.byte	0x5
 190 006b 696E7400 		.ascii	"int\000"
 191 006f 02       		.uleb128 0x2
 192 0070 04       		.byte	0x4
 193 0071 07       		.byte	0x7
 194 0072 21000000 		.4byte	.LASF8
 195 0076 03       		.uleb128 0x3
 196 0077 A0010000 		.4byte	.LASF10
 197 007b 03       		.byte	0x3
 198 007c 41       		.byte	0x41
 199 007d 41000000 		.4byte	0x41
 200 0081 03       		.uleb128 0x3
 201 0082 7B000000 		.4byte	.LASF11
 202 0086 04       		.byte	0x4
 203 0087 A4       		.byte	0xa4
 204 0088 25000000 		.4byte	0x25
 205 008c 02       		.uleb128 0x2
 206 008d 04       		.byte	0x4
 207 008e 04       		.byte	0x4
 208 008f 14010000 		.4byte	.LASF12
 209 0093 02       		.uleb128 0x2
 210 0094 08       		.byte	0x8
 211 0095 04       		.byte	0x4
 212 0096 DF000000 		.4byte	.LASF13
 213 009a 02       		.uleb128 0x2
 214 009b 01       		.byte	0x1
 215 009c 08       		.byte	0x8
 216 009d C3000000 		.4byte	.LASF14
 217 00a1 02       		.uleb128 0x2
 218 00a2 04       		.byte	0x4
 219 00a3 07       		.byte	0x7
 220 00a4 B2010000 		.4byte	.LASF15
 221 00a8 05       		.uleb128 0x5
 222 00a9 C8000000 		.4byte	.LASF24
 223 00ad 01       		.byte	0x1
 224 00ae 0D       		.byte	0xd
 225 00af 00000000 		.4byte	.LFB56
 226 00b3 34000000 		.4byte	.LFE56-.LFB56
 227 00b7 01       		.uleb128 0x1
 228 00b8 9C       		.byte	0x9c
 229 00b9 06       		.uleb128 0x6
 230 00ba B7000000 		.4byte	.LASF16
 231 00be 01       		.byte	0x1
 232 00bf 24       		.byte	0x24
 233 00c0 00000000 		.4byte	.LFB57
 234 00c4 14000000 		.4byte	.LFE57-.LFB57
 235 00c8 01       		.uleb128 0x1
 236 00c9 9C       		.byte	0x9c
 237 00ca 06       		.uleb128 0x6
 238 00cb A8010000 		.4byte	.LASF17
ARM GAS  C:\Users\Eih3\AppData\Local\Temp\ccPxWgsI.s 			page 6


 239 00cf 01       		.byte	0x1
 240 00d0 2B       		.byte	0x2b
 241 00d1 00000000 		.4byte	.LFB58
 242 00d5 0E000000 		.4byte	.LFE58-.LFB58
 243 00d9 01       		.uleb128 0x1
 244 00da 9C       		.byte	0x9c
 245 00db 07       		.uleb128 0x7
 246 00dc F1000000 		.4byte	.LASF18
 247 00e0 05       		.byte	0x5
 248 00e1 1606     		.2byte	0x616
 249 00e3 E7000000 		.4byte	0xe7
 250 00e7 08       		.uleb128 0x8
 251 00e8 76000000 		.4byte	0x76
 252 00ec 09       		.uleb128 0x9
 253 00ed D8000000 		.4byte	.LASF19
 254 00f1 01       		.byte	0x1
 255 00f2 06       		.byte	0x6
 256 00f3 81000000 		.4byte	0x81
 257 00f7 09       		.uleb128 0x9
 258 00f8 2E000000 		.4byte	.LASF20
 259 00fc 01       		.byte	0x1
 260 00fd 07       		.byte	0x7
 261 00fe 81000000 		.4byte	0x81
 262 0102 00       		.byte	0
 263              		.section	.debug_abbrev,"",%progbits
 264              	.Ldebug_abbrev0:
 265 0000 01       		.uleb128 0x1
 266 0001 11       		.uleb128 0x11
 267 0002 01       		.byte	0x1
 268 0003 25       		.uleb128 0x25
 269 0004 0E       		.uleb128 0xe
 270 0005 13       		.uleb128 0x13
 271 0006 0B       		.uleb128 0xb
 272 0007 03       		.uleb128 0x3
 273 0008 0E       		.uleb128 0xe
 274 0009 1B       		.uleb128 0x1b
 275 000a 0E       		.uleb128 0xe
 276 000b 55       		.uleb128 0x55
 277 000c 17       		.uleb128 0x17
 278 000d 11       		.uleb128 0x11
 279 000e 01       		.uleb128 0x1
 280 000f 10       		.uleb128 0x10
 281 0010 17       		.uleb128 0x17
 282 0011 00       		.byte	0
 283 0012 00       		.byte	0
 284 0013 02       		.uleb128 0x2
 285 0014 24       		.uleb128 0x24
 286 0015 00       		.byte	0
 287 0016 0B       		.uleb128 0xb
 288 0017 0B       		.uleb128 0xb
 289 0018 3E       		.uleb128 0x3e
 290 0019 0B       		.uleb128 0xb
 291 001a 03       		.uleb128 0x3
 292 001b 0E       		.uleb128 0xe
 293 001c 00       		.byte	0
 294 001d 00       		.byte	0
 295 001e 03       		.uleb128 0x3
ARM GAS  C:\Users\Eih3\AppData\Local\Temp\ccPxWgsI.s 			page 7


 296 001f 16       		.uleb128 0x16
 297 0020 00       		.byte	0
 298 0021 03       		.uleb128 0x3
 299 0022 0E       		.uleb128 0xe
 300 0023 3A       		.uleb128 0x3a
 301 0024 0B       		.uleb128 0xb
 302 0025 3B       		.uleb128 0x3b
 303 0026 0B       		.uleb128 0xb
 304 0027 49       		.uleb128 0x49
 305 0028 13       		.uleb128 0x13
 306 0029 00       		.byte	0
 307 002a 00       		.byte	0
 308 002b 04       		.uleb128 0x4
 309 002c 24       		.uleb128 0x24
 310 002d 00       		.byte	0
 311 002e 0B       		.uleb128 0xb
 312 002f 0B       		.uleb128 0xb
 313 0030 3E       		.uleb128 0x3e
 314 0031 0B       		.uleb128 0xb
 315 0032 03       		.uleb128 0x3
 316 0033 08       		.uleb128 0x8
 317 0034 00       		.byte	0
 318 0035 00       		.byte	0
 319 0036 05       		.uleb128 0x5
 320 0037 2E       		.uleb128 0x2e
 321 0038 00       		.byte	0
 322 0039 3F       		.uleb128 0x3f
 323 003a 19       		.uleb128 0x19
 324 003b 03       		.uleb128 0x3
 325 003c 0E       		.uleb128 0xe
 326 003d 3A       		.uleb128 0x3a
 327 003e 0B       		.uleb128 0xb
 328 003f 3B       		.uleb128 0x3b
 329 0040 0B       		.uleb128 0xb
 330 0041 27       		.uleb128 0x27
 331 0042 19       		.uleb128 0x19
 332 0043 11       		.uleb128 0x11
 333 0044 01       		.uleb128 0x1
 334 0045 12       		.uleb128 0x12
 335 0046 06       		.uleb128 0x6
 336 0047 40       		.uleb128 0x40
 337 0048 18       		.uleb128 0x18
 338 0049 9642     		.uleb128 0x2116
 339 004b 19       		.uleb128 0x19
 340 004c 00       		.byte	0
 341 004d 00       		.byte	0
 342 004e 06       		.uleb128 0x6
 343 004f 2E       		.uleb128 0x2e
 344 0050 00       		.byte	0
 345 0051 3F       		.uleb128 0x3f
 346 0052 19       		.uleb128 0x19
 347 0053 03       		.uleb128 0x3
 348 0054 0E       		.uleb128 0xe
 349 0055 3A       		.uleb128 0x3a
 350 0056 0B       		.uleb128 0xb
 351 0057 3B       		.uleb128 0x3b
 352 0058 0B       		.uleb128 0xb
ARM GAS  C:\Users\Eih3\AppData\Local\Temp\ccPxWgsI.s 			page 8


 353 0059 11       		.uleb128 0x11
 354 005a 01       		.uleb128 0x1
 355 005b 12       		.uleb128 0x12
 356 005c 06       		.uleb128 0x6
 357 005d 40       		.uleb128 0x40
 358 005e 18       		.uleb128 0x18
 359 005f 9642     		.uleb128 0x2116
 360 0061 19       		.uleb128 0x19
 361 0062 00       		.byte	0
 362 0063 00       		.byte	0
 363 0064 07       		.uleb128 0x7
 364 0065 34       		.uleb128 0x34
 365 0066 00       		.byte	0
 366 0067 03       		.uleb128 0x3
 367 0068 0E       		.uleb128 0xe
 368 0069 3A       		.uleb128 0x3a
 369 006a 0B       		.uleb128 0xb
 370 006b 3B       		.uleb128 0x3b
 371 006c 05       		.uleb128 0x5
 372 006d 49       		.uleb128 0x49
 373 006e 13       		.uleb128 0x13
 374 006f 3F       		.uleb128 0x3f
 375 0070 19       		.uleb128 0x19
 376 0071 3C       		.uleb128 0x3c
 377 0072 19       		.uleb128 0x19
 378 0073 00       		.byte	0
 379 0074 00       		.byte	0
 380 0075 08       		.uleb128 0x8
 381 0076 35       		.uleb128 0x35
 382 0077 00       		.byte	0
 383 0078 49       		.uleb128 0x49
 384 0079 13       		.uleb128 0x13
 385 007a 00       		.byte	0
 386 007b 00       		.byte	0
 387 007c 09       		.uleb128 0x9
 388 007d 34       		.uleb128 0x34
 389 007e 00       		.byte	0
 390 007f 03       		.uleb128 0x3
 391 0080 0E       		.uleb128 0xe
 392 0081 3A       		.uleb128 0x3a
 393 0082 0B       		.uleb128 0xb
 394 0083 3B       		.uleb128 0x3b
 395 0084 0B       		.uleb128 0xb
 396 0085 49       		.uleb128 0x49
 397 0086 13       		.uleb128 0x13
 398 0087 3F       		.uleb128 0x3f
 399 0088 19       		.uleb128 0x19
 400 0089 3C       		.uleb128 0x3c
 401 008a 19       		.uleb128 0x19
 402 008b 00       		.byte	0
 403 008c 00       		.byte	0
 404 008d 00       		.byte	0
 405              		.section	.debug_aranges,"",%progbits
 406 0000 2C000000 		.4byte	0x2c
 407 0004 0200     		.2byte	0x2
 408 0006 00000000 		.4byte	.Ldebug_info0
 409 000a 04       		.byte	0x4
ARM GAS  C:\Users\Eih3\AppData\Local\Temp\ccPxWgsI.s 			page 9


 410 000b 00       		.byte	0
 411 000c 0000     		.2byte	0
 412 000e 0000     		.2byte	0
 413 0010 00000000 		.4byte	.LFB56
 414 0014 34000000 		.4byte	.LFE56-.LFB56
 415 0018 00000000 		.4byte	.LFB57
 416 001c 14000000 		.4byte	.LFE57-.LFB57
 417 0020 00000000 		.4byte	.LFB58
 418 0024 0E000000 		.4byte	.LFE58-.LFB58
 419 0028 00000000 		.4byte	0
 420 002c 00000000 		.4byte	0
 421              		.section	.debug_ranges,"",%progbits
 422              	.Ldebug_ranges0:
 423 0000 00000000 		.4byte	.LFB56
 424 0004 34000000 		.4byte	.LFE56
 425 0008 00000000 		.4byte	.LFB57
 426 000c 14000000 		.4byte	.LFE57
 427 0010 00000000 		.4byte	.LFB58
 428 0014 0E000000 		.4byte	.LFE58
 429 0018 00000000 		.4byte	0
 430 001c 00000000 		.4byte	0
 431              		.section	.debug_line,"",%progbits
 432              	.Ldebug_line0:
 433 0000 99010000 		.section	.debug_str,"MS",%progbits,1
 433      02005301 
 433      00000201 
 433      FB0E0D00 
 433      01010101 
 434              	.LASF6:
 435 0000 6C6F6E67 		.ascii	"long long int\000"
 435      206C6F6E 
 435      6720696E 
 435      7400
 436              	.LASF3:
 437 000e 73686F72 		.ascii	"short unsigned int\000"
 437      7420756E 
 437      7369676E 
 437      65642069 
 437      6E7400
 438              	.LASF8:
 439 0021 756E7369 		.ascii	"unsigned int\000"
 439      676E6564 
 439      20696E74 
 439      00
 440              	.LASF20:
 441 002e 436F6E66 		.ascii	"ConfigEnd\000"
 441      6967456E 
 441      6400
 442              	.LASF23:
 443 0038 443A5C45 		.ascii	"D:\\Eih3Cloud\\Projet Programme\\Module HF Client\\"
 443      69683343 
 443      6C6F7564 
 443      5C50726F 
 443      6A657420 
 444 0067 4D6F6475 		.ascii	"Module HF STA.cydsn\000"
 444      6C652048 
 444      46205354 
ARM GAS  C:\Users\Eih3\AppData\Local\Temp\ccPxWgsI.s 			page 10


 444      412E6379 
 444      64736E00 
 445              	.LASF11:
 446 007b 696E7438 		.ascii	"int8\000"
 446      00
 447              	.LASF5:
 448 0080 6C6F6E67 		.ascii	"long unsigned int\000"
 448      20756E73 
 448      69676E65 
 448      6420696E 
 448      7400
 449              	.LASF7:
 450 0092 6C6F6E67 		.ascii	"long long unsigned int\000"
 450      206C6F6E 
 450      6720756E 
 450      7369676E 
 450      65642069 
 451              	.LASF1:
 452 00a9 756E7369 		.ascii	"unsigned char\000"
 452      676E6564 
 452      20636861 
 452      7200
 453              	.LASF16:
 454 00b7 496E6974 		.ascii	"Init_Rx_ISR\000"
 454      5F52785F 
 454      49535200 
 455              	.LASF14:
 456 00c3 63686172 		.ascii	"char\000"
 456      00
 457              	.LASF24:
 458 00c8 52785F49 		.ascii	"Rx_ISR\000"
 458      535200
 459              	.LASF4:
 460 00cf 6C6F6E67 		.ascii	"long int\000"
 460      20696E74 
 460      00
 461              	.LASF19:
 462 00d8 52784461 		.ascii	"RxData\000"
 462      746100
 463              	.LASF13:
 464 00df 646F7562 		.ascii	"double\000"
 464      6C6500
 465              	.LASF22:
 466 00e6 2E5C5278 		.ascii	".\\RxUART.c\000"
 466      55415254 
 466      2E6300
 467              	.LASF18:
 468 00f1 49544D5F 		.ascii	"ITM_RxBuffer\000"
 468      52784275 
 468      66666572 
 468      00
 469              	.LASF0:
 470 00fe 7369676E 		.ascii	"signed char\000"
 470      65642063 
 470      68617200 
 471              	.LASF9:
 472 010a 5F5F696E 		.ascii	"__int32_t\000"
ARM GAS  C:\Users\Eih3\AppData\Local\Temp\ccPxWgsI.s 			page 11


 472      7433325F 
 472      7400
 473              	.LASF12:
 474 0114 666C6F61 		.ascii	"float\000"
 474      7400
 475              	.LASF2:
 476 011a 73686F72 		.ascii	"short int\000"
 476      7420696E 
 476      7400
 477              	.LASF21:
 478 0124 474E5520 		.ascii	"GNU C 4.8.4 20140526 (release) [ARM/embedded-4_8-br"
 478      4320342E 
 478      382E3420 
 478      32303134 
 478      30353236 
 479 0157 616E6368 		.ascii	"anch revision 211358] -mcpu=cortex-m3 -mthumb -g -O"
 479      20726576 
 479      6973696F 
 479      6E203231 
 479      31333538 
 480 018a 30202D66 		.ascii	"0 -ffunction-sections\000"
 480      66756E63 
 480      74696F6E 
 480      2D736563 
 480      74696F6E 
 481              	.LASF10:
 482 01a0 696E7433 		.ascii	"int32_t\000"
 482      325F7400 
 483              	.LASF17:
 484 01a8 496E6974 		.ascii	"Init_UART\000"
 484      5F554152 
 484      5400
 485              	.LASF15:
 486 01b2 73697A65 		.ascii	"sizetype\000"
 486      74797065 
 486      00
 487              		.ident	"GCC: (GNU Tools for ARM Embedded Processors) 4.8.4 20140526 (release) [ARM/embedded-4_8-br
