ARM GAS  C:\Users\Eih3\AppData\Local\Temp\cctT8T00.s 			page 1


   1              		.syntax unified
   2              		.cpu cortex-m3
   3              		.fpu softvfp
   4              		.eabi_attribute 20, 1
   5              		.eabi_attribute 21, 1
   6              		.eabi_attribute 23, 3
   7              		.eabi_attribute 24, 1
   8              		.eabi_attribute 25, 1
   9              		.eabi_attribute 26, 1
  10              		.eabi_attribute 30, 6
  11              		.eabi_attribute 34, 1
  12              		.eabi_attribute 18, 4
  13              		.thumb
  14              		.file	"wifi.c"
  15              		.text
  16              	.Ltext0:
  17              		.cfi_sections	.debug_frame
  18              		.global	AT
  19              		.section	.rodata
  20              		.align	2
  21              	.LC0:
  22 0000 2B2B2B00 		.ascii	"+++\000"
  23              		.align	2
  24              	.LC1:
  25 0004 6100     		.ascii	"a\000"
  26 0006 0000     		.align	2
  27              	.LC2:
  28 0008 41542B45 		.ascii	"AT+E\000"
  28      00
  29 000d 000000   		.align	2
  30              	.LC3:
  31 0010 41542B55 		.ascii	"AT+UART=115200,8,1,None,NFC\000"
  31      4152543D 
  31      31313532 
  31      30302C38 
  31      2C312C4E 
  32              		.align	2
  33              	.LC4:
  34 002c 41542B57 		.ascii	"AT+WMODE=STA\000"
  34      4D4F4445 
  34      3D535441 
  34      00
  35 0039 000000   		.align	2
  36              	.LC5:
  37 003c 41542B57 		.ascii	"AT+WSSSID=RAGT_ETUVE\000"
  37      53535349 
  37      443D5241 
  37      47545F45 
  37      54555645 
  38 0051 000000   		.align	2
  39              	.LC6:
  40 0054 41542B57 		.ascii	"AT+WSKEY=OPEN,NONE\000"
  40      534B4559 
  40      3D4F5045 
  40      4E2C4E4F 
  40      4E4500
  41 0067 00       		.align	2
ARM GAS  C:\Users\Eih3\AppData\Local\Temp\cctT8T00.s 			page 2


  42              	.LC7:
  43 0068 41542B57 		.ascii	"AT+WANN=static,10.10.100.150,255.255.255.0,10.10.10"
  43      414E4E3D 
  43      73746174 
  43      69632C31 
  43      302E3130 
  44 009b 302E3235 		.ascii	"0.254\000"
  44      3400
  45 00a1 000000   		.align	2
  46              	.LC8:
  47 00a4 41542B4E 		.ascii	"AT+NETP=TCP,Client,8899,10.10.100.254\000"
  47      4554503D 
  47      5443502C 
  47      436C6965 
  47      6E742C38 
  48 00ca 0000     		.align	2
  49              	.LC9:
  50 00cc 41542B45 		.ascii	"AT+ENTM\000"
  50      4E544D00 
  51              		.data
  52              		.align	2
  53              		.type	AT, %object
  54              		.size	AT, 40
  55              	AT:
  56 0000 00000000 		.word	.LC0
  57 0004 04000000 		.word	.LC1
  58 0008 08000000 		.word	.LC2
  59 000c 10000000 		.word	.LC3
  60 0010 2C000000 		.word	.LC4
  61 0014 3C000000 		.word	.LC5
  62 0018 54000000 		.word	.LC6
  63 001c 68000000 		.word	.LC7
  64 0020 A4000000 		.word	.LC8
  65 0024 CC000000 		.word	.LC9
  66              		.section	.text.EnterATMode,"ax",%progbits
  67              		.align	2
  68              		.global	EnterATMode
  69              		.thumb
  70              		.thumb_func
  71              		.type	EnterATMode, %function
  72              	EnterATMode:
  73              	.LFB56:
  74              		.file 1 ".\\wifi.c"
   1:.\wifi.c      **** /****Déclarations****/
   2:.\wifi.c      **** #include <project.h>
   3:.\wifi.c      **** #include "wifi.h"
   4:.\wifi.c      ****   
   5:.\wifi.c      **** /****Déclarations Variables****/    
   6:.\wifi.c      **** const char *AT[] = {
   7:.\wifi.c      ****     "+++", //Entre en mode commande
   8:.\wifi.c      ****     "a", //Valide la demande
   9:.\wifi.c      ****     "AT+E", //Arrête l'affichage de la commande saisie
  10:.\wifi.c      ****     "AT+UART=115200,8,1,None,NFC", //Définition des paramètres de transmissions
  11:.\wifi.c      ****     "AT+WMODE=STA", //Mode client
  12:.\wifi.c      ****     "AT+WSSSID=RAGT_ETUVE", //Nom du réseau auquel le module se connecte
  13:.\wifi.c      ****     "AT+WSKEY=OPEN,NONE", //Paramètres de sécurité
  14:.\wifi.c      ****     "AT+WANN=static,10.10.100.150,255.255.255.0,10.10.100.254", //Assignation IP
ARM GAS  C:\Users\Eih3\AppData\Local\Temp\cctT8T00.s 			page 3


  15:.\wifi.c      ****     "AT+NETP=TCP,Client,8899,10.10.100.254", //Paramétrage Client TCP
  16:.\wifi.c      ****     "AT+ENTM" //Entre en mode transmission invisible "Serial Wifi"
  17:.\wifi.c      **** };
  18:.\wifi.c      **** 
  19:.\wifi.c      **** /****Fonction Mode AT****/
  20:.\wifi.c      **** void EnterATMode()
  21:.\wifi.c      **** {  
  75              		.loc 1 21 0
  76              		.cfi_startproc
  77              		@ args = 0, pretend = 0, frame = 0
  78              		@ frame_needed = 1, uses_anonymous_args = 0
  79 0000 80B5     		push	{r7, lr}
  80              		.cfi_def_cfa_offset 8
  81              		.cfi_offset 7, -8
  82              		.cfi_offset 14, -4
  83 0002 00AF     		add	r7, sp, #0
  84              		.cfi_def_cfa_register 7
  22:.\wifi.c      ****     UART_PutString(AT[0]);
  85              		.loc 1 22 0
  86 0004 084B     		ldr	r3, .L2
  87 0006 1B68     		ldr	r3, [r3]
  88 0008 1846     		mov	r0, r3
  89 000a FFF7FEFF 		bl	UART_PutString
  23:.\wifi.c      ****     CyDelay(50);    
  90              		.loc 1 23 0
  91 000e 3220     		movs	r0, #50
  92 0010 FFF7FEFF 		bl	CyDelay
  24:.\wifi.c      ****     UART_PutString(AT[1]);
  93              		.loc 1 24 0
  94 0014 044B     		ldr	r3, .L2
  95 0016 5B68     		ldr	r3, [r3, #4]
  96 0018 1846     		mov	r0, r3
  97 001a FFF7FEFF 		bl	UART_PutString
  25:.\wifi.c      ****     CyDelay(1000);   
  98              		.loc 1 25 0
  99 001e 4FF47A70 		mov	r0, #1000
 100 0022 FFF7FEFF 		bl	CyDelay
  26:.\wifi.c      **** }
 101              		.loc 1 26 0
 102 0026 80BD     		pop	{r7, pc}
 103              	.L3:
 104              		.align	2
 105              	.L2:
 106 0028 00000000 		.word	AT
 107              		.cfi_endproc
 108              	.LFE56:
 109              		.size	EnterATMode, .-EnterATMode
 110              		.section	.text.ConfigSTA,"ax",%progbits
 111              		.align	2
 112              		.global	ConfigSTA
 113              		.thumb
 114              		.thumb_func
 115              		.type	ConfigSTA, %function
 116              	ConfigSTA:
 117              	.LFB57:
  27:.\wifi.c      **** 
  28:.\wifi.c      **** /****Fonction Configuration module client****/
ARM GAS  C:\Users\Eih3\AppData\Local\Temp\cctT8T00.s 			page 4


  29:.\wifi.c      **** void ConfigSTA()
  30:.\wifi.c      **** {
 118              		.loc 1 30 0
 119              		.cfi_startproc
 120              		@ args = 0, pretend = 0, frame = 8
 121              		@ frame_needed = 1, uses_anonymous_args = 0
 122 0000 80B5     		push	{r7, lr}
 123              		.cfi_def_cfa_offset 8
 124              		.cfi_offset 7, -8
 125              		.cfi_offset 14, -4
 126 0002 82B0     		sub	sp, sp, #8
 127              		.cfi_def_cfa_offset 16
 128 0004 00AF     		add	r7, sp, #0
 129              		.cfi_def_cfa_register 7
  31:.\wifi.c      ****     uint8 i =2;
 130              		.loc 1 31 0
 131 0006 0223     		movs	r3, #2
 132 0008 FB71     		strb	r3, [r7, #7]
 133              	.L5:
  32:.\wifi.c      ****     do
  33:.\wifi.c      ****     {
  34:.\wifi.c      ****         SendATCommand(AT[i]);  
 134              		.loc 1 34 0 discriminator 1
 135 000a FA79     		ldrb	r2, [r7, #7]	@ zero_extendqisi2
 136 000c 074B     		ldr	r3, .L6
 137 000e 53F82230 		ldr	r3, [r3, r2, lsl #2]
 138 0012 1846     		mov	r0, r3
 139 0014 FFF7FEFF 		bl	SendATCommand
  35:.\wifi.c      ****         i++;
 140              		.loc 1 35 0 discriminator 1
 141 0018 FB79     		ldrb	r3, [r7, #7]	@ zero_extendqisi2
 142 001a 0133     		adds	r3, r3, #1
 143 001c FB71     		strb	r3, [r7, #7]
  36:.\wifi.c      ****     }
  37:.\wifi.c      ****     while(i < 10);    
 144              		.loc 1 37 0 discriminator 1
 145 001e FB79     		ldrb	r3, [r7, #7]	@ zero_extendqisi2
 146 0020 092B     		cmp	r3, #9
 147 0022 F2D9     		bls	.L5
  38:.\wifi.c      **** }
 148              		.loc 1 38 0
 149 0024 0837     		adds	r7, r7, #8
 150 0026 BD46     		mov	sp, r7
 151              		@ sp needed
 152 0028 80BD     		pop	{r7, pc}
 153              	.L7:
 154 002a 00BF     		.align	2
 155              	.L6:
 156 002c 00000000 		.word	AT
 157              		.cfi_endproc
 158              	.LFE57:
 159              		.size	ConfigSTA, .-ConfigSTA
 160              		.section	.text.SendATCommand,"ax",%progbits
 161              		.align	2
 162              		.global	SendATCommand
 163              		.thumb
 164              		.thumb_func
ARM GAS  C:\Users\Eih3\AppData\Local\Temp\cctT8T00.s 			page 5


 165              		.type	SendATCommand, %function
 166              	SendATCommand:
 167              	.LFB58:
  39:.\wifi.c      **** 
  40:.\wifi.c      **** /****Envoi Commande UART****/
  41:.\wifi.c      **** void SendATCommand(const char *at)
  42:.\wifi.c      **** {
 168              		.loc 1 42 0
 169              		.cfi_startproc
 170              		@ args = 0, pretend = 0, frame = 8
 171              		@ frame_needed = 1, uses_anonymous_args = 0
 172 0000 80B5     		push	{r7, lr}
 173              		.cfi_def_cfa_offset 8
 174              		.cfi_offset 7, -8
 175              		.cfi_offset 14, -4
 176 0002 82B0     		sub	sp, sp, #8
 177              		.cfi_def_cfa_offset 16
 178 0004 00AF     		add	r7, sp, #0
 179              		.cfi_def_cfa_register 7
 180 0006 7860     		str	r0, [r7, #4]
  43:.\wifi.c      ****     UART_PutString(at);
 181              		.loc 1 43 0
 182 0008 7868     		ldr	r0, [r7, #4]
 183 000a FFF7FEFF 		bl	UART_PutString
  44:.\wifi.c      ****     UART_PutCRLF(0x0d);
 184              		.loc 1 44 0
 185 000e 0D20     		movs	r0, #13
 186 0010 FFF7FEFF 		bl	UART_PutCRLF
  45:.\wifi.c      ****     CyDelay(100);
 187              		.loc 1 45 0
 188 0014 6420     		movs	r0, #100
 189 0016 FFF7FEFF 		bl	CyDelay
  46:.\wifi.c      **** }
 190              		.loc 1 46 0
 191 001a 0837     		adds	r7, r7, #8
 192 001c BD46     		mov	sp, r7
 193              		@ sp needed
 194 001e 80BD     		pop	{r7, pc}
 195              		.cfi_endproc
 196              	.LFE58:
 197              		.size	SendATCommand, .-SendATCommand
 198              		.section	.rodata
 199              		.align	2
 200              	.LC10:
 201 00d4 5472616E 		.ascii	"Transmission TCP\000"
 201      736D6973 
 201      73696F6E 
 201      20544350 
 201      00
 202 00e5 000000   		.align	2
 203              	.LC11:
 204 00e8 4F4B00   		.ascii	"OK\000"
 205 00eb 00       		.section	.text.TCPOK,"ax",%progbits
 206              		.align	2
 207              		.global	TCPOK
 208              		.thumb
 209              		.thumb_func
ARM GAS  C:\Users\Eih3\AppData\Local\Temp\cctT8T00.s 			page 6


 210              		.type	TCPOK, %function
 211              	TCPOK:
 212              	.LFB59:
  47:.\wifi.c      **** 
  48:.\wifi.c      **** /****Fonction Transmission TCP OK****/
  49:.\wifi.c      **** void TCPOK()
  50:.\wifi.c      **** {
 213              		.loc 1 50 0
 214              		.cfi_startproc
 215              		@ args = 0, pretend = 0, frame = 0
 216              		@ frame_needed = 1, uses_anonymous_args = 0
 217 0000 80B5     		push	{r7, lr}
 218              		.cfi_def_cfa_offset 8
 219              		.cfi_offset 7, -8
 220              		.cfi_offset 14, -4
 221 0002 00AF     		add	r7, sp, #0
 222              		.cfi_def_cfa_register 7
  51:.\wifi.c      ****     LCD_ClearDisplay();
 223              		.loc 1 51 0
 224 0004 0120     		movs	r0, #1
 225 0006 FFF7FEFF 		bl	LCD_WriteControl
  52:.\wifi.c      ****     LCD_PrintString("Transmission TCP");
 226              		.loc 1 52 0
 227 000a 0948     		ldr	r0, .L10
 228 000c FFF7FEFF 		bl	LCD_PrintString
  53:.\wifi.c      ****     LCD_Position(1u, 7u);
 229              		.loc 1 53 0
 230 0010 0120     		movs	r0, #1
 231 0012 0721     		movs	r1, #7
 232 0014 FFF7FEFF 		bl	LCD_Position
  54:.\wifi.c      ****     LCD_PrintString("OK");    
 233              		.loc 1 54 0
 234 0018 0648     		ldr	r0, .L10+4
 235 001a FFF7FEFF 		bl	LCD_PrintString
  55:.\wifi.c      ****     CyDelay(1000);
 236              		.loc 1 55 0
 237 001e 4FF47A70 		mov	r0, #1000
 238 0022 FFF7FEFF 		bl	CyDelay
  56:.\wifi.c      ****     LCD_ClearDisplay(); 
 239              		.loc 1 56 0
 240 0026 0120     		movs	r0, #1
 241 0028 FFF7FEFF 		bl	LCD_WriteControl
  57:.\wifi.c      **** }
 242              		.loc 1 57 0
 243 002c 80BD     		pop	{r7, pc}
 244              	.L11:
 245 002e 00BF     		.align	2
 246              	.L10:
 247 0030 D4000000 		.word	.LC10
 248 0034 E8000000 		.word	.LC11
 249              		.cfi_endproc
 250              	.LFE59:
 251              		.size	TCPOK, .-TCPOK
 252              		.text
 253              	.Letext0:
 254              		.file 2 "c:\\program files (x86)\\cypress\\psoc creator\\3.1\\psoc creator\\import\\gnu_cs\\arm\\4
 255              		.file 3 "c:\\program files (x86)\\cypress\\psoc creator\\3.1\\psoc creator\\import\\gnu_cs\\arm\\4
ARM GAS  C:\Users\Eih3\AppData\Local\Temp\cctT8T00.s 			page 7


 256              		.file 4 ".\\Generated_Source\\PSoC5/cytypes.h"
 257              		.file 5 ".\\Generated_Source\\PSoC5/core_cm3.h"
 258              		.section	.debug_info,"",%progbits
 259              	.Ldebug_info0:
 260 0000 48010000 		.4byte	0x148
 261 0004 0400     		.2byte	0x4
 262 0006 00000000 		.4byte	.Ldebug_abbrev0
 263 000a 04       		.byte	0x4
 264 000b 01       		.uleb128 0x1
 265 000c 1B010000 		.4byte	.LASF19
 266 0010 01       		.byte	0x1
 267 0011 7D000000 		.4byte	.LASF20
 268 0015 3A000000 		.4byte	.LASF21
 269 0019 00000000 		.4byte	.Ldebug_ranges0+0
 270 001d 00000000 		.4byte	0
 271 0021 00000000 		.4byte	.Ldebug_line0
 272 0025 02       		.uleb128 0x2
 273 0026 01       		.byte	0x1
 274 0027 06       		.byte	0x6
 275 0028 F5000000 		.4byte	.LASF0
 276 002c 02       		.uleb128 0x2
 277 002d 01       		.byte	0x1
 278 002e 08       		.byte	0x8
 279 002f BF000000 		.4byte	.LASF1
 280 0033 02       		.uleb128 0x2
 281 0034 02       		.byte	0x2
 282 0035 05       		.byte	0x5
 283 0036 11010000 		.4byte	.LASF2
 284 003a 02       		.uleb128 0x2
 285 003b 02       		.byte	0x2
 286 003c 07       		.byte	0x7
 287 003d 0E000000 		.4byte	.LASF3
 288 0041 03       		.uleb128 0x3
 289 0042 01010000 		.4byte	.LASF9
 290 0046 02       		.byte	0x2
 291 0047 37       		.byte	0x37
 292 0048 4C000000 		.4byte	0x4c
 293 004c 02       		.uleb128 0x2
 294 004d 04       		.byte	0x4
 295 004e 05       		.byte	0x5
 296 004f D8000000 		.4byte	.LASF4
 297 0053 02       		.uleb128 0x2
 298 0054 04       		.byte	0x4
 299 0055 07       		.byte	0x7
 300 0056 96000000 		.4byte	.LASF5
 301 005a 02       		.uleb128 0x2
 302 005b 08       		.byte	0x8
 303 005c 05       		.byte	0x5
 304 005d 00000000 		.4byte	.LASF6
 305 0061 02       		.uleb128 0x2
 306 0062 08       		.byte	0x8
 307 0063 07       		.byte	0x7
 308 0064 A8000000 		.4byte	.LASF7
 309 0068 04       		.uleb128 0x4
 310 0069 04       		.byte	0x4
 311 006a 05       		.byte	0x5
 312 006b 696E7400 		.ascii	"int\000"
ARM GAS  C:\Users\Eih3\AppData\Local\Temp\cctT8T00.s 			page 8


 313 006f 02       		.uleb128 0x2
 314 0070 04       		.byte	0x4
 315 0071 07       		.byte	0x7
 316 0072 21000000 		.4byte	.LASF8
 317 0076 03       		.uleb128 0x3
 318 0077 97010000 		.4byte	.LASF10
 319 007b 03       		.byte	0x3
 320 007c 41       		.byte	0x41
 321 007d 41000000 		.4byte	0x41
 322 0081 03       		.uleb128 0x3
 323 0082 90000000 		.4byte	.LASF11
 324 0086 04       		.byte	0x4
 325 0087 A1       		.byte	0xa1
 326 0088 2C000000 		.4byte	0x2c
 327 008c 02       		.uleb128 0x2
 328 008d 04       		.byte	0x4
 329 008e 04       		.byte	0x4
 330 008f 0B010000 		.4byte	.LASF12
 331 0093 02       		.uleb128 0x2
 332 0094 08       		.byte	0x8
 333 0095 04       		.byte	0x4
 334 0096 E1000000 		.4byte	.LASF13
 335 009a 02       		.uleb128 0x2
 336 009b 01       		.byte	0x1
 337 009c 08       		.byte	0x8
 338 009d D3000000 		.4byte	.LASF14
 339 00a1 02       		.uleb128 0x2
 340 00a2 04       		.byte	0x4
 341 00a3 07       		.byte	0x7
 342 00a4 AD010000 		.4byte	.LASF15
 343 00a8 05       		.uleb128 0x5
 344 00a9 04       		.byte	0x4
 345 00aa AE000000 		.4byte	0xae
 346 00ae 06       		.uleb128 0x6
 347 00af 9A000000 		.4byte	0x9a
 348 00b3 07       		.uleb128 0x7
 349 00b4 2E000000 		.4byte	.LASF16
 350 00b8 01       		.byte	0x1
 351 00b9 14       		.byte	0x14
 352 00ba 00000000 		.4byte	.LFB56
 353 00be 2C000000 		.4byte	.LFE56-.LFB56
 354 00c2 01       		.uleb128 0x1
 355 00c3 9C       		.byte	0x9c
 356 00c4 08       		.uleb128 0x8
 357 00c5 86000000 		.4byte	.LASF22
 358 00c9 01       		.byte	0x1
 359 00ca 1D       		.byte	0x1d
 360 00cb 00000000 		.4byte	.LFB57
 361 00cf 30000000 		.4byte	.LFE57-.LFB57
 362 00d3 01       		.uleb128 0x1
 363 00d4 9C       		.byte	0x9c
 364 00d5 E6000000 		.4byte	0xe6
 365 00d9 09       		.uleb128 0x9
 366 00da 6900     		.ascii	"i\000"
 367 00dc 01       		.byte	0x1
 368 00dd 1F       		.byte	0x1f
 369 00de 81000000 		.4byte	0x81
ARM GAS  C:\Users\Eih3\AppData\Local\Temp\cctT8T00.s 			page 9


 370 00e2 02       		.uleb128 0x2
 371 00e3 91       		.byte	0x91
 372 00e4 77       		.sleb128 -9
 373 00e5 00       		.byte	0
 374 00e6 0A       		.uleb128 0xa
 375 00e7 9F010000 		.4byte	.LASF23
 376 00eb 01       		.byte	0x1
 377 00ec 29       		.byte	0x29
 378 00ed 00000000 		.4byte	.LFB58
 379 00f1 20000000 		.4byte	.LFE58-.LFB58
 380 00f5 01       		.uleb128 0x1
 381 00f6 9C       		.byte	0x9c
 382 00f7 09010000 		.4byte	0x109
 383 00fb 0B       		.uleb128 0xb
 384 00fc 617400   		.ascii	"at\000"
 385 00ff 01       		.byte	0x1
 386 0100 29       		.byte	0x29
 387 0101 A8000000 		.4byte	0xa8
 388 0105 02       		.uleb128 0x2
 389 0106 91       		.byte	0x91
 390 0107 74       		.sleb128 -12
 391 0108 00       		.byte	0
 392 0109 07       		.uleb128 0x7
 393 010a CD000000 		.4byte	.LASF17
 394 010e 01       		.byte	0x1
 395 010f 31       		.byte	0x31
 396 0110 00000000 		.4byte	.LFB59
 397 0114 38000000 		.4byte	.LFE59-.LFB59
 398 0118 01       		.uleb128 0x1
 399 0119 9C       		.byte	0x9c
 400 011a 0C       		.uleb128 0xc
 401 011b E8000000 		.4byte	.LASF18
 402 011f 05       		.byte	0x5
 403 0120 1606     		.2byte	0x616
 404 0122 26010000 		.4byte	0x126
 405 0126 0D       		.uleb128 0xd
 406 0127 76000000 		.4byte	0x76
 407 012b 0E       		.uleb128 0xe
 408 012c A8000000 		.4byte	0xa8
 409 0130 3B010000 		.4byte	0x13b
 410 0134 0F       		.uleb128 0xf
 411 0135 A1000000 		.4byte	0xa1
 412 0139 09       		.byte	0x9
 413 013a 00       		.byte	0
 414 013b 10       		.uleb128 0x10
 415 013c 415400   		.ascii	"AT\000"
 416 013f 01       		.byte	0x1
 417 0140 06       		.byte	0x6
 418 0141 2B010000 		.4byte	0x12b
 419 0145 05       		.uleb128 0x5
 420 0146 03       		.byte	0x3
 421 0147 00000000 		.4byte	AT
 422 014b 00       		.byte	0
 423              		.section	.debug_abbrev,"",%progbits
 424              	.Ldebug_abbrev0:
 425 0000 01       		.uleb128 0x1
 426 0001 11       		.uleb128 0x11
ARM GAS  C:\Users\Eih3\AppData\Local\Temp\cctT8T00.s 			page 10


 427 0002 01       		.byte	0x1
 428 0003 25       		.uleb128 0x25
 429 0004 0E       		.uleb128 0xe
 430 0005 13       		.uleb128 0x13
 431 0006 0B       		.uleb128 0xb
 432 0007 03       		.uleb128 0x3
 433 0008 0E       		.uleb128 0xe
 434 0009 1B       		.uleb128 0x1b
 435 000a 0E       		.uleb128 0xe
 436 000b 55       		.uleb128 0x55
 437 000c 17       		.uleb128 0x17
 438 000d 11       		.uleb128 0x11
 439 000e 01       		.uleb128 0x1
 440 000f 10       		.uleb128 0x10
 441 0010 17       		.uleb128 0x17
 442 0011 00       		.byte	0
 443 0012 00       		.byte	0
 444 0013 02       		.uleb128 0x2
 445 0014 24       		.uleb128 0x24
 446 0015 00       		.byte	0
 447 0016 0B       		.uleb128 0xb
 448 0017 0B       		.uleb128 0xb
 449 0018 3E       		.uleb128 0x3e
 450 0019 0B       		.uleb128 0xb
 451 001a 03       		.uleb128 0x3
 452 001b 0E       		.uleb128 0xe
 453 001c 00       		.byte	0
 454 001d 00       		.byte	0
 455 001e 03       		.uleb128 0x3
 456 001f 16       		.uleb128 0x16
 457 0020 00       		.byte	0
 458 0021 03       		.uleb128 0x3
 459 0022 0E       		.uleb128 0xe
 460 0023 3A       		.uleb128 0x3a
 461 0024 0B       		.uleb128 0xb
 462 0025 3B       		.uleb128 0x3b
 463 0026 0B       		.uleb128 0xb
 464 0027 49       		.uleb128 0x49
 465 0028 13       		.uleb128 0x13
 466 0029 00       		.byte	0
 467 002a 00       		.byte	0
 468 002b 04       		.uleb128 0x4
 469 002c 24       		.uleb128 0x24
 470 002d 00       		.byte	0
 471 002e 0B       		.uleb128 0xb
 472 002f 0B       		.uleb128 0xb
 473 0030 3E       		.uleb128 0x3e
 474 0031 0B       		.uleb128 0xb
 475 0032 03       		.uleb128 0x3
 476 0033 08       		.uleb128 0x8
 477 0034 00       		.byte	0
 478 0035 00       		.byte	0
 479 0036 05       		.uleb128 0x5
 480 0037 0F       		.uleb128 0xf
 481 0038 00       		.byte	0
 482 0039 0B       		.uleb128 0xb
 483 003a 0B       		.uleb128 0xb
ARM GAS  C:\Users\Eih3\AppData\Local\Temp\cctT8T00.s 			page 11


 484 003b 49       		.uleb128 0x49
 485 003c 13       		.uleb128 0x13
 486 003d 00       		.byte	0
 487 003e 00       		.byte	0
 488 003f 06       		.uleb128 0x6
 489 0040 26       		.uleb128 0x26
 490 0041 00       		.byte	0
 491 0042 49       		.uleb128 0x49
 492 0043 13       		.uleb128 0x13
 493 0044 00       		.byte	0
 494 0045 00       		.byte	0
 495 0046 07       		.uleb128 0x7
 496 0047 2E       		.uleb128 0x2e
 497 0048 00       		.byte	0
 498 0049 3F       		.uleb128 0x3f
 499 004a 19       		.uleb128 0x19
 500 004b 03       		.uleb128 0x3
 501 004c 0E       		.uleb128 0xe
 502 004d 3A       		.uleb128 0x3a
 503 004e 0B       		.uleb128 0xb
 504 004f 3B       		.uleb128 0x3b
 505 0050 0B       		.uleb128 0xb
 506 0051 11       		.uleb128 0x11
 507 0052 01       		.uleb128 0x1
 508 0053 12       		.uleb128 0x12
 509 0054 06       		.uleb128 0x6
 510 0055 40       		.uleb128 0x40
 511 0056 18       		.uleb128 0x18
 512 0057 9642     		.uleb128 0x2116
 513 0059 19       		.uleb128 0x19
 514 005a 00       		.byte	0
 515 005b 00       		.byte	0
 516 005c 08       		.uleb128 0x8
 517 005d 2E       		.uleb128 0x2e
 518 005e 01       		.byte	0x1
 519 005f 3F       		.uleb128 0x3f
 520 0060 19       		.uleb128 0x19
 521 0061 03       		.uleb128 0x3
 522 0062 0E       		.uleb128 0xe
 523 0063 3A       		.uleb128 0x3a
 524 0064 0B       		.uleb128 0xb
 525 0065 3B       		.uleb128 0x3b
 526 0066 0B       		.uleb128 0xb
 527 0067 11       		.uleb128 0x11
 528 0068 01       		.uleb128 0x1
 529 0069 12       		.uleb128 0x12
 530 006a 06       		.uleb128 0x6
 531 006b 40       		.uleb128 0x40
 532 006c 18       		.uleb128 0x18
 533 006d 9642     		.uleb128 0x2116
 534 006f 19       		.uleb128 0x19
 535 0070 01       		.uleb128 0x1
 536 0071 13       		.uleb128 0x13
 537 0072 00       		.byte	0
 538 0073 00       		.byte	0
 539 0074 09       		.uleb128 0x9
 540 0075 34       		.uleb128 0x34
ARM GAS  C:\Users\Eih3\AppData\Local\Temp\cctT8T00.s 			page 12


 541 0076 00       		.byte	0
 542 0077 03       		.uleb128 0x3
 543 0078 08       		.uleb128 0x8
 544 0079 3A       		.uleb128 0x3a
 545 007a 0B       		.uleb128 0xb
 546 007b 3B       		.uleb128 0x3b
 547 007c 0B       		.uleb128 0xb
 548 007d 49       		.uleb128 0x49
 549 007e 13       		.uleb128 0x13
 550 007f 02       		.uleb128 0x2
 551 0080 18       		.uleb128 0x18
 552 0081 00       		.byte	0
 553 0082 00       		.byte	0
 554 0083 0A       		.uleb128 0xa
 555 0084 2E       		.uleb128 0x2e
 556 0085 01       		.byte	0x1
 557 0086 3F       		.uleb128 0x3f
 558 0087 19       		.uleb128 0x19
 559 0088 03       		.uleb128 0x3
 560 0089 0E       		.uleb128 0xe
 561 008a 3A       		.uleb128 0x3a
 562 008b 0B       		.uleb128 0xb
 563 008c 3B       		.uleb128 0x3b
 564 008d 0B       		.uleb128 0xb
 565 008e 27       		.uleb128 0x27
 566 008f 19       		.uleb128 0x19
 567 0090 11       		.uleb128 0x11
 568 0091 01       		.uleb128 0x1
 569 0092 12       		.uleb128 0x12
 570 0093 06       		.uleb128 0x6
 571 0094 40       		.uleb128 0x40
 572 0095 18       		.uleb128 0x18
 573 0096 9642     		.uleb128 0x2116
 574 0098 19       		.uleb128 0x19
 575 0099 01       		.uleb128 0x1
 576 009a 13       		.uleb128 0x13
 577 009b 00       		.byte	0
 578 009c 00       		.byte	0
 579 009d 0B       		.uleb128 0xb
 580 009e 05       		.uleb128 0x5
 581 009f 00       		.byte	0
 582 00a0 03       		.uleb128 0x3
 583 00a1 08       		.uleb128 0x8
 584 00a2 3A       		.uleb128 0x3a
 585 00a3 0B       		.uleb128 0xb
 586 00a4 3B       		.uleb128 0x3b
 587 00a5 0B       		.uleb128 0xb
 588 00a6 49       		.uleb128 0x49
 589 00a7 13       		.uleb128 0x13
 590 00a8 02       		.uleb128 0x2
 591 00a9 18       		.uleb128 0x18
 592 00aa 00       		.byte	0
 593 00ab 00       		.byte	0
 594 00ac 0C       		.uleb128 0xc
 595 00ad 34       		.uleb128 0x34
 596 00ae 00       		.byte	0
 597 00af 03       		.uleb128 0x3
ARM GAS  C:\Users\Eih3\AppData\Local\Temp\cctT8T00.s 			page 13


 598 00b0 0E       		.uleb128 0xe
 599 00b1 3A       		.uleb128 0x3a
 600 00b2 0B       		.uleb128 0xb
 601 00b3 3B       		.uleb128 0x3b
 602 00b4 05       		.uleb128 0x5
 603 00b5 49       		.uleb128 0x49
 604 00b6 13       		.uleb128 0x13
 605 00b7 3F       		.uleb128 0x3f
 606 00b8 19       		.uleb128 0x19
 607 00b9 3C       		.uleb128 0x3c
 608 00ba 19       		.uleb128 0x19
 609 00bb 00       		.byte	0
 610 00bc 00       		.byte	0
 611 00bd 0D       		.uleb128 0xd
 612 00be 35       		.uleb128 0x35
 613 00bf 00       		.byte	0
 614 00c0 49       		.uleb128 0x49
 615 00c1 13       		.uleb128 0x13
 616 00c2 00       		.byte	0
 617 00c3 00       		.byte	0
 618 00c4 0E       		.uleb128 0xe
 619 00c5 01       		.uleb128 0x1
 620 00c6 01       		.byte	0x1
 621 00c7 49       		.uleb128 0x49
 622 00c8 13       		.uleb128 0x13
 623 00c9 01       		.uleb128 0x1
 624 00ca 13       		.uleb128 0x13
 625 00cb 00       		.byte	0
 626 00cc 00       		.byte	0
 627 00cd 0F       		.uleb128 0xf
 628 00ce 21       		.uleb128 0x21
 629 00cf 00       		.byte	0
 630 00d0 49       		.uleb128 0x49
 631 00d1 13       		.uleb128 0x13
 632 00d2 2F       		.uleb128 0x2f
 633 00d3 0B       		.uleb128 0xb
 634 00d4 00       		.byte	0
 635 00d5 00       		.byte	0
 636 00d6 10       		.uleb128 0x10
 637 00d7 34       		.uleb128 0x34
 638 00d8 00       		.byte	0
 639 00d9 03       		.uleb128 0x3
 640 00da 08       		.uleb128 0x8
 641 00db 3A       		.uleb128 0x3a
 642 00dc 0B       		.uleb128 0xb
 643 00dd 3B       		.uleb128 0x3b
 644 00de 0B       		.uleb128 0xb
 645 00df 49       		.uleb128 0x49
 646 00e0 13       		.uleb128 0x13
 647 00e1 3F       		.uleb128 0x3f
 648 00e2 19       		.uleb128 0x19
 649 00e3 02       		.uleb128 0x2
 650 00e4 18       		.uleb128 0x18
 651 00e5 00       		.byte	0
 652 00e6 00       		.byte	0
 653 00e7 00       		.byte	0
 654              		.section	.debug_aranges,"",%progbits
ARM GAS  C:\Users\Eih3\AppData\Local\Temp\cctT8T00.s 			page 14


 655 0000 34000000 		.4byte	0x34
 656 0004 0200     		.2byte	0x2
 657 0006 00000000 		.4byte	.Ldebug_info0
 658 000a 04       		.byte	0x4
 659 000b 00       		.byte	0
 660 000c 0000     		.2byte	0
 661 000e 0000     		.2byte	0
 662 0010 00000000 		.4byte	.LFB56
 663 0014 2C000000 		.4byte	.LFE56-.LFB56
 664 0018 00000000 		.4byte	.LFB57
 665 001c 30000000 		.4byte	.LFE57-.LFB57
 666 0020 00000000 		.4byte	.LFB58
 667 0024 20000000 		.4byte	.LFE58-.LFB58
 668 0028 00000000 		.4byte	.LFB59
 669 002c 38000000 		.4byte	.LFE59-.LFB59
 670 0030 00000000 		.4byte	0
 671 0034 00000000 		.4byte	0
 672              		.section	.debug_ranges,"",%progbits
 673              	.Ldebug_ranges0:
 674 0000 00000000 		.4byte	.LFB56
 675 0004 2C000000 		.4byte	.LFE56
 676 0008 00000000 		.4byte	.LFB57
 677 000c 30000000 		.4byte	.LFE57
 678 0010 00000000 		.4byte	.LFB58
 679 0014 20000000 		.4byte	.LFE58
 680 0018 00000000 		.4byte	.LFB59
 681 001c 38000000 		.4byte	.LFE59
 682 0020 00000000 		.4byte	0
 683 0024 00000000 		.4byte	0
 684              		.section	.debug_line,"",%progbits
 685              	.Ldebug_line0:
 686 0000 B4010000 		.section	.debug_str,"MS",%progbits,1
 686      02005101 
 686      00000201 
 686      FB0E0D00 
 686      01010101 
 687              	.LASF6:
 688 0000 6C6F6E67 		.ascii	"long long int\000"
 688      206C6F6E 
 688      6720696E 
 688      7400
 689              	.LASF3:
 690 000e 73686F72 		.ascii	"short unsigned int\000"
 690      7420756E 
 690      7369676E 
 690      65642069 
 690      6E7400
 691              	.LASF8:
 692 0021 756E7369 		.ascii	"unsigned int\000"
 692      676E6564 
 692      20696E74 
 692      00
 693              	.LASF16:
 694 002e 456E7465 		.ascii	"EnterATMode\000"
 694      7241544D 
 694      6F646500 
 695              	.LASF21:
ARM GAS  C:\Users\Eih3\AppData\Local\Temp\cctT8T00.s 			page 15


 696 003a 443A5C45 		.ascii	"D:\\Eih3Cloud\\Projet Programme\\Module HF Client\\"
 696      69683343 
 696      6C6F7564 
 696      5C50726F 
 696      6A657420 
 697 0069 4D6F6475 		.ascii	"Module HF STA.cydsn\000"
 697      6C652048 
 697      46205354 
 697      412E6379 
 697      64736E00 
 698              	.LASF20:
 699 007d 2E5C7769 		.ascii	".\\wifi.c\000"
 699      66692E63 
 699      00
 700              	.LASF22:
 701 0086 436F6E66 		.ascii	"ConfigSTA\000"
 701      69675354 
 701      4100
 702              	.LASF11:
 703 0090 75696E74 		.ascii	"uint8\000"
 703      3800
 704              	.LASF5:
 705 0096 6C6F6E67 		.ascii	"long unsigned int\000"
 705      20756E73 
 705      69676E65 
 705      6420696E 
 705      7400
 706              	.LASF7:
 707 00a8 6C6F6E67 		.ascii	"long long unsigned int\000"
 707      206C6F6E 
 707      6720756E 
 707      7369676E 
 707      65642069 
 708              	.LASF1:
 709 00bf 756E7369 		.ascii	"unsigned char\000"
 709      676E6564 
 709      20636861 
 709      7200
 710              	.LASF17:
 711 00cd 5443504F 		.ascii	"TCPOK\000"
 711      4B00
 712              	.LASF14:
 713 00d3 63686172 		.ascii	"char\000"
 713      00
 714              	.LASF4:
 715 00d8 6C6F6E67 		.ascii	"long int\000"
 715      20696E74 
 715      00
 716              	.LASF13:
 717 00e1 646F7562 		.ascii	"double\000"
 717      6C6500
 718              	.LASF18:
 719 00e8 49544D5F 		.ascii	"ITM_RxBuffer\000"
 719      52784275 
 719      66666572 
 719      00
 720              	.LASF0:
ARM GAS  C:\Users\Eih3\AppData\Local\Temp\cctT8T00.s 			page 16


 721 00f5 7369676E 		.ascii	"signed char\000"
 721      65642063 
 721      68617200 
 722              	.LASF9:
 723 0101 5F5F696E 		.ascii	"__int32_t\000"
 723      7433325F 
 723      7400
 724              	.LASF12:
 725 010b 666C6F61 		.ascii	"float\000"
 725      7400
 726              	.LASF2:
 727 0111 73686F72 		.ascii	"short int\000"
 727      7420696E 
 727      7400
 728              	.LASF19:
 729 011b 474E5520 		.ascii	"GNU C 4.8.4 20140526 (release) [ARM/embedded-4_8-br"
 729      4320342E 
 729      382E3420 
 729      32303134 
 729      30353236 
 730 014e 616E6368 		.ascii	"anch revision 211358] -mcpu=cortex-m3 -mthumb -g -O"
 730      20726576 
 730      6973696F 
 730      6E203231 
 730      31333538 
 731 0181 30202D66 		.ascii	"0 -ffunction-sections\000"
 731      66756E63 
 731      74696F6E 
 731      2D736563 
 731      74696F6E 
 732              	.LASF10:
 733 0197 696E7433 		.ascii	"int32_t\000"
 733      325F7400 
 734              	.LASF23:
 735 019f 53656E64 		.ascii	"SendATCommand\000"
 735      4154436F 
 735      6D6D616E 
 735      6400
 736              	.LASF15:
 737 01ad 73697A65 		.ascii	"sizetype\000"
 737      74797065 
 737      00
 738              		.ident	"GCC: (GNU Tools for ARM Embedded Processors) 4.8.4 20140526 (release) [ARM/embedded-4_8-br
