ARM GAS  C:\Users\Eih3\AppData\Local\Temp\ccIWKq4j.s 			page 1


   1              		.syntax unified
   2              		.cpu cortex-m3
   3              		.fpu softvfp
   4              		.eabi_attribute 20, 1
   5              		.eabi_attribute 21, 1
   6              		.eabi_attribute 23, 3
   7              		.eabi_attribute 24, 1
   8              		.eabi_attribute 25, 1
   9              		.eabi_attribute 26, 1
  10              		.eabi_attribute 30, 4
  11              		.eabi_attribute 34, 1
  12              		.eabi_attribute 18, 4
  13              		.thumb
  14              		.file	"Application.c"
  15              		.text
  16              	.Ltext0:
  17              		.cfi_sections	.debug_frame
  18              		.section	.text.Configurations,"ax",%progbits
  19              		.align	1
  20              		.global	Configurations
  21              		.thumb
  22              		.thumb_func
  23              		.type	Configurations, %function
  24              	Configurations:
  25              	.LFB57:
  26              		.file 1 ".\\Application.c"
   1:.\Application.c **** /***************************************************************
   2:.\Application.c **** * Nom Fichier: Application.c
   3:.\Application.c **** *
   4:.\Application.c **** * Fonctions: - Lecture EEPROM           
   5:.\Application.c **** *            - Ecriture EEPROM          
   6:.\Application.c **** *
   7:.\Application.c **** ****************************************************************
   8:.\Application.c **** * CARNUS 2015, Escamez Michel - Soler Donovan - Verdier Jordan
   9:.\Application.c **** ***************************************************************/
  10:.\Application.c **** 
  11:.\Application.c **** /**** Déclarations & Directives ****/
  12:.\Application.c **** #include <Application.h>
  13:.\Application.c **** 
  14:.\Application.c **** /**** Déclarations Variables ****/
  15:.\Application.c **** uint8 i;
  16:.\Application.c **** uint8 adresse[2] = {0x00};
  17:.\Application.c **** uint8 dataBuffer[BUFFER_SIZE] = {0x00};
  18:.\Application.c **** uint8 writeData[BUFFER_SIZE];
  19:.\Application.c **** uint8 readData[BUFFER_SIZE];
  20:.\Application.c **** uint8 RxData = 0x20;
  21:.\Application.c **** uint8 ConfigEnd; //La configuration du module est finie
  22:.\Application.c **** uint8 Linked; //Client connecté ? 1u oui; 0u non
  23:.\Application.c **** 
  24:.\Application.c **** /**** Fonction de base de l'appication ****/
  25:.\Application.c **** void Application()
  26:.\Application.c **** {
  27:.\Application.c ****     Initialisations();
  28:.\Application.c ****     Configurations();     
  29:.\Application.c **** 
  30:.\Application.c ****     //fonctionTest();
  31:.\Application.c ****     
ARM GAS  C:\Users\Eih3\AppData\Local\Temp\ccIWKq4j.s 			page 2


  32:.\Application.c ****     LCD_ClearDisplay();
  33:.\Application.c **** 
  34:.\Application.c ****     i=33;
  35:.\Application.c ****         
  36:.\Application.c ****     for(;;)
  37:.\Application.c ****     { 
  38:.\Application.c ****         if (!SW2_Read()) LCD_ClearDisplay();
  39:.\Application.c ****         if (!SW3_Read()) UART_PutChar(0x40); 
  40:.\Application.c **** 
  41:.\Application.c ****         if (Linked) wifiTest();
  42:.\Application.c ****         else { LCD_Position(0, 0); LCD_PrintString("Attente de STA"); }
  43:.\Application.c ****         
  44:.\Application.c ****         CyDelay(1000u);        
  45:.\Application.c ****     }
  46:.\Application.c **** }
  47:.\Application.c **** 
  48:.\Application.c **** /**** Fonction Configurations ****/
  49:.\Application.c **** void Configurations()
  50:.\Application.c **** {
  27              		.loc 1 50 0
  28              		.cfi_startproc
  29              		@ args = 0, pretend = 0, frame = 0
  30              		@ frame_needed = 0, uses_anonymous_args = 0
  31 0000 08B5     		push	{r3, lr}
  32              		.cfi_def_cfa_offset 8
  33              		.cfi_offset 3, -8
  34              		.cfi_offset 14, -4
  51:.\Application.c ****     LCD_PrintString("   Module HF"); 
  35              		.loc 1 51 0
  36 0002 0848     		ldr	r0, .L2
  37 0004 FFF7FEFF 		bl	LCD_PrintString
  38              	.LVL0:
  52:.\Application.c ****     LCD_Position(1u, 1u);
  39              		.loc 1 52 0
  40 0008 0120     		movs	r0, #1
  41 000a 0146     		mov	r1, r0
  42 000c FFF7FEFF 		bl	LCD_Position
  43              	.LVL1:
  53:.\Application.c ****     LCD_PrintString("Configuration"); 
  44              		.loc 1 53 0
  45 0010 0548     		ldr	r0, .L2+4
  46 0012 FFF7FEFF 		bl	LCD_PrintString
  47              	.LVL2:
  54:.\Application.c ****     
  55:.\Application.c ****     ConfigWifi();
  48              		.loc 1 55 0
  49 0016 FFF7FEFF 		bl	ConfigWifi
  50              	.LVL3:
  56:.\Application.c ****     
  57:.\Application.c ****     UART_ClearRxBuffer();
  58:.\Application.c **** }
  51              		.loc 1 58 0
  52 001a BDE80840 		pop	{r3, lr}
  57:.\Application.c ****     UART_ClearRxBuffer();
  53              		.loc 1 57 0
  54 001e FFF7FEBF 		b	UART_ClearRxBuffer
  55              	.LVL4:
ARM GAS  C:\Users\Eih3\AppData\Local\Temp\ccIWKq4j.s 			page 3


  56              	.L3:
  57 0022 00BF     		.align	2
  58              	.L2:
  59 0024 00000000 		.word	.LC0
  60 0028 0D000000 		.word	.LC1
  61              		.cfi_endproc
  62              	.LFE57:
  63              		.size	Configurations, .-Configurations
  64              		.section	.text.Init_LCD,"ax",%progbits
  65              		.align	1
  66              		.global	Init_LCD
  67              		.thumb
  68              		.thumb_func
  69              		.type	Init_LCD, %function
  70              	Init_LCD:
  71              	.LFB59:
  59:.\Application.c **** 
  60:.\Application.c **** /**** Initialisations ****/
  61:.\Application.c **** void Initialisations()
  62:.\Application.c **** {   
  63:.\Application.c ****     Init_Interruptions();
  64:.\Application.c ****     
  65:.\Application.c ****     Init_I2C();
  66:.\Application.c ****     
  67:.\Application.c ****     Init_UART();
  68:.\Application.c ****     
  69:.\Application.c ****     Init_LCD();
  70:.\Application.c **** }
  71:.\Application.c **** 
  72:.\Application.c **** /**** Initialisation LCD ****/
  73:.\Application.c **** void Init_LCD()
  74:.\Application.c **** {
  72              		.loc 1 74 0
  73              		.cfi_startproc
  74              		@ args = 0, pretend = 0, frame = 0
  75              		@ frame_needed = 0, uses_anonymous_args = 0
  76 0000 08B5     		push	{r3, lr}
  77              		.cfi_def_cfa_offset 8
  78              		.cfi_offset 3, -8
  79              		.cfi_offset 14, -4
  75:.\Application.c ****     LCD_Start();
  80              		.loc 1 75 0
  81 0002 FFF7FEFF 		bl	LCD_Start
  82              	.LVL5:
  76:.\Application.c ****     LCD_PrintString("   Module AP"); 
  83              		.loc 1 76 0
  84 0006 0948     		ldr	r0, .L5
  85 0008 FFF7FEFF 		bl	LCD_PrintString
  86              	.LVL6:
  77:.\Application.c ****     LCD_Position(1u, 1u);
  87              		.loc 1 77 0
  88 000c 0120     		movs	r0, #1
  89 000e 0146     		mov	r1, r0
  90 0010 FFF7FEFF 		bl	LCD_Position
  91              	.LVL7:
  78:.\Application.c ****     LCD_PrintString("Initialisation");
  92              		.loc 1 78 0
ARM GAS  C:\Users\Eih3\AppData\Local\Temp\ccIWKq4j.s 			page 4


  93 0014 0648     		ldr	r0, .L5+4
  94 0016 FFF7FEFF 		bl	LCD_PrintString
  95              	.LVL8:
  79:.\Application.c ****     CyDelay(1000);
  96              		.loc 1 79 0
  97 001a 4FF47A70 		mov	r0, #1000
  98 001e FFF7FEFF 		bl	CyDelay
  99              	.LVL9:
  80:.\Application.c ****     LCD_ClearDisplay();  
  81:.\Application.c **** }
 100              		.loc 1 81 0
 101 0022 BDE80840 		pop	{r3, lr}
  80:.\Application.c ****     LCD_ClearDisplay();  
 102              		.loc 1 80 0
 103 0026 0120     		movs	r0, #1
 104 0028 FFF7FEBF 		b	LCD_WriteControl
 105              	.LVL10:
 106              	.L6:
 107              		.align	2
 108              	.L5:
 109 002c 1B000000 		.word	.LC2
 110 0030 28000000 		.word	.LC3
 111              		.cfi_endproc
 112              	.LFE59:
 113              		.size	Init_LCD, .-Init_LCD
 114              		.section	.text.Init_UART,"ax",%progbits
 115              		.align	1
 116              		.global	Init_UART
 117              		.thumb
 118              		.thumb_func
 119              		.type	Init_UART, %function
 120              	Init_UART:
 121              	.LFB60:
  82:.\Application.c **** 
  83:.\Application.c **** /**** Initialisation UART ****/
  84:.\Application.c **** void Init_UART()
  85:.\Application.c **** {
 122              		.loc 1 85 0
 123              		.cfi_startproc
 124              		@ args = 0, pretend = 0, frame = 0
 125              		@ frame_needed = 0, uses_anonymous_args = 0
 126 0000 08B5     		push	{r3, lr}
 127              		.cfi_def_cfa_offset 8
 128              		.cfi_offset 3, -8
 129              		.cfi_offset 14, -4
  86:.\Application.c ****     UART_Start();     
 130              		.loc 1 86 0
 131 0002 FFF7FEFF 		bl	UART_Start
 132              	.LVL11:
  87:.\Application.c ****     UART_ClearRxBuffer();   
  88:.\Application.c **** }
 133              		.loc 1 88 0
 134 0006 BDE80840 		pop	{r3, lr}
  87:.\Application.c ****     UART_ClearRxBuffer();   
 135              		.loc 1 87 0
 136 000a FFF7FEBF 		b	UART_ClearRxBuffer
 137              	.LVL12:
ARM GAS  C:\Users\Eih3\AppData\Local\Temp\ccIWKq4j.s 			page 5


 138              		.cfi_endproc
 139              	.LFE60:
 140              		.size	Init_UART, .-Init_UART
 141              		.section	.text.Init_I2C,"ax",%progbits
 142              		.align	1
 143              		.global	Init_I2C
 144              		.thumb
 145              		.thumb_func
 146              		.type	Init_I2C, %function
 147              	Init_I2C:
 148              	.LFB61:
  89:.\Application.c **** 
  90:.\Application.c **** /**** Initialisation I2C ****/
  91:.\Application.c **** void Init_I2C()
  92:.\Application.c **** {
 149              		.loc 1 92 0
 150              		.cfi_startproc
 151              		@ args = 0, pretend = 0, frame = 0
 152              		@ frame_needed = 0, uses_anonymous_args = 0
 153 0000 08B5     		push	{r3, lr}
 154              		.cfi_def_cfa_offset 8
 155              		.cfi_offset 3, -8
 156              		.cfi_offset 14, -4
  93:.\Application.c ****     I2C_Start();
 157              		.loc 1 93 0
 158 0002 FFF7FEFF 		bl	I2C_Start
 159              	.LVL13:
  94:.\Application.c ****     I2C_MasterClearStatus();
  95:.\Application.c **** }
 160              		.loc 1 95 0
 161 0006 BDE80840 		pop	{r3, lr}
  94:.\Application.c ****     I2C_MasterClearStatus();
 162              		.loc 1 94 0
 163 000a FFF7FEBF 		b	I2C_MasterClearStatus
 164              	.LVL14:
 165              		.cfi_endproc
 166              	.LFE61:
 167              		.size	Init_I2C, .-Init_I2C
 168              		.section	.text.Initialisations,"ax",%progbits
 169              		.align	1
 170              		.global	Initialisations
 171              		.thumb
 172              		.thumb_func
 173              		.type	Initialisations, %function
 174              	Initialisations:
 175              	.LFB58:
  62:.\Application.c **** {   
 176              		.loc 1 62 0
 177              		.cfi_startproc
 178              		@ args = 0, pretend = 0, frame = 0
 179              		@ frame_needed = 0, uses_anonymous_args = 0
 180 0000 08B5     		push	{r3, lr}
 181              		.cfi_def_cfa_offset 8
 182              		.cfi_offset 3, -8
 183              		.cfi_offset 14, -4
  63:.\Application.c ****     Init_Interruptions();
 184              		.loc 1 63 0
ARM GAS  C:\Users\Eih3\AppData\Local\Temp\ccIWKq4j.s 			page 6


 185 0002 FFF7FEFF 		bl	Init_Interruptions
 186              	.LVL15:
  65:.\Application.c ****     Init_I2C();
 187              		.loc 1 65 0
 188 0006 FFF7FEFF 		bl	Init_I2C
 189              	.LVL16:
  67:.\Application.c ****     Init_UART();
 190              		.loc 1 67 0
 191 000a FFF7FEFF 		bl	Init_UART
 192              	.LVL17:
  70:.\Application.c **** }
 193              		.loc 1 70 0
 194 000e BDE80840 		pop	{r3, lr}
  69:.\Application.c ****     Init_LCD();
 195              		.loc 1 69 0
 196 0012 FFF7FEBF 		b	Init_LCD
 197              	.LVL18:
 198              		.cfi_endproc
 199              	.LFE58:
 200              		.size	Initialisations, .-Initialisations
 201              		.section	.text.fonctionTest,"ax",%progbits
 202              		.align	1
 203              		.global	fonctionTest
 204              		.thumb
 205              		.thumb_func
 206              		.type	fonctionTest, %function
 207              	fonctionTest:
 208              	.LFB62:
  96:.\Application.c **** 
  97:.\Application.c **** /**** Fonction Test Divers ****/
  98:.\Application.c **** void fonctionTest()
  99:.\Application.c **** {    
 209              		.loc 1 99 0
 210              		.cfi_startproc
 211              		@ args = 0, pretend = 0, frame = 0
 212              		@ frame_needed = 0, uses_anonymous_args = 0
 100:.\Application.c ****     LCD_Position(0, 0);    
 213              		.loc 1 100 0
 214 0000 0020     		movs	r0, #0
  99:.\Application.c **** {    
 215              		.loc 1 99 0
 216 0002 38B5     		push	{r3, r4, r5, lr}
 217              		.cfi_def_cfa_offset 16
 218              		.cfi_offset 3, -16
 219              		.cfi_offset 4, -12
 220              		.cfi_offset 5, -8
 221              		.cfi_offset 14, -4
 222              		.loc 1 100 0
 223 0004 0146     		mov	r1, r0
 224 0006 124C     		ldr	r4, .L17
 225 0008 FFF7FEFF 		bl	LCD_Position
 226              	.LVL19:
 101:.\Application.c ****     
 102:.\Application.c ****     //writeData = 10 octets de 0 à 9
 103:.\Application.c ****     for (i = 0; i < 10; i++)  { writeData[i] = 0x30 + i; };
 227              		.loc 1 103 0
 228 000c 0023     		movs	r3, #0
ARM GAS  C:\Users\Eih3\AppData\Local\Temp\ccIWKq4j.s 			page 7


 229              	.L11:
 230              		.loc 1 103 0 is_stmt 0 discriminator 2
 231 000e 1149     		ldr	r1, .L17+4
 232 0010 03F13002 		add	r2, r3, #48
 233 0014 CA54     		strb	r2, [r1, r3]
 234 0016 0133     		adds	r3, r3, #1
 235 0018 DBB2     		uxtb	r3, r3
 236 001a 092B     		cmp	r3, #9
 237 001c F7D9     		bls	.L11
 104:.\Application.c ****     
 105:.\Application.c ****     /** Ecriture I2C 10 caractères **/
 106:.\Application.c ****     EcritureEEPROM(0, writeData, 10);
 238              		.loc 1 106 0 is_stmt 1
 239 001e 0020     		movs	r0, #0
 240 0020 0A22     		movs	r2, #10
 241 0022 2370     		strb	r3, [r4]
 242 0024 FFF7FEFF 		bl	EcritureEEPROM
 243              	.LVL20:
 107:.\Application.c **** 
 108:.\Application.c ****     /** Lecture I2C 10 caractères **/ 
 109:.\Application.c ****     LectureEEPROM(0, readData, 10);
 244              		.loc 1 109 0
 245 0028 0020     		movs	r0, #0
 246 002a 0B49     		ldr	r1, .L17+8
 247 002c 0A22     		movs	r2, #10
 248 002e FFF7FEFF 		bl	LectureEEPROM
 249              	.LVL21:
 110:.\Application.c ****     
 111:.\Application.c ****     //Affiche 10 caractères
 112:.\Application.c ****     for (i = 0; i < 10; i++)  { LCD_PutChar(readData[i]); };
 250              		.loc 1 112 0
 251 0032 0023     		movs	r3, #0
 252 0034 2370     		strb	r3, [r4]
 253              	.L13:
 254              		.loc 1 112 0 is_stmt 0 discriminator 1
 255 0036 2378     		ldrb	r3, [r4]	@ zero_extendqisi2
 256 0038 054D     		ldr	r5, .L17
 257 003a 092B     		cmp	r3, #9
 258 003c 07D8     		bhi	.L16
 259              		.loc 1 112 0 discriminator 2
 260 003e 064A     		ldr	r2, .L17+8
 261 0040 D05C     		ldrb	r0, [r2, r3]	@ zero_extendqisi2
 262 0042 FFF7FEFF 		bl	LCD_PutChar
 263              	.LVL22:
 264 0046 2B78     		ldrb	r3, [r5]	@ zero_extendqisi2
 265 0048 0133     		adds	r3, r3, #1
 266 004a 2B70     		strb	r3, [r5]
 267 004c F3E7     		b	.L13
 268              	.L16:
 113:.\Application.c **** }
 269              		.loc 1 113 0 is_stmt 1
 270 004e 38BD     		pop	{r3, r4, r5, pc}
 271              	.L18:
 272              		.align	2
 273              	.L17:
 274 0050 00000000 		.word	i
 275 0054 00000000 		.word	writeData
ARM GAS  C:\Users\Eih3\AppData\Local\Temp\ccIWKq4j.s 			page 8


 276 0058 00000000 		.word	readData
 277              		.cfi_endproc
 278              	.LFE62:
 279              		.size	fonctionTest, .-fonctionTest
 280              		.section	.text.wifiTest,"ax",%progbits
 281              		.align	1
 282              		.global	wifiTest
 283              		.thumb
 284              		.thumb_func
 285              		.type	wifiTest, %function
 286              	wifiTest:
 287              	.LFB63:
 114:.\Application.c **** 
 115:.\Application.c **** void wifiTest()
 116:.\Application.c **** {
 288              		.loc 1 116 0
 289              		.cfi_startproc
 290              		@ args = 0, pretend = 0, frame = 0
 291              		@ frame_needed = 0, uses_anonymous_args = 0
 117:.\Application.c ****     LCD_Position(0, 0);
 292              		.loc 1 117 0
 293 0000 0020     		movs	r0, #0
 116:.\Application.c **** {
 294              		.loc 1 116 0
 295 0002 10B5     		push	{r4, lr}
 296              		.cfi_def_cfa_offset 8
 297              		.cfi_offset 4, -8
 298              		.cfi_offset 14, -4
 299              		.loc 1 117 0
 300 0004 0146     		mov	r1, r0
 301 0006 FFF7FEFF 		bl	LCD_Position
 302              	.LVL23:
 118:.\Application.c ****     LCD_PrintString("Char rec: ");
 303              		.loc 1 118 0
 304 000a 1248     		ldr	r0, .L23
 305 000c FFF7FEFF 		bl	LCD_PrintString
 306              	.LVL24:
 119:.\Application.c ****     LCD_Position(0, 14);
 307              		.loc 1 119 0
 308 0010 0E21     		movs	r1, #14
 309 0012 0020     		movs	r0, #0
 310 0014 FFF7FEFF 		bl	LCD_Position
 311              	.LVL25:
 120:.\Application.c ****     LCD_PrintString("AP");
 312              		.loc 1 120 0
 313 0018 0F48     		ldr	r0, .L23+4
 314 001a FFF7FEFF 		bl	LCD_PrintString
 315              	.LVL26:
 121:.\Application.c ****     LCD_Position(1, 0);
 122:.\Application.c ****     LCD_PrintString("Char env: ");   
 123:.\Application.c **** 
 124:.\Application.c ****     UART_PutChar(i);
 316              		.loc 1 124 0
 317 001e 0F4C     		ldr	r4, .L23+8
 121:.\Application.c ****     LCD_Position(1, 0);
 318              		.loc 1 121 0
 319 0020 0021     		movs	r1, #0
ARM GAS  C:\Users\Eih3\AppData\Local\Temp\ccIWKq4j.s 			page 9


 320 0022 0120     		movs	r0, #1
 321 0024 FFF7FEFF 		bl	LCD_Position
 322              	.LVL27:
 122:.\Application.c ****     LCD_PrintString("Char env: ");   
 323              		.loc 1 122 0
 324 0028 0D48     		ldr	r0, .L23+12
 325 002a FFF7FEFF 		bl	LCD_PrintString
 326              	.LVL28:
 327              		.loc 1 124 0
 328 002e 2078     		ldrb	r0, [r4]	@ zero_extendqisi2
 329 0030 FFF7FEFF 		bl	UART_PutChar
 330              	.LVL29:
 125:.\Application.c ****     LCD_Position(1, 10);
 331              		.loc 1 125 0
 332 0034 0120     		movs	r0, #1
 333 0036 0A21     		movs	r1, #10
 334 0038 FFF7FEFF 		bl	LCD_Position
 335              	.LVL30:
 126:.\Application.c ****     LCD_PutChar(i);
 336              		.loc 1 126 0
 337 003c 2078     		ldrb	r0, [r4]	@ zero_extendqisi2
 338 003e FFF7FEFF 		bl	LCD_PutChar
 339              	.LVL31:
 127:.\Application.c ****     i++;        
 340              		.loc 1 127 0
 341 0042 2378     		ldrb	r3, [r4]	@ zero_extendqisi2
 342 0044 0133     		adds	r3, r3, #1
 343 0046 DBB2     		uxtb	r3, r3
 128:.\Application.c ****     if(i==127) i=33;  
 344              		.loc 1 128 0
 345 0048 7F2B     		cmp	r3, #127
 346 004a 08BF     		it	eq
 347 004c 2123     		moveq	r3, #33
 348 004e 2370     		strb	r3, [r4]
 349 0050 10BD     		pop	{r4, pc}
 350              	.L24:
 351 0052 00BF     		.align	2
 352              	.L23:
 353 0054 37000000 		.word	.LC4
 354 0058 42000000 		.word	.LC5
 355 005c 00000000 		.word	i
 356 0060 45000000 		.word	.LC6
 357              		.cfi_endproc
 358              	.LFE63:
 359              		.size	wifiTest, .-wifiTest
 360              		.section	.text.Application,"ax",%progbits
 361              		.align	1
 362              		.global	Application
 363              		.thumb
 364              		.thumb_func
 365              		.type	Application, %function
 366              	Application:
 367              	.LFB56:
  26:.\Application.c **** {
 368              		.loc 1 26 0
 369              		.cfi_startproc
 370              		@ args = 0, pretend = 0, frame = 0
ARM GAS  C:\Users\Eih3\AppData\Local\Temp\ccIWKq4j.s 			page 10


 371              		@ frame_needed = 0, uses_anonymous_args = 0
 372 0000 08B5     		push	{r3, lr}
 373              		.cfi_def_cfa_offset 8
 374              		.cfi_offset 3, -8
 375              		.cfi_offset 14, -4
  27:.\Application.c ****     Initialisations();
 376              		.loc 1 27 0
 377 0002 FFF7FEFF 		bl	Initialisations
 378              	.LVL32:
  28:.\Application.c ****     Configurations();     
 379              		.loc 1 28 0
 380 0006 FFF7FEFF 		bl	Configurations
 381              	.LVL33:
  32:.\Application.c ****     LCD_ClearDisplay();
 382              		.loc 1 32 0
 383 000a 0120     		movs	r0, #1
 384 000c FFF7FEFF 		bl	LCD_WriteControl
 385              	.LVL34:
  34:.\Application.c ****     i=33;
 386              		.loc 1 34 0
 387 0010 0F4B     		ldr	r3, .L31
 388 0012 2122     		movs	r2, #33
 389 0014 1A70     		strb	r2, [r3]
 390              	.L30:
  38:.\Application.c ****         if (!SW2_Read()) LCD_ClearDisplay();
 391              		.loc 1 38 0
 392 0016 FFF7FEFF 		bl	SW2_Read
 393              	.LVL35:
 394 001a 10B9     		cbnz	r0, .L26
  38:.\Application.c ****         if (!SW2_Read()) LCD_ClearDisplay();
 395              		.loc 1 38 0 is_stmt 0 discriminator 1
 396 001c 0120     		movs	r0, #1
 397 001e FFF7FEFF 		bl	LCD_WriteControl
 398              	.LVL36:
 399              	.L26:
  39:.\Application.c ****         if (!SW3_Read()) UART_PutChar(0x40); 
 400              		.loc 1 39 0 is_stmt 1
 401 0022 FFF7FEFF 		bl	SW3_Read
 402              	.LVL37:
 403 0026 10B9     		cbnz	r0, .L27
  39:.\Application.c ****         if (!SW3_Read()) UART_PutChar(0x40); 
 404              		.loc 1 39 0 is_stmt 0 discriminator 1
 405 0028 4020     		movs	r0, #64
 406 002a FFF7FEFF 		bl	UART_PutChar
 407              	.LVL38:
 408              	.L27:
  41:.\Application.c ****         if (Linked) wifiTest();
 409              		.loc 1 41 0 is_stmt 1
 410 002e 094B     		ldr	r3, .L31+4
 411 0030 1878     		ldrb	r0, [r3]	@ zero_extendqisi2
 412 0032 10B1     		cbz	r0, .L28
  41:.\Application.c ****         if (Linked) wifiTest();
 413              		.loc 1 41 0 is_stmt 0 discriminator 1
 414 0034 FFF7FEFF 		bl	wifiTest
 415              	.LVL39:
 416 0038 05E0     		b	.L29
 417              	.L28:
ARM GAS  C:\Users\Eih3\AppData\Local\Temp\ccIWKq4j.s 			page 11


  42:.\Application.c ****         else { LCD_Position(0, 0); LCD_PrintString("Attente de STA"); }
 418              		.loc 1 42 0 is_stmt 1
 419 003a 0146     		mov	r1, r0
 420 003c FFF7FEFF 		bl	LCD_Position
 421              	.LVL40:
 422 0040 0548     		ldr	r0, .L31+8
 423 0042 FFF7FEFF 		bl	LCD_PrintString
 424              	.LVL41:
 425              	.L29:
  44:.\Application.c ****         CyDelay(1000u);        
 426              		.loc 1 44 0
 427 0046 4FF47A70 		mov	r0, #1000
 428 004a FFF7FEFF 		bl	CyDelay
 429              	.LVL42:
  45:.\Application.c ****     }
 430              		.loc 1 45 0
 431 004e E2E7     		b	.L30
 432              	.L32:
 433              		.align	2
 434              	.L31:
 435 0050 00000000 		.word	i
 436 0054 00000000 		.word	Linked
 437 0058 50000000 		.word	.LC7
 438              		.cfi_endproc
 439              	.LFE56:
 440              		.size	Application, .-Application
 441              		.comm	Linked,1,1
 442              		.comm	ConfigEnd,1,1
 443              		.global	RxData
 444              		.comm	readData,254,1
 445              		.comm	writeData,254,1
 446              		.global	dataBuffer
 447              		.global	adresse
 448              		.comm	i,1,1
 449              		.section	.rodata.str1.1,"aMS",%progbits,1
 450              	.LC0:
 451 0000 2020204D 		.ascii	"   Module HF\000"
 451      6F64756C 
 451      65204846 
 451      00
 452              	.LC1:
 453 000d 436F6E66 		.ascii	"Configuration\000"
 453      69677572 
 453      6174696F 
 453      6E00
 454              	.LC2:
 455 001b 2020204D 		.ascii	"   Module AP\000"
 455      6F64756C 
 455      65204150 
 455      00
 456              	.LC3:
 457 0028 496E6974 		.ascii	"Initialisation\000"
 457      69616C69 
 457      73617469 
 457      6F6E00
 458              	.LC4:
 459 0037 43686172 		.ascii	"Char rec: \000"
ARM GAS  C:\Users\Eih3\AppData\Local\Temp\ccIWKq4j.s 			page 12


 459      20726563 
 459      3A2000
 460              	.LC5:
 461 0042 415000   		.ascii	"AP\000"
 462              	.LC6:
 463 0045 43686172 		.ascii	"Char env: \000"
 463      20656E76 
 463      3A2000
 464              	.LC7:
 465 0050 41747465 		.ascii	"Attente de STA\000"
 465      6E746520 
 465      64652053 
 465      544100
 466              		.data
 467              		.type	RxData, %object
 468              		.size	RxData, 1
 469              	RxData:
 470 0000 20       		.byte	32
 471              		.bss
 472              		.type	dataBuffer, %object
 473              		.size	dataBuffer, 254
 474              	dataBuffer:
 475 0000 00000000 		.space	254
 475      00000000 
 475      00000000 
 475      00000000 
 475      00000000 
 476              		.type	adresse, %object
 477              		.size	adresse, 2
 478              	adresse:
 479 00fe 0000     		.space	2
 480              		.text
 481              	.Letext0:
 482              		.file 2 "c:\\program files (x86)\\cypress\\psoc creator\\3.1\\psoc creator\\import\\gnu_cs\\arm\\4
 483              		.file 3 "c:\\program files (x86)\\cypress\\psoc creator\\3.1\\psoc creator\\import\\gnu_cs\\arm\\4
 484              		.file 4 ".\\Generated_Source\\PSoC5/cytypes.h"
 485              		.file 5 ".\\Generated_Source\\PSoC5/core_cm3.h"
 486              		.file 6 ".\\Generated_Source\\PSoC5/LCD.h"
 487              		.file 7 ".\\Generated_Source\\PSoC5/UART.h"
 488              		.file 8 ".\\Generated_Source\\PSoC5/CyLib.h"
 489              		.file 9 ".\\Generated_Source\\PSoC5/I2C.h"
 490              		.file 10 "./WIFI.h"
 491              		.file 11 "./Application.h"
 492              		.file 12 "./EEPROM.h"
 493              		.file 13 ".\\Generated_Source\\PSoC5/SW2.h"
 494              		.file 14 ".\\Generated_Source\\PSoC5/SW3.h"
 495              		.section	.debug_info,"",%progbits
 496              	.Ldebug_info0:
 497 0000 F0050000 		.4byte	0x5f0
 498 0004 0400     		.2byte	0x4
 499 0006 00000000 		.4byte	.Ldebug_abbrev0
 500 000a 04       		.byte	0x4
 501 000b 01       		.uleb128 0x1
 502 000c 9D000000 		.4byte	.LASF51
 503 0010 01       		.byte	0x1
 504 0011 40000000 		.4byte	.LASF52
 505 0015 B6020000 		.4byte	.LASF53
ARM GAS  C:\Users\Eih3\AppData\Local\Temp\ccIWKq4j.s 			page 13


 506 0019 00000000 		.4byte	.Ldebug_ranges0+0
 507 001d 00000000 		.4byte	0
 508 0021 00000000 		.4byte	.Ldebug_line0
 509 0025 02       		.uleb128 0x2
 510 0026 01       		.byte	0x1
 511 0027 06       		.byte	0x6
 512 0028 15020000 		.4byte	.LASF0
 513 002c 02       		.uleb128 0x2
 514 002d 01       		.byte	0x1
 515 002e 08       		.byte	0x8
 516 002f 82010000 		.4byte	.LASF1
 517 0033 02       		.uleb128 0x2
 518 0034 02       		.byte	0x2
 519 0035 05       		.byte	0x5
 520 0036 72020000 		.4byte	.LASF2
 521 003a 02       		.uleb128 0x2
 522 003b 02       		.byte	0x2
 523 003c 07       		.byte	0x7
 524 003d 47010000 		.4byte	.LASF3
 525 0041 03       		.uleb128 0x3
 526 0042 09000000 		.4byte	.LASF9
 527 0046 02       		.byte	0x2
 528 0047 37       		.byte	0x37
 529 0048 4C000000 		.4byte	0x4c
 530 004c 02       		.uleb128 0x2
 531 004d 04       		.byte	0x4
 532 004e 05       		.byte	0x5
 533 004f 96020000 		.4byte	.LASF4
 534 0053 02       		.uleb128 0x2
 535 0054 04       		.byte	0x4
 536 0055 07       		.byte	0x7
 537 0056 35010000 		.4byte	.LASF5
 538 005a 02       		.uleb128 0x2
 539 005b 08       		.byte	0x8
 540 005c 05       		.byte	0x5
 541 005d 3F020000 		.4byte	.LASF6
 542 0061 02       		.uleb128 0x2
 543 0062 08       		.byte	0x8
 544 0063 07       		.byte	0x7
 545 0064 E9010000 		.4byte	.LASF7
 546 0068 04       		.uleb128 0x4
 547 0069 04       		.byte	0x4
 548 006a 05       		.byte	0x5
 549 006b 696E7400 		.ascii	"int\000"
 550 006f 02       		.uleb128 0x2
 551 0070 04       		.byte	0x4
 552 0071 07       		.byte	0x7
 553 0072 DC010000 		.4byte	.LASF8
 554 0076 03       		.uleb128 0x3
 555 0077 21020000 		.4byte	.LASF10
 556 007b 03       		.byte	0x3
 557 007c 41       		.byte	0x41
 558 007d 41000000 		.4byte	0x41
 559 0081 03       		.uleb128 0x3
 560 0082 7C020000 		.4byte	.LASF11
 561 0086 04       		.byte	0x4
 562 0087 A1       		.byte	0xa1
ARM GAS  C:\Users\Eih3\AppData\Local\Temp\ccIWKq4j.s 			page 14


 563 0088 2C000000 		.4byte	0x2c
 564 008c 03       		.uleb128 0x3
 565 008d D5010000 		.4byte	.LASF12
 566 0091 04       		.byte	0x4
 567 0092 A3       		.byte	0xa3
 568 0093 53000000 		.4byte	0x53
 569 0097 02       		.uleb128 0x2
 570 0098 04       		.byte	0x4
 571 0099 04       		.byte	0x4
 572 009a 71000000 		.4byte	.LASF13
 573 009e 02       		.uleb128 0x2
 574 009f 08       		.byte	0x8
 575 00a0 04       		.byte	0x4
 576 00a1 A3010000 		.4byte	.LASF14
 577 00a5 03       		.uleb128 0x3
 578 00a6 19010000 		.4byte	.LASF15
 579 00aa 04       		.byte	0x4
 580 00ab B2       		.byte	0xb2
 581 00ac B0000000 		.4byte	0xb0
 582 00b0 02       		.uleb128 0x2
 583 00b1 01       		.byte	0x1
 584 00b2 08       		.byte	0x8
 585 00b3 4D020000 		.4byte	.LASF16
 586 00b7 02       		.uleb128 0x2
 587 00b8 04       		.byte	0x4
 588 00b9 07       		.byte	0x7
 589 00ba 36020000 		.4byte	.LASF17
 590 00be 05       		.uleb128 0x5
 591 00bf 52020000 		.4byte	.LASF18
 592 00c3 01       		.byte	0x1
 593 00c4 31       		.byte	0x31
 594 00c5 00000000 		.4byte	.LFB57
 595 00c9 2C000000 		.4byte	.LFE57-.LFB57
 596 00cd 01       		.uleb128 0x1
 597 00ce 9C       		.byte	0x9c
 598 00cf 2C010000 		.4byte	0x12c
 599 00d3 06       		.uleb128 0x6
 600 00d4 08000000 		.4byte	.LVL0
 601 00d8 EA040000 		.4byte	0x4ea
 602 00dc EA000000 		.4byte	0xea
 603 00e0 07       		.uleb128 0x7
 604 00e1 01       		.uleb128 0x1
 605 00e2 50       		.byte	0x50
 606 00e3 05       		.uleb128 0x5
 607 00e4 03       		.byte	0x3
 608 00e5 00000000 		.4byte	.LC0
 609 00e9 00       		.byte	0
 610 00ea 06       		.uleb128 0x6
 611 00eb 10000000 		.4byte	.LVL1
 612 00ef 06050000 		.4byte	0x506
 613 00f3 02010000 		.4byte	0x102
 614 00f7 07       		.uleb128 0x7
 615 00f8 01       		.uleb128 0x1
 616 00f9 51       		.byte	0x51
 617 00fa 01       		.uleb128 0x1
 618 00fb 31       		.byte	0x31
 619 00fc 07       		.uleb128 0x7
ARM GAS  C:\Users\Eih3\AppData\Local\Temp\ccIWKq4j.s 			page 15


 620 00fd 01       		.uleb128 0x1
 621 00fe 50       		.byte	0x50
 622 00ff 01       		.uleb128 0x1
 623 0100 31       		.byte	0x31
 624 0101 00       		.byte	0
 625 0102 06       		.uleb128 0x6
 626 0103 16000000 		.4byte	.LVL2
 627 0107 EA040000 		.4byte	0x4ea
 628 010b 19010000 		.4byte	0x119
 629 010f 07       		.uleb128 0x7
 630 0110 01       		.uleb128 0x1
 631 0111 50       		.byte	0x50
 632 0112 05       		.uleb128 0x5
 633 0113 03       		.byte	0x3
 634 0114 0D000000 		.4byte	.LC1
 635 0118 00       		.byte	0
 636 0119 08       		.uleb128 0x8
 637 011a 1A000000 		.4byte	.LVL3
 638 011e 1C050000 		.4byte	0x51c
 639 0122 09       		.uleb128 0x9
 640 0123 22000000 		.4byte	.LVL4
 641 0127 29050000 		.4byte	0x529
 642 012b 00       		.byte	0
 643 012c 05       		.uleb128 0x5
 644 012d 81000000 		.4byte	.LASF19
 645 0131 01       		.byte	0x1
 646 0132 49       		.byte	0x49
 647 0133 00000000 		.4byte	.LFB59
 648 0137 34000000 		.4byte	.LFE59-.LFB59
 649 013b 01       		.uleb128 0x1
 650 013c 9C       		.byte	0x9c
 651 013d B5010000 		.4byte	0x1b5
 652 0141 08       		.uleb128 0x8
 653 0142 06000000 		.4byte	.LVL5
 654 0146 30050000 		.4byte	0x530
 655 014a 06       		.uleb128 0x6
 656 014b 0C000000 		.4byte	.LVL6
 657 014f EA040000 		.4byte	0x4ea
 658 0153 61010000 		.4byte	0x161
 659 0157 07       		.uleb128 0x7
 660 0158 01       		.uleb128 0x1
 661 0159 50       		.byte	0x50
 662 015a 05       		.uleb128 0x5
 663 015b 03       		.byte	0x3
 664 015c 1B000000 		.4byte	.LC2
 665 0160 00       		.byte	0
 666 0161 06       		.uleb128 0x6
 667 0162 14000000 		.4byte	.LVL7
 668 0166 06050000 		.4byte	0x506
 669 016a 79010000 		.4byte	0x179
 670 016e 07       		.uleb128 0x7
 671 016f 01       		.uleb128 0x1
 672 0170 51       		.byte	0x51
 673 0171 01       		.uleb128 0x1
 674 0172 31       		.byte	0x31
 675 0173 07       		.uleb128 0x7
 676 0174 01       		.uleb128 0x1
ARM GAS  C:\Users\Eih3\AppData\Local\Temp\ccIWKq4j.s 			page 16


 677 0175 50       		.byte	0x50
 678 0176 01       		.uleb128 0x1
 679 0177 31       		.byte	0x31
 680 0178 00       		.byte	0
 681 0179 06       		.uleb128 0x6
 682 017a 1A000000 		.4byte	.LVL8
 683 017e EA040000 		.4byte	0x4ea
 684 0182 90010000 		.4byte	0x190
 685 0186 07       		.uleb128 0x7
 686 0187 01       		.uleb128 0x1
 687 0188 50       		.byte	0x50
 688 0189 05       		.uleb128 0x5
 689 018a 03       		.byte	0x3
 690 018b 28000000 		.4byte	.LC3
 691 018f 00       		.byte	0
 692 0190 06       		.uleb128 0x6
 693 0191 22000000 		.4byte	.LVL9
 694 0195 37050000 		.4byte	0x537
 695 0199 A5010000 		.4byte	0x1a5
 696 019d 07       		.uleb128 0x7
 697 019e 01       		.uleb128 0x1
 698 019f 50       		.byte	0x50
 699 01a0 03       		.uleb128 0x3
 700 01a1 0A       		.byte	0xa
 701 01a2 E803     		.2byte	0x3e8
 702 01a4 00       		.byte	0
 703 01a5 0A       		.uleb128 0xa
 704 01a6 2C000000 		.4byte	.LVL10
 705 01aa 48050000 		.4byte	0x548
 706 01ae 07       		.uleb128 0x7
 707 01af 01       		.uleb128 0x1
 708 01b0 50       		.byte	0x50
 709 01b1 01       		.uleb128 0x1
 710 01b2 31       		.byte	0x31
 711 01b3 00       		.byte	0
 712 01b4 00       		.byte	0
 713 01b5 05       		.uleb128 0x5
 714 01b6 82020000 		.4byte	.LASF20
 715 01ba 01       		.byte	0x1
 716 01bb 54       		.byte	0x54
 717 01bc 00000000 		.4byte	.LFB60
 718 01c0 0E000000 		.4byte	.LFE60-.LFB60
 719 01c4 01       		.uleb128 0x1
 720 01c5 9C       		.byte	0x9c
 721 01c6 DD010000 		.4byte	0x1dd
 722 01ca 08       		.uleb128 0x8
 723 01cb 06000000 		.4byte	.LVL11
 724 01cf 59050000 		.4byte	0x559
 725 01d3 09       		.uleb128 0x9
 726 01d4 0E000000 		.4byte	.LVL12
 727 01d8 29050000 		.4byte	0x529
 728 01dc 00       		.byte	0
 729 01dd 05       		.uleb128 0x5
 730 01de B1010000 		.4byte	.LASF21
 731 01e2 01       		.byte	0x1
 732 01e3 5B       		.byte	0x5b
 733 01e4 00000000 		.4byte	.LFB61
ARM GAS  C:\Users\Eih3\AppData\Local\Temp\ccIWKq4j.s 			page 17


 734 01e8 0E000000 		.4byte	.LFE61-.LFB61
 735 01ec 01       		.uleb128 0x1
 736 01ed 9C       		.byte	0x9c
 737 01ee 05020000 		.4byte	0x205
 738 01f2 08       		.uleb128 0x8
 739 01f3 06000000 		.4byte	.LVL13
 740 01f7 60050000 		.4byte	0x560
 741 01fb 09       		.uleb128 0x9
 742 01fc 0E000000 		.4byte	.LVL14
 743 0200 67050000 		.4byte	0x567
 744 0204 00       		.byte	0
 745 0205 05       		.uleb128 0x5
 746 0206 65010000 		.4byte	.LASF22
 747 020a 01       		.byte	0x1
 748 020b 3D       		.byte	0x3d
 749 020c 00000000 		.4byte	.LFB58
 750 0210 16000000 		.4byte	.LFE58-.LFB58
 751 0214 01       		.uleb128 0x1
 752 0215 9C       		.byte	0x9c
 753 0216 3F020000 		.4byte	0x23f
 754 021a 08       		.uleb128 0x8
 755 021b 06000000 		.4byte	.LVL15
 756 021f 72050000 		.4byte	0x572
 757 0223 08       		.uleb128 0x8
 758 0224 0A000000 		.4byte	.LVL16
 759 0228 DD010000 		.4byte	0x1dd
 760 022c 08       		.uleb128 0x8
 761 022d 0E000000 		.4byte	.LVL17
 762 0231 B5010000 		.4byte	0x1b5
 763 0235 09       		.uleb128 0x9
 764 0236 16000000 		.4byte	.LVL18
 765 023a 2C010000 		.4byte	0x12c
 766 023e 00       		.byte	0
 767 023f 05       		.uleb128 0x5
 768 0240 9F020000 		.4byte	.LASF23
 769 0244 01       		.byte	0x1
 770 0245 62       		.byte	0x62
 771 0246 00000000 		.4byte	.LFB62
 772 024a 5C000000 		.4byte	.LFE62-.LFB62
 773 024e 01       		.uleb128 0x1
 774 024f 9C       		.byte	0x9c
 775 0250 B8020000 		.4byte	0x2b8
 776 0254 06       		.uleb128 0x6
 777 0255 0C000000 		.4byte	.LVL19
 778 0259 06050000 		.4byte	0x506
 779 025d 6C020000 		.4byte	0x26c
 780 0261 07       		.uleb128 0x7
 781 0262 01       		.uleb128 0x1
 782 0263 51       		.byte	0x51
 783 0264 01       		.uleb128 0x1
 784 0265 30       		.byte	0x30
 785 0266 07       		.uleb128 0x7
 786 0267 01       		.uleb128 0x1
 787 0268 50       		.byte	0x50
 788 0269 01       		.uleb128 0x1
 789 026a 30       		.byte	0x30
 790 026b 00       		.byte	0
ARM GAS  C:\Users\Eih3\AppData\Local\Temp\ccIWKq4j.s 			page 18


 791 026c 06       		.uleb128 0x6
 792 026d 28000000 		.4byte	.LVL20
 793 0271 7F050000 		.4byte	0x57f
 794 0275 8D020000 		.4byte	0x28d
 795 0279 07       		.uleb128 0x7
 796 027a 01       		.uleb128 0x1
 797 027b 52       		.byte	0x52
 798 027c 01       		.uleb128 0x1
 799 027d 3A       		.byte	0x3a
 800 027e 07       		.uleb128 0x7
 801 027f 01       		.uleb128 0x1
 802 0280 51       		.byte	0x51
 803 0281 05       		.uleb128 0x5
 804 0282 03       		.byte	0x3
 805 0283 00000000 		.4byte	writeData
 806 0287 07       		.uleb128 0x7
 807 0288 01       		.uleb128 0x1
 808 0289 50       		.byte	0x50
 809 028a 01       		.uleb128 0x1
 810 028b 30       		.byte	0x30
 811 028c 00       		.byte	0
 812 028d 06       		.uleb128 0x6
 813 028e 32000000 		.4byte	.LVL21
 814 0292 A0050000 		.4byte	0x5a0
 815 0296 AE020000 		.4byte	0x2ae
 816 029a 07       		.uleb128 0x7
 817 029b 01       		.uleb128 0x1
 818 029c 52       		.byte	0x52
 819 029d 01       		.uleb128 0x1
 820 029e 3A       		.byte	0x3a
 821 029f 07       		.uleb128 0x7
 822 02a0 01       		.uleb128 0x1
 823 02a1 51       		.byte	0x51
 824 02a2 05       		.uleb128 0x5
 825 02a3 03       		.byte	0x3
 826 02a4 00000000 		.4byte	readData
 827 02a8 07       		.uleb128 0x7
 828 02a9 01       		.uleb128 0x1
 829 02aa 50       		.byte	0x50
 830 02ab 01       		.uleb128 0x1
 831 02ac 30       		.byte	0x30
 832 02ad 00       		.byte	0
 833 02ae 08       		.uleb128 0x8
 834 02af 46000000 		.4byte	.LVL22
 835 02b3 BB050000 		.4byte	0x5bb
 836 02b7 00       		.byte	0
 837 02b8 05       		.uleb128 0x5
 838 02b9 00020000 		.4byte	.LASF24
 839 02bd 01       		.byte	0x1
 840 02be 73       		.byte	0x73
 841 02bf 00000000 		.4byte	.LFB63
 842 02c3 64000000 		.4byte	.LFE63-.LFB63
 843 02c7 01       		.uleb128 0x1
 844 02c8 9C       		.byte	0x9c
 845 02c9 85030000 		.4byte	0x385
 846 02cd 06       		.uleb128 0x6
 847 02ce 0A000000 		.4byte	.LVL23
ARM GAS  C:\Users\Eih3\AppData\Local\Temp\ccIWKq4j.s 			page 19


 848 02d2 06050000 		.4byte	0x506
 849 02d6 E5020000 		.4byte	0x2e5
 850 02da 07       		.uleb128 0x7
 851 02db 01       		.uleb128 0x1
 852 02dc 51       		.byte	0x51
 853 02dd 01       		.uleb128 0x1
 854 02de 30       		.byte	0x30
 855 02df 07       		.uleb128 0x7
 856 02e0 01       		.uleb128 0x1
 857 02e1 50       		.byte	0x50
 858 02e2 01       		.uleb128 0x1
 859 02e3 30       		.byte	0x30
 860 02e4 00       		.byte	0
 861 02e5 06       		.uleb128 0x6
 862 02e6 10000000 		.4byte	.LVL24
 863 02ea EA040000 		.4byte	0x4ea
 864 02ee FC020000 		.4byte	0x2fc
 865 02f2 07       		.uleb128 0x7
 866 02f3 01       		.uleb128 0x1
 867 02f4 50       		.byte	0x50
 868 02f5 05       		.uleb128 0x5
 869 02f6 03       		.byte	0x3
 870 02f7 37000000 		.4byte	.LC4
 871 02fb 00       		.byte	0
 872 02fc 06       		.uleb128 0x6
 873 02fd 18000000 		.4byte	.LVL25
 874 0301 06050000 		.4byte	0x506
 875 0305 14030000 		.4byte	0x314
 876 0309 07       		.uleb128 0x7
 877 030a 01       		.uleb128 0x1
 878 030b 51       		.byte	0x51
 879 030c 01       		.uleb128 0x1
 880 030d 3E       		.byte	0x3e
 881 030e 07       		.uleb128 0x7
 882 030f 01       		.uleb128 0x1
 883 0310 50       		.byte	0x50
 884 0311 01       		.uleb128 0x1
 885 0312 30       		.byte	0x30
 886 0313 00       		.byte	0
 887 0314 06       		.uleb128 0x6
 888 0315 1E000000 		.4byte	.LVL26
 889 0319 EA040000 		.4byte	0x4ea
 890 031d 2B030000 		.4byte	0x32b
 891 0321 07       		.uleb128 0x7
 892 0322 01       		.uleb128 0x1
 893 0323 50       		.byte	0x50
 894 0324 05       		.uleb128 0x5
 895 0325 03       		.byte	0x3
 896 0326 42000000 		.4byte	.LC5
 897 032a 00       		.byte	0
 898 032b 06       		.uleb128 0x6
 899 032c 28000000 		.4byte	.LVL27
 900 0330 06050000 		.4byte	0x506
 901 0334 43030000 		.4byte	0x343
 902 0338 07       		.uleb128 0x7
 903 0339 01       		.uleb128 0x1
 904 033a 51       		.byte	0x51
ARM GAS  C:\Users\Eih3\AppData\Local\Temp\ccIWKq4j.s 			page 20


 905 033b 01       		.uleb128 0x1
 906 033c 30       		.byte	0x30
 907 033d 07       		.uleb128 0x7
 908 033e 01       		.uleb128 0x1
 909 033f 50       		.byte	0x50
 910 0340 01       		.uleb128 0x1
 911 0341 31       		.byte	0x31
 912 0342 00       		.byte	0
 913 0343 06       		.uleb128 0x6
 914 0344 2E000000 		.4byte	.LVL28
 915 0348 EA040000 		.4byte	0x4ea
 916 034c 5A030000 		.4byte	0x35a
 917 0350 07       		.uleb128 0x7
 918 0351 01       		.uleb128 0x1
 919 0352 50       		.byte	0x50
 920 0353 05       		.uleb128 0x5
 921 0354 03       		.byte	0x3
 922 0355 45000000 		.4byte	.LC6
 923 0359 00       		.byte	0
 924 035a 08       		.uleb128 0x8
 925 035b 34000000 		.4byte	.LVL29
 926 035f CC050000 		.4byte	0x5cc
 927 0363 06       		.uleb128 0x6
 928 0364 3C000000 		.4byte	.LVL30
 929 0368 06050000 		.4byte	0x506
 930 036c 7B030000 		.4byte	0x37b
 931 0370 07       		.uleb128 0x7
 932 0371 01       		.uleb128 0x1
 933 0372 51       		.byte	0x51
 934 0373 01       		.uleb128 0x1
 935 0374 3A       		.byte	0x3a
 936 0375 07       		.uleb128 0x7
 937 0376 01       		.uleb128 0x1
 938 0377 50       		.byte	0x50
 939 0378 01       		.uleb128 0x1
 940 0379 31       		.byte	0x31
 941 037a 00       		.byte	0
 942 037b 08       		.uleb128 0x8
 943 037c 42000000 		.4byte	.LVL31
 944 0380 BB050000 		.4byte	0x5bb
 945 0384 00       		.byte	0
 946 0385 05       		.uleb128 0x5
 947 0386 8A000000 		.4byte	.LASF25
 948 038a 01       		.byte	0x1
 949 038b 19       		.byte	0x19
 950 038c 00000000 		.4byte	.LFB56
 951 0390 5C000000 		.4byte	.LFE56-.LFB56
 952 0394 01       		.uleb128 0x1
 953 0395 9C       		.byte	0x9c
 954 0396 33040000 		.4byte	0x433
 955 039a 08       		.uleb128 0x8
 956 039b 06000000 		.4byte	.LVL32
 957 039f 05020000 		.4byte	0x205
 958 03a3 08       		.uleb128 0x8
 959 03a4 0A000000 		.4byte	.LVL33
 960 03a8 BE000000 		.4byte	0xbe
 961 03ac 06       		.uleb128 0x6
ARM GAS  C:\Users\Eih3\AppData\Local\Temp\ccIWKq4j.s 			page 21


 962 03ad 10000000 		.4byte	.LVL34
 963 03b1 48050000 		.4byte	0x548
 964 03b5 BF030000 		.4byte	0x3bf
 965 03b9 07       		.uleb128 0x7
 966 03ba 01       		.uleb128 0x1
 967 03bb 50       		.byte	0x50
 968 03bc 01       		.uleb128 0x1
 969 03bd 31       		.byte	0x31
 970 03be 00       		.byte	0
 971 03bf 08       		.uleb128 0x8
 972 03c0 1A000000 		.4byte	.LVL35
 973 03c4 DD050000 		.4byte	0x5dd
 974 03c8 06       		.uleb128 0x6
 975 03c9 22000000 		.4byte	.LVL36
 976 03cd 48050000 		.4byte	0x548
 977 03d1 DB030000 		.4byte	0x3db
 978 03d5 07       		.uleb128 0x7
 979 03d6 01       		.uleb128 0x1
 980 03d7 50       		.byte	0x50
 981 03d8 01       		.uleb128 0x1
 982 03d9 31       		.byte	0x31
 983 03da 00       		.byte	0
 984 03db 08       		.uleb128 0x8
 985 03dc 26000000 		.4byte	.LVL37
 986 03e0 E8050000 		.4byte	0x5e8
 987 03e4 06       		.uleb128 0x6
 988 03e5 2E000000 		.4byte	.LVL38
 989 03e9 CC050000 		.4byte	0x5cc
 990 03ed F8030000 		.4byte	0x3f8
 991 03f1 07       		.uleb128 0x7
 992 03f2 01       		.uleb128 0x1
 993 03f3 50       		.byte	0x50
 994 03f4 02       		.uleb128 0x2
 995 03f5 08       		.byte	0x8
 996 03f6 40       		.byte	0x40
 997 03f7 00       		.byte	0
 998 03f8 08       		.uleb128 0x8
 999 03f9 38000000 		.4byte	.LVL39
 1000 03fd B8020000 		.4byte	0x2b8
 1001 0401 08       		.uleb128 0x8
 1002 0402 40000000 		.4byte	.LVL40
 1003 0406 06050000 		.4byte	0x506
 1004 040a 06       		.uleb128 0x6
 1005 040b 46000000 		.4byte	.LVL41
 1006 040f EA040000 		.4byte	0x4ea
 1007 0413 21040000 		.4byte	0x421
 1008 0417 07       		.uleb128 0x7
 1009 0418 01       		.uleb128 0x1
 1010 0419 50       		.byte	0x50
 1011 041a 05       		.uleb128 0x5
 1012 041b 03       		.byte	0x3
 1013 041c 50000000 		.4byte	.LC7
 1014 0420 00       		.byte	0
 1015 0421 0B       		.uleb128 0xb
 1016 0422 4E000000 		.4byte	.LVL42
 1017 0426 37050000 		.4byte	0x537
 1018 042a 07       		.uleb128 0x7
ARM GAS  C:\Users\Eih3\AppData\Local\Temp\ccIWKq4j.s 			page 22


 1019 042b 01       		.uleb128 0x1
 1020 042c 50       		.byte	0x50
 1021 042d 03       		.uleb128 0x3
 1022 042e 0A       		.byte	0xa
 1023 042f E803     		.2byte	0x3e8
 1024 0431 00       		.byte	0
 1025 0432 00       		.byte	0
 1026 0433 0C       		.uleb128 0xc
 1027 0434 75010000 		.4byte	.LASF26
 1028 0438 05       		.byte	0x5
 1029 0439 1606     		.2byte	0x616
 1030 043b 3F040000 		.4byte	0x43f
 1031 043f 0D       		.uleb128 0xd
 1032 0440 76000000 		.4byte	0x76
 1033 0444 0E       		.uleb128 0xe
 1034 0445 6900     		.ascii	"i\000"
 1035 0447 01       		.byte	0x1
 1036 0448 0F       		.byte	0xf
 1037 0449 81000000 		.4byte	0x81
 1038 044d 05       		.uleb128 0x5
 1039 044e 03       		.byte	0x3
 1040 044f 00000000 		.4byte	i
 1041 0453 0F       		.uleb128 0xf
 1042 0454 81000000 		.4byte	0x81
 1043 0458 63040000 		.4byte	0x463
 1044 045c 10       		.uleb128 0x10
 1045 045d B7000000 		.4byte	0xb7
 1046 0461 01       		.byte	0x1
 1047 0462 00       		.byte	0
 1048 0463 11       		.uleb128 0x11
 1049 0464 FB020000 		.4byte	.LASF27
 1050 0468 01       		.byte	0x1
 1051 0469 10       		.byte	0x10
 1052 046a 53040000 		.4byte	0x453
 1053 046e 05       		.uleb128 0x5
 1054 046f 03       		.byte	0x3
 1055 0470 00000000 		.4byte	adresse
 1056 0474 0F       		.uleb128 0xf
 1057 0475 81000000 		.4byte	0x81
 1058 0479 84040000 		.4byte	0x484
 1059 047d 10       		.uleb128 0x10
 1060 047e B7000000 		.4byte	0xb7
 1061 0482 FD       		.byte	0xfd
 1062 0483 00       		.byte	0
 1063 0484 11       		.uleb128 0x11
 1064 0485 BA010000 		.4byte	.LASF28
 1065 0489 01       		.byte	0x1
 1066 048a 11       		.byte	0x11
 1067 048b 74040000 		.4byte	0x474
 1068 048f 05       		.uleb128 0x5
 1069 0490 03       		.byte	0x3
 1070 0491 00000000 		.4byte	dataBuffer
 1071 0495 11       		.uleb128 0x11
 1072 0496 8C020000 		.4byte	.LASF29
 1073 049a 01       		.byte	0x1
 1074 049b 12       		.byte	0x12
 1075 049c 74040000 		.4byte	0x474
ARM GAS  C:\Users\Eih3\AppData\Local\Temp\ccIWKq4j.s 			page 23


 1076 04a0 05       		.uleb128 0x5
 1077 04a1 03       		.byte	0x3
 1078 04a2 00000000 		.4byte	writeData
 1079 04a6 11       		.uleb128 0x11
 1080 04a7 EA020000 		.4byte	.LASF30
 1081 04ab 01       		.byte	0x1
 1082 04ac 13       		.byte	0x13
 1083 04ad 74040000 		.4byte	0x474
 1084 04b1 05       		.uleb128 0x5
 1085 04b2 03       		.byte	0x3
 1086 04b3 00000000 		.4byte	readData
 1087 04b7 11       		.uleb128 0x11
 1088 04b8 AA010000 		.4byte	.LASF31
 1089 04bc 01       		.byte	0x1
 1090 04bd 14       		.byte	0x14
 1091 04be 81000000 		.4byte	0x81
 1092 04c2 05       		.uleb128 0x5
 1093 04c3 03       		.byte	0x3
 1094 04c4 00000000 		.4byte	RxData
 1095 04c8 11       		.uleb128 0x11
 1096 04c9 AC020000 		.4byte	.LASF32
 1097 04cd 01       		.byte	0x1
 1098 04ce 15       		.byte	0x15
 1099 04cf 81000000 		.4byte	0x81
 1100 04d3 05       		.uleb128 0x5
 1101 04d4 03       		.byte	0x3
 1102 04d5 00000000 		.4byte	ConfigEnd
 1103 04d9 11       		.uleb128 0x11
 1104 04da 96000000 		.4byte	.LASF33
 1105 04de 01       		.byte	0x1
 1106 04df 16       		.byte	0x16
 1107 04e0 81000000 		.4byte	0x81
 1108 04e4 05       		.uleb128 0x5
 1109 04e5 03       		.byte	0x3
 1110 04e6 00000000 		.4byte	Linked
 1111 04ea 12       		.uleb128 0x12
 1112 04eb C5010000 		.4byte	.LASF34
 1113 04ef 06       		.byte	0x6
 1114 04f0 3C       		.byte	0x3c
 1115 04f1 FB040000 		.4byte	0x4fb
 1116 04f5 13       		.uleb128 0x13
 1117 04f6 FB040000 		.4byte	0x4fb
 1118 04fa 00       		.byte	0
 1119 04fb 14       		.uleb128 0x14
 1120 04fc 04       		.byte	0x4
 1121 04fd 01050000 		.4byte	0x501
 1122 0501 15       		.uleb128 0x15
 1123 0502 A5000000 		.4byte	0xa5
 1124 0506 12       		.uleb128 0x12
 1125 0507 DD020000 		.4byte	.LASF35
 1126 050b 06       		.byte	0x6
 1127 050c 3D       		.byte	0x3d
 1128 050d 1C050000 		.4byte	0x51c
 1129 0511 13       		.uleb128 0x13
 1130 0512 81000000 		.4byte	0x81
 1131 0516 13       		.uleb128 0x13
 1132 0517 81000000 		.4byte	0x81
ARM GAS  C:\Users\Eih3\AppData\Local\Temp\ccIWKq4j.s 			page 24


 1133 051b 00       		.byte	0
 1134 051c 16       		.uleb128 0x16
 1135 051d 22000000 		.4byte	.LASF42
 1136 0521 0A       		.byte	0xa
 1137 0522 13       		.byte	0x13
 1138 0523 29050000 		.4byte	0x529
 1139 0527 17       		.uleb128 0x17
 1140 0528 00       		.byte	0
 1141 0529 18       		.uleb128 0x18
 1142 052a 2D000000 		.4byte	.LASF36
 1143 052e 07       		.byte	0x7
 1144 052f 75       		.byte	0x75
 1145 0530 18       		.uleb128 0x18
 1146 0531 77000000 		.4byte	.LASF37
 1147 0535 06       		.byte	0x6
 1148 0536 38       		.byte	0x38
 1149 0537 12       		.uleb128 0x12
 1150 0538 F3020000 		.4byte	.LASF38
 1151 053c 08       		.byte	0x8
 1152 053d 77       		.byte	0x77
 1153 053e 48050000 		.4byte	0x548
 1154 0542 13       		.uleb128 0x13
 1155 0543 8C000000 		.4byte	0x8c
 1156 0547 00       		.byte	0
 1157 0548 12       		.uleb128 0x12
 1158 0549 61020000 		.4byte	.LASF39
 1159 054d 06       		.byte	0x6
 1160 054e 3A       		.byte	0x3a
 1161 054f 59050000 		.4byte	0x559
 1162 0553 13       		.uleb128 0x13
 1163 0554 81000000 		.4byte	0x81
 1164 0558 00       		.byte	0
 1165 0559 18       		.uleb128 0x18
 1166 055a 5A010000 		.4byte	.LASF40
 1167 055e 07       		.byte	0x7
 1168 055f 54       		.byte	0x54
 1169 0560 18       		.uleb128 0x18
 1170 0561 5E000000 		.4byte	.LASF41
 1171 0565 09       		.byte	0x9
 1172 0566 93       		.byte	0x93
 1173 0567 19       		.uleb128 0x19
 1174 0568 1F010000 		.4byte	.LASF48
 1175 056c 09       		.byte	0x9
 1176 056d A4       		.byte	0xa4
 1177 056e 81000000 		.4byte	0x81
 1178 0572 16       		.uleb128 0x16
 1179 0573 90010000 		.4byte	.LASF43
 1180 0577 0B       		.byte	0xb
 1181 0578 20       		.byte	0x20
 1182 0579 7F050000 		.4byte	0x57f
 1183 057d 17       		.uleb128 0x17
 1184 057e 00       		.byte	0
 1185 057f 12       		.uleb128 0x12
 1186 0580 13000000 		.4byte	.LASF44
 1187 0584 0C       		.byte	0xc
 1188 0585 14       		.byte	0x14
 1189 0586 9A050000 		.4byte	0x59a
ARM GAS  C:\Users\Eih3\AppData\Local\Temp\ccIWKq4j.s 			page 25


 1190 058a 13       		.uleb128 0x13
 1191 058b 81000000 		.4byte	0x81
 1192 058f 13       		.uleb128 0x13
 1193 0590 9A050000 		.4byte	0x59a
 1194 0594 13       		.uleb128 0x13
 1195 0595 81000000 		.4byte	0x81
 1196 0599 00       		.byte	0
 1197 059a 14       		.uleb128 0x14
 1198 059b 04       		.byte	0x4
 1199 059c 81000000 		.4byte	0x81
 1200 05a0 12       		.uleb128 0x12
 1201 05a1 50000000 		.4byte	.LASF45
 1202 05a5 0C       		.byte	0xc
 1203 05a6 16       		.byte	0x16
 1204 05a7 BB050000 		.4byte	0x5bb
 1205 05ab 13       		.uleb128 0x13
 1206 05ac 81000000 		.4byte	0x81
 1207 05b0 13       		.uleb128 0x13
 1208 05b1 9A050000 		.4byte	0x59a
 1209 05b5 13       		.uleb128 0x13
 1210 05b6 81000000 		.4byte	0x81
 1211 05ba 00       		.byte	0
 1212 05bb 12       		.uleb128 0x12
 1213 05bc 09020000 		.4byte	.LASF46
 1214 05c0 06       		.byte	0x6
 1215 05c1 3E       		.byte	0x3e
 1216 05c2 CC050000 		.4byte	0x5cc
 1217 05c6 13       		.uleb128 0x13
 1218 05c7 A5000000 		.4byte	0xa5
 1219 05cb 00       		.byte	0
 1220 05cc 12       		.uleb128 0x12
 1221 05cd 29020000 		.4byte	.LASF47
 1222 05d1 07       		.byte	0x7
 1223 05d2 8A       		.byte	0x8a
 1224 05d3 DD050000 		.4byte	0x5dd
 1225 05d7 13       		.uleb128 0x13
 1226 05d8 81000000 		.4byte	0x81
 1227 05dc 00       		.byte	0
 1228 05dd 19       		.uleb128 0x19
 1229 05de 00000000 		.4byte	.LASF49
 1230 05e2 0D       		.byte	0xd
 1231 05e3 2B       		.byte	0x2b
 1232 05e4 81000000 		.4byte	0x81
 1233 05e8 19       		.uleb128 0x19
 1234 05e9 68000000 		.4byte	.LASF50
 1235 05ed 0E       		.byte	0xe
 1236 05ee 2B       		.byte	0x2b
 1237 05ef 81000000 		.4byte	0x81
 1238 05f3 00       		.byte	0
 1239              		.section	.debug_abbrev,"",%progbits
 1240              	.Ldebug_abbrev0:
 1241 0000 01       		.uleb128 0x1
 1242 0001 11       		.uleb128 0x11
 1243 0002 01       		.byte	0x1
 1244 0003 25       		.uleb128 0x25
 1245 0004 0E       		.uleb128 0xe
 1246 0005 13       		.uleb128 0x13
ARM GAS  C:\Users\Eih3\AppData\Local\Temp\ccIWKq4j.s 			page 26


 1247 0006 0B       		.uleb128 0xb
 1248 0007 03       		.uleb128 0x3
 1249 0008 0E       		.uleb128 0xe
 1250 0009 1B       		.uleb128 0x1b
 1251 000a 0E       		.uleb128 0xe
 1252 000b 55       		.uleb128 0x55
 1253 000c 17       		.uleb128 0x17
 1254 000d 11       		.uleb128 0x11
 1255 000e 01       		.uleb128 0x1
 1256 000f 10       		.uleb128 0x10
 1257 0010 17       		.uleb128 0x17
 1258 0011 00       		.byte	0
 1259 0012 00       		.byte	0
 1260 0013 02       		.uleb128 0x2
 1261 0014 24       		.uleb128 0x24
 1262 0015 00       		.byte	0
 1263 0016 0B       		.uleb128 0xb
 1264 0017 0B       		.uleb128 0xb
 1265 0018 3E       		.uleb128 0x3e
 1266 0019 0B       		.uleb128 0xb
 1267 001a 03       		.uleb128 0x3
 1268 001b 0E       		.uleb128 0xe
 1269 001c 00       		.byte	0
 1270 001d 00       		.byte	0
 1271 001e 03       		.uleb128 0x3
 1272 001f 16       		.uleb128 0x16
 1273 0020 00       		.byte	0
 1274 0021 03       		.uleb128 0x3
 1275 0022 0E       		.uleb128 0xe
 1276 0023 3A       		.uleb128 0x3a
 1277 0024 0B       		.uleb128 0xb
 1278 0025 3B       		.uleb128 0x3b
 1279 0026 0B       		.uleb128 0xb
 1280 0027 49       		.uleb128 0x49
 1281 0028 13       		.uleb128 0x13
 1282 0029 00       		.byte	0
 1283 002a 00       		.byte	0
 1284 002b 04       		.uleb128 0x4
 1285 002c 24       		.uleb128 0x24
 1286 002d 00       		.byte	0
 1287 002e 0B       		.uleb128 0xb
 1288 002f 0B       		.uleb128 0xb
 1289 0030 3E       		.uleb128 0x3e
 1290 0031 0B       		.uleb128 0xb
 1291 0032 03       		.uleb128 0x3
 1292 0033 08       		.uleb128 0x8
 1293 0034 00       		.byte	0
 1294 0035 00       		.byte	0
 1295 0036 05       		.uleb128 0x5
 1296 0037 2E       		.uleb128 0x2e
 1297 0038 01       		.byte	0x1
 1298 0039 3F       		.uleb128 0x3f
 1299 003a 19       		.uleb128 0x19
 1300 003b 03       		.uleb128 0x3
 1301 003c 0E       		.uleb128 0xe
 1302 003d 3A       		.uleb128 0x3a
 1303 003e 0B       		.uleb128 0xb
ARM GAS  C:\Users\Eih3\AppData\Local\Temp\ccIWKq4j.s 			page 27


 1304 003f 3B       		.uleb128 0x3b
 1305 0040 0B       		.uleb128 0xb
 1306 0041 11       		.uleb128 0x11
 1307 0042 01       		.uleb128 0x1
 1308 0043 12       		.uleb128 0x12
 1309 0044 06       		.uleb128 0x6
 1310 0045 40       		.uleb128 0x40
 1311 0046 18       		.uleb128 0x18
 1312 0047 9742     		.uleb128 0x2117
 1313 0049 19       		.uleb128 0x19
 1314 004a 01       		.uleb128 0x1
 1315 004b 13       		.uleb128 0x13
 1316 004c 00       		.byte	0
 1317 004d 00       		.byte	0
 1318 004e 06       		.uleb128 0x6
 1319 004f 898201   		.uleb128 0x4109
 1320 0052 01       		.byte	0x1
 1321 0053 11       		.uleb128 0x11
 1322 0054 01       		.uleb128 0x1
 1323 0055 31       		.uleb128 0x31
 1324 0056 13       		.uleb128 0x13
 1325 0057 01       		.uleb128 0x1
 1326 0058 13       		.uleb128 0x13
 1327 0059 00       		.byte	0
 1328 005a 00       		.byte	0
 1329 005b 07       		.uleb128 0x7
 1330 005c 8A8201   		.uleb128 0x410a
 1331 005f 00       		.byte	0
 1332 0060 02       		.uleb128 0x2
 1333 0061 18       		.uleb128 0x18
 1334 0062 9142     		.uleb128 0x2111
 1335 0064 18       		.uleb128 0x18
 1336 0065 00       		.byte	0
 1337 0066 00       		.byte	0
 1338 0067 08       		.uleb128 0x8
 1339 0068 898201   		.uleb128 0x4109
 1340 006b 00       		.byte	0
 1341 006c 11       		.uleb128 0x11
 1342 006d 01       		.uleb128 0x1
 1343 006e 31       		.uleb128 0x31
 1344 006f 13       		.uleb128 0x13
 1345 0070 00       		.byte	0
 1346 0071 00       		.byte	0
 1347 0072 09       		.uleb128 0x9
 1348 0073 898201   		.uleb128 0x4109
 1349 0076 00       		.byte	0
 1350 0077 11       		.uleb128 0x11
 1351 0078 01       		.uleb128 0x1
 1352 0079 9542     		.uleb128 0x2115
 1353 007b 19       		.uleb128 0x19
 1354 007c 31       		.uleb128 0x31
 1355 007d 13       		.uleb128 0x13
 1356 007e 00       		.byte	0
 1357 007f 00       		.byte	0
 1358 0080 0A       		.uleb128 0xa
 1359 0081 898201   		.uleb128 0x4109
 1360 0084 01       		.byte	0x1
ARM GAS  C:\Users\Eih3\AppData\Local\Temp\ccIWKq4j.s 			page 28


 1361 0085 11       		.uleb128 0x11
 1362 0086 01       		.uleb128 0x1
 1363 0087 9542     		.uleb128 0x2115
 1364 0089 19       		.uleb128 0x19
 1365 008a 31       		.uleb128 0x31
 1366 008b 13       		.uleb128 0x13
 1367 008c 00       		.byte	0
 1368 008d 00       		.byte	0
 1369 008e 0B       		.uleb128 0xb
 1370 008f 898201   		.uleb128 0x4109
 1371 0092 01       		.byte	0x1
 1372 0093 11       		.uleb128 0x11
 1373 0094 01       		.uleb128 0x1
 1374 0095 31       		.uleb128 0x31
 1375 0096 13       		.uleb128 0x13
 1376 0097 00       		.byte	0
 1377 0098 00       		.byte	0
 1378 0099 0C       		.uleb128 0xc
 1379 009a 34       		.uleb128 0x34
 1380 009b 00       		.byte	0
 1381 009c 03       		.uleb128 0x3
 1382 009d 0E       		.uleb128 0xe
 1383 009e 3A       		.uleb128 0x3a
 1384 009f 0B       		.uleb128 0xb
 1385 00a0 3B       		.uleb128 0x3b
 1386 00a1 05       		.uleb128 0x5
 1387 00a2 49       		.uleb128 0x49
 1388 00a3 13       		.uleb128 0x13
 1389 00a4 3F       		.uleb128 0x3f
 1390 00a5 19       		.uleb128 0x19
 1391 00a6 3C       		.uleb128 0x3c
 1392 00a7 19       		.uleb128 0x19
 1393 00a8 00       		.byte	0
 1394 00a9 00       		.byte	0
 1395 00aa 0D       		.uleb128 0xd
 1396 00ab 35       		.uleb128 0x35
 1397 00ac 00       		.byte	0
 1398 00ad 49       		.uleb128 0x49
 1399 00ae 13       		.uleb128 0x13
 1400 00af 00       		.byte	0
 1401 00b0 00       		.byte	0
 1402 00b1 0E       		.uleb128 0xe
 1403 00b2 34       		.uleb128 0x34
 1404 00b3 00       		.byte	0
 1405 00b4 03       		.uleb128 0x3
 1406 00b5 08       		.uleb128 0x8
 1407 00b6 3A       		.uleb128 0x3a
 1408 00b7 0B       		.uleb128 0xb
 1409 00b8 3B       		.uleb128 0x3b
 1410 00b9 0B       		.uleb128 0xb
 1411 00ba 49       		.uleb128 0x49
 1412 00bb 13       		.uleb128 0x13
 1413 00bc 3F       		.uleb128 0x3f
 1414 00bd 19       		.uleb128 0x19
 1415 00be 02       		.uleb128 0x2
 1416 00bf 18       		.uleb128 0x18
 1417 00c0 00       		.byte	0
ARM GAS  C:\Users\Eih3\AppData\Local\Temp\ccIWKq4j.s 			page 29


 1418 00c1 00       		.byte	0
 1419 00c2 0F       		.uleb128 0xf
 1420 00c3 01       		.uleb128 0x1
 1421 00c4 01       		.byte	0x1
 1422 00c5 49       		.uleb128 0x49
 1423 00c6 13       		.uleb128 0x13
 1424 00c7 01       		.uleb128 0x1
 1425 00c8 13       		.uleb128 0x13
 1426 00c9 00       		.byte	0
 1427 00ca 00       		.byte	0
 1428 00cb 10       		.uleb128 0x10
 1429 00cc 21       		.uleb128 0x21
 1430 00cd 00       		.byte	0
 1431 00ce 49       		.uleb128 0x49
 1432 00cf 13       		.uleb128 0x13
 1433 00d0 2F       		.uleb128 0x2f
 1434 00d1 0B       		.uleb128 0xb
 1435 00d2 00       		.byte	0
 1436 00d3 00       		.byte	0
 1437 00d4 11       		.uleb128 0x11
 1438 00d5 34       		.uleb128 0x34
 1439 00d6 00       		.byte	0
 1440 00d7 03       		.uleb128 0x3
 1441 00d8 0E       		.uleb128 0xe
 1442 00d9 3A       		.uleb128 0x3a
 1443 00da 0B       		.uleb128 0xb
 1444 00db 3B       		.uleb128 0x3b
 1445 00dc 0B       		.uleb128 0xb
 1446 00dd 49       		.uleb128 0x49
 1447 00de 13       		.uleb128 0x13
 1448 00df 3F       		.uleb128 0x3f
 1449 00e0 19       		.uleb128 0x19
 1450 00e1 02       		.uleb128 0x2
 1451 00e2 18       		.uleb128 0x18
 1452 00e3 00       		.byte	0
 1453 00e4 00       		.byte	0
 1454 00e5 12       		.uleb128 0x12
 1455 00e6 2E       		.uleb128 0x2e
 1456 00e7 01       		.byte	0x1
 1457 00e8 3F       		.uleb128 0x3f
 1458 00e9 19       		.uleb128 0x19
 1459 00ea 03       		.uleb128 0x3
 1460 00eb 0E       		.uleb128 0xe
 1461 00ec 3A       		.uleb128 0x3a
 1462 00ed 0B       		.uleb128 0xb
 1463 00ee 3B       		.uleb128 0x3b
 1464 00ef 0B       		.uleb128 0xb
 1465 00f0 27       		.uleb128 0x27
 1466 00f1 19       		.uleb128 0x19
 1467 00f2 3C       		.uleb128 0x3c
 1468 00f3 19       		.uleb128 0x19
 1469 00f4 01       		.uleb128 0x1
 1470 00f5 13       		.uleb128 0x13
 1471 00f6 00       		.byte	0
 1472 00f7 00       		.byte	0
 1473 00f8 13       		.uleb128 0x13
 1474 00f9 05       		.uleb128 0x5
ARM GAS  C:\Users\Eih3\AppData\Local\Temp\ccIWKq4j.s 			page 30


 1475 00fa 00       		.byte	0
 1476 00fb 49       		.uleb128 0x49
 1477 00fc 13       		.uleb128 0x13
 1478 00fd 00       		.byte	0
 1479 00fe 00       		.byte	0
 1480 00ff 14       		.uleb128 0x14
 1481 0100 0F       		.uleb128 0xf
 1482 0101 00       		.byte	0
 1483 0102 0B       		.uleb128 0xb
 1484 0103 0B       		.uleb128 0xb
 1485 0104 49       		.uleb128 0x49
 1486 0105 13       		.uleb128 0x13
 1487 0106 00       		.byte	0
 1488 0107 00       		.byte	0
 1489 0108 15       		.uleb128 0x15
 1490 0109 26       		.uleb128 0x26
 1491 010a 00       		.byte	0
 1492 010b 49       		.uleb128 0x49
 1493 010c 13       		.uleb128 0x13
 1494 010d 00       		.byte	0
 1495 010e 00       		.byte	0
 1496 010f 16       		.uleb128 0x16
 1497 0110 2E       		.uleb128 0x2e
 1498 0111 01       		.byte	0x1
 1499 0112 3F       		.uleb128 0x3f
 1500 0113 19       		.uleb128 0x19
 1501 0114 03       		.uleb128 0x3
 1502 0115 0E       		.uleb128 0xe
 1503 0116 3A       		.uleb128 0x3a
 1504 0117 0B       		.uleb128 0xb
 1505 0118 3B       		.uleb128 0x3b
 1506 0119 0B       		.uleb128 0xb
 1507 011a 3C       		.uleb128 0x3c
 1508 011b 19       		.uleb128 0x19
 1509 011c 01       		.uleb128 0x1
 1510 011d 13       		.uleb128 0x13
 1511 011e 00       		.byte	0
 1512 011f 00       		.byte	0
 1513 0120 17       		.uleb128 0x17
 1514 0121 18       		.uleb128 0x18
 1515 0122 00       		.byte	0
 1516 0123 00       		.byte	0
 1517 0124 00       		.byte	0
 1518 0125 18       		.uleb128 0x18
 1519 0126 2E       		.uleb128 0x2e
 1520 0127 00       		.byte	0
 1521 0128 3F       		.uleb128 0x3f
 1522 0129 19       		.uleb128 0x19
 1523 012a 03       		.uleb128 0x3
 1524 012b 0E       		.uleb128 0xe
 1525 012c 3A       		.uleb128 0x3a
 1526 012d 0B       		.uleb128 0xb
 1527 012e 3B       		.uleb128 0x3b
 1528 012f 0B       		.uleb128 0xb
 1529 0130 27       		.uleb128 0x27
 1530 0131 19       		.uleb128 0x19
 1531 0132 3C       		.uleb128 0x3c
ARM GAS  C:\Users\Eih3\AppData\Local\Temp\ccIWKq4j.s 			page 31


 1532 0133 19       		.uleb128 0x19
 1533 0134 00       		.byte	0
 1534 0135 00       		.byte	0
 1535 0136 19       		.uleb128 0x19
 1536 0137 2E       		.uleb128 0x2e
 1537 0138 00       		.byte	0
 1538 0139 3F       		.uleb128 0x3f
 1539 013a 19       		.uleb128 0x19
 1540 013b 03       		.uleb128 0x3
 1541 013c 0E       		.uleb128 0xe
 1542 013d 3A       		.uleb128 0x3a
 1543 013e 0B       		.uleb128 0xb
 1544 013f 3B       		.uleb128 0x3b
 1545 0140 0B       		.uleb128 0xb
 1546 0141 27       		.uleb128 0x27
 1547 0142 19       		.uleb128 0x19
 1548 0143 49       		.uleb128 0x49
 1549 0144 13       		.uleb128 0x13
 1550 0145 3C       		.uleb128 0x3c
 1551 0146 19       		.uleb128 0x19
 1552 0147 00       		.byte	0
 1553 0148 00       		.byte	0
 1554 0149 00       		.byte	0
 1555              		.section	.debug_aranges,"",%progbits
 1556 0000 54000000 		.4byte	0x54
 1557 0004 0200     		.2byte	0x2
 1558 0006 00000000 		.4byte	.Ldebug_info0
 1559 000a 04       		.byte	0x4
 1560 000b 00       		.byte	0
 1561 000c 0000     		.2byte	0
 1562 000e 0000     		.2byte	0
 1563 0010 00000000 		.4byte	.LFB57
 1564 0014 2C000000 		.4byte	.LFE57-.LFB57
 1565 0018 00000000 		.4byte	.LFB59
 1566 001c 34000000 		.4byte	.LFE59-.LFB59
 1567 0020 00000000 		.4byte	.LFB60
 1568 0024 0E000000 		.4byte	.LFE60-.LFB60
 1569 0028 00000000 		.4byte	.LFB61
 1570 002c 0E000000 		.4byte	.LFE61-.LFB61
 1571 0030 00000000 		.4byte	.LFB58
 1572 0034 16000000 		.4byte	.LFE58-.LFB58
 1573 0038 00000000 		.4byte	.LFB62
 1574 003c 5C000000 		.4byte	.LFE62-.LFB62
 1575 0040 00000000 		.4byte	.LFB63
 1576 0044 64000000 		.4byte	.LFE63-.LFB63
 1577 0048 00000000 		.4byte	.LFB56
 1578 004c 5C000000 		.4byte	.LFE56-.LFB56
 1579 0050 00000000 		.4byte	0
 1580 0054 00000000 		.4byte	0
 1581              		.section	.debug_ranges,"",%progbits
 1582              	.Ldebug_ranges0:
 1583 0000 00000000 		.4byte	.LFB57
 1584 0004 2C000000 		.4byte	.LFE57
 1585 0008 00000000 		.4byte	.LFB59
 1586 000c 34000000 		.4byte	.LFE59
 1587 0010 00000000 		.4byte	.LFB60
 1588 0014 0E000000 		.4byte	.LFE60
ARM GAS  C:\Users\Eih3\AppData\Local\Temp\ccIWKq4j.s 			page 32


 1589 0018 00000000 		.4byte	.LFB61
 1590 001c 0E000000 		.4byte	.LFE61
 1591 0020 00000000 		.4byte	.LFB58
 1592 0024 16000000 		.4byte	.LFE58
 1593 0028 00000000 		.4byte	.LFB62
 1594 002c 5C000000 		.4byte	.LFE62
 1595 0030 00000000 		.4byte	.LFB63
 1596 0034 64000000 		.4byte	.LFE63
 1597 0038 00000000 		.4byte	.LFB56
 1598 003c 5C000000 		.4byte	.LFE56
 1599 0040 00000000 		.4byte	0
 1600 0044 00000000 		.4byte	0
 1601              		.section	.debug_line,"",%progbits
 1602              	.Ldebug_line0:
 1603 0000 A1020000 		.section	.debug_str,"MS",%progbits,1
 1603      0200BE01 
 1603      00000201 
 1603      FB0E0D00 
 1603      01010101 
 1604              	.LASF49:
 1605 0000 5357325F 		.ascii	"SW2_Read\000"
 1605      52656164 
 1605      00
 1606              	.LASF9:
 1607 0009 5F5F696E 		.ascii	"__int32_t\000"
 1607      7433325F 
 1607      7400
 1608              	.LASF44:
 1609 0013 45637269 		.ascii	"EcritureEEPROM\000"
 1609      74757265 
 1609      45455052 
 1609      4F4D00
 1610              	.LASF42:
 1611 0022 436F6E66 		.ascii	"ConfigWifi\000"
 1611      69675769 
 1611      666900
 1612              	.LASF36:
 1613 002d 55415254 		.ascii	"UART_ClearRxBuffer\000"
 1613      5F436C65 
 1613      61725278 
 1613      42756666 
 1613      657200
 1614              	.LASF52:
 1615 0040 2E5C4170 		.ascii	".\\Application.c\000"
 1615      706C6963 
 1615      6174696F 
 1615      6E2E6300 
 1616              	.LASF45:
 1617 0050 4C656374 		.ascii	"LectureEEPROM\000"
 1617      75726545 
 1617      4550524F 
 1617      4D00
 1618              	.LASF41:
 1619 005e 4932435F 		.ascii	"I2C_Start\000"
 1619      53746172 
 1619      7400
 1620              	.LASF50:
ARM GAS  C:\Users\Eih3\AppData\Local\Temp\ccIWKq4j.s 			page 33


 1621 0068 5357335F 		.ascii	"SW3_Read\000"
 1621      52656164 
 1621      00
 1622              	.LASF13:
 1623 0071 666C6F61 		.ascii	"float\000"
 1623      7400
 1624              	.LASF37:
 1625 0077 4C43445F 		.ascii	"LCD_Start\000"
 1625      53746172 
 1625      7400
 1626              	.LASF19:
 1627 0081 496E6974 		.ascii	"Init_LCD\000"
 1627      5F4C4344 
 1627      00
 1628              	.LASF25:
 1629 008a 4170706C 		.ascii	"Application\000"
 1629      69636174 
 1629      696F6E00 
 1630              	.LASF33:
 1631 0096 4C696E6B 		.ascii	"Linked\000"
 1631      656400
 1632              	.LASF51:
 1633 009d 474E5520 		.ascii	"GNU C 4.8.4 20140526 (release) [ARM/embedded-4_8-br"
 1633      4320342E 
 1633      382E3420 
 1633      32303134 
 1633      30353236 
 1634 00d0 616E6368 		.ascii	"anch revision 211358] -mcpu=cortex-m3 -mthumb -g -O"
 1634      20726576 
 1634      6973696F 
 1634      6E203231 
 1634      31333538 
 1635 0103 73202D66 		.ascii	"s -ffunction-sections\000"
 1635      66756E63 
 1635      74696F6E 
 1635      2D736563 
 1635      74696F6E 
 1636              	.LASF15:
 1637 0119 63686172 		.ascii	"char8\000"
 1637      3800
 1638              	.LASF48:
 1639 011f 4932435F 		.ascii	"I2C_MasterClearStatus\000"
 1639      4D617374 
 1639      6572436C 
 1639      65617253 
 1639      74617475 
 1640              	.LASF5:
 1641 0135 6C6F6E67 		.ascii	"long unsigned int\000"
 1641      20756E73 
 1641      69676E65 
 1641      6420696E 
 1641      7400
 1642              	.LASF3:
 1643 0147 73686F72 		.ascii	"short unsigned int\000"
 1643      7420756E 
 1643      7369676E 
 1643      65642069 
ARM GAS  C:\Users\Eih3\AppData\Local\Temp\ccIWKq4j.s 			page 34


 1643      6E7400
 1644              	.LASF40:
 1645 015a 55415254 		.ascii	"UART_Start\000"
 1645      5F537461 
 1645      727400
 1646              	.LASF22:
 1647 0165 496E6974 		.ascii	"Initialisations\000"
 1647      69616C69 
 1647      73617469 
 1647      6F6E7300 
 1648              	.LASF26:
 1649 0175 49544D5F 		.ascii	"ITM_RxBuffer\000"
 1649      52784275 
 1649      66666572 
 1649      00
 1650              	.LASF1:
 1651 0182 756E7369 		.ascii	"unsigned char\000"
 1651      676E6564 
 1651      20636861 
 1651      7200
 1652              	.LASF43:
 1653 0190 496E6974 		.ascii	"Init_Interruptions\000"
 1653      5F496E74 
 1653      65727275 
 1653      7074696F 
 1653      6E7300
 1654              	.LASF14:
 1655 01a3 646F7562 		.ascii	"double\000"
 1655      6C6500
 1656              	.LASF31:
 1657 01aa 52784461 		.ascii	"RxData\000"
 1657      746100
 1658              	.LASF21:
 1659 01b1 496E6974 		.ascii	"Init_I2C\000"
 1659      5F493243 
 1659      00
 1660              	.LASF28:
 1661 01ba 64617461 		.ascii	"dataBuffer\000"
 1661      42756666 
 1661      657200
 1662              	.LASF34:
 1663 01c5 4C43445F 		.ascii	"LCD_PrintString\000"
 1663      5072696E 
 1663      74537472 
 1663      696E6700 
 1664              	.LASF12:
 1665 01d5 75696E74 		.ascii	"uint32\000"
 1665      333200
 1666              	.LASF8:
 1667 01dc 756E7369 		.ascii	"unsigned int\000"
 1667      676E6564 
 1667      20696E74 
 1667      00
 1668              	.LASF7:
 1669 01e9 6C6F6E67 		.ascii	"long long unsigned int\000"
 1669      206C6F6E 
 1669      6720756E 
ARM GAS  C:\Users\Eih3\AppData\Local\Temp\ccIWKq4j.s 			page 35


 1669      7369676E 
 1669      65642069 
 1670              	.LASF24:
 1671 0200 77696669 		.ascii	"wifiTest\000"
 1671      54657374 
 1671      00
 1672              	.LASF46:
 1673 0209 4C43445F 		.ascii	"LCD_PutChar\000"
 1673      50757443 
 1673      68617200 
 1674              	.LASF0:
 1675 0215 7369676E 		.ascii	"signed char\000"
 1675      65642063 
 1675      68617200 
 1676              	.LASF10:
 1677 0221 696E7433 		.ascii	"int32_t\000"
 1677      325F7400 
 1678              	.LASF47:
 1679 0229 55415254 		.ascii	"UART_PutChar\000"
 1679      5F507574 
 1679      43686172 
 1679      00
 1680              	.LASF17:
 1681 0236 73697A65 		.ascii	"sizetype\000"
 1681      74797065 
 1681      00
 1682              	.LASF6:
 1683 023f 6C6F6E67 		.ascii	"long long int\000"
 1683      206C6F6E 
 1683      6720696E 
 1683      7400
 1684              	.LASF16:
 1685 024d 63686172 		.ascii	"char\000"
 1685      00
 1686              	.LASF18:
 1687 0252 436F6E66 		.ascii	"Configurations\000"
 1687      69677572 
 1687      6174696F 
 1687      6E7300
 1688              	.LASF39:
 1689 0261 4C43445F 		.ascii	"LCD_WriteControl\000"
 1689      57726974 
 1689      65436F6E 
 1689      74726F6C 
 1689      00
 1690              	.LASF2:
 1691 0272 73686F72 		.ascii	"short int\000"
 1691      7420696E 
 1691      7400
 1692              	.LASF11:
 1693 027c 75696E74 		.ascii	"uint8\000"
 1693      3800
 1694              	.LASF20:
 1695 0282 496E6974 		.ascii	"Init_UART\000"
 1695      5F554152 
 1695      5400
 1696              	.LASF29:
ARM GAS  C:\Users\Eih3\AppData\Local\Temp\ccIWKq4j.s 			page 36


 1697 028c 77726974 		.ascii	"writeData\000"
 1697      65446174 
 1697      6100
 1698              	.LASF4:
 1699 0296 6C6F6E67 		.ascii	"long int\000"
 1699      20696E74 
 1699      00
 1700              	.LASF23:
 1701 029f 666F6E63 		.ascii	"fonctionTest\000"
 1701      74696F6E 
 1701      54657374 
 1701      00
 1702              	.LASF32:
 1703 02ac 436F6E66 		.ascii	"ConfigEnd\000"
 1703      6967456E 
 1703      6400
 1704              	.LASF53:
 1705 02b6 443A5C45 		.ascii	"D:\\Eih3Cloud\\Module HF\\Module HF.cydsn\000"
 1705      69683343 
 1705      6C6F7564 
 1705      5C4D6F64 
 1705      756C6520 
 1706              	.LASF35:
 1707 02dd 4C43445F 		.ascii	"LCD_Position\000"
 1707      506F7369 
 1707      74696F6E 
 1707      00
 1708              	.LASF30:
 1709 02ea 72656164 		.ascii	"readData\000"
 1709      44617461 
 1709      00
 1710              	.LASF38:
 1711 02f3 43794465 		.ascii	"CyDelay\000"
 1711      6C617900 
 1712              	.LASF27:
 1713 02fb 61647265 		.ascii	"adresse\000"
 1713      73736500 
 1714              		.ident	"GCC: (GNU Tools for ARM Embedded Processors) 4.8.4 20140526 (release) [ARM/embedded-4_8-br
