ARM GAS  C:\Users\Eih3\AppData\Local\Temp\ccTvOH9j.s 			page 1


   1              		.syntax unified
   2              		.cpu cortex-m3
   3              		.fpu softvfp
   4              		.eabi_attribute 20, 1
   5              		.eabi_attribute 21, 1
   6              		.eabi_attribute 23, 3
   7              		.eabi_attribute 24, 1
   8              		.eabi_attribute 25, 1
   9              		.eabi_attribute 26, 1
  10              		.eabi_attribute 30, 4
  11              		.eabi_attribute 34, 1
  12              		.eabi_attribute 18, 4
  13              		.thumb
  14              		.file	"cymetadata.c"
  15              		.text
  16              	.Ltext0:
  17              		.cfi_sections	.debug_frame
  18              		.global	cy_metadata
  19              		.global	cy_meta_flashprotect
  20              		.global	cy_meta_wonvl
  21              		.global	cy_meta_custnvl
  22              		.global	cy_meta_configecc
  23              		.section	.cyconfigecc,"a",%progbits
  24              		.type	cy_meta_configecc, %object
  25              		.size	cy_meta_configecc, 1112
  26              	cy_meta_configecc:
  27 0000 06       		.byte	6
  28 0001 52       		.byte	82
  29 0002 00       		.byte	0
  30 0003 40       		.byte	64
  31 0004 01       		.byte	1
  32 0005 64       		.byte	100
  33 0006 00       		.byte	0
  34 0007 40       		.byte	64
  35 0008 02       		.byte	2
  36 0009 65       		.byte	101
  37 000a 00       		.byte	0
  38 000b 40       		.byte	64
  39 000c 60       		.byte	96
  40 000d 06       		.byte	6
  41 000e 01       		.byte	1
  42 000f 40       		.byte	64
  43 0010 32       		.byte	50
  44 0011 07       		.byte	7
  45 0012 01       		.byte	1
  46 0013 40       		.byte	64
  47 0014 0B       		.byte	11
  48 0015 14       		.byte	20
  49 0016 01       		.byte	1
  50 0017 40       		.byte	64
  51 0018 48       		.byte	72
  52 0019 15       		.byte	21
  53 001a 01       		.byte	1
  54 001b 40       		.byte	64
  55 001c 42       		.byte	66
  56 001d 16       		.byte	22
  57 001e 01       		.byte	1
ARM GAS  C:\Users\Eih3\AppData\Local\Temp\ccTvOH9j.s 			page 2


  58 001f 40       		.byte	64
  59 0020 38       		.byte	56
  60 0021 17       		.byte	23
  61 0022 01       		.byte	1
  62 0023 40       		.byte	64
  63 0024 01       		.byte	1
  64 0025 19       		.byte	25
  65 0026 01       		.byte	1
  66 0027 40       		.byte	64
  67 0028 04       		.byte	4
  68 0029 1B       		.byte	27
  69 002a 01       		.byte	1
  70 002b 40       		.byte	64
  71 002c 02       		.byte	2
  72 002d 40       		.byte	64
  73 002e 01       		.byte	1
  74 002f 40       		.byte	64
  75 0030 01       		.byte	1
  76 0031 41       		.byte	65
  77 0032 01       		.byte	1
  78 0033 40       		.byte	64
  79 0034 03       		.byte	3
  80 0035 42       		.byte	66
  81 0036 01       		.byte	1
  82 0037 40       		.byte	64
  83 0038 02       		.byte	2
  84 0039 43       		.byte	67
  85 003a 01       		.byte	1
  86 003b 40       		.byte	64
  87 003c 05       		.byte	5
  88 003d 48       		.byte	72
  89 003e 01       		.byte	1
  90 003f 40       		.byte	64
  91 0040 16       		.byte	22
  92 0041 49       		.byte	73
  93 0042 01       		.byte	1
  94 0043 40       		.byte	64
  95 0044 08       		.byte	8
  96 0045 4C       		.byte	76
  97 0046 01       		.byte	1
  98 0047 40       		.byte	64
  99 0048 08       		.byte	8
 100 0049 4D       		.byte	77
 101 004a 01       		.byte	1
 102 004b 40       		.byte	64
 103 004c 04       		.byte	4
 104 004d 50       		.byte	80
 105 004e 01       		.byte	1
 106 004f 40       		.byte	64
 107 0050 02       		.byte	2
 108 0051 51       		.byte	81
 109 0052 01       		.byte	1
 110 0053 40       		.byte	64
 111 0054 18       		.byte	24
 112 0055 80       		.byte	-128
 113 0056 1C       		.byte	28
 114 0057 20       		.byte	32
ARM GAS  C:\Users\Eih3\AppData\Local\Temp\ccTvOH9j.s 			page 3


 115 0058 34       		.byte	52
 116 0059 02       		.byte	2
 117 005a 60       		.byte	96
 118 005b 02       		.byte	2
 119 005c 64       		.byte	100
 120 005d 03       		.byte	3
 121 005e 7C       		.byte	124
 122 005f 20       		.byte	32
 123 0060 86       		.byte	-122
 124 0061 0F       		.byte	15
 125 0062 84       		.byte	-124
 126 0063 38       		.byte	56
 127 0064 87       		.byte	-121
 128 0065 72       		.byte	114
 129 0066 00       		.byte	0
 130 0067 0C       		.byte	12
 131 0068 02       		.byte	2
 132 0069 03       		.byte	3
 133 006a 05       		.byte	5
 134 006b 14       		.byte	20
 135 006c 06       		.byte	6
 136 006d 03       		.byte	3
 137 006e 0A       		.byte	10
 138 006f 04       		.byte	4
 139 0070 0F       		.byte	15
 140 0071 03       		.byte	3
 141 0072 10       		.byte	16
 142 0073 01       		.byte	1
 143 0074 11       		.byte	17
 144 0075 1C       		.byte	28
 145 0076 12       		.byte	18
 146 0077 0A       		.byte	10
 147 0078 13       		.byte	19
 148 0079 22       		.byte	34
 149 007a 14       		.byte	20
 150 007b 01       		.byte	1
 151 007c 15       		.byte	21
 152 007d 40       		.byte	64
 153 007e 16       		.byte	22
 154 007f 06       		.byte	6
 155 0080 19       		.byte	25
 156 0081 09       		.byte	9
 157 0082 1B       		.byte	27
 158 0083 10       		.byte	16
 159 0084 20       		.byte	32
 160 0085 10       		.byte	16
 161 0086 25       		.byte	37
 162 0087 10       		.byte	16
 163 0088 26       		.byte	38
 164 0089 01       		.byte	1
 165 008a 29       		.byte	41
 166 008b 2C       		.byte	44
 167 008c 2A       		.byte	42
 168 008d 0C       		.byte	12
 169 008e 2B       		.byte	43
 170 008f 11       		.byte	17
 171 0090 2D       		.byte	45
ARM GAS  C:\Users\Eih3\AppData\Local\Temp\ccTvOH9j.s 			page 4


 172 0091 30       		.byte	48
 173 0092 2F       		.byte	47
 174 0093 0C       		.byte	12
 175 0094 30       		.byte	48
 176 0095 01       		.byte	1
 177 0096 32       		.byte	50
 178 0097 0E       		.byte	14
 179 0098 33       		.byte	51
 180 0099 60       		.byte	96
 181 009a 34       		.byte	52
 182 009b 10       		.byte	16
 183 009c 37       		.byte	55
 184 009d 1F       		.byte	31
 185 009e 39       		.byte	57
 186 009f 08       		.byte	8
 187 00a0 3A       		.byte	58
 188 00a1 08       		.byte	8
 189 00a2 3E       		.byte	62
 190 00a3 11       		.byte	17
 191 00a4 40       		.byte	64
 192 00a5 46       		.byte	70
 193 00a6 41       		.byte	65
 194 00a7 03       		.byte	3
 195 00a8 45       		.byte	69
 196 00a9 E0       		.byte	-32
 197 00aa 46       		.byte	70
 198 00ab C0       		.byte	-64
 199 00ac 47       		.byte	71
 200 00ad 0B       		.byte	11
 201 00ae 48       		.byte	72
 202 00af 1A       		.byte	26
 203 00b0 49       		.byte	73
 204 00b1 FF       		.byte	-1
 205 00b2 4A       		.byte	74
 206 00b3 FF       		.byte	-1
 207 00b4 4B       		.byte	75
 208 00b5 FF       		.byte	-1
 209 00b6 4E       		.byte	78
 210 00b7 F0       		.byte	-16
 211 00b8 4F       		.byte	79
 212 00b9 44       		.byte	68
 213 00ba 50       		.byte	80
 214 00bb 0C       		.byte	12
 215 00bc 54       		.byte	84
 216 00bd 01       		.byte	1
 217 00be 58       		.byte	88
 218 00bf 04       		.byte	4
 219 00c0 59       		.byte	89
 220 00c1 04       		.byte	4
 221 00c2 5A       		.byte	90
 222 00c3 04       		.byte	4
 223 00c4 5B       		.byte	91
 224 00c5 04       		.byte	4
 225 00c6 5F       		.byte	95
 226 00c7 01       		.byte	1
 227 00c8 66       		.byte	102
 228 00c9 C0       		.byte	-64
ARM GAS  C:\Users\Eih3\AppData\Local\Temp\ccTvOH9j.s 			page 5


 229 00ca 6A       		.byte	106
 230 00cb 40       		.byte	64
 231 00cc 6B       		.byte	107
 232 00cd 02       		.byte	2
 233 00ce 86       		.byte	-122
 234 00cf 0C       		.byte	12
 235 00d0 87       		.byte	-121
 236 00d1 15       		.byte	21
 237 00d2 89       		.byte	-119
 238 00d3 0C       		.byte	12
 239 00d4 8B       		.byte	-117
 240 00d5 10       		.byte	16
 241 00d6 8C       		.byte	-116
 242 00d7 0C       		.byte	12
 243 00d8 8E       		.byte	-114
 244 00d9 03       		.byte	3
 245 00da 90       		.byte	-112
 246 00db 01       		.byte	1
 247 00dc 91       		.byte	-111
 248 00dd 0F       		.byte	15
 249 00de 92       		.byte	-110
 250 00df 06       		.byte	6
 251 00e0 93       		.byte	-109
 252 00e1 30       		.byte	48
 253 00e2 94       		.byte	-108
 254 00e3 01       		.byte	1
 255 00e4 96       		.byte	-106
 256 00e5 0E       		.byte	14
 257 00e6 9B       		.byte	-101
 258 00e7 20       		.byte	32
 259 00e8 A1       		.byte	-95
 260 00e9 2A       		.byte	42
 261 00ea A3       		.byte	-93
 262 00eb 10       		.byte	16
 263 00ec A6       		.byte	-90
 264 00ed 08       		.byte	8
 265 00ee A9       		.byte	-87
 266 00ef 0F       		.byte	15
 267 00f0 AA       		.byte	-86
 268 00f1 03       		.byte	3
 269 00f2 AB       		.byte	-85
 270 00f3 10       		.byte	16
 271 00f4 B0       		.byte	-80
 272 00f5 0F       		.byte	15
 273 00f6 B1       		.byte	-79
 274 00f7 3C       		.byte	60
 275 00f8 B3       		.byte	-77
 276 00f9 03       		.byte	3
 277 00fa B9       		.byte	-71
 278 00fb 08       		.byte	8
 279 00fc BA       		.byte	-70
 280 00fd 02       		.byte	2
 281 00fe BB       		.byte	-69
 282 00ff 02       		.byte	2
 283 0100 BF       		.byte	-65
 284 0101 04       		.byte	4
 285 0102 C0       		.byte	-64
ARM GAS  C:\Users\Eih3\AppData\Local\Temp\ccTvOH9j.s 			page 6


 286 0103 03       		.byte	3
 287 0104 C6       		.byte	-58
 288 0105 40       		.byte	64
 289 0106 C9       		.byte	-55
 290 0107 FF       		.byte	-1
 291 0108 CA       		.byte	-54
 292 0109 07       		.byte	7
 293 010a CB       		.byte	-53
 294 010b FF       		.byte	-1
 295 010c CC       		.byte	-52
 296 010d 40       		.byte	64
 297 010e CD       		.byte	-51
 298 010f 20       		.byte	32
 299 0110 CE       		.byte	-50
 300 0111 F0       		.byte	-16
 301 0112 CF       		.byte	-49
 302 0113 05       		.byte	5
 303 0114 D0       		.byte	-48
 304 0115 08       		.byte	8
 305 0116 D8       		.byte	-40
 306 0117 04       		.byte	4
 307 0118 D9       		.byte	-39
 308 0119 04       		.byte	4
 309 011a DA       		.byte	-38
 310 011b 04       		.byte	4
 311 011c DF       		.byte	-33
 312 011d 01       		.byte	1
 313 011e E0       		.byte	-32
 314 011f 40       		.byte	64
 315 0120 E1       		.byte	-31
 316 0121 A8       		.byte	-88
 317 0122 E2       		.byte	-30
 318 0123 40       		.byte	64
 319 0124 E3       		.byte	-29
 320 0125 20       		.byte	32
 321 0126 00       		.byte	0
 322 0127 40       		.byte	64
 323 0128 03       		.byte	3
 324 0129 10       		.byte	16
 325 012a 04       		.byte	4
 326 012b 28       		.byte	40
 327 012c 05       		.byte	5
 328 012d 01       		.byte	1
 329 012e 09       		.byte	9
 330 012f 0A       		.byte	10
 331 0130 0D       		.byte	13
 332 0131 0A       		.byte	10
 333 0132 10       		.byte	16
 334 0133 28       		.byte	40
 335 0134 15       		.byte	21
 336 0135 01       		.byte	1
 337 0136 16       		.byte	22
 338 0137 10       		.byte	16
 339 0138 17       		.byte	23
 340 0139 10       		.byte	16
 341 013a 18       		.byte	24
 342 013b 40       		.byte	64
ARM GAS  C:\Users\Eih3\AppData\Local\Temp\ccTvOH9j.s 			page 7


 343 013c 19       		.byte	25
 344 013d 01       		.byte	1
 345 013e 1D       		.byte	29
 346 013f 08       		.byte	8
 347 0140 1E       		.byte	30
 348 0141 48       		.byte	72
 349 0142 1F       		.byte	31
 350 0143 08       		.byte	8
 351 0144 21       		.byte	33
 352 0145 06       		.byte	6
 353 0146 25       		.byte	37
 354 0147 40       		.byte	64
 355 0148 27       		.byte	39
 356 0149 11       		.byte	17
 357 014a 29       		.byte	41
 358 014b 01       		.byte	1
 359 014c 2B       		.byte	43
 360 014d 08       		.byte	8
 361 014e 2F       		.byte	47
 362 014f 2A       		.byte	42
 363 0150 31       		.byte	49
 364 0151 02       		.byte	2
 365 0152 33       		.byte	51
 366 0153 12       		.byte	18
 367 0154 35       		.byte	53
 368 0155 01       		.byte	1
 369 0156 36       		.byte	54
 370 0157 08       		.byte	8
 371 0158 37       		.byte	55
 372 0159 10       		.byte	16
 373 015a 38       		.byte	56
 374 015b 18       		.byte	24
 375 015c 3A       		.byte	58
 376 015d 10       		.byte	16
 377 015e 3D       		.byte	61
 378 015f 80       		.byte	-128
 379 0160 3E       		.byte	62
 380 0161 08       		.byte	8
 381 0162 41       		.byte	65
 382 0163 04       		.byte	4
 383 0164 45       		.byte	69
 384 0165 0A       		.byte	10
 385 0166 4C       		.byte	76
 386 0167 04       		.byte	4
 387 0168 4D       		.byte	77
 388 0169 01       		.byte	1
 389 016a 50       		.byte	80
 390 016b 3C       		.byte	60
 391 016c 52       		.byte	82
 392 016d 08       		.byte	8
 393 016e 53       		.byte	83
 394 016f 20       		.byte	32
 395 0170 56       		.byte	86
 396 0171 18       		.byte	24
 397 0172 5C       		.byte	92
 398 0173 10       		.byte	16
 399 0174 5D       		.byte	93
ARM GAS  C:\Users\Eih3\AppData\Local\Temp\ccTvOH9j.s 			page 8


 400 0175 01       		.byte	1
 401 0176 5E       		.byte	94
 402 0177 48       		.byte	72
 403 0178 C0       		.byte	-64
 404 0179 75       		.byte	117
 405 017a C2       		.byte	-62
 406 017b 3C       		.byte	60
 407 017c C4       		.byte	-60
 408 017d 76       		.byte	118
 409 017e CA       		.byte	-54
 410 017f 75       		.byte	117
 411 0180 CC       		.byte	-52
 412 0181 E5       		.byte	-27
 413 0182 CE       		.byte	-50
 414 0183 56       		.byte	86
 415 0184 D0       		.byte	-48
 416 0185 C2       		.byte	-62
 417 0186 D2       		.byte	-46
 418 0187 20       		.byte	32
 419 0188 D6       		.byte	-42
 420 0189 F0       		.byte	-16
 421 018a 8E       		.byte	-114
 422 018b 01       		.byte	1
 423 018c 90       		.byte	-112
 424 018d 01       		.byte	1
 425 018e 96       		.byte	-106
 426 018f 01       		.byte	1
 427 0190 98       		.byte	-104
 428 0191 01       		.byte	1
 429 0192 A0       		.byte	-96
 430 0193 02       		.byte	2
 431 0194 B2       		.byte	-78
 432 0195 01       		.byte	1
 433 0196 B4       		.byte	-76
 434 0197 02       		.byte	2
 435 0198 B8       		.byte	-72
 436 0199 08       		.byte	8
 437 019a BE       		.byte	-66
 438 019b 10       		.byte	16
 439 019c D8       		.byte	-40
 440 019d 04       		.byte	4
 441 019e DF       		.byte	-33
 442 019f 01       		.byte	1
 443 01a0 00       		.byte	0
 444 01a1 82       		.byte	-126
 445 01a2 03       		.byte	3
 446 01a3 24       		.byte	36
 447 01a4 05       		.byte	5
 448 01a5 40       		.byte	64
 449 01a6 09       		.byte	9
 450 01a7 08       		.byte	8
 451 01a8 0A       		.byte	10
 452 01a9 06       		.byte	6
 453 01aa 0B       		.byte	11
 454 01ab 80       		.byte	-128
 455 01ac 0D       		.byte	13
 456 01ad 08       		.byte	8
ARM GAS  C:\Users\Eih3\AppData\Local\Temp\ccTvOH9j.s 			page 9


 457 01ae 0E       		.byte	14
 458 01af 04       		.byte	4
 459 01b0 0F       		.byte	15
 460 01b1 40       		.byte	64
 461 01b2 10       		.byte	16
 462 01b3 02       		.byte	2
 463 01b4 11       		.byte	17
 464 01b5 14       		.byte	20
 465 01b6 12       		.byte	18
 466 01b7 04       		.byte	4
 467 01b8 17       		.byte	23
 468 01b9 01       		.byte	1
 469 01ba 19       		.byte	25
 470 01bb 12       		.byte	18
 471 01bc 1A       		.byte	26
 472 01bd 10       		.byte	16
 473 01be 1B       		.byte	27
 474 01bf A0       		.byte	-96
 475 01c0 1C       		.byte	28
 476 01c1 08       		.byte	8
 477 01c2 1F       		.byte	31
 478 01c3 08       		.byte	8
 479 01c4 20       		.byte	32
 480 01c5 01       		.byte	1
 481 01c6 21       		.byte	33
 482 01c7 02       		.byte	2
 483 01c8 22       		.byte	34
 484 01c9 07       		.byte	7
 485 01ca 23       		.byte	35
 486 01cb 04       		.byte	4
 487 01cc 2A       		.byte	42
 488 01cd 44       		.byte	68
 489 01ce 2B       		.byte	43
 490 01cf 08       		.byte	8
 491 01d0 30       		.byte	48
 492 01d1 80       		.byte	-128
 493 01d2 31       		.byte	49
 494 01d3 12       		.byte	18
 495 01d4 38       		.byte	56
 496 01d5 40       		.byte	64
 497 01d6 39       		.byte	57
 498 01d7 24       		.byte	36
 499 01d8 40       		.byte	64
 500 01d9 01       		.byte	1
 501 01da 42       		.byte	66
 502 01db 14       		.byte	20
 503 01dc 43       		.byte	67
 504 01dd 04       		.byte	4
 505 01de 48       		.byte	72
 506 01df 81       		.byte	-127
 507 01e0 49       		.byte	73
 508 01e1 80       		.byte	-128
 509 01e2 4A       		.byte	74
 510 01e3 04       		.byte	4
 511 01e4 4B       		.byte	75
 512 01e5 40       		.byte	64
 513 01e6 52       		.byte	82
ARM GAS  C:\Users\Eih3\AppData\Local\Temp\ccTvOH9j.s 			page 10


 514 01e7 40       		.byte	64
 515 01e8 59       		.byte	89
 516 01e9 02       		.byte	2
 517 01ea 62       		.byte	98
 518 01eb 81       		.byte	-127
 519 01ec 63       		.byte	99
 520 01ed 04       		.byte	4
 521 01ee 84       		.byte	-124
 522 01ef 44       		.byte	68
 523 01f0 85       		.byte	-123
 524 01f1 10       		.byte	16
 525 01f2 86       		.byte	-122
 526 01f3 80       		.byte	-128
 527 01f4 8A       		.byte	-118
 528 01f5 84       		.byte	-124
 529 01f6 90       		.byte	-112
 530 01f7 40       		.byte	64
 531 01f8 91       		.byte	-111
 532 01f9 14       		.byte	20
 533 01fa 92       		.byte	-110
 534 01fb 04       		.byte	4
 535 01fc 93       		.byte	-109
 536 01fd 80       		.byte	-128
 537 01fe 96       		.byte	-106
 538 01ff 10       		.byte	16
 539 0200 99       		.byte	-103
 540 0201 C0       		.byte	-64
 541 0202 9B       		.byte	-101
 542 0203 01       		.byte	1
 543 0204 9E       		.byte	-98
 544 0205 81       		.byte	-127
 545 0206 9F       		.byte	-97
 546 0207 04       		.byte	4
 547 0208 A0       		.byte	-96
 548 0209 02       		.byte	2
 549 020a A1       		.byte	-95
 550 020b 08       		.byte	8
 551 020c A2       		.byte	-94
 552 020d 04       		.byte	4
 553 020e A4       		.byte	-92
 554 020f 40       		.byte	64
 555 0210 A6       		.byte	-90
 556 0211 02       		.byte	2
 557 0212 A7       		.byte	-89
 558 0213 A0       		.byte	-96
 559 0214 C0       		.byte	-64
 560 0215 8F       		.byte	-113
 561 0216 C2       		.byte	-62
 562 0217 7F       		.byte	127
 563 0218 C4       		.byte	-60
 564 0219 17       		.byte	23
 565 021a CA       		.byte	-54
 566 021b 0E       		.byte	14
 567 021c CC       		.byte	-52
 568 021d 0D       		.byte	13
 569 021e CE       		.byte	-50
 570 021f 0E       		.byte	14
ARM GAS  C:\Users\Eih3\AppData\Local\Temp\ccTvOH9j.s 			page 11


 571 0220 D0       		.byte	-48
 572 0221 0E       		.byte	14
 573 0222 D2       		.byte	-46
 574 0223 0C       		.byte	12
 575 0224 D6       		.byte	-42
 576 0225 01       		.byte	1
 577 0226 D8       		.byte	-40
 578 0227 0D       		.byte	13
 579 0228 E0       		.byte	-32
 580 0229 01       		.byte	1
 581 022a E4       		.byte	-28
 582 022b 01       		.byte	1
 583 022c E6       		.byte	-26
 584 022d 20       		.byte	32
 585 022e EA       		.byte	-22
 586 022f 01       		.byte	1
 587 0230 01       		.byte	1
 588 0231 04       		.byte	4
 589 0232 05       		.byte	5
 590 0233 02       		.byte	2
 591 0234 0A       		.byte	10
 592 0235 01       		.byte	1
 593 0236 0B       		.byte	11
 594 0237 01       		.byte	1
 595 0238 0C       		.byte	12
 596 0239 06       		.byte	6
 597 023a 0E       		.byte	14
 598 023b 01       		.byte	1
 599 023c 10       		.byte	16
 600 023d 01       		.byte	1
 601 023e 12       		.byte	18
 602 023f 06       		.byte	6
 603 0240 14       		.byte	20
 604 0241 06       		.byte	6
 605 0242 15       		.byte	21
 606 0243 07       		.byte	7
 607 0244 16       		.byte	22
 608 0245 01       		.byte	1
 609 0246 18       		.byte	24
 610 0247 07       		.byte	7
 611 0248 19       		.byte	25
 612 0249 06       		.byte	6
 613 024a 1D       		.byte	29
 614 024b 01       		.byte	1
 615 024c 1F       		.byte	31
 616 024d 06       		.byte	6
 617 024e 21       		.byte	33
 618 024f 06       		.byte	6
 619 0250 23       		.byte	35
 620 0251 01       		.byte	1
 621 0252 24       		.byte	36
 622 0253 02       		.byte	2
 623 0254 25       		.byte	37
 624 0255 07       		.byte	7
 625 0256 28       		.byte	40
 626 0257 06       		.byte	6
 627 0258 2C       		.byte	44
ARM GAS  C:\Users\Eih3\AppData\Local\Temp\ccTvOH9j.s 			page 12


 628 0259 04       		.byte	4
 629 025a 31       		.byte	49
 630 025b 07       		.byte	7
 631 025c 33       		.byte	51
 632 025d 07       		.byte	7
 633 025e 36       		.byte	54
 634 025f 07       		.byte	7
 635 0260 3A       		.byte	58
 636 0261 80       		.byte	-128
 637 0262 58       		.byte	88
 638 0263 04       		.byte	4
 639 0264 59       		.byte	89
 640 0265 04       		.byte	4
 641 0266 5F       		.byte	95
 642 0267 01       		.byte	1
 643 0268 81       		.byte	-127
 644 0269 10       		.byte	16
 645 026a 84       		.byte	-124
 646 026b 03       		.byte	3
 647 026c 85       		.byte	-123
 648 026d 18       		.byte	24
 649 026e 89       		.byte	-119
 650 026f 08       		.byte	8
 651 0270 8A       		.byte	-118
 652 0271 03       		.byte	3
 653 0272 8C       		.byte	-116
 654 0273 01       		.byte	1
 655 0274 90       		.byte	-112
 656 0275 1F       		.byte	31
 657 0276 91       		.byte	-111
 658 0277 07       		.byte	7
 659 0278 93       		.byte	-109
 660 0279 18       		.byte	24
 661 027a 94       		.byte	-108
 662 027b 1C       		.byte	28
 663 027c 95       		.byte	-107
 664 027d 1C       		.byte	28
 665 027e 96       		.byte	-106
 666 027f 03       		.byte	3
 667 0280 97       		.byte	-105
 668 0281 02       		.byte	2
 669 0282 98       		.byte	-104
 670 0283 1F       		.byte	31
 671 0284 9C       		.byte	-100
 672 0285 13       		.byte	19
 673 0286 9D       		.byte	-99
 674 0287 1C       		.byte	28
 675 0288 9E       		.byte	-98
 676 0289 0C       		.byte	12
 677 028a 9F       		.byte	-97
 678 028b 01       		.byte	1
 679 028c A0       		.byte	-96
 680 028d 08       		.byte	8
 681 028e A3       		.byte	-93
 682 028f 04       		.byte	4
 683 0290 A4       		.byte	-92
 684 0291 04       		.byte	4
ARM GAS  C:\Users\Eih3\AppData\Local\Temp\ccTvOH9j.s 			page 13


 685 0292 A7       		.byte	-89
 686 0293 03       		.byte	3
 687 0294 A8       		.byte	-88
 688 0295 0C       		.byte	12
 689 0296 A9       		.byte	-87
 690 0297 1F       		.byte	31
 691 0298 AC       		.byte	-84
 692 0299 02       		.byte	2
 693 029a AD       		.byte	-83
 694 029b 04       		.byte	4
 695 029c B2       		.byte	-78
 696 029d 10       		.byte	16
 697 029e B3       		.byte	-77
 698 029f 1F       		.byte	31
 699 02a0 B6       		.byte	-74
 700 02a1 0F       		.byte	15
 701 02a2 BA       		.byte	-70
 702 02a3 A0       		.byte	-96
 703 02a4 BB       		.byte	-69
 704 02a5 08       		.byte	8
 705 02a6 BE       		.byte	-66
 706 02a7 04       		.byte	4
 707 02a8 D6       		.byte	-42
 708 02a9 02       		.byte	2
 709 02aa D7       		.byte	-41
 710 02ab 12       		.byte	18
 711 02ac D8       		.byte	-40
 712 02ad 04       		.byte	4
 713 02ae D9       		.byte	-39
 714 02af 04       		.byte	4
 715 02b0 DB       		.byte	-37
 716 02b1 04       		.byte	4
 717 02b2 DF       		.byte	-33
 718 02b3 01       		.byte	1
 719 02b4 00       		.byte	0
 720 02b5 80       		.byte	-128
 721 02b6 02       		.byte	2
 722 02b7 04       		.byte	4
 723 02b8 03       		.byte	3
 724 02b9 24       		.byte	36
 725 02ba 05       		.byte	5
 726 02bb 40       		.byte	64
 727 02bc 07       		.byte	7
 728 02bd 04       		.byte	4
 729 02be 09       		.byte	9
 730 02bf 08       		.byte	8
 731 02c0 0A       		.byte	10
 732 02c1 06       		.byte	6
 733 02c2 0B       		.byte	11
 734 02c3 80       		.byte	-128
 735 02c4 0D       		.byte	13
 736 02c5 08       		.byte	8
 737 02c6 0E       		.byte	14
 738 02c7 04       		.byte	4
 739 02c8 0F       		.byte	15
 740 02c9 80       		.byte	-128
 741 02ca 10       		.byte	16
ARM GAS  C:\Users\Eih3\AppData\Local\Temp\ccTvOH9j.s 			page 14


 742 02cb 80       		.byte	-128
 743 02cc 12       		.byte	18
 744 02cd 02       		.byte	2
 745 02ce 13       		.byte	19
 746 02cf 28       		.byte	40
 747 02d0 16       		.byte	22
 748 02d1 02       		.byte	2
 749 02d2 17       		.byte	23
 750 02d3 28       		.byte	40
 751 02d4 19       		.byte	25
 752 02d5 98       		.byte	-104
 753 02d6 1A       		.byte	26
 754 02d7 06       		.byte	6
 755 02d8 1B       		.byte	27
 756 02d9 40       		.byte	64
 757 02da 1D       		.byte	29
 758 02db 40       		.byte	64
 759 02dc 1F       		.byte	31
 760 02dd 40       		.byte	64
 761 02de 21       		.byte	33
 762 02df 08       		.byte	8
 763 02e0 22       		.byte	34
 764 02e1 08       		.byte	8
 765 02e2 24       		.byte	36
 766 02e3 40       		.byte	64
 767 02e4 26       		.byte	38
 768 02e5 04       		.byte	4
 769 02e6 29       		.byte	41
 770 02e7 10       		.byte	16
 771 02e8 2A       		.byte	42
 772 02e9 84       		.byte	-124
 773 02ea 2B       		.byte	43
 774 02eb 80       		.byte	-128
 775 02ec 2E       		.byte	46
 776 02ed 04       		.byte	4
 777 02ee 2F       		.byte	47
 778 02ef 40       		.byte	64
 779 02f0 31       		.byte	49
 780 02f1 48       		.byte	72
 781 02f2 32       		.byte	50
 782 02f3 01       		.byte	1
 783 02f4 35       		.byte	53
 784 02f5 80       		.byte	-128
 785 02f6 36       		.byte	54
 786 02f7 08       		.byte	8
 787 02f8 37       		.byte	55
 788 02f9 20       		.byte	32
 789 02fa 38       		.byte	56
 790 02fb 28       		.byte	40
 791 02fc 3A       		.byte	58
 792 02fd 02       		.byte	2
 793 02fe 3E       		.byte	62
 794 02ff 12       		.byte	18
 795 0300 3F       		.byte	63
 796 0301 04       		.byte	4
 797 0302 59       		.byte	89
 798 0303 08       		.byte	8
ARM GAS  C:\Users\Eih3\AppData\Local\Temp\ccTvOH9j.s 			page 15


 799 0304 68       		.byte	104
 800 0305 02       		.byte	2
 801 0306 69       		.byte	105
 802 0307 14       		.byte	20
 803 0308 70       		.byte	112
 804 0309 94       		.byte	-108
 805 030a 72       		.byte	114
 806 030b 02       		.byte	2
 807 030c 73       		.byte	115
 808 030d 2C       		.byte	44
 809 030e 8E       		.byte	-114
 810 030f 01       		.byte	1
 811 0310 9B       		.byte	-101
 812 0311 01       		.byte	1
 813 0312 C0       		.byte	-64
 814 0313 C7       		.byte	-57
 815 0314 C2       		.byte	-62
 816 0315 7F       		.byte	127
 817 0316 C4       		.byte	-60
 818 0317 EF       		.byte	-17
 819 0318 CA       		.byte	-54
 820 0319 CF       		.byte	-49
 821 031a CC       		.byte	-52
 822 031b 7B       		.byte	123
 823 031c CE       		.byte	-50
 824 031d E7       		.byte	-25
 825 031e D6       		.byte	-42
 826 031f 02       		.byte	2
 827 0320 E2       		.byte	-30
 828 0321 08       		.byte	8
 829 0322 E6       		.byte	-26
 830 0323 40       		.byte	64
 831 0324 E2       		.byte	-30
 832 0325 08       		.byte	8
 833 0326 E0       		.byte	-32
 834 0327 01       		.byte	1
 835 0328 E4       		.byte	-28
 836 0329 01       		.byte	1
 837 032a E6       		.byte	-26
 838 032b 20       		.byte	32
 839 032c EA       		.byte	-22
 840 032d 01       		.byte	1
 841 032e 30       		.byte	48
 842 032f 80       		.byte	-128
 843 0330 CC       		.byte	-52
 844 0331 10       		.byte	16
 845 0332 A4       		.byte	-92
 846 0333 80       		.byte	-128
 847 0334 3E       		.byte	62
 848 0335 10       		.byte	16
 849 0336 A4       		.byte	-92
 850 0337 80       		.byte	-128
 851 0338 CE       		.byte	-50
 852 0339 20       		.byte	32
 853 033a 96       		.byte	-106
 854 033b 10       		.byte	16
 855 033c A4       		.byte	-92
ARM GAS  C:\Users\Eih3\AppData\Local\Temp\ccTvOH9j.s 			page 16


 856 033d 80       		.byte	-128
 857 033e 86       		.byte	-122
 858 033f 20       		.byte	32
 859 0340 8C       		.byte	-116
 860 0341 80       		.byte	-128
 861 0342 96       		.byte	-106
 862 0343 10       		.byte	16
 863 0344 A4       		.byte	-92
 864 0345 80       		.byte	-128
 865 0346 E2       		.byte	-30
 866 0347 10       		.byte	16
 867 0348 0D       		.byte	13
 868 0349 08       		.byte	8
 869 034a 12       		.byte	18
 870 034b 20       		.byte	32
 871 034c 17       		.byte	23
 872 034d 04       		.byte	4
 873 034e 5C       		.byte	92
 874 034f 02       		.byte	2
 875 0350 72       		.byte	114
 876 0351 20       		.byte	32
 877 0352 74       		.byte	116
 878 0353 08       		.byte	8
 879 0354 82       		.byte	-126
 880 0355 20       		.byte	32
 881 0356 83       		.byte	-125
 882 0357 04       		.byte	4
 883 0358 84       		.byte	-124
 884 0359 02       		.byte	2
 885 035a 85       		.byte	-123
 886 035b 08       		.byte	8
 887 035c 88       		.byte	-120
 888 035d 08       		.byte	8
 889 035e 9A       		.byte	-102
 890 035f 20       		.byte	32
 891 0360 AA       		.byte	-86
 892 0361 10       		.byte	16
 893 0362 C2       		.byte	-62
 894 0363 20       		.byte	32
 895 0364 C4       		.byte	-60
 896 0365 30       		.byte	48
 897 0366 D6       		.byte	-42
 898 0367 80       		.byte	-128
 899 0368 DC       		.byte	-36
 900 0369 80       		.byte	-128
 901 036a DE       		.byte	-34
 902 036b 20       		.byte	32
 903 036c E0       		.byte	-32
 904 036d C0       		.byte	-64
 905 036e E4       		.byte	-28
 906 036f 80       		.byte	-128
 907 0370 E6       		.byte	-26
 908 0371 40       		.byte	64
 909 0372 EA       		.byte	-22
 910 0373 80       		.byte	-128
 911 0374 12       		.byte	18
 912 0375 40       		.byte	64
ARM GAS  C:\Users\Eih3\AppData\Local\Temp\ccTvOH9j.s 			page 17


 913 0376 13       		.byte	19
 914 0377 20       		.byte	32
 915 0378 16       		.byte	22
 916 0379 10       		.byte	16
 917 037a 7B       		.byte	123
 918 037b 10       		.byte	16
 919 037c 7D       		.byte	125
 920 037d 20       		.byte	32
 921 037e 86       		.byte	-122
 922 037f 40       		.byte	64
 923 0380 C4       		.byte	-60
 924 0381 0E       		.byte	14
 925 0382 DE       		.byte	-34
 926 0383 03       		.byte	3
 927 0384 81       		.byte	-127
 928 0385 10       		.byte	16
 929 0386 83       		.byte	-125
 930 0387 10       		.byte	16
 931 0388 8A       		.byte	-118
 932 0389 10       		.byte	16
 933 038a 9A       		.byte	-102
 934 038b 10       		.byte	16
 935 038c A5       		.byte	-91
 936 038d 10       		.byte	16
 937 038e A7       		.byte	-89
 938 038f 10       		.byte	16
 939 0390 AB       		.byte	-85
 940 0391 20       		.byte	32
 941 0392 E6       		.byte	-26
 942 0393 04       		.byte	4
 943 0394 00       		.byte	0
 944 0395 01       		.byte	1
 945 0396 0A       		.byte	10
 946 0397 01       		.byte	1
 947 0398 10       		.byte	16
 948 0399 01       		.byte	1
 949 039a 1A       		.byte	26
 950 039b 01       		.byte	1
 951 039c 00       		.byte	0
 952 039d 03       		.byte	3
 953 039e 03       		.byte	3
 954 039f C0       		.byte	-64
 955 03a0 30       		.byte	48
 956 03a1 00       		.byte	0
 957 03a2 00       		.byte	0
 958 03a3 00       		.byte	0
 959 03a4 32       		.byte	50
 960 03a5 03       		.byte	3
 961 03a6 0C       		.byte	12
 962 03a7 00       		.byte	0
 963 03a8 00       		.byte	0
 964 03a9 01       		.byte	1
 965 03aa 30       		.byte	48
 966 03ab 22       		.byte	34
 967 03ac 14       		.byte	20
 968 03ad 00       		.byte	0
 969 03ae 03       		.byte	3
ARM GAS  C:\Users\Eih3\AppData\Local\Temp\ccTvOH9j.s 			page 18


 970 03af 04       		.byte	4
 971 03b0 00       		.byte	0
 972 03b1 02       		.byte	2
 973 03b2 30       		.byte	48
 974 03b3 21       		.byte	33
 975 03b4 00       		.byte	0
 976 03b5 00       		.byte	0
 977 03b6 30       		.byte	48
 978 03b7 00       		.byte	0
 979 03b8 30       		.byte	48
 980 03b9 00       		.byte	0
 981 03ba 00       		.byte	0
 982 03bb 10       		.byte	16
 983 03bc 28       		.byte	40
 984 03bd 00       		.byte	0
 985 03be 02       		.byte	2
 986 03bf 04       		.byte	4
 987 03c0 00       		.byte	0
 988 03c1 00       		.byte	0
 989 03c2 00       		.byte	0
 990 03c3 00       		.byte	0
 991 03c4 4E       		.byte	78
 992 03c5 03       		.byte	3
 993 03c6 00       		.byte	0
 994 03c7 00       		.byte	0
 995 03c8 4E       		.byte	78
 996 03c9 00       		.byte	0
 997 03ca 00       		.byte	0
 998 03cb 08       		.byte	8
 999 03cc 40       		.byte	64
 1000 03cd 00       		.byte	0
 1001 03ce 00       		.byte	0
 1002 03cf 08       		.byte	8
 1003 03d0 30       		.byte	48
 1004 03d1 03       		.byte	3
 1005 03d2 40       		.byte	64
 1006 03d3 04       		.byte	4
 1007 03d4 0E       		.byte	14
 1008 03d5 08       		.byte	8
 1009 03d6 01       		.byte	1
 1010 03d7 30       		.byte	48
 1011 03d8 00       		.byte	0
 1012 03d9 00       		.byte	0
 1013 03da 00       		.byte	0
 1014 03db 00       		.byte	0
 1015 03dc 00       		.byte	0
 1016 03dd 00       		.byte	0
 1017 03de 00       		.byte	0
 1018 03df 54       		.byte	84
 1019 03e0 53       		.byte	83
 1020 03e1 02       		.byte	2
 1021 03e2 06       		.byte	6
 1022 03e3 00       		.byte	0
 1023 03e4 01       		.byte	1
 1024 03e5 C0       		.byte	-64
 1025 03e6 0E       		.byte	14
 1026 03e7 00       		.byte	0
ARM GAS  C:\Users\Eih3\AppData\Local\Temp\ccTvOH9j.s 			page 19


 1027 03e8 06       		.byte	6
 1028 03e9 FF       		.byte	-1
 1029 03ea FF       		.byte	-1
 1030 03eb FF       		.byte	-1
 1031 03ec 62       		.byte	98
 1032 03ed A0       		.byte	-96
 1033 03ee F0       		.byte	-16
 1034 03ef 41       		.byte	65
 1035 03f0 0C       		.byte	12
 1036 03f1 00       		.byte	0
 1037 03f2 00       		.byte	0
 1038 03f3 00       		.byte	0
 1039 03f4 18       		.byte	24
 1040 03f5 00       		.byte	0
 1041 03f6 04       		.byte	4
 1042 03f7 00       		.byte	0
 1043 03f8 04       		.byte	4
 1044 03f9 04       		.byte	4
 1045 03fa 04       		.byte	4
 1046 03fb 04       		.byte	4
 1047 03fc 00       		.byte	0
 1048 03fd 00       		.byte	0
 1049 03fe 00       		.byte	0
 1050 03ff 01       		.byte	1
 1051 0400 00       		.byte	0
 1052 0401 00       		.byte	0
 1053 0402 00       		.byte	0
 1054 0403 00       		.byte	0
 1055 0404 00       		.byte	0
 1056 0405 00       		.byte	0
 1057 0406 40       		.byte	64
 1058 0407 02       		.byte	2
 1059 0408 00       		.byte	0
 1060 0409 10       		.byte	16
 1061 040a 30       		.byte	48
 1062 040b 10       		.byte	16
 1063 040c 00       		.byte	0
 1064 040d 10       		.byte	16
 1065 040e 10       		.byte	16
 1066 040f 12       		.byte	18
 1067 0410 00       		.byte	0
 1068 0411 00       		.byte	0
 1069 0412 00       		.byte	0
 1070 0413 00       		.byte	0
 1071 0414 00       		.byte	0
 1072 0415 00       		.byte	0
 1073 0416 00       		.byte	0
 1074 0417 00       		.byte	0
 1075 0418 00       		.byte	0
 1076 0419 00       		.byte	0
 1077 041a 00       		.byte	0
 1078 041b 00       		.byte	0
 1079 041c 00       		.byte	0
 1080 041d 00       		.byte	0
 1081 041e 00       		.byte	0
 1082 041f 00       		.byte	0
 1083 0420 03       		.byte	3
ARM GAS  C:\Users\Eih3\AppData\Local\Temp\ccTvOH9j.s 			page 20


 1084 0421 00       		.byte	0
 1085 0422 00       		.byte	0
 1086 0423 00       		.byte	0
 1087 0424 03       		.byte	3
 1088 0425 00       		.byte	0
 1089 0426 03       		.byte	3
 1090 0427 00       		.byte	0
 1091 0428 00       		.byte	0
 1092 0429 00       		.byte	0
 1093 042a 00       		.byte	0
 1094 042b 00       		.byte	0
 1095 042c 20       		.byte	32
 1096 042d 00       		.byte	0
 1097 042e 00       		.byte	0
 1098 042f 20       		.byte	32
 1099 0430 00       		.byte	0
 1100 0431 00       		.byte	0
 1101 0432 00       		.byte	0
 1102 0433 00       		.byte	0
 1103 0434 00       		.byte	0
 1104 0435 00       		.byte	0
 1105 0436 00       		.byte	0
 1106 0437 00       		.byte	0
 1107 0438 00       		.byte	0
 1108 0439 7F       		.byte	127
 1109 043a 7F       		.byte	127
 1110 043b 00       		.byte	0
 1111 043c 00       		.byte	0
 1112 043d 00       		.byte	0
 1113 043e 00       		.byte	0
 1114 043f 00       		.byte	0
 1115 0440 80       		.byte	-128
 1116 0441 00       		.byte	0
 1117 0442 20       		.byte	32
 1118 0443 80       		.byte	-128
 1119 0444 80       		.byte	-128
 1120 0445 00       		.byte	0
 1121 0446 80       		.byte	-128
 1122 0447 00       		.byte	0
 1123 0448 00       		.byte	0
 1124 0449 00       		.byte	0
 1125 044a 00       		.byte	0
 1126 044b 00       		.byte	0
 1127 044c 02       		.byte	2
 1128 044d 00       		.byte	0
 1129 044e 00       		.byte	0
 1130 044f 02       		.byte	2
 1131 0450 00       		.byte	0
 1132 0451 00       		.byte	0
 1133 0452 00       		.byte	0
 1134 0453 00       		.byte	0
 1135 0454 00       		.byte	0
 1136 0455 00       		.byte	0
 1137 0456 00       		.byte	0
 1138 0457 00       		.byte	0
 1139              		.section	.cywolatch,"a",%progbits
 1140              		.type	cy_meta_wonvl, %object
ARM GAS  C:\Users\Eih3\AppData\Local\Temp\ccTvOH9j.s 			page 21


 1141              		.size	cy_meta_wonvl, 4
 1142              	cy_meta_wonvl:
 1143 0000 BC       		.byte	-68
 1144 0001 90       		.byte	-112
 1145 0002 AC       		.byte	-84
 1146 0003 AF       		.byte	-81
 1147              		.section	.cycustnvl,"a",%progbits
 1148              		.type	cy_meta_custnvl, %object
 1149              		.size	cy_meta_custnvl, 4
 1150              	cy_meta_custnvl:
 1151 0000 00       		.byte	0
 1152 0001 00       		.byte	0
 1153 0002 40       		.byte	64
 1154 0003 05       		.byte	5
 1155              		.section	.cymeta,"a",%progbits
 1156              		.type	cy_metadata, %object
 1157              		.size	cy_metadata, 12
 1158              	cy_metadata:
 1159 0000 00       		.byte	0
 1160 0001 01       		.byte	1
 1161 0002 2E       		.byte	46
 1162 0003 12       		.byte	18
 1163 0004 30       		.byte	48
 1164 0005 69       		.byte	105
 1165 0006 00       		.byte	0
 1166 0007 01       		.byte	1
 1167 0008 00       		.byte	0
 1168 0009 00       		.byte	0
 1169 000a 00       		.byte	0
 1170 000b 00       		.byte	0
 1171              		.section	.cyflashprotect,"a",%progbits
 1172              		.type	cy_meta_flashprotect, %object
 1173              		.size	cy_meta_flashprotect, 256
 1174              	cy_meta_flashprotect:
 1175 0000 00000000 		.space	256
 1175      00000000 
 1175      00000000 
 1175      00000000 
 1175      00000000 
 1176              		.text
 1177              	.Letext0:
 1178              		.file 1 ".\\Generated_Source\\PSoC5\\cymetadata.c"
 1179              		.file 2 ".\\Generated_Source\\PSoC5\\cytypes.h"
 1180              		.section	.debug_info,"",%progbits
 1181              	.Ldebug_info0:
 1182 0000 36010000 		.4byte	0x136
 1183 0004 0400     		.2byte	0x4
 1184 0006 00000000 		.4byte	.Ldebug_abbrev0
 1185 000a 04       		.byte	0x4
 1186 000b 01       		.uleb128 0x1
 1187 000c 38000000 		.4byte	.LASF18
 1188 0010 01       		.byte	0x1
 1189 0011 00000000 		.4byte	.LASF19
 1190 0015 D9000000 		.4byte	.LASF20
 1191 0019 00000000 		.4byte	.Ldebug_line0
 1192 001d 02       		.uleb128 0x2
 1193 001e 01       		.byte	0x1
ARM GAS  C:\Users\Eih3\AppData\Local\Temp\ccTvOH9j.s 			page 22


 1194 001f 06       		.byte	0x6
 1195 0020 C6010000 		.4byte	.LASF0
 1196 0024 02       		.uleb128 0x2
 1197 0025 01       		.byte	0x1
 1198 0026 08       		.byte	0x8
 1199 0027 13010000 		.4byte	.LASF1
 1200 002b 02       		.uleb128 0x2
 1201 002c 02       		.byte	0x2
 1202 002d 05       		.byte	0x5
 1203 002e AD010000 		.4byte	.LASF2
 1204 0032 02       		.uleb128 0x2
 1205 0033 02       		.byte	0x2
 1206 0034 07       		.byte	0x7
 1207 0035 C6000000 		.4byte	.LASF3
 1208 0039 02       		.uleb128 0x2
 1209 003a 04       		.byte	0x4
 1210 003b 05       		.byte	0x5
 1211 003c BD010000 		.4byte	.LASF4
 1212 0040 02       		.uleb128 0x2
 1213 0041 04       		.byte	0x4
 1214 0042 07       		.byte	0x7
 1215 0043 B4000000 		.4byte	.LASF5
 1216 0047 02       		.uleb128 0x2
 1217 0048 08       		.byte	0x8
 1218 0049 05       		.byte	0x5
 1219 004a 9A010000 		.4byte	.LASF6
 1220 004e 02       		.uleb128 0x2
 1221 004f 08       		.byte	0x8
 1222 0050 07       		.byte	0x7
 1223 0051 57010000 		.4byte	.LASF7
 1224 0055 03       		.uleb128 0x3
 1225 0056 04       		.byte	0x4
 1226 0057 05       		.byte	0x5
 1227 0058 696E7400 		.ascii	"int\000"
 1228 005c 02       		.uleb128 0x2
 1229 005d 04       		.byte	0x4
 1230 005e 07       		.byte	0x7
 1231 005f 4A010000 		.4byte	.LASF8
 1232 0063 04       		.uleb128 0x4
 1233 0064 B7010000 		.4byte	.LASF21
 1234 0068 02       		.byte	0x2
 1235 0069 A1       		.byte	0xa1
 1236 006a 24000000 		.4byte	0x24
 1237 006e 02       		.uleb128 0x2
 1238 006f 04       		.byte	0x4
 1239 0070 04       		.byte	0x4
 1240 0071 32000000 		.4byte	.LASF9
 1241 0075 02       		.uleb128 0x2
 1242 0076 08       		.byte	0x8
 1243 0077 04       		.byte	0x4
 1244 0078 21010000 		.4byte	.LASF10
 1245 007c 02       		.uleb128 0x2
 1246 007d 01       		.byte	0x1
 1247 007e 08       		.byte	0x8
 1248 007f A8010000 		.4byte	.LASF11
 1249 0083 05       		.uleb128 0x5
 1250 0084 63000000 		.4byte	0x63
ARM GAS  C:\Users\Eih3\AppData\Local\Temp\ccTvOH9j.s 			page 23


 1251 0088 94000000 		.4byte	0x94
 1252 008c 06       		.uleb128 0x6
 1253 008d 94000000 		.4byte	0x94
 1254 0091 5704     		.2byte	0x457
 1255 0093 00       		.byte	0
 1256 0094 02       		.uleb128 0x2
 1257 0095 04       		.byte	0x4
 1258 0096 07       		.byte	0x7
 1259 0097 91010000 		.4byte	.LASF12
 1260 009b 07       		.uleb128 0x7
 1261 009c 38010000 		.4byte	.LASF13
 1262 00a0 01       		.byte	0x1
 1263 00a1 1C       		.byte	0x1c
 1264 00a2 AC000000 		.4byte	0xac
 1265 00a6 05       		.uleb128 0x5
 1266 00a7 03       		.byte	0x3
 1267 00a8 00000000 		.4byte	cy_meta_configecc
 1268 00ac 08       		.uleb128 0x8
 1269 00ad 83000000 		.4byte	0x83
 1270 00b1 05       		.uleb128 0x5
 1271 00b2 63000000 		.4byte	0x63
 1272 00b6 C1000000 		.4byte	0xc1
 1273 00ba 09       		.uleb128 0x9
 1274 00bb 94000000 		.4byte	0x94
 1275 00bf 03       		.byte	0x3
 1276 00c0 00       		.byte	0
 1277 00c1 07       		.uleb128 0x7
 1278 00c2 28010000 		.4byte	.LASF14
 1279 00c6 01       		.byte	0x1
 1280 00c7 B1       		.byte	0xb1
 1281 00c8 D2000000 		.4byte	0xd2
 1282 00cc 05       		.uleb128 0x5
 1283 00cd 03       		.byte	0x3
 1284 00ce 00000000 		.4byte	cy_meta_custnvl
 1285 00d2 08       		.uleb128 0x8
 1286 00d3 B1000000 		.4byte	0xb1
 1287 00d7 07       		.uleb128 0x7
 1288 00d8 83010000 		.4byte	.LASF15
 1289 00dc 01       		.byte	0x1
 1290 00dd BC       		.byte	0xbc
 1291 00de E8000000 		.4byte	0xe8
 1292 00e2 05       		.uleb128 0x5
 1293 00e3 03       		.byte	0x3
 1294 00e4 00000000 		.4byte	cy_meta_wonvl
 1295 00e8 08       		.uleb128 0x8
 1296 00e9 B1000000 		.4byte	0xb1
 1297 00ed 05       		.uleb128 0x5
 1298 00ee 63000000 		.4byte	0x63
 1299 00f2 FD000000 		.4byte	0xfd
 1300 00f6 09       		.uleb128 0x9
 1301 00f7 94000000 		.4byte	0x94
 1302 00fb FF       		.byte	0xff
 1303 00fc 00       		.byte	0
 1304 00fd 07       		.uleb128 0x7
 1305 00fe 6E010000 		.4byte	.LASF16
 1306 0102 01       		.byte	0x1
 1307 0103 C7       		.byte	0xc7
ARM GAS  C:\Users\Eih3\AppData\Local\Temp\ccTvOH9j.s 			page 24


 1308 0104 0E010000 		.4byte	0x10e
 1309 0108 05       		.uleb128 0x5
 1310 0109 03       		.byte	0x3
 1311 010a 00000000 		.4byte	cy_meta_flashprotect
 1312 010e 08       		.uleb128 0x8
 1313 010f ED000000 		.4byte	0xed
 1314 0113 05       		.uleb128 0x5
 1315 0114 63000000 		.4byte	0x63
 1316 0118 23010000 		.4byte	0x123
 1317 011c 09       		.uleb128 0x9
 1318 011d 94000000 		.4byte	0x94
 1319 0121 0B       		.byte	0xb
 1320 0122 00       		.byte	0
 1321 0123 07       		.uleb128 0x7
 1322 0124 26000000 		.4byte	.LASF17
 1323 0128 01       		.byte	0x1
 1324 0129 F1       		.byte	0xf1
 1325 012a 34010000 		.4byte	0x134
 1326 012e 05       		.uleb128 0x5
 1327 012f 03       		.byte	0x3
 1328 0130 00000000 		.4byte	cy_metadata
 1329 0134 08       		.uleb128 0x8
 1330 0135 13010000 		.4byte	0x113
 1331 0139 00       		.byte	0
 1332              		.section	.debug_abbrev,"",%progbits
 1333              	.Ldebug_abbrev0:
 1334 0000 01       		.uleb128 0x1
 1335 0001 11       		.uleb128 0x11
 1336 0002 01       		.byte	0x1
 1337 0003 25       		.uleb128 0x25
 1338 0004 0E       		.uleb128 0xe
 1339 0005 13       		.uleb128 0x13
 1340 0006 0B       		.uleb128 0xb
 1341 0007 03       		.uleb128 0x3
 1342 0008 0E       		.uleb128 0xe
 1343 0009 1B       		.uleb128 0x1b
 1344 000a 0E       		.uleb128 0xe
 1345 000b 10       		.uleb128 0x10
 1346 000c 17       		.uleb128 0x17
 1347 000d 00       		.byte	0
 1348 000e 00       		.byte	0
 1349 000f 02       		.uleb128 0x2
 1350 0010 24       		.uleb128 0x24
 1351 0011 00       		.byte	0
 1352 0012 0B       		.uleb128 0xb
 1353 0013 0B       		.uleb128 0xb
 1354 0014 3E       		.uleb128 0x3e
 1355 0015 0B       		.uleb128 0xb
 1356 0016 03       		.uleb128 0x3
 1357 0017 0E       		.uleb128 0xe
 1358 0018 00       		.byte	0
 1359 0019 00       		.byte	0
 1360 001a 03       		.uleb128 0x3
 1361 001b 24       		.uleb128 0x24
 1362 001c 00       		.byte	0
 1363 001d 0B       		.uleb128 0xb
 1364 001e 0B       		.uleb128 0xb
ARM GAS  C:\Users\Eih3\AppData\Local\Temp\ccTvOH9j.s 			page 25


 1365 001f 3E       		.uleb128 0x3e
 1366 0020 0B       		.uleb128 0xb
 1367 0021 03       		.uleb128 0x3
 1368 0022 08       		.uleb128 0x8
 1369 0023 00       		.byte	0
 1370 0024 00       		.byte	0
 1371 0025 04       		.uleb128 0x4
 1372 0026 16       		.uleb128 0x16
 1373 0027 00       		.byte	0
 1374 0028 03       		.uleb128 0x3
 1375 0029 0E       		.uleb128 0xe
 1376 002a 3A       		.uleb128 0x3a
 1377 002b 0B       		.uleb128 0xb
 1378 002c 3B       		.uleb128 0x3b
 1379 002d 0B       		.uleb128 0xb
 1380 002e 49       		.uleb128 0x49
 1381 002f 13       		.uleb128 0x13
 1382 0030 00       		.byte	0
 1383 0031 00       		.byte	0
 1384 0032 05       		.uleb128 0x5
 1385 0033 01       		.uleb128 0x1
 1386 0034 01       		.byte	0x1
 1387 0035 49       		.uleb128 0x49
 1388 0036 13       		.uleb128 0x13
 1389 0037 01       		.uleb128 0x1
 1390 0038 13       		.uleb128 0x13
 1391 0039 00       		.byte	0
 1392 003a 00       		.byte	0
 1393 003b 06       		.uleb128 0x6
 1394 003c 21       		.uleb128 0x21
 1395 003d 00       		.byte	0
 1396 003e 49       		.uleb128 0x49
 1397 003f 13       		.uleb128 0x13
 1398 0040 2F       		.uleb128 0x2f
 1399 0041 05       		.uleb128 0x5
 1400 0042 00       		.byte	0
 1401 0043 00       		.byte	0
 1402 0044 07       		.uleb128 0x7
 1403 0045 34       		.uleb128 0x34
 1404 0046 00       		.byte	0
 1405 0047 03       		.uleb128 0x3
 1406 0048 0E       		.uleb128 0xe
 1407 0049 3A       		.uleb128 0x3a
 1408 004a 0B       		.uleb128 0xb
 1409 004b 3B       		.uleb128 0x3b
 1410 004c 0B       		.uleb128 0xb
 1411 004d 49       		.uleb128 0x49
 1412 004e 13       		.uleb128 0x13
 1413 004f 3F       		.uleb128 0x3f
 1414 0050 19       		.uleb128 0x19
 1415 0051 02       		.uleb128 0x2
 1416 0052 18       		.uleb128 0x18
 1417 0053 00       		.byte	0
 1418 0054 00       		.byte	0
 1419 0055 08       		.uleb128 0x8
 1420 0056 26       		.uleb128 0x26
 1421 0057 00       		.byte	0
ARM GAS  C:\Users\Eih3\AppData\Local\Temp\ccTvOH9j.s 			page 26


 1422 0058 49       		.uleb128 0x49
 1423 0059 13       		.uleb128 0x13
 1424 005a 00       		.byte	0
 1425 005b 00       		.byte	0
 1426 005c 09       		.uleb128 0x9
 1427 005d 21       		.uleb128 0x21
 1428 005e 00       		.byte	0
 1429 005f 49       		.uleb128 0x49
 1430 0060 13       		.uleb128 0x13
 1431 0061 2F       		.uleb128 0x2f
 1432 0062 0B       		.uleb128 0xb
 1433 0063 00       		.byte	0
 1434 0064 00       		.byte	0
 1435 0065 00       		.byte	0
 1436              		.section	.debug_aranges,"",%progbits
 1437 0000 14000000 		.4byte	0x14
 1438 0004 0200     		.2byte	0x2
 1439 0006 00000000 		.4byte	.Ldebug_info0
 1440 000a 04       		.byte	0x4
 1441 000b 00       		.byte	0
 1442 000c 0000     		.2byte	0
 1443 000e 0000     		.2byte	0
 1444 0010 00000000 		.4byte	0
 1445 0014 00000000 		.4byte	0
 1446              		.section	.debug_line,"",%progbits
 1447              	.Ldebug_line0:
 1448 0000 4F000000 		.section	.debug_str,"MS",%progbits,1
 1448      02004900 
 1448      00000201 
 1448      FB0E0D00 
 1448      01010101 
 1449              	.LASF19:
 1450 0000 2E5C4765 		.ascii	".\\Generated_Source\\PSoC5\\cymetadata.c\000"
 1450      6E657261 
 1450      7465645F 
 1450      536F7572 
 1450      63655C50 
 1451              	.LASF17:
 1452 0026 63795F6D 		.ascii	"cy_metadata\000"
 1452      65746164 
 1452      61746100 
 1453              	.LASF9:
 1454 0032 666C6F61 		.ascii	"float\000"
 1454      7400
 1455              	.LASF18:
 1456 0038 474E5520 		.ascii	"GNU C 4.8.4 20140526 (release) [ARM/embedded-4_8-br"
 1456      4320342E 
 1456      382E3420 
 1456      32303134 
 1456      30353236 
 1457 006b 616E6368 		.ascii	"anch revision 211358] -mcpu=cortex-m3 -mthumb -g -O"
 1457      20726576 
 1457      6973696F 
 1457      6E203231 
 1457      31333538 
 1458 009e 73202D66 		.ascii	"s -ffunction-sections\000"
 1458      66756E63 
ARM GAS  C:\Users\Eih3\AppData\Local\Temp\ccTvOH9j.s 			page 27


 1458      74696F6E 
 1458      2D736563 
 1458      74696F6E 
 1459              	.LASF5:
 1460 00b4 6C6F6E67 		.ascii	"long unsigned int\000"
 1460      20756E73 
 1460      69676E65 
 1460      6420696E 
 1460      7400
 1461              	.LASF3:
 1462 00c6 73686F72 		.ascii	"short unsigned int\000"
 1462      7420756E 
 1462      7369676E 
 1462      65642069 
 1462      6E7400
 1463              	.LASF20:
 1464 00d9 443A5C45 		.ascii	"D:\\Eih3Cloud\\Projet Programme\\Module HF\\5\\Modu"
 1464      69683343 
 1464      6C6F7564 
 1464      5C50726F 
 1464      6A657420 
 1465 0107 6C652048 		.ascii	"le HF.cydsn\000"
 1465      462E6379 
 1465      64736E00 
 1466              	.LASF1:
 1467 0113 756E7369 		.ascii	"unsigned char\000"
 1467      676E6564 
 1467      20636861 
 1467      7200
 1468              	.LASF10:
 1469 0121 646F7562 		.ascii	"double\000"
 1469      6C6500
 1470              	.LASF14:
 1471 0128 63795F6D 		.ascii	"cy_meta_custnvl\000"
 1471      6574615F 
 1471      63757374 
 1471      6E766C00 
 1472              	.LASF13:
 1473 0138 63795F6D 		.ascii	"cy_meta_configecc\000"
 1473      6574615F 
 1473      636F6E66 
 1473      69676563 
 1473      6300
 1474              	.LASF8:
 1475 014a 756E7369 		.ascii	"unsigned int\000"
 1475      676E6564 
 1475      20696E74 
 1475      00
 1476              	.LASF7:
 1477 0157 6C6F6E67 		.ascii	"long long unsigned int\000"
 1477      206C6F6E 
 1477      6720756E 
 1477      7369676E 
 1477      65642069 
 1478              	.LASF16:
 1479 016e 63795F6D 		.ascii	"cy_meta_flashprotect\000"
 1479      6574615F 
ARM GAS  C:\Users\Eih3\AppData\Local\Temp\ccTvOH9j.s 			page 28


 1479      666C6173 
 1479      6870726F 
 1479      74656374 
 1480              	.LASF15:
 1481 0183 63795F6D 		.ascii	"cy_meta_wonvl\000"
 1481      6574615F 
 1481      776F6E76 
 1481      6C00
 1482              	.LASF12:
 1483 0191 73697A65 		.ascii	"sizetype\000"
 1483      74797065 
 1483      00
 1484              	.LASF6:
 1485 019a 6C6F6E67 		.ascii	"long long int\000"
 1485      206C6F6E 
 1485      6720696E 
 1485      7400
 1486              	.LASF11:
 1487 01a8 63686172 		.ascii	"char\000"
 1487      00
 1488              	.LASF2:
 1489 01ad 73686F72 		.ascii	"short int\000"
 1489      7420696E 
 1489      7400
 1490              	.LASF21:
 1491 01b7 75696E74 		.ascii	"uint8\000"
 1491      3800
 1492              	.LASF4:
 1493 01bd 6C6F6E67 		.ascii	"long int\000"
 1493      20696E74 
 1493      00
 1494              	.LASF0:
 1495 01c6 7369676E 		.ascii	"signed char\000"
 1495      65642063 
 1495      68617200 
 1496              		.ident	"GCC: (GNU Tools for ARM Embedded Processors) 4.8.4 20140526 (release) [ARM/embedded-4_8-br
