ARM GAS  C:\Users\Eih3\AppData\Local\Temp\ccyYOuTw.s 			page 1


   1              		.syntax unified
   2              		.cpu cortex-m3
   3              		.fpu softvfp
   4              		.eabi_attribute 20, 1
   5              		.eabi_attribute 21, 1
   6              		.eabi_attribute 23, 3
   7              		.eabi_attribute 24, 1
   8              		.eabi_attribute 25, 1
   9              		.eabi_attribute 26, 1
  10              		.eabi_attribute 30, 4
  11              		.eabi_attribute 34, 1
  12              		.eabi_attribute 18, 4
  13              		.thumb
  14              		.file	"EEPROM.c"
  15              		.text
  16              	.Ltext0:
  17              		.cfi_sections	.debug_frame
  18              		.section	.text.EcritureEEPROM,"ax",%progbits
  19              		.align	1
  20              		.global	EcritureEEPROM
  21              		.thumb
  22              		.thumb_func
  23              		.type	EcritureEEPROM, %function
  24              	EcritureEEPROM:
  25              	.LFB56:
  26              		.file 1 ".\\EEPROM.c"
   1:.\EEPROM.c    **** /***************************************************************
   2:.\EEPROM.c    **** * Nom Fichier: EEPROM.c
   3:.\EEPROM.c    **** *
   4:.\EEPROM.c    **** * Fonctions:           
   5:.\EEPROM.c    **** *  Lecture EEPROM           
   6:.\EEPROM.c    **** *  Ecriture EEPROM          
   7:.\EEPROM.c    **** *
   8:.\EEPROM.c    **** ****************************************************************
   9:.\EEPROM.c    **** * CARNUS 2015, Escamez Michel - Soler Donovan - Verdier Jordan
  10:.\EEPROM.c    **** ***************************************************************/
  11:.\EEPROM.c    **** 
  12:.\EEPROM.c    **** /**** Déclarations & Directives ****/
  13:.\EEPROM.c    **** #include "Application.h"
  14:.\EEPROM.c    **** #include "EEPROM.h"
  15:.\EEPROM.c    **** 
  16:.\EEPROM.c    **** /**** Fonction pour écrire dans l'EEPROM ****
  17:.\EEPROM.c    ****  *
  18:.\EEPROM.c    ****  * uint8 address = adresse de l'EEPROM où placer le curseur
  19:.\EEPROM.c    ****  * uint8 * writeData = Stockage des valeurs EEPROM dans le tableau
  20:.\EEPROM.c    ****  *                    où dataBuffer[1] = addresse
  21:.\EEPROM.c    ****  * uint8 length = longueur des données à écrire
  22:.\EEPROM.c    ****  */
  23:.\EEPROM.c    **** void EcritureEEPROM(uint8 address, uint8 * writeData, uint8 length)
  24:.\EEPROM.c    **** {
  27              		.loc 1 24 0
  28              		.cfi_startproc
  29              		@ args = 0, pretend = 0, frame = 0
  30              		@ frame_needed = 0, uses_anonymous_args = 0
  31              	.LVL0:
  32 0000 F8B5     		push	{r3, r4, r5, r6, r7, lr}
  33              		.cfi_def_cfa_offset 24
ARM GAS  C:\Users\Eih3\AppData\Local\Temp\ccyYOuTw.s 			page 2


  34              		.cfi_offset 3, -24
  35              		.cfi_offset 4, -20
  36              		.cfi_offset 5, -16
  37              		.cfi_offset 6, -12
  38              		.cfi_offset 7, -8
  39              		.cfi_offset 14, -4
  40              		.loc 1 24 0
  41 0002 0546     		mov	r5, r0
  42 0004 0E46     		mov	r6, r1
  43 0006 1746     		mov	r7, r2
  25:.\EEPROM.c    ****     I2C_Start();
  26:.\EEPROM.c    ****     I2C_MasterClearStatus();
  27:.\EEPROM.c    ****     
  28:.\EEPROM.c    ****     dataBuffer[1] = address;
  44              		.loc 1 28 0
  45 0008 124C     		ldr	r4, .L8
  25:.\EEPROM.c    ****     I2C_Start();
  46              		.loc 1 25 0
  47 000a FFF7FEFF 		bl	I2C_Start
  48              	.LVL1:
  26:.\EEPROM.c    ****     I2C_MasterClearStatus();
  49              		.loc 1 26 0
  50 000e FFF7FEFF 		bl	I2C_MasterClearStatus
  51              	.LVL2:
  29:.\EEPROM.c    ****     
  30:.\EEPROM.c    ****     length += 2;   
  31:.\EEPROM.c    ****     
  32:.\EEPROM.c    ****     for (i = 0; i < length; i++)  { dataBuffer[i + 2] = writeData[i]; };
  52              		.loc 1 32 0
  53 0012 114B     		ldr	r3, .L8+4
  54 0014 0021     		movs	r1, #0
  30:.\EEPROM.c    ****     length += 2;   
  55              		.loc 1 30 0
  56 0016 BA1C     		adds	r2, r7, #2
  57              		.loc 1 32 0
  58 0018 1970     		strb	r1, [r3]
  28:.\EEPROM.c    ****     dataBuffer[1] = address;
  59              		.loc 1 28 0
  60 001a 6570     		strb	r5, [r4, #1]
  30:.\EEPROM.c    ****     length += 2;   
  61              		.loc 1 30 0
  62 001c D2B2     		uxtb	r2, r2
  63              	.LVL3:
  64 001e 1946     		mov	r1, r3
  65              	.L2:
  66              		.loc 1 32 0 discriminator 1
  67 0020 0B78     		ldrb	r3, [r1]	@ zero_extendqisi2
  68 0022 9342     		cmp	r3, r2
  69 0024 06D2     		bcs	.L7
  70              		.loc 1 32 0 is_stmt 0 discriminator 2
  71 0026 F55C     		ldrb	r5, [r6, r3]	@ zero_extendqisi2
  72 0028 E018     		adds	r0, r4, r3
  73 002a 8570     		strb	r5, [r0, #2]
  74 002c 0A48     		ldr	r0, .L8+4
  75 002e 0133     		adds	r3, r3, #1
  76 0030 0370     		strb	r3, [r0]
  77 0032 F5E7     		b	.L2
ARM GAS  C:\Users\Eih3\AppData\Local\Temp\ccyYOuTw.s 			page 3


  78              	.L7:
  33:.\EEPROM.c    ****     
  34:.\EEPROM.c    ****     I2C_MasterWriteBuf(SLAVE_ADDRESS,(uint8 *) dataBuffer, length, I2C_MODE_COMPLETE_XFER);
  79              		.loc 1 34 0 is_stmt 1
  80 0034 5020     		movs	r0, #80
  81 0036 0749     		ldr	r1, .L8
  82 0038 0023     		movs	r3, #0
  83 003a FFF7FEFF 		bl	I2C_MasterWriteBuf
  84              	.LVL4:
  85              	.L5:
  35:.\EEPROM.c    ****     while((I2C_MasterStatus() & I2C_MSTAT_WR_CMPLT) == 0u) {}
  86              		.loc 1 35 0 discriminator 1
  87 003e FFF7FEFF 		bl	I2C_MasterStatus
  88              	.LVL5:
  89 0042 8307     		lsls	r3, r0, #30
  90 0044 FBD5     		bpl	.L5
  36:.\EEPROM.c    ****     
  37:.\EEPROM.c    ****     CyDelay(50);
  91              		.loc 1 37 0
  92 0046 3220     		movs	r0, #50
  93 0048 FFF7FEFF 		bl	CyDelay
  94              	.LVL6:
  38:.\EEPROM.c    ****                 
  39:.\EEPROM.c    ****     I2C_MasterClearStatus();
  40:.\EEPROM.c    **** }
  95              		.loc 1 40 0
  96 004c BDE8F840 		pop	{r3, r4, r5, r6, r7, lr}
  97              	.LVL7:
  39:.\EEPROM.c    ****     I2C_MasterClearStatus();
  98              		.loc 1 39 0
  99 0050 FFF7FEBF 		b	I2C_MasterClearStatus
 100              	.LVL8:
 101              	.L9:
 102              		.align	2
 103              	.L8:
 104 0054 00000000 		.word	dataBuffer
 105 0058 00000000 		.word	i
 106              		.cfi_endproc
 107              	.LFE56:
 108              		.size	EcritureEEPROM, .-EcritureEEPROM
 109              		.section	.text.LectureEEPROM,"ax",%progbits
 110              		.align	1
 111              		.global	LectureEEPROM
 112              		.thumb
 113              		.thumb_func
 114              		.type	LectureEEPROM, %function
 115              	LectureEEPROM:
 116              	.LFB57:
  41:.\EEPROM.c    **** 
  42:.\EEPROM.c    **** /**** Fonction pour lire l'EEPROM ****
  43:.\EEPROM.c    ****  *
  44:.\EEPROM.c    ****  * uint8 address = adresse de l'EEPROM où placer le curseur
  45:.\EEPROM.c    ****  * uint8 * readData = Stockage des valeurs EEPROM dans le tableau
  46:.\EEPROM.c    ****  *                    où adresse[1] = addresse
  47:.\EEPROM.c    ****  * uint8 length = longueur des données à lire
  48:.\EEPROM.c    ****  */
  49:.\EEPROM.c    **** void LectureEEPROM(uint8 address, uint8 * readData, uint8 length)
ARM GAS  C:\Users\Eih3\AppData\Local\Temp\ccyYOuTw.s 			page 4


  50:.\EEPROM.c    **** {   
 117              		.loc 1 50 0
 118              		.cfi_startproc
 119              		@ args = 0, pretend = 0, frame = 0
 120              		@ frame_needed = 0, uses_anonymous_args = 0
 121              	.LVL9:
 122 0000 2DE9F041 		push	{r4, r5, r6, r7, r8, lr}
 123              		.cfi_def_cfa_offset 24
 124              		.cfi_offset 4, -24
 125              		.cfi_offset 5, -20
 126              		.cfi_offset 6, -16
 127              		.cfi_offset 7, -12
 128              		.cfi_offset 8, -8
 129              		.cfi_offset 14, -4
 130              		.loc 1 50 0
 131 0004 1646     		mov	r6, r2
 132 0006 0446     		mov	r4, r0
 133 0008 0F46     		mov	r7, r1
  51:.\EEPROM.c    ****     I2C_Start();
 134              		.loc 1 51 0
 135 000a FFF7FEFF 		bl	I2C_Start
 136              	.LVL10:
  52:.\EEPROM.c    ****     I2C_MasterClearStatus();
 137              		.loc 1 52 0
 138 000e FFF7FEFF 		bl	I2C_MasterClearStatus
 139              	.LVL11:
  53:.\EEPROM.c    ****     
  54:.\EEPROM.c    ****     adresse[1] = address;
 140              		.loc 1 54 0
 141 0012 1549     		ldr	r1, .L16
  55:.\EEPROM.c    ****     
  56:.\EEPROM.c    ****     length += 1;   
 142              		.loc 1 56 0
 143 0014 0136     		adds	r6, r6, #1
  57:.\EEPROM.c    ****     
  58:.\EEPROM.c    ****     I2C_MasterWriteBuf(SLAVE_ADDRESS,(uint8 *) adresse ,2 , I2C_MODE_COMPLETE_XFER);
 144              		.loc 1 58 0
 145 0016 5020     		movs	r0, #80
 146 0018 0222     		movs	r2, #2
 147 001a 0023     		movs	r3, #0
  54:.\EEPROM.c    ****     adresse[1] = address;
 148              		.loc 1 54 0
 149 001c 4C70     		strb	r4, [r1, #1]
  56:.\EEPROM.c    ****     length += 1;   
 150              		.loc 1 56 0
 151 001e F6B2     		uxtb	r6, r6
 152              	.LVL12:
 153              		.loc 1 58 0
 154 0020 FFF7FEFF 		bl	I2C_MasterWriteBuf
 155              	.LVL13:
 156              	.L12:
  59:.\EEPROM.c    ****     while((I2C_MasterStatus() & I2C_MSTAT_WR_CMPLT) == 0u) {}
 157              		.loc 1 59 0 discriminator 1
 158 0024 FFF7FEFF 		bl	I2C_MasterStatus
 159              	.LVL14:
 160 0028 8307     		lsls	r3, r0, #30
 161 002a FBD5     		bpl	.L12
ARM GAS  C:\Users\Eih3\AppData\Local\Temp\ccyYOuTw.s 			page 5


  60:.\EEPROM.c    ****     
  61:.\EEPROM.c    ****     I2C_MasterSendStart(SLAVE_ADDRESS, 1);   
 162              		.loc 1 61 0
 163 002c 5020     		movs	r0, #80
 164 002e 0121     		movs	r1, #1
 165 0030 FFF7FEFF 		bl	I2C_MasterSendStart
 166              	.LVL15:
  62:.\EEPROM.c    ****     
  63:.\EEPROM.c    ****     for (i = 0; i < length; i++)  { readData[i] = I2C_MasterReadByte(1u); };
 167              		.loc 1 63 0
 168 0034 0D4B     		ldr	r3, .L16+4
 169 0036 0022     		movs	r2, #0
 170 0038 1A70     		strb	r2, [r3]
 171 003a 9846     		mov	r8, r3
 172              	.L13:
 173              		.loc 1 63 0 is_stmt 0 discriminator 1
 174 003c 98F80040 		ldrb	r4, [r8]	@ zero_extendqisi2
 175 0040 0A4D     		ldr	r5, .L16+4
 176 0042 B442     		cmp	r4, r6
 177 0044 07D2     		bcs	.L15
 178              		.loc 1 63 0 discriminator 2
 179 0046 0120     		movs	r0, #1
 180 0048 FFF7FEFF 		bl	I2C_MasterReadByte
 181              	.LVL16:
 182 004c 3855     		strb	r0, [r7, r4]
 183 004e 2B78     		ldrb	r3, [r5]	@ zero_extendqisi2
 184 0050 0133     		adds	r3, r3, #1
 185 0052 2B70     		strb	r3, [r5]
 186 0054 F2E7     		b	.L13
 187              	.L15:
  64:.\EEPROM.c    ****     
  65:.\EEPROM.c    ****     CyDelay(50);
 188              		.loc 1 65 0 is_stmt 1
 189 0056 3220     		movs	r0, #50
 190 0058 FFF7FEFF 		bl	CyDelay
 191              	.LVL17:
  66:.\EEPROM.c    ****     
  67:.\EEPROM.c    ****     I2C_MasterSendStop();
 192              		.loc 1 67 0
 193 005c FFF7FEFF 		bl	I2C_MasterSendStop
 194              	.LVL18:
  68:.\EEPROM.c    ****     
  69:.\EEPROM.c    ****     I2C_MasterClearStatus();   
  70:.\EEPROM.c    **** }
 195              		.loc 1 70 0
 196 0060 BDE8F041 		pop	{r4, r5, r6, r7, r8, lr}
 197              	.LVL19:
  69:.\EEPROM.c    ****     I2C_MasterClearStatus();   
 198              		.loc 1 69 0
 199 0064 FFF7FEBF 		b	I2C_MasterClearStatus
 200              	.LVL20:
 201              	.L17:
 202              		.align	2
 203              	.L16:
 204 0068 00000000 		.word	adresse
 205 006c 00000000 		.word	i
 206              		.cfi_endproc
ARM GAS  C:\Users\Eih3\AppData\Local\Temp\ccyYOuTw.s 			page 6


 207              	.LFE57:
 208              		.size	LectureEEPROM, .-LectureEEPROM
 209              		.comm	i,1,1
 210              		.text
 211              	.Letext0:
 212              		.file 2 "c:\\program files (x86)\\cypress\\psoc creator\\3.1\\psoc creator\\import\\gnu_cs\\arm\\4
 213              		.file 3 "c:\\program files (x86)\\cypress\\psoc creator\\3.1\\psoc creator\\import\\gnu_cs\\arm\\4
 214              		.file 4 ".\\Generated_Source\\PSoC5/cytypes.h"
 215              		.file 5 ".\\Generated_Source\\PSoC5/core_cm3.h"
 216              		.file 6 ".\\EEPROM.h"
 217              		.file 7 ".\\Generated_Source\\PSoC5/I2C.h"
 218              		.file 8 ".\\Generated_Source\\PSoC5/CyLib.h"
 219              		.section	.debug_info,"",%progbits
 220              	.Ldebug_info0:
 221 0000 EB020000 		.4byte	0x2eb
 222 0004 0400     		.2byte	0x4
 223 0006 00000000 		.4byte	.Ldebug_abbrev0
 224 000a 04       		.byte	0x4
 225 000b 01       		.uleb128 0x1
 226 000c 87000000 		.4byte	.LASF32
 227 0010 01       		.byte	0x1
 228 0011 AF010000 		.4byte	.LASF33
 229 0015 60000000 		.4byte	.LASF34
 230 0019 00000000 		.4byte	.Ldebug_ranges0+0
 231 001d 00000000 		.4byte	0
 232 0021 00000000 		.4byte	.Ldebug_line0
 233 0025 02       		.uleb128 0x2
 234 0026 01       		.byte	0x1
 235 0027 06       		.byte	0x6
 236 0028 25020000 		.4byte	.LASF0
 237 002c 02       		.uleb128 0x2
 238 002d 01       		.byte	0x1
 239 002e 08       		.byte	0x8
 240 002f 5C010000 		.4byte	.LASF1
 241 0033 02       		.uleb128 0x2
 242 0034 02       		.byte	0x2
 243 0035 05       		.byte	0x5
 244 0036 02020000 		.4byte	.LASF2
 245 003a 02       		.uleb128 0x2
 246 003b 02       		.byte	0x2
 247 003c 07       		.byte	0x7
 248 003d 28010000 		.4byte	.LASF3
 249 0041 03       		.uleb128 0x3
 250 0042 13000000 		.4byte	.LASF9
 251 0046 02       		.byte	0x2
 252 0047 37       		.byte	0x37
 253 0048 4C000000 		.4byte	0x4c
 254 004c 02       		.uleb128 0x2
 255 004d 04       		.byte	0x4
 256 004e 05       		.byte	0x5
 257 004f 1C020000 		.4byte	.LASF4
 258 0053 02       		.uleb128 0x2
 259 0054 04       		.byte	0x4
 260 0055 07       		.byte	0x7
 261 0056 16010000 		.4byte	.LASF5
 262 005a 02       		.uleb128 0x2
 263 005b 08       		.byte	0x8
ARM GAS  C:\Users\Eih3\AppData\Local\Temp\ccyYOuTw.s 			page 7


 264 005c 05       		.byte	0x5
 265 005d CB010000 		.4byte	.LASF6
 266 0061 02       		.uleb128 0x2
 267 0062 08       		.byte	0x8
 268 0063 07       		.byte	0x7
 269 0064 98010000 		.4byte	.LASF7
 270 0068 04       		.uleb128 0x4
 271 0069 04       		.byte	0x4
 272 006a 05       		.byte	0x5
 273 006b 696E7400 		.ascii	"int\000"
 274 006f 02       		.uleb128 0x2
 275 0070 04       		.byte	0x4
 276 0071 07       		.byte	0x7
 277 0072 83010000 		.4byte	.LASF8
 278 0076 03       		.uleb128 0x3
 279 0077 BA010000 		.4byte	.LASF10
 280 007b 03       		.byte	0x3
 281 007c 41       		.byte	0x41
 282 007d 41000000 		.4byte	0x41
 283 0081 03       		.uleb128 0x3
 284 0082 0C020000 		.4byte	.LASF11
 285 0086 04       		.byte	0x4
 286 0087 A1       		.byte	0xa1
 287 0088 2C000000 		.4byte	0x2c
 288 008c 03       		.uleb128 0x3
 289 008d 7C010000 		.4byte	.LASF12
 290 0091 04       		.byte	0x4
 291 0092 A3       		.byte	0xa3
 292 0093 53000000 		.4byte	0x53
 293 0097 02       		.uleb128 0x2
 294 0098 04       		.byte	0x4
 295 0099 04       		.byte	0x4
 296 009a 5A000000 		.4byte	.LASF13
 297 009e 02       		.uleb128 0x2
 298 009f 08       		.byte	0x8
 299 00a0 04       		.byte	0x4
 300 00a1 6A010000 		.4byte	.LASF14
 301 00a5 02       		.uleb128 0x2
 302 00a6 01       		.byte	0x1
 303 00a7 08       		.byte	0x8
 304 00a8 D9010000 		.4byte	.LASF15
 305 00ac 02       		.uleb128 0x2
 306 00ad 04       		.byte	0x4
 307 00ae 07       		.byte	0x7
 308 00af C2010000 		.4byte	.LASF16
 309 00b3 05       		.uleb128 0x5
 310 00b4 1D000000 		.4byte	.LASF20
 311 00b8 01       		.byte	0x1
 312 00b9 17       		.byte	0x17
 313 00ba 00000000 		.4byte	.LFB56
 314 00be 5C000000 		.4byte	.LFE56-.LFB56
 315 00c2 01       		.uleb128 0x1
 316 00c3 9C       		.byte	0x9c
 317 00c4 4D010000 		.4byte	0x14d
 318 00c8 06       		.uleb128 0x6
 319 00c9 90010000 		.4byte	.LASF17
 320 00cd 01       		.byte	0x1
ARM GAS  C:\Users\Eih3\AppData\Local\Temp\ccyYOuTw.s 			page 8


 321 00ce 17       		.byte	0x17
 322 00cf 81000000 		.4byte	0x81
 323 00d3 00000000 		.4byte	.LLST0
 324 00d7 06       		.uleb128 0x6
 325 00d8 12020000 		.4byte	.LASF18
 326 00dc 01       		.byte	0x1
 327 00dd 17       		.byte	0x17
 328 00de 4D010000 		.4byte	0x14d
 329 00e2 21000000 		.4byte	.LLST1
 330 00e6 06       		.uleb128 0x6
 331 00e7 3A020000 		.4byte	.LASF19
 332 00eb 01       		.byte	0x1
 333 00ec 17       		.byte	0x17
 334 00ed 81000000 		.4byte	0x81
 335 00f1 4D000000 		.4byte	.LLST2
 336 00f5 07       		.uleb128 0x7
 337 00f6 0E000000 		.4byte	.LVL1
 338 00fa 62020000 		.4byte	0x262
 339 00fe 07       		.uleb128 0x7
 340 00ff 12000000 		.4byte	.LVL2
 341 0103 69020000 		.4byte	0x269
 342 0107 08       		.uleb128 0x8
 343 0108 3E000000 		.4byte	.LVL4
 344 010c 74020000 		.4byte	0x274
 345 0110 26010000 		.4byte	0x126
 346 0114 09       		.uleb128 0x9
 347 0115 01       		.uleb128 0x1
 348 0116 53       		.byte	0x53
 349 0117 01       		.uleb128 0x1
 350 0118 30       		.byte	0x30
 351 0119 09       		.uleb128 0x9
 352 011a 01       		.uleb128 0x1
 353 011b 51       		.byte	0x51
 354 011c 02       		.uleb128 0x2
 355 011d 74       		.byte	0x74
 356 011e 00       		.sleb128 0
 357 011f 09       		.uleb128 0x9
 358 0120 01       		.uleb128 0x1
 359 0121 50       		.byte	0x50
 360 0122 02       		.uleb128 0x2
 361 0123 08       		.byte	0x8
 362 0124 50       		.byte	0x50
 363 0125 00       		.byte	0
 364 0126 07       		.uleb128 0x7
 365 0127 42000000 		.4byte	.LVL5
 366 012b 98020000 		.4byte	0x298
 367 012f 08       		.uleb128 0x8
 368 0130 4C000000 		.4byte	.LVL6
 369 0134 A3020000 		.4byte	0x2a3
 370 0138 43010000 		.4byte	0x143
 371 013c 09       		.uleb128 0x9
 372 013d 01       		.uleb128 0x1
 373 013e 50       		.byte	0x50
 374 013f 02       		.uleb128 0x2
 375 0140 08       		.byte	0x8
 376 0141 32       		.byte	0x32
 377 0142 00       		.byte	0
ARM GAS  C:\Users\Eih3\AppData\Local\Temp\ccyYOuTw.s 			page 9


 378 0143 0A       		.uleb128 0xa
 379 0144 54000000 		.4byte	.LVL8
 380 0148 69020000 		.4byte	0x269
 381 014c 00       		.byte	0
 382 014d 0B       		.uleb128 0xb
 383 014e 04       		.byte	0x4
 384 014f 81000000 		.4byte	0x81
 385 0153 05       		.uleb128 0x5
 386 0154 42000000 		.4byte	.LASF21
 387 0158 01       		.byte	0x1
 388 0159 31       		.byte	0x31
 389 015a 00000000 		.4byte	.LFB57
 390 015e 70000000 		.4byte	.LFE57-.LFB57
 391 0162 01       		.uleb128 0x1
 392 0163 9C       		.byte	0x9c
 393 0164 21020000 		.4byte	0x221
 394 0168 06       		.uleb128 0x6
 395 0169 90010000 		.4byte	.LASF17
 396 016d 01       		.byte	0x1
 397 016e 31       		.byte	0x31
 398 016f 81000000 		.4byte	0x81
 399 0173 86000000 		.4byte	.LLST3
 400 0177 06       		.uleb128 0x6
 401 0178 31020000 		.4byte	.LASF22
 402 017c 01       		.byte	0x1
 403 017d 31       		.byte	0x31
 404 017e 4D010000 		.4byte	0x14d
 405 0182 A7000000 		.4byte	.LLST4
 406 0186 06       		.uleb128 0x6
 407 0187 3A020000 		.4byte	.LASF19
 408 018b 01       		.byte	0x1
 409 018c 31       		.byte	0x31
 410 018d 81000000 		.4byte	0x81
 411 0191 D3000000 		.4byte	.LLST5
 412 0195 07       		.uleb128 0x7
 413 0196 0E000000 		.4byte	.LVL10
 414 019a 62020000 		.4byte	0x262
 415 019e 07       		.uleb128 0x7
 416 019f 12000000 		.4byte	.LVL11
 417 01a3 69020000 		.4byte	0x269
 418 01a7 08       		.uleb128 0x8
 419 01a8 24000000 		.4byte	.LVL13
 420 01ac 74020000 		.4byte	0x274
 421 01b0 C5010000 		.4byte	0x1c5
 422 01b4 09       		.uleb128 0x9
 423 01b5 01       		.uleb128 0x1
 424 01b6 53       		.byte	0x53
 425 01b7 01       		.uleb128 0x1
 426 01b8 30       		.byte	0x30
 427 01b9 09       		.uleb128 0x9
 428 01ba 01       		.uleb128 0x1
 429 01bb 52       		.byte	0x52
 430 01bc 01       		.uleb128 0x1
 431 01bd 32       		.byte	0x32
 432 01be 09       		.uleb128 0x9
 433 01bf 01       		.uleb128 0x1
 434 01c0 50       		.byte	0x50
ARM GAS  C:\Users\Eih3\AppData\Local\Temp\ccyYOuTw.s 			page 10


 435 01c1 02       		.uleb128 0x2
 436 01c2 08       		.byte	0x8
 437 01c3 50       		.byte	0x50
 438 01c4 00       		.byte	0
 439 01c5 07       		.uleb128 0x7
 440 01c6 28000000 		.4byte	.LVL14
 441 01ca 98020000 		.4byte	0x298
 442 01ce 08       		.uleb128 0x8
 443 01cf 34000000 		.4byte	.LVL15
 444 01d3 B4020000 		.4byte	0x2b4
 445 01d7 E7010000 		.4byte	0x1e7
 446 01db 09       		.uleb128 0x9
 447 01dc 01       		.uleb128 0x1
 448 01dd 51       		.byte	0x51
 449 01de 01       		.uleb128 0x1
 450 01df 31       		.byte	0x31
 451 01e0 09       		.uleb128 0x9
 452 01e1 01       		.uleb128 0x1
 453 01e2 50       		.byte	0x50
 454 01e3 02       		.uleb128 0x2
 455 01e4 08       		.byte	0x8
 456 01e5 50       		.byte	0x50
 457 01e6 00       		.byte	0
 458 01e7 08       		.uleb128 0x8
 459 01e8 4C000000 		.4byte	.LVL16
 460 01ec CE020000 		.4byte	0x2ce
 461 01f0 FA010000 		.4byte	0x1fa
 462 01f4 09       		.uleb128 0x9
 463 01f5 01       		.uleb128 0x1
 464 01f6 50       		.byte	0x50
 465 01f7 01       		.uleb128 0x1
 466 01f8 31       		.byte	0x31
 467 01f9 00       		.byte	0
 468 01fa 08       		.uleb128 0x8
 469 01fb 5C000000 		.4byte	.LVL17
 470 01ff A3020000 		.4byte	0x2a3
 471 0203 0E020000 		.4byte	0x20e
 472 0207 09       		.uleb128 0x9
 473 0208 01       		.uleb128 0x1
 474 0209 50       		.byte	0x50
 475 020a 02       		.uleb128 0x2
 476 020b 08       		.byte	0x8
 477 020c 32       		.byte	0x32
 478 020d 00       		.byte	0
 479 020e 07       		.uleb128 0x7
 480 020f 60000000 		.4byte	.LVL18
 481 0213 E3020000 		.4byte	0x2e3
 482 0217 0A       		.uleb128 0xa
 483 0218 68000000 		.4byte	.LVL20
 484 021c 69020000 		.4byte	0x269
 485 0220 00       		.byte	0
 486 0221 0C       		.uleb128 0xc
 487 0222 4F010000 		.4byte	.LASF23
 488 0226 05       		.byte	0x5
 489 0227 1606     		.2byte	0x616
 490 0229 2D020000 		.4byte	0x22d
 491 022d 0D       		.uleb128 0xd
ARM GAS  C:\Users\Eih3\AppData\Local\Temp\ccyYOuTw.s 			page 11


 492 022e 76000000 		.4byte	0x76
 493 0232 0E       		.uleb128 0xe
 494 0233 6900     		.ascii	"i\000"
 495 0235 06       		.byte	0x6
 496 0236 0D       		.byte	0xd
 497 0237 81000000 		.4byte	0x81
 498 023b 05       		.uleb128 0x5
 499 023c 03       		.byte	0x3
 500 023d 00000000 		.4byte	i
 501 0241 0F       		.uleb128 0xf
 502 0242 81000000 		.4byte	0x81
 503 0246 4C020000 		.4byte	0x24c
 504 024a 10       		.uleb128 0x10
 505 024b 00       		.byte	0
 506 024c 11       		.uleb128 0x11
 507 024d 49020000 		.4byte	.LASF24
 508 0251 06       		.byte	0x6
 509 0252 0F       		.byte	0xf
 510 0253 41020000 		.4byte	0x241
 511 0257 11       		.uleb128 0x11
 512 0258 71010000 		.4byte	.LASF25
 513 025c 06       		.byte	0x6
 514 025d 11       		.byte	0x11
 515 025e 41020000 		.4byte	0x241
 516 0262 12       		.uleb128 0x12
 517 0263 50000000 		.4byte	.LASF35
 518 0267 07       		.byte	0x7
 519 0268 93       		.byte	0x93
 520 0269 13       		.uleb128 0x13
 521 026a 2C000000 		.4byte	.LASF26
 522 026e 07       		.byte	0x7
 523 026f A4       		.byte	0xa4
 524 0270 81000000 		.4byte	0x81
 525 0274 14       		.uleb128 0x14
 526 0275 03010000 		.4byte	.LASF28
 527 0279 07       		.byte	0x7
 528 027a A7       		.byte	0xa7
 529 027b 81000000 		.4byte	0x81
 530 027f 98020000 		.4byte	0x298
 531 0283 15       		.uleb128 0x15
 532 0284 81000000 		.4byte	0x81
 533 0288 15       		.uleb128 0x15
 534 0289 4D010000 		.4byte	0x14d
 535 028d 15       		.uleb128 0x15
 536 028e 81000000 		.4byte	0x81
 537 0292 15       		.uleb128 0x15
 538 0293 81000000 		.4byte	0x81
 539 0297 00       		.byte	0
 540 0298 13       		.uleb128 0x13
 541 0299 DE010000 		.4byte	.LASF27
 542 029d 07       		.byte	0x7
 543 029e A3       		.byte	0xa3
 544 029f 81000000 		.4byte	0x81
 545 02a3 16       		.uleb128 0x16
 546 02a4 41020000 		.4byte	.LASF36
 547 02a8 08       		.byte	0x8
 548 02a9 77       		.byte	0x77
ARM GAS  C:\Users\Eih3\AppData\Local\Temp\ccyYOuTw.s 			page 12


 549 02aa B4020000 		.4byte	0x2b4
 550 02ae 15       		.uleb128 0x15
 551 02af 8C000000 		.4byte	0x8c
 552 02b3 00       		.byte	0
 553 02b4 14       		.uleb128 0x14
 554 02b5 3B010000 		.4byte	.LASF29
 555 02b9 07       		.byte	0x7
 556 02ba B1       		.byte	0xb1
 557 02bb 81000000 		.4byte	0x81
 558 02bf CE020000 		.4byte	0x2ce
 559 02c3 15       		.uleb128 0x15
 560 02c4 81000000 		.4byte	0x81
 561 02c8 15       		.uleb128 0x15
 562 02c9 81000000 		.4byte	0x81
 563 02cd 00       		.byte	0
 564 02ce 14       		.uleb128 0x14
 565 02cf EF010000 		.4byte	.LASF30
 566 02d3 07       		.byte	0x7
 567 02d4 B7       		.byte	0xb7
 568 02d5 81000000 		.4byte	0x81
 569 02d9 E3020000 		.4byte	0x2e3
 570 02dd 15       		.uleb128 0x15
 571 02de 81000000 		.4byte	0x81
 572 02e2 00       		.byte	0
 573 02e3 13       		.uleb128 0x13
 574 02e4 00000000 		.4byte	.LASF31
 575 02e8 07       		.byte	0x7
 576 02e9 B5       		.byte	0xb5
 577 02ea 81000000 		.4byte	0x81
 578 02ee 00       		.byte	0
 579              		.section	.debug_abbrev,"",%progbits
 580              	.Ldebug_abbrev0:
 581 0000 01       		.uleb128 0x1
 582 0001 11       		.uleb128 0x11
 583 0002 01       		.byte	0x1
 584 0003 25       		.uleb128 0x25
 585 0004 0E       		.uleb128 0xe
 586 0005 13       		.uleb128 0x13
 587 0006 0B       		.uleb128 0xb
 588 0007 03       		.uleb128 0x3
 589 0008 0E       		.uleb128 0xe
 590 0009 1B       		.uleb128 0x1b
 591 000a 0E       		.uleb128 0xe
 592 000b 55       		.uleb128 0x55
 593 000c 17       		.uleb128 0x17
 594 000d 11       		.uleb128 0x11
 595 000e 01       		.uleb128 0x1
 596 000f 10       		.uleb128 0x10
 597 0010 17       		.uleb128 0x17
 598 0011 00       		.byte	0
 599 0012 00       		.byte	0
 600 0013 02       		.uleb128 0x2
 601 0014 24       		.uleb128 0x24
 602 0015 00       		.byte	0
 603 0016 0B       		.uleb128 0xb
 604 0017 0B       		.uleb128 0xb
 605 0018 3E       		.uleb128 0x3e
ARM GAS  C:\Users\Eih3\AppData\Local\Temp\ccyYOuTw.s 			page 13


 606 0019 0B       		.uleb128 0xb
 607 001a 03       		.uleb128 0x3
 608 001b 0E       		.uleb128 0xe
 609 001c 00       		.byte	0
 610 001d 00       		.byte	0
 611 001e 03       		.uleb128 0x3
 612 001f 16       		.uleb128 0x16
 613 0020 00       		.byte	0
 614 0021 03       		.uleb128 0x3
 615 0022 0E       		.uleb128 0xe
 616 0023 3A       		.uleb128 0x3a
 617 0024 0B       		.uleb128 0xb
 618 0025 3B       		.uleb128 0x3b
 619 0026 0B       		.uleb128 0xb
 620 0027 49       		.uleb128 0x49
 621 0028 13       		.uleb128 0x13
 622 0029 00       		.byte	0
 623 002a 00       		.byte	0
 624 002b 04       		.uleb128 0x4
 625 002c 24       		.uleb128 0x24
 626 002d 00       		.byte	0
 627 002e 0B       		.uleb128 0xb
 628 002f 0B       		.uleb128 0xb
 629 0030 3E       		.uleb128 0x3e
 630 0031 0B       		.uleb128 0xb
 631 0032 03       		.uleb128 0x3
 632 0033 08       		.uleb128 0x8
 633 0034 00       		.byte	0
 634 0035 00       		.byte	0
 635 0036 05       		.uleb128 0x5
 636 0037 2E       		.uleb128 0x2e
 637 0038 01       		.byte	0x1
 638 0039 3F       		.uleb128 0x3f
 639 003a 19       		.uleb128 0x19
 640 003b 03       		.uleb128 0x3
 641 003c 0E       		.uleb128 0xe
 642 003d 3A       		.uleb128 0x3a
 643 003e 0B       		.uleb128 0xb
 644 003f 3B       		.uleb128 0x3b
 645 0040 0B       		.uleb128 0xb
 646 0041 27       		.uleb128 0x27
 647 0042 19       		.uleb128 0x19
 648 0043 11       		.uleb128 0x11
 649 0044 01       		.uleb128 0x1
 650 0045 12       		.uleb128 0x12
 651 0046 06       		.uleb128 0x6
 652 0047 40       		.uleb128 0x40
 653 0048 18       		.uleb128 0x18
 654 0049 9742     		.uleb128 0x2117
 655 004b 19       		.uleb128 0x19
 656 004c 01       		.uleb128 0x1
 657 004d 13       		.uleb128 0x13
 658 004e 00       		.byte	0
 659 004f 00       		.byte	0
 660 0050 06       		.uleb128 0x6
 661 0051 05       		.uleb128 0x5
 662 0052 00       		.byte	0
ARM GAS  C:\Users\Eih3\AppData\Local\Temp\ccyYOuTw.s 			page 14


 663 0053 03       		.uleb128 0x3
 664 0054 0E       		.uleb128 0xe
 665 0055 3A       		.uleb128 0x3a
 666 0056 0B       		.uleb128 0xb
 667 0057 3B       		.uleb128 0x3b
 668 0058 0B       		.uleb128 0xb
 669 0059 49       		.uleb128 0x49
 670 005a 13       		.uleb128 0x13
 671 005b 02       		.uleb128 0x2
 672 005c 17       		.uleb128 0x17
 673 005d 00       		.byte	0
 674 005e 00       		.byte	0
 675 005f 07       		.uleb128 0x7
 676 0060 898201   		.uleb128 0x4109
 677 0063 00       		.byte	0
 678 0064 11       		.uleb128 0x11
 679 0065 01       		.uleb128 0x1
 680 0066 31       		.uleb128 0x31
 681 0067 13       		.uleb128 0x13
 682 0068 00       		.byte	0
 683 0069 00       		.byte	0
 684 006a 08       		.uleb128 0x8
 685 006b 898201   		.uleb128 0x4109
 686 006e 01       		.byte	0x1
 687 006f 11       		.uleb128 0x11
 688 0070 01       		.uleb128 0x1
 689 0071 31       		.uleb128 0x31
 690 0072 13       		.uleb128 0x13
 691 0073 01       		.uleb128 0x1
 692 0074 13       		.uleb128 0x13
 693 0075 00       		.byte	0
 694 0076 00       		.byte	0
 695 0077 09       		.uleb128 0x9
 696 0078 8A8201   		.uleb128 0x410a
 697 007b 00       		.byte	0
 698 007c 02       		.uleb128 0x2
 699 007d 18       		.uleb128 0x18
 700 007e 9142     		.uleb128 0x2111
 701 0080 18       		.uleb128 0x18
 702 0081 00       		.byte	0
 703 0082 00       		.byte	0
 704 0083 0A       		.uleb128 0xa
 705 0084 898201   		.uleb128 0x4109
 706 0087 00       		.byte	0
 707 0088 11       		.uleb128 0x11
 708 0089 01       		.uleb128 0x1
 709 008a 9542     		.uleb128 0x2115
 710 008c 19       		.uleb128 0x19
 711 008d 31       		.uleb128 0x31
 712 008e 13       		.uleb128 0x13
 713 008f 00       		.byte	0
 714 0090 00       		.byte	0
 715 0091 0B       		.uleb128 0xb
 716 0092 0F       		.uleb128 0xf
 717 0093 00       		.byte	0
 718 0094 0B       		.uleb128 0xb
 719 0095 0B       		.uleb128 0xb
ARM GAS  C:\Users\Eih3\AppData\Local\Temp\ccyYOuTw.s 			page 15


 720 0096 49       		.uleb128 0x49
 721 0097 13       		.uleb128 0x13
 722 0098 00       		.byte	0
 723 0099 00       		.byte	0
 724 009a 0C       		.uleb128 0xc
 725 009b 34       		.uleb128 0x34
 726 009c 00       		.byte	0
 727 009d 03       		.uleb128 0x3
 728 009e 0E       		.uleb128 0xe
 729 009f 3A       		.uleb128 0x3a
 730 00a0 0B       		.uleb128 0xb
 731 00a1 3B       		.uleb128 0x3b
 732 00a2 05       		.uleb128 0x5
 733 00a3 49       		.uleb128 0x49
 734 00a4 13       		.uleb128 0x13
 735 00a5 3F       		.uleb128 0x3f
 736 00a6 19       		.uleb128 0x19
 737 00a7 3C       		.uleb128 0x3c
 738 00a8 19       		.uleb128 0x19
 739 00a9 00       		.byte	0
 740 00aa 00       		.byte	0
 741 00ab 0D       		.uleb128 0xd
 742 00ac 35       		.uleb128 0x35
 743 00ad 00       		.byte	0
 744 00ae 49       		.uleb128 0x49
 745 00af 13       		.uleb128 0x13
 746 00b0 00       		.byte	0
 747 00b1 00       		.byte	0
 748 00b2 0E       		.uleb128 0xe
 749 00b3 34       		.uleb128 0x34
 750 00b4 00       		.byte	0
 751 00b5 03       		.uleb128 0x3
 752 00b6 08       		.uleb128 0x8
 753 00b7 3A       		.uleb128 0x3a
 754 00b8 0B       		.uleb128 0xb
 755 00b9 3B       		.uleb128 0x3b
 756 00ba 0B       		.uleb128 0xb
 757 00bb 49       		.uleb128 0x49
 758 00bc 13       		.uleb128 0x13
 759 00bd 3F       		.uleb128 0x3f
 760 00be 19       		.uleb128 0x19
 761 00bf 02       		.uleb128 0x2
 762 00c0 18       		.uleb128 0x18
 763 00c1 00       		.byte	0
 764 00c2 00       		.byte	0
 765 00c3 0F       		.uleb128 0xf
 766 00c4 01       		.uleb128 0x1
 767 00c5 01       		.byte	0x1
 768 00c6 49       		.uleb128 0x49
 769 00c7 13       		.uleb128 0x13
 770 00c8 01       		.uleb128 0x1
 771 00c9 13       		.uleb128 0x13
 772 00ca 00       		.byte	0
 773 00cb 00       		.byte	0
 774 00cc 10       		.uleb128 0x10
 775 00cd 21       		.uleb128 0x21
 776 00ce 00       		.byte	0
ARM GAS  C:\Users\Eih3\AppData\Local\Temp\ccyYOuTw.s 			page 16


 777 00cf 00       		.byte	0
 778 00d0 00       		.byte	0
 779 00d1 11       		.uleb128 0x11
 780 00d2 34       		.uleb128 0x34
 781 00d3 00       		.byte	0
 782 00d4 03       		.uleb128 0x3
 783 00d5 0E       		.uleb128 0xe
 784 00d6 3A       		.uleb128 0x3a
 785 00d7 0B       		.uleb128 0xb
 786 00d8 3B       		.uleb128 0x3b
 787 00d9 0B       		.uleb128 0xb
 788 00da 49       		.uleb128 0x49
 789 00db 13       		.uleb128 0x13
 790 00dc 3F       		.uleb128 0x3f
 791 00dd 19       		.uleb128 0x19
 792 00de 3C       		.uleb128 0x3c
 793 00df 19       		.uleb128 0x19
 794 00e0 00       		.byte	0
 795 00e1 00       		.byte	0
 796 00e2 12       		.uleb128 0x12
 797 00e3 2E       		.uleb128 0x2e
 798 00e4 00       		.byte	0
 799 00e5 3F       		.uleb128 0x3f
 800 00e6 19       		.uleb128 0x19
 801 00e7 03       		.uleb128 0x3
 802 00e8 0E       		.uleb128 0xe
 803 00e9 3A       		.uleb128 0x3a
 804 00ea 0B       		.uleb128 0xb
 805 00eb 3B       		.uleb128 0x3b
 806 00ec 0B       		.uleb128 0xb
 807 00ed 27       		.uleb128 0x27
 808 00ee 19       		.uleb128 0x19
 809 00ef 3C       		.uleb128 0x3c
 810 00f0 19       		.uleb128 0x19
 811 00f1 00       		.byte	0
 812 00f2 00       		.byte	0
 813 00f3 13       		.uleb128 0x13
 814 00f4 2E       		.uleb128 0x2e
 815 00f5 00       		.byte	0
 816 00f6 3F       		.uleb128 0x3f
 817 00f7 19       		.uleb128 0x19
 818 00f8 03       		.uleb128 0x3
 819 00f9 0E       		.uleb128 0xe
 820 00fa 3A       		.uleb128 0x3a
 821 00fb 0B       		.uleb128 0xb
 822 00fc 3B       		.uleb128 0x3b
 823 00fd 0B       		.uleb128 0xb
 824 00fe 27       		.uleb128 0x27
 825 00ff 19       		.uleb128 0x19
 826 0100 49       		.uleb128 0x49
 827 0101 13       		.uleb128 0x13
 828 0102 3C       		.uleb128 0x3c
 829 0103 19       		.uleb128 0x19
 830 0104 00       		.byte	0
 831 0105 00       		.byte	0
 832 0106 14       		.uleb128 0x14
 833 0107 2E       		.uleb128 0x2e
ARM GAS  C:\Users\Eih3\AppData\Local\Temp\ccyYOuTw.s 			page 17


 834 0108 01       		.byte	0x1
 835 0109 3F       		.uleb128 0x3f
 836 010a 19       		.uleb128 0x19
 837 010b 03       		.uleb128 0x3
 838 010c 0E       		.uleb128 0xe
 839 010d 3A       		.uleb128 0x3a
 840 010e 0B       		.uleb128 0xb
 841 010f 3B       		.uleb128 0x3b
 842 0110 0B       		.uleb128 0xb
 843 0111 27       		.uleb128 0x27
 844 0112 19       		.uleb128 0x19
 845 0113 49       		.uleb128 0x49
 846 0114 13       		.uleb128 0x13
 847 0115 3C       		.uleb128 0x3c
 848 0116 19       		.uleb128 0x19
 849 0117 01       		.uleb128 0x1
 850 0118 13       		.uleb128 0x13
 851 0119 00       		.byte	0
 852 011a 00       		.byte	0
 853 011b 15       		.uleb128 0x15
 854 011c 05       		.uleb128 0x5
 855 011d 00       		.byte	0
 856 011e 49       		.uleb128 0x49
 857 011f 13       		.uleb128 0x13
 858 0120 00       		.byte	0
 859 0121 00       		.byte	0
 860 0122 16       		.uleb128 0x16
 861 0123 2E       		.uleb128 0x2e
 862 0124 01       		.byte	0x1
 863 0125 3F       		.uleb128 0x3f
 864 0126 19       		.uleb128 0x19
 865 0127 03       		.uleb128 0x3
 866 0128 0E       		.uleb128 0xe
 867 0129 3A       		.uleb128 0x3a
 868 012a 0B       		.uleb128 0xb
 869 012b 3B       		.uleb128 0x3b
 870 012c 0B       		.uleb128 0xb
 871 012d 27       		.uleb128 0x27
 872 012e 19       		.uleb128 0x19
 873 012f 3C       		.uleb128 0x3c
 874 0130 19       		.uleb128 0x19
 875 0131 01       		.uleb128 0x1
 876 0132 13       		.uleb128 0x13
 877 0133 00       		.byte	0
 878 0134 00       		.byte	0
 879 0135 00       		.byte	0
 880              		.section	.debug_loc,"",%progbits
 881              	.Ldebug_loc0:
 882              	.LLST0:
 883 0000 00000000 		.4byte	.LVL0
 884 0004 0D000000 		.4byte	.LVL1-1
 885 0008 0100     		.2byte	0x1
 886 000a 50       		.byte	0x50
 887 000b 0D000000 		.4byte	.LVL1-1
 888 000f 5C000000 		.4byte	.LFE56
 889 0013 0400     		.2byte	0x4
 890 0015 F3       		.byte	0xf3
ARM GAS  C:\Users\Eih3\AppData\Local\Temp\ccyYOuTw.s 			page 18


 891 0016 01       		.uleb128 0x1
 892 0017 50       		.byte	0x50
 893 0018 9F       		.byte	0x9f
 894 0019 00000000 		.4byte	0
 895 001d 00000000 		.4byte	0
 896              	.LLST1:
 897 0021 00000000 		.4byte	.LVL0
 898 0025 0D000000 		.4byte	.LVL1-1
 899 0029 0100     		.2byte	0x1
 900 002b 51       		.byte	0x51
 901 002c 0D000000 		.4byte	.LVL1-1
 902 0030 50000000 		.4byte	.LVL7
 903 0034 0100     		.2byte	0x1
 904 0036 56       		.byte	0x56
 905 0037 50000000 		.4byte	.LVL7
 906 003b 5C000000 		.4byte	.LFE56
 907 003f 0400     		.2byte	0x4
 908 0041 F3       		.byte	0xf3
 909 0042 01       		.uleb128 0x1
 910 0043 51       		.byte	0x51
 911 0044 9F       		.byte	0x9f
 912 0045 00000000 		.4byte	0
 913 0049 00000000 		.4byte	0
 914              	.LLST2:
 915 004d 00000000 		.4byte	.LVL0
 916 0051 0D000000 		.4byte	.LVL1-1
 917 0055 0100     		.2byte	0x1
 918 0057 52       		.byte	0x52
 919 0058 0D000000 		.4byte	.LVL1-1
 920 005c 1E000000 		.4byte	.LVL3
 921 0060 0400     		.2byte	0x4
 922 0062 F3       		.byte	0xf3
 923 0063 01       		.uleb128 0x1
 924 0064 52       		.byte	0x52
 925 0065 9F       		.byte	0x9f
 926 0066 1E000000 		.4byte	.LVL3
 927 006a 3D000000 		.4byte	.LVL4-1
 928 006e 0100     		.2byte	0x1
 929 0070 52       		.byte	0x52
 930 0071 3D000000 		.4byte	.LVL4-1
 931 0075 50000000 		.4byte	.LVL7
 932 0079 0300     		.2byte	0x3
 933 007b 77       		.byte	0x77
 934 007c 02       		.sleb128 2
 935 007d 9F       		.byte	0x9f
 936 007e 00000000 		.4byte	0
 937 0082 00000000 		.4byte	0
 938              	.LLST3:
 939 0086 00000000 		.4byte	.LVL9
 940 008a 0D000000 		.4byte	.LVL10-1
 941 008e 0100     		.2byte	0x1
 942 0090 50       		.byte	0x50
 943 0091 0D000000 		.4byte	.LVL10-1
 944 0095 70000000 		.4byte	.LFE57
 945 0099 0400     		.2byte	0x4
 946 009b F3       		.byte	0xf3
 947 009c 01       		.uleb128 0x1
ARM GAS  C:\Users\Eih3\AppData\Local\Temp\ccyYOuTw.s 			page 19


 948 009d 50       		.byte	0x50
 949 009e 9F       		.byte	0x9f
 950 009f 00000000 		.4byte	0
 951 00a3 00000000 		.4byte	0
 952              	.LLST4:
 953 00a7 00000000 		.4byte	.LVL9
 954 00ab 0D000000 		.4byte	.LVL10-1
 955 00af 0100     		.2byte	0x1
 956 00b1 51       		.byte	0x51
 957 00b2 0D000000 		.4byte	.LVL10-1
 958 00b6 64000000 		.4byte	.LVL19
 959 00ba 0100     		.2byte	0x1
 960 00bc 57       		.byte	0x57
 961 00bd 64000000 		.4byte	.LVL19
 962 00c1 70000000 		.4byte	.LFE57
 963 00c5 0400     		.2byte	0x4
 964 00c7 F3       		.byte	0xf3
 965 00c8 01       		.uleb128 0x1
 966 00c9 51       		.byte	0x51
 967 00ca 9F       		.byte	0x9f
 968 00cb 00000000 		.4byte	0
 969 00cf 00000000 		.4byte	0
 970              	.LLST5:
 971 00d3 00000000 		.4byte	.LVL9
 972 00d7 0D000000 		.4byte	.LVL10-1
 973 00db 0100     		.2byte	0x1
 974 00dd 52       		.byte	0x52
 975 00de 0D000000 		.4byte	.LVL10-1
 976 00e2 20000000 		.4byte	.LVL12
 977 00e6 0400     		.2byte	0x4
 978 00e8 F3       		.byte	0xf3
 979 00e9 01       		.uleb128 0x1
 980 00ea 52       		.byte	0x52
 981 00eb 9F       		.byte	0x9f
 982 00ec 20000000 		.4byte	.LVL12
 983 00f0 64000000 		.4byte	.LVL19
 984 00f4 0100     		.2byte	0x1
 985 00f6 56       		.byte	0x56
 986 00f7 00000000 		.4byte	0
 987 00fb 00000000 		.4byte	0
 988              		.section	.debug_aranges,"",%progbits
 989 0000 24000000 		.4byte	0x24
 990 0004 0200     		.2byte	0x2
 991 0006 00000000 		.4byte	.Ldebug_info0
 992 000a 04       		.byte	0x4
 993 000b 00       		.byte	0
 994 000c 0000     		.2byte	0
 995 000e 0000     		.2byte	0
 996 0010 00000000 		.4byte	.LFB56
 997 0014 5C000000 		.4byte	.LFE56-.LFB56
 998 0018 00000000 		.4byte	.LFB57
 999 001c 70000000 		.4byte	.LFE57-.LFB57
 1000 0020 00000000 		.4byte	0
 1001 0024 00000000 		.4byte	0
 1002              		.section	.debug_ranges,"",%progbits
 1003              	.Ldebug_ranges0:
 1004 0000 00000000 		.4byte	.LFB56
ARM GAS  C:\Users\Eih3\AppData\Local\Temp\ccyYOuTw.s 			page 20


 1005 0004 5C000000 		.4byte	.LFE56
 1006 0008 00000000 		.4byte	.LFB57
 1007 000c 70000000 		.4byte	.LFE57
 1008 0010 00000000 		.4byte	0
 1009 0014 00000000 		.4byte	0
 1010              		.section	.debug_line,"",%progbits
 1011              	.Ldebug_line0:
 1012 0000 D7010000 		.section	.debug_str,"MS",%progbits,1
 1012      02007501 
 1012      00000201 
 1012      FB0E0D00 
 1012      01010101 
 1013              	.LASF31:
 1014 0000 4932435F 		.ascii	"I2C_MasterSendStop\000"
 1014      4D617374 
 1014      65725365 
 1014      6E645374 
 1014      6F7000
 1015              	.LASF9:
 1016 0013 5F5F696E 		.ascii	"__int32_t\000"
 1016      7433325F 
 1016      7400
 1017              	.LASF20:
 1018 001d 45637269 		.ascii	"EcritureEEPROM\000"
 1018      74757265 
 1018      45455052 
 1018      4F4D00
 1019              	.LASF26:
 1020 002c 4932435F 		.ascii	"I2C_MasterClearStatus\000"
 1020      4D617374 
 1020      6572436C 
 1020      65617253 
 1020      74617475 
 1021              	.LASF21:
 1022 0042 4C656374 		.ascii	"LectureEEPROM\000"
 1022      75726545 
 1022      4550524F 
 1022      4D00
 1023              	.LASF35:
 1024 0050 4932435F 		.ascii	"I2C_Start\000"
 1024      53746172 
 1024      7400
 1025              	.LASF13:
 1026 005a 666C6F61 		.ascii	"float\000"
 1026      7400
 1027              	.LASF34:
 1028 0060 443A5C45 		.ascii	"D:\\Eih3Cloud\\Module HF\\Module HF.cydsn\000"
 1028      69683343 
 1028      6C6F7564 
 1028      5C4D6F64 
 1028      756C6520 
 1029              	.LASF32:
 1030 0087 474E5520 		.ascii	"GNU C 4.8.4 20140526 (release) [ARM/embedded-4_8-br"
 1030      4320342E 
 1030      382E3420 
 1030      32303134 
 1030      30353236 
ARM GAS  C:\Users\Eih3\AppData\Local\Temp\ccyYOuTw.s 			page 21


 1031 00ba 616E6368 		.ascii	"anch revision 211358] -mcpu=cortex-m3 -mthumb -g -O"
 1031      20726576 
 1031      6973696F 
 1031      6E203231 
 1031      31333538 
 1032 00ed 73202D66 		.ascii	"s -ffunction-sections\000"
 1032      66756E63 
 1032      74696F6E 
 1032      2D736563 
 1032      74696F6E 
 1033              	.LASF28:
 1034 0103 4932435F 		.ascii	"I2C_MasterWriteBuf\000"
 1034      4D617374 
 1034      65725772 
 1034      69746542 
 1034      756600
 1035              	.LASF5:
 1036 0116 6C6F6E67 		.ascii	"long unsigned int\000"
 1036      20756E73 
 1036      69676E65 
 1036      6420696E 
 1036      7400
 1037              	.LASF3:
 1038 0128 73686F72 		.ascii	"short unsigned int\000"
 1038      7420756E 
 1038      7369676E 
 1038      65642069 
 1038      6E7400
 1039              	.LASF29:
 1040 013b 4932435F 		.ascii	"I2C_MasterSendStart\000"
 1040      4D617374 
 1040      65725365 
 1040      6E645374 
 1040      61727400 
 1041              	.LASF23:
 1042 014f 49544D5F 		.ascii	"ITM_RxBuffer\000"
 1042      52784275 
 1042      66666572 
 1042      00
 1043              	.LASF1:
 1044 015c 756E7369 		.ascii	"unsigned char\000"
 1044      676E6564 
 1044      20636861 
 1044      7200
 1045              	.LASF14:
 1046 016a 646F7562 		.ascii	"double\000"
 1046      6C6500
 1047              	.LASF25:
 1048 0171 64617461 		.ascii	"dataBuffer\000"
 1048      42756666 
 1048      657200
 1049              	.LASF12:
 1050 017c 75696E74 		.ascii	"uint32\000"
 1050      333200
 1051              	.LASF8:
 1052 0183 756E7369 		.ascii	"unsigned int\000"
 1052      676E6564 
ARM GAS  C:\Users\Eih3\AppData\Local\Temp\ccyYOuTw.s 			page 22


 1052      20696E74 
 1052      00
 1053              	.LASF17:
 1054 0190 61646472 		.ascii	"address\000"
 1054      65737300 
 1055              	.LASF7:
 1056 0198 6C6F6E67 		.ascii	"long long unsigned int\000"
 1056      206C6F6E 
 1056      6720756E 
 1056      7369676E 
 1056      65642069 
 1057              	.LASF33:
 1058 01af 2E5C4545 		.ascii	".\\EEPROM.c\000"
 1058      50524F4D 
 1058      2E6300
 1059              	.LASF10:
 1060 01ba 696E7433 		.ascii	"int32_t\000"
 1060      325F7400 
 1061              	.LASF16:
 1062 01c2 73697A65 		.ascii	"sizetype\000"
 1062      74797065 
 1062      00
 1063              	.LASF6:
 1064 01cb 6C6F6E67 		.ascii	"long long int\000"
 1064      206C6F6E 
 1064      6720696E 
 1064      7400
 1065              	.LASF15:
 1066 01d9 63686172 		.ascii	"char\000"
 1066      00
 1067              	.LASF27:
 1068 01de 4932435F 		.ascii	"I2C_MasterStatus\000"
 1068      4D617374 
 1068      65725374 
 1068      61747573 
 1068      00
 1069              	.LASF30:
 1070 01ef 4932435F 		.ascii	"I2C_MasterReadByte\000"
 1070      4D617374 
 1070      65725265 
 1070      61644279 
 1070      746500
 1071              	.LASF2:
 1072 0202 73686F72 		.ascii	"short int\000"
 1072      7420696E 
 1072      7400
 1073              	.LASF11:
 1074 020c 75696E74 		.ascii	"uint8\000"
 1074      3800
 1075              	.LASF18:
 1076 0212 77726974 		.ascii	"writeData\000"
 1076      65446174 
 1076      6100
 1077              	.LASF4:
 1078 021c 6C6F6E67 		.ascii	"long int\000"
 1078      20696E74 
 1078      00
ARM GAS  C:\Users\Eih3\AppData\Local\Temp\ccyYOuTw.s 			page 23


 1079              	.LASF0:
 1080 0225 7369676E 		.ascii	"signed char\000"
 1080      65642063 
 1080      68617200 
 1081              	.LASF22:
 1082 0231 72656164 		.ascii	"readData\000"
 1082      44617461 
 1082      00
 1083              	.LASF19:
 1084 023a 6C656E67 		.ascii	"length\000"
 1084      746800
 1085              	.LASF36:
 1086 0241 43794465 		.ascii	"CyDelay\000"
 1086      6C617900 
 1087              	.LASF24:
 1088 0249 61647265 		.ascii	"adresse\000"
 1088      73736500 
 1089              		.ident	"GCC: (GNU Tools for ARM Embedded Processors) 4.8.4 20140526 (release) [ARM/embedded-4_8-br
