ARM GAS  C:\Users\Eih3\AppData\Local\Temp\ccuQR0aa.s 			page 1


   1              		.syntax unified
   2              		.cpu cortex-m3
   3              		.fpu softvfp
   4              		.eabi_attribute 20, 1
   5              		.eabi_attribute 21, 1
   6              		.eabi_attribute 23, 3
   7              		.eabi_attribute 24, 1
   8              		.eabi_attribute 25, 1
   9              		.eabi_attribute 26, 1
  10              		.eabi_attribute 30, 4
  11              		.eabi_attribute 34, 1
  12              		.eabi_attribute 18, 4
  13              		.thumb
  14              		.file	"I2C.c"
  15              		.text
  16              	.Ltext0:
  17              		.cfi_sections	.debug_frame
  18              		.section	.text.I2C_Init,"ax",%progbits
  19              		.align	1
  20              		.global	I2C_Init
  21              		.thumb
  22              		.thumb_func
  23              		.type	I2C_Init, %function
  24              	I2C_Init:
  25              	.LFB0:
  26              		.file 1 ".\\Generated_Source\\PSoC5\\I2C.c"
   1:.\Generated_Source\PSoC5/I2C.c **** /*******************************************************************************
   2:.\Generated_Source\PSoC5/I2C.c **** * File Name: I2C.c
   3:.\Generated_Source\PSoC5/I2C.c **** * Version 3.40
   4:.\Generated_Source\PSoC5/I2C.c **** *
   5:.\Generated_Source\PSoC5/I2C.c **** * Description:
   6:.\Generated_Source\PSoC5/I2C.c **** *  This file provides the source code of APIs for the I2C component.
   7:.\Generated_Source\PSoC5/I2C.c **** *  The actual protocol and operation code resides in the interrupt service
   8:.\Generated_Source\PSoC5/I2C.c **** *  routine file.
   9:.\Generated_Source\PSoC5/I2C.c **** *
  10:.\Generated_Source\PSoC5/I2C.c **** *******************************************************************************
  11:.\Generated_Source\PSoC5/I2C.c **** * Copyright 2008-2015, Cypress Semiconductor Corporation. All rights reserved.
  12:.\Generated_Source\PSoC5/I2C.c **** * You may use this file only in accordance with the license, terms, conditions,
  13:.\Generated_Source\PSoC5/I2C.c **** * disclaimers, and limitations in the end user license agreement accompanying
  14:.\Generated_Source\PSoC5/I2C.c **** * the software package with which this file was provided.
  15:.\Generated_Source\PSoC5/I2C.c **** *******************************************************************************/
  16:.\Generated_Source\PSoC5/I2C.c **** 
  17:.\Generated_Source\PSoC5/I2C.c **** #include "I2C_PVT.h"
  18:.\Generated_Source\PSoC5/I2C.c **** 
  19:.\Generated_Source\PSoC5/I2C.c **** 
  20:.\Generated_Source\PSoC5/I2C.c **** /**********************************
  21:.\Generated_Source\PSoC5/I2C.c **** *      System variables
  22:.\Generated_Source\PSoC5/I2C.c **** **********************************/
  23:.\Generated_Source\PSoC5/I2C.c **** 
  24:.\Generated_Source\PSoC5/I2C.c **** uint8 I2C_initVar = 0u; /* Defines if component was initialized */
  25:.\Generated_Source\PSoC5/I2C.c **** 
  26:.\Generated_Source\PSoC5/I2C.c **** volatile uint8 I2C_state;  /* Current state of I2C FSM */
  27:.\Generated_Source\PSoC5/I2C.c **** 
  28:.\Generated_Source\PSoC5/I2C.c **** 
  29:.\Generated_Source\PSoC5/I2C.c **** /*******************************************************************************
  30:.\Generated_Source\PSoC5/I2C.c **** * Function Name: I2C_Init
  31:.\Generated_Source\PSoC5/I2C.c **** ********************************************************************************
ARM GAS  C:\Users\Eih3\AppData\Local\Temp\ccuQR0aa.s 			page 2


  32:.\Generated_Source\PSoC5/I2C.c **** *
  33:.\Generated_Source\PSoC5/I2C.c **** * Summary:
  34:.\Generated_Source\PSoC5/I2C.c **** *  Initializes I2C registers with initial values provided from customizer.
  35:.\Generated_Source\PSoC5/I2C.c **** *
  36:.\Generated_Source\PSoC5/I2C.c **** * Parameters:
  37:.\Generated_Source\PSoC5/I2C.c **** *  None.
  38:.\Generated_Source\PSoC5/I2C.c **** *
  39:.\Generated_Source\PSoC5/I2C.c **** * Return:
  40:.\Generated_Source\PSoC5/I2C.c **** *  None.
  41:.\Generated_Source\PSoC5/I2C.c **** *
  42:.\Generated_Source\PSoC5/I2C.c **** * Global variables:
  43:.\Generated_Source\PSoC5/I2C.c **** *  None.
  44:.\Generated_Source\PSoC5/I2C.c **** *
  45:.\Generated_Source\PSoC5/I2C.c **** * Reentrant:
  46:.\Generated_Source\PSoC5/I2C.c **** *  No.
  47:.\Generated_Source\PSoC5/I2C.c **** *
  48:.\Generated_Source\PSoC5/I2C.c **** *******************************************************************************/
  49:.\Generated_Source\PSoC5/I2C.c **** void I2C_Init(void) 
  50:.\Generated_Source\PSoC5/I2C.c **** {
  27              		.loc 1 50 0
  28              		.cfi_startproc
  29              		@ args = 0, pretend = 0, frame = 0
  30              		@ frame_needed = 0, uses_anonymous_args = 0
  31 0000 38B5     		push	{r3, r4, r5, lr}
  32              		.cfi_def_cfa_offset 16
  33              		.cfi_offset 3, -16
  34              		.cfi_offset 4, -12
  35              		.cfi_offset 5, -8
  36              		.cfi_offset 14, -4
  51:.\Generated_Source\PSoC5/I2C.c **** #if (I2C_FF_IMPLEMENTED)
  52:.\Generated_Source\PSoC5/I2C.c ****     /* Configure fixed function block */
  53:.\Generated_Source\PSoC5/I2C.c ****     I2C_CFG_REG  = I2C_DEFAULT_CFG;
  37              		.loc 1 53 0
  38 0002 114B     		ldr	r3, .L2
  39 0004 0222     		movs	r2, #2
  40 0006 1A70     		strb	r2, [r3]
  54:.\Generated_Source\PSoC5/I2C.c ****     I2C_XCFG_REG = I2C_DEFAULT_XCFG;
  41              		.loc 1 54 0
  42 0008 8122     		movs	r2, #129
  43 000a 03F80E2C 		strb	r2, [r3, #-14]
  55:.\Generated_Source\PSoC5/I2C.c ****     I2C_ADDR_REG = I2C_DEFAULT_ADDR;
  56:.\Generated_Source\PSoC5/I2C.c ****     I2C_CLKDIV1_REG = LO8(I2C_DEFAULT_DIVIDE_FACTOR);
  57:.\Generated_Source\PSoC5/I2C.c ****     I2C_CLKDIV2_REG = HI8(I2C_DEFAULT_DIVIDE_FACTOR);
  44              		.loc 1 57 0
  45 000e 0024     		movs	r4, #0
  56:.\Generated_Source\PSoC5/I2C.c ****     I2C_CLKDIV1_REG = LO8(I2C_DEFAULT_DIVIDE_FACTOR);
  46              		.loc 1 56 0
  47 0010 0F25     		movs	r5, #15
  55:.\Generated_Source\PSoC5/I2C.c ****     I2C_ADDR_REG = I2C_DEFAULT_ADDR;
  48              		.loc 1 55 0
  49 0012 0822     		movs	r2, #8
  50 0014 03F80C2C 		strb	r2, [r3, #-12]
  56:.\Generated_Source\PSoC5/I2C.c ****     I2C_CLKDIV1_REG = LO8(I2C_DEFAULT_DIVIDE_FACTOR);
  51              		.loc 1 56 0
  52 0018 5D71     		strb	r5, [r3, #5]
  53              		.loc 1 57 0
  54 001a 9C71     		strb	r4, [r3, #6]
ARM GAS  C:\Users\Eih3\AppData\Local\Temp\ccuQR0aa.s 			page 3


  58:.\Generated_Source\PSoC5/I2C.c **** 
  59:.\Generated_Source\PSoC5/I2C.c **** #else
  60:.\Generated_Source\PSoC5/I2C.c ****     uint8 intState;
  61:.\Generated_Source\PSoC5/I2C.c **** 
  62:.\Generated_Source\PSoC5/I2C.c ****     /* Configure control and interrupt sources */
  63:.\Generated_Source\PSoC5/I2C.c ****     I2C_CFG_REG      = I2C_DEFAULT_CFG;
  64:.\Generated_Source\PSoC5/I2C.c ****     I2C_INT_MASK_REG = I2C_DEFAULT_INT_MASK;
  65:.\Generated_Source\PSoC5/I2C.c **** 
  66:.\Generated_Source\PSoC5/I2C.c ****     /* Enable interrupt generation in status */
  67:.\Generated_Source\PSoC5/I2C.c ****     intState = CyEnterCriticalSection();
  68:.\Generated_Source\PSoC5/I2C.c ****     I2C_INT_ENABLE_REG |= I2C_INTR_ENABLE;
  69:.\Generated_Source\PSoC5/I2C.c ****     CyExitCriticalSection(intState);
  70:.\Generated_Source\PSoC5/I2C.c **** 
  71:.\Generated_Source\PSoC5/I2C.c ****     /* Configure bit counter */
  72:.\Generated_Source\PSoC5/I2C.c ****     #if (I2C_MODE_SLAVE_ENABLED)
  73:.\Generated_Source\PSoC5/I2C.c ****         I2C_PERIOD_REG = I2C_DEFAULT_PERIOD;
  74:.\Generated_Source\PSoC5/I2C.c ****     #endif  /* (I2C_MODE_SLAVE_ENABLED) */
  75:.\Generated_Source\PSoC5/I2C.c **** 
  76:.\Generated_Source\PSoC5/I2C.c ****     /* Configure clock generator */
  77:.\Generated_Source\PSoC5/I2C.c ****     #if (I2C_MODE_MASTER_ENABLED)
  78:.\Generated_Source\PSoC5/I2C.c ****         I2C_MCLK_PRD_REG = I2C_DEFAULT_MCLK_PRD;
  79:.\Generated_Source\PSoC5/I2C.c ****         I2C_MCLK_CMP_REG = I2C_DEFAULT_MCLK_CMP;
  80:.\Generated_Source\PSoC5/I2C.c ****     #endif /* (I2C_MODE_MASTER_ENABLED) */
  81:.\Generated_Source\PSoC5/I2C.c **** #endif /* (I2C_FF_IMPLEMENTED) */
  82:.\Generated_Source\PSoC5/I2C.c **** 
  83:.\Generated_Source\PSoC5/I2C.c **** #if (I2C_TIMEOUT_ENABLED)
  84:.\Generated_Source\PSoC5/I2C.c ****     I2C_TimeoutInit();
  85:.\Generated_Source\PSoC5/I2C.c **** #endif /* (I2C_TIMEOUT_ENABLED) */
  86:.\Generated_Source\PSoC5/I2C.c **** 
  87:.\Generated_Source\PSoC5/I2C.c ****     /* Configure internal interrupt */
  88:.\Generated_Source\PSoC5/I2C.c ****     CyIntDisable    (I2C_ISR_NUMBER);
  55              		.loc 1 88 0
  56 001c 0B4B     		ldr	r3, .L2+4
  57 001e 4FF40042 		mov	r2, #32768
  58 0022 1A60     		str	r2, [r3]
  89:.\Generated_Source\PSoC5/I2C.c ****     CyIntSetPriority(I2C_ISR_NUMBER, I2C_ISR_PRIORITY);
  59              		.loc 1 89 0
  60 0024 2846     		mov	r0, r5
  61 0026 0721     		movs	r1, #7
  62 0028 FFF7FEFF 		bl	CyIntSetPriority
  63              	.LVL0:
  90:.\Generated_Source\PSoC5/I2C.c ****     #if (I2C_INTERN_I2C_INTR_HANDLER)
  91:.\Generated_Source\PSoC5/I2C.c ****         (void) CyIntSetVector(I2C_ISR_NUMBER, &I2C_ISR);
  64              		.loc 1 91 0
  65 002c 2846     		mov	r0, r5
  66 002e 0849     		ldr	r1, .L2+8
  67 0030 FFF7FEFF 		bl	CyIntSetVector
  68              	.LVL1:
  92:.\Generated_Source\PSoC5/I2C.c ****     #endif /* (I2C_INTERN_I2C_INTR_HANDLER) */
  93:.\Generated_Source\PSoC5/I2C.c **** 
  94:.\Generated_Source\PSoC5/I2C.c ****     /* Set FSM to default state */
  95:.\Generated_Source\PSoC5/I2C.c ****     I2C_state = I2C_SM_IDLE;
  69              		.loc 1 95 0
  70 0034 074B     		ldr	r3, .L2+12
  71 0036 1022     		movs	r2, #16
  72 0038 1A70     		strb	r2, [r3]
  96:.\Generated_Source\PSoC5/I2C.c **** 
ARM GAS  C:\Users\Eih3\AppData\Local\Temp\ccuQR0aa.s 			page 4


  97:.\Generated_Source\PSoC5/I2C.c **** #if (I2C_MODE_SLAVE_ENABLED)
  98:.\Generated_Source\PSoC5/I2C.c ****     /* Clear status and buffers index */
  99:.\Generated_Source\PSoC5/I2C.c ****     I2C_slStatus = 0u;
 100:.\Generated_Source\PSoC5/I2C.c ****     I2C_slRdBufIndex = 0u;
 101:.\Generated_Source\PSoC5/I2C.c ****     I2C_slWrBufIndex = 0u;
 102:.\Generated_Source\PSoC5/I2C.c **** 
 103:.\Generated_Source\PSoC5/I2C.c ****     /* Configure matched address */
 104:.\Generated_Source\PSoC5/I2C.c ****     I2C_SlaveSetAddress(I2C_DEFAULT_ADDR);
 105:.\Generated_Source\PSoC5/I2C.c **** #endif /* (I2C_MODE_SLAVE_ENABLED) */
 106:.\Generated_Source\PSoC5/I2C.c **** 
 107:.\Generated_Source\PSoC5/I2C.c **** #if (I2C_MODE_MASTER_ENABLED)
 108:.\Generated_Source\PSoC5/I2C.c ****     /* Clear status and buffers index */
 109:.\Generated_Source\PSoC5/I2C.c ****     I2C_mstrStatus = 0u;
  73              		.loc 1 109 0
  74 003a 074B     		ldr	r3, .L2+16
  75 003c 1C70     		strb	r4, [r3]
 110:.\Generated_Source\PSoC5/I2C.c ****     I2C_mstrRdBufIndex = 0u;
  76              		.loc 1 110 0
  77 003e 074B     		ldr	r3, .L2+20
  78 0040 1C70     		strb	r4, [r3]
 111:.\Generated_Source\PSoC5/I2C.c ****     I2C_mstrWrBufIndex = 0u;
  79              		.loc 1 111 0
  80 0042 074B     		ldr	r3, .L2+24
  81 0044 1C70     		strb	r4, [r3]
  82 0046 38BD     		pop	{r3, r4, r5, pc}
  83              	.L3:
  84              		.align	2
  85              	.L2:
  86 0048 D6490040 		.word	1073760726
  87 004c 80E100E0 		.word	-536813184
  88 0050 00000000 		.word	I2C_ISR
  89 0054 00000000 		.word	I2C_state
  90 0058 00000000 		.word	I2C_mstrStatus
  91 005c 00000000 		.word	I2C_mstrRdBufIndex
  92 0060 00000000 		.word	I2C_mstrWrBufIndex
  93              		.cfi_endproc
  94              	.LFE0:
  95              		.size	I2C_Init, .-I2C_Init
  96              		.section	.text.I2C_Enable,"ax",%progbits
  97              		.align	1
  98              		.global	I2C_Enable
  99              		.thumb
 100              		.thumb_func
 101              		.type	I2C_Enable, %function
 102              	I2C_Enable:
 103              	.LFB1:
 112:.\Generated_Source\PSoC5/I2C.c **** #endif /* (I2C_MODE_MASTER_ENABLED) */
 113:.\Generated_Source\PSoC5/I2C.c **** }
 114:.\Generated_Source\PSoC5/I2C.c **** 
 115:.\Generated_Source\PSoC5/I2C.c **** 
 116:.\Generated_Source\PSoC5/I2C.c **** /*******************************************************************************
 117:.\Generated_Source\PSoC5/I2C.c **** * Function Name: I2C_Enable
 118:.\Generated_Source\PSoC5/I2C.c **** ********************************************************************************
 119:.\Generated_Source\PSoC5/I2C.c **** *
 120:.\Generated_Source\PSoC5/I2C.c **** * Summary:
 121:.\Generated_Source\PSoC5/I2C.c **** *  Enables I2C operations.
 122:.\Generated_Source\PSoC5/I2C.c **** *
ARM GAS  C:\Users\Eih3\AppData\Local\Temp\ccuQR0aa.s 			page 5


 123:.\Generated_Source\PSoC5/I2C.c **** * Parameters:
 124:.\Generated_Source\PSoC5/I2C.c **** *  None.
 125:.\Generated_Source\PSoC5/I2C.c **** *
 126:.\Generated_Source\PSoC5/I2C.c **** * Return:
 127:.\Generated_Source\PSoC5/I2C.c **** *  None.
 128:.\Generated_Source\PSoC5/I2C.c **** *
 129:.\Generated_Source\PSoC5/I2C.c **** * Global variables:
 130:.\Generated_Source\PSoC5/I2C.c **** *  None.
 131:.\Generated_Source\PSoC5/I2C.c **** *
 132:.\Generated_Source\PSoC5/I2C.c **** *******************************************************************************/
 133:.\Generated_Source\PSoC5/I2C.c **** void I2C_Enable(void) 
 134:.\Generated_Source\PSoC5/I2C.c **** {
 104              		.loc 1 134 0
 105              		.cfi_startproc
 106              		@ args = 0, pretend = 0, frame = 0
 107              		@ frame_needed = 0, uses_anonymous_args = 0
 108 0000 08B5     		push	{r3, lr}
 109              		.cfi_def_cfa_offset 8
 110              		.cfi_offset 3, -8
 111              		.cfi_offset 14, -4
 135:.\Generated_Source\PSoC5/I2C.c **** #if (I2C_FF_IMPLEMENTED)
 136:.\Generated_Source\PSoC5/I2C.c ****     uint8 intState;
 137:.\Generated_Source\PSoC5/I2C.c **** 
 138:.\Generated_Source\PSoC5/I2C.c ****     /* Enable power to block */
 139:.\Generated_Source\PSoC5/I2C.c ****     intState = CyEnterCriticalSection();
 112              		.loc 1 139 0
 113 0002 FFF7FEFF 		bl	CyEnterCriticalSection
 114              	.LVL2:
 140:.\Generated_Source\PSoC5/I2C.c ****     I2C_ACT_PWRMGR_REG  |= I2C_ACT_PWR_EN;
 115              		.loc 1 140 0
 116 0006 064B     		ldr	r3, .L5
 117 0008 1A78     		ldrb	r2, [r3]	@ zero_extendqisi2
 118 000a 42F00402 		orr	r2, r2, #4
 119 000e 1A70     		strb	r2, [r3]
 141:.\Generated_Source\PSoC5/I2C.c ****     I2C_STBY_PWRMGR_REG |= I2C_STBY_PWR_EN;
 120              		.loc 1 141 0
 121 0010 1A7C     		ldrb	r2, [r3, #16]	@ zero_extendqisi2
 122 0012 42F00402 		orr	r2, r2, #4
 123 0016 1A74     		strb	r2, [r3, #16]
 142:.\Generated_Source\PSoC5/I2C.c ****     CyExitCriticalSection(intState);
 143:.\Generated_Source\PSoC5/I2C.c **** #else
 144:.\Generated_Source\PSoC5/I2C.c ****     #if (I2C_MODE_SLAVE_ENABLED)
 145:.\Generated_Source\PSoC5/I2C.c ****         /* Enable bit counter */
 146:.\Generated_Source\PSoC5/I2C.c ****         uint8 intState = CyEnterCriticalSection();
 147:.\Generated_Source\PSoC5/I2C.c ****         I2C_COUNTER_AUX_CTL_REG |= I2C_CNT7_ENABLE;
 148:.\Generated_Source\PSoC5/I2C.c ****         CyExitCriticalSection(intState);
 149:.\Generated_Source\PSoC5/I2C.c ****     #endif /* (I2C_MODE_SLAVE_ENABLED) */
 150:.\Generated_Source\PSoC5/I2C.c **** 
 151:.\Generated_Source\PSoC5/I2C.c ****     /* Enable slave or master bits */
 152:.\Generated_Source\PSoC5/I2C.c ****     I2C_CFG_REG |= I2C_ENABLE_MS;
 153:.\Generated_Source\PSoC5/I2C.c **** #endif /* (I2C_FF_IMPLEMENTED) */
 154:.\Generated_Source\PSoC5/I2C.c **** 
 155:.\Generated_Source\PSoC5/I2C.c **** #if (I2C_TIMEOUT_ENABLED)
 156:.\Generated_Source\PSoC5/I2C.c ****     I2C_TimeoutEnable();
 157:.\Generated_Source\PSoC5/I2C.c **** #endif /* (I2C_TIMEOUT_ENABLED) */
 158:.\Generated_Source\PSoC5/I2C.c **** }
 124              		.loc 1 158 0
ARM GAS  C:\Users\Eih3\AppData\Local\Temp\ccuQR0aa.s 			page 6


 125 0018 BDE80840 		pop	{r3, lr}
 142:.\Generated_Source\PSoC5/I2C.c ****     CyExitCriticalSection(intState);
 126              		.loc 1 142 0
 127 001c FFF7FEBF 		b	CyExitCriticalSection
 128              	.LVL3:
 129              	.L6:
 130              		.align	2
 131              	.L5:
 132 0020 A5430040 		.word	1073759141
 133              		.cfi_endproc
 134              	.LFE1:
 135              		.size	I2C_Enable, .-I2C_Enable
 136              		.section	.text.I2C_Start,"ax",%progbits
 137              		.align	1
 138              		.global	I2C_Start
 139              		.thumb
 140              		.thumb_func
 141              		.type	I2C_Start, %function
 142              	I2C_Start:
 143              	.LFB2:
 159:.\Generated_Source\PSoC5/I2C.c **** 
 160:.\Generated_Source\PSoC5/I2C.c **** 
 161:.\Generated_Source\PSoC5/I2C.c **** /*******************************************************************************
 162:.\Generated_Source\PSoC5/I2C.c **** * Function Name: I2C_Start
 163:.\Generated_Source\PSoC5/I2C.c **** ********************************************************************************
 164:.\Generated_Source\PSoC5/I2C.c **** *
 165:.\Generated_Source\PSoC5/I2C.c **** * Summary:
 166:.\Generated_Source\PSoC5/I2C.c **** *  Starts the I2C hardware. Enables Active mode power template bits or clock
 167:.\Generated_Source\PSoC5/I2C.c **** *  gating as appropriate. It is required to be executed before I2C bus
 168:.\Generated_Source\PSoC5/I2C.c **** *  operation.
 169:.\Generated_Source\PSoC5/I2C.c **** *
 170:.\Generated_Source\PSoC5/I2C.c **** * Parameters:
 171:.\Generated_Source\PSoC5/I2C.c **** *  None.
 172:.\Generated_Source\PSoC5/I2C.c **** *
 173:.\Generated_Source\PSoC5/I2C.c **** * Return:
 174:.\Generated_Source\PSoC5/I2C.c **** *  None.
 175:.\Generated_Source\PSoC5/I2C.c **** *
 176:.\Generated_Source\PSoC5/I2C.c **** * Side Effects:
 177:.\Generated_Source\PSoC5/I2C.c **** *  This component automatically enables its interrupt.  If I2C is enabled !
 178:.\Generated_Source\PSoC5/I2C.c **** *  without the interrupt enabled, it can lock up the I2C bus.
 179:.\Generated_Source\PSoC5/I2C.c **** *
 180:.\Generated_Source\PSoC5/I2C.c **** * Global variables:
 181:.\Generated_Source\PSoC5/I2C.c **** *  I2C_initVar - This variable is used to check the initial
 182:.\Generated_Source\PSoC5/I2C.c **** *                             configuration, modified on the first
 183:.\Generated_Source\PSoC5/I2C.c **** *                             function call.
 184:.\Generated_Source\PSoC5/I2C.c **** *
 185:.\Generated_Source\PSoC5/I2C.c **** * Reentrant:
 186:.\Generated_Source\PSoC5/I2C.c **** *  No.
 187:.\Generated_Source\PSoC5/I2C.c **** *
 188:.\Generated_Source\PSoC5/I2C.c **** *******************************************************************************/
 189:.\Generated_Source\PSoC5/I2C.c **** void I2C_Start(void) 
 190:.\Generated_Source\PSoC5/I2C.c **** {
 144              		.loc 1 190 0
 145              		.cfi_startproc
 146              		@ args = 0, pretend = 0, frame = 0
 147              		@ frame_needed = 0, uses_anonymous_args = 0
 148 0000 10B5     		push	{r4, lr}
ARM GAS  C:\Users\Eih3\AppData\Local\Temp\ccuQR0aa.s 			page 7


 149              		.cfi_def_cfa_offset 8
 150              		.cfi_offset 4, -8
 151              		.cfi_offset 14, -4
 191:.\Generated_Source\PSoC5/I2C.c ****     if (0u == I2C_initVar)
 152              		.loc 1 191 0
 153 0002 074C     		ldr	r4, .L10
 154 0004 2378     		ldrb	r3, [r4]	@ zero_extendqisi2
 155 0006 1BB9     		cbnz	r3, .L8
 192:.\Generated_Source\PSoC5/I2C.c ****     {
 193:.\Generated_Source\PSoC5/I2C.c ****         I2C_Init();
 156              		.loc 1 193 0
 157 0008 FFF7FEFF 		bl	I2C_Init
 158              	.LVL4:
 194:.\Generated_Source\PSoC5/I2C.c ****         I2C_initVar = 1u; /* Component initialized */
 159              		.loc 1 194 0
 160 000c 0123     		movs	r3, #1
 161 000e 2370     		strb	r3, [r4]
 162              	.L8:
 195:.\Generated_Source\PSoC5/I2C.c ****     }
 196:.\Generated_Source\PSoC5/I2C.c **** 
 197:.\Generated_Source\PSoC5/I2C.c ****     I2C_Enable();
 163              		.loc 1 197 0
 164 0010 FFF7FEFF 		bl	I2C_Enable
 165              	.LVL5:
 198:.\Generated_Source\PSoC5/I2C.c ****     I2C_EnableInt();
 166              		.loc 1 198 0
 167 0014 034B     		ldr	r3, .L10+4
 168 0016 4FF40042 		mov	r2, #32768
 169 001a 1A60     		str	r2, [r3]
 170 001c 10BD     		pop	{r4, pc}
 171              	.L11:
 172 001e 00BF     		.align	2
 173              	.L10:
 174 0020 00000000 		.word	.LANCHOR0
 175 0024 00E100E0 		.word	-536813312
 176              		.cfi_endproc
 177              	.LFE2:
 178              		.size	I2C_Start, .-I2C_Start
 179              		.section	.text.I2C_Stop,"ax",%progbits
 180              		.align	1
 181              		.global	I2C_Stop
 182              		.thumb
 183              		.thumb_func
 184              		.type	I2C_Stop, %function
 185              	I2C_Stop:
 186              	.LFB3:
 199:.\Generated_Source\PSoC5/I2C.c **** }
 200:.\Generated_Source\PSoC5/I2C.c **** 
 201:.\Generated_Source\PSoC5/I2C.c **** 
 202:.\Generated_Source\PSoC5/I2C.c **** /*******************************************************************************
 203:.\Generated_Source\PSoC5/I2C.c **** * Function Name: I2C_Stop
 204:.\Generated_Source\PSoC5/I2C.c **** ********************************************************************************
 205:.\Generated_Source\PSoC5/I2C.c **** *
 206:.\Generated_Source\PSoC5/I2C.c **** * Summary:
 207:.\Generated_Source\PSoC5/I2C.c **** *  Disables I2C hardware and disables I2C interrupt. Disables Active mode power
 208:.\Generated_Source\PSoC5/I2C.c **** *  template bits or clock gating as appropriate.
 209:.\Generated_Source\PSoC5/I2C.c **** *
ARM GAS  C:\Users\Eih3\AppData\Local\Temp\ccuQR0aa.s 			page 8


 210:.\Generated_Source\PSoC5/I2C.c **** * Parameters:
 211:.\Generated_Source\PSoC5/I2C.c **** *  None.
 212:.\Generated_Source\PSoC5/I2C.c **** *
 213:.\Generated_Source\PSoC5/I2C.c **** * Return:
 214:.\Generated_Source\PSoC5/I2C.c **** *  None.
 215:.\Generated_Source\PSoC5/I2C.c **** *
 216:.\Generated_Source\PSoC5/I2C.c **** *******************************************************************************/
 217:.\Generated_Source\PSoC5/I2C.c **** void I2C_Stop(void) 
 218:.\Generated_Source\PSoC5/I2C.c **** {
 187              		.loc 1 218 0
 188              		.cfi_startproc
 189              		@ args = 0, pretend = 0, frame = 0
 190              		@ frame_needed = 0, uses_anonymous_args = 0
 191 0000 2DE9F843 		push	{r3, r4, r5, r6, r7, r8, r9, lr}
 192              		.cfi_def_cfa_offset 32
 193              		.cfi_offset 3, -32
 194              		.cfi_offset 4, -28
 195              		.cfi_offset 5, -24
 196              		.cfi_offset 6, -20
 197              		.cfi_offset 7, -16
 198              		.cfi_offset 8, -12
 199              		.cfi_offset 9, -8
 200              		.cfi_offset 14, -4
 219:.\Generated_Source\PSoC5/I2C.c ****     I2C_DisableInt();
 201              		.loc 1 219 0
 202 0004 224B     		ldr	r3, .L13
 203              	.LBB2:
 220:.\Generated_Source\PSoC5/I2C.c **** 
 221:.\Generated_Source\PSoC5/I2C.c **** #if (I2C_TIMEOUT_ENABLED)
 222:.\Generated_Source\PSoC5/I2C.c ****     I2C_TimeoutStop();
 223:.\Generated_Source\PSoC5/I2C.c **** #endif  /* End (I2C_TIMEOUT_ENABLED) */
 224:.\Generated_Source\PSoC5/I2C.c **** 
 225:.\Generated_Source\PSoC5/I2C.c **** #if (I2C_FF_IMPLEMENTED)
 226:.\Generated_Source\PSoC5/I2C.c ****     {
 227:.\Generated_Source\PSoC5/I2C.c ****         uint8 intState;
 228:.\Generated_Source\PSoC5/I2C.c ****         uint16 blockResetCycles;
 229:.\Generated_Source\PSoC5/I2C.c **** 
 230:.\Generated_Source\PSoC5/I2C.c ****         /* Store registers effected by block disable */
 231:.\Generated_Source\PSoC5/I2C.c ****         I2C_backup.addr    = I2C_ADDR_REG;
 204              		.loc 1 231 0
 205 0006 DFF8A880 		ldr	r8, .L13+32
 206              	.LBE2:
 219:.\Generated_Source\PSoC5/I2C.c ****     I2C_DisableInt();
 207              		.loc 1 219 0
 208 000a 4FF40049 		mov	r9, #32768
 209 000e C3F80090 		str	r9, [r3]
 210              	.LBB3:
 211              		.loc 1 231 0
 212 0012 98F80030 		ldrb	r3, [r8]	@ zero_extendqisi2
 213 0016 1F4C     		ldr	r4, .L13+4
 232:.\Generated_Source\PSoC5/I2C.c ****         I2C_backup.clkDiv1 = I2C_CLKDIV1_REG;
 214              		.loc 1 232 0
 215 0018 1F4F     		ldr	r7, .L13+8
 231:.\Generated_Source\PSoC5/I2C.c ****         I2C_backup.addr    = I2C_ADDR_REG;
 216              		.loc 1 231 0
 217 001a E370     		strb	r3, [r4, #3]
 218              		.loc 1 232 0
ARM GAS  C:\Users\Eih3\AppData\Local\Temp\ccuQR0aa.s 			page 9


 219 001c 3B78     		ldrb	r3, [r7]	@ zero_extendqisi2
 233:.\Generated_Source\PSoC5/I2C.c ****         I2C_backup.clkDiv2 = I2C_CLKDIV2_REG;
 220              		.loc 1 233 0
 221 001e 1F4E     		ldr	r6, .L13+12
 232:.\Generated_Source\PSoC5/I2C.c ****         I2C_backup.clkDiv1 = I2C_CLKDIV1_REG;
 222              		.loc 1 232 0
 223 0020 2371     		strb	r3, [r4, #4]
 224              		.loc 1 233 0
 225 0022 3378     		ldrb	r3, [r6]	@ zero_extendqisi2
 234:.\Generated_Source\PSoC5/I2C.c **** 
 235:.\Generated_Source\PSoC5/I2C.c ****         /* Calculate number of cycles to reset block */
 236:.\Generated_Source\PSoC5/I2C.c ****         blockResetCycles = ((uint16) ((uint16) I2C_CLKDIV2_REG << 8u) | I2C_CLKDIV1_REG) + 1u;
 237:.\Generated_Source\PSoC5/I2C.c **** 
 238:.\Generated_Source\PSoC5/I2C.c ****         /* Disable block */
 239:.\Generated_Source\PSoC5/I2C.c ****         I2C_CFG_REG &= (uint8) ~I2C_CFG_EN_SLAVE;
 226              		.loc 1 239 0
 227 0024 1E4D     		ldr	r5, .L13+16
 233:.\Generated_Source\PSoC5/I2C.c ****         I2C_backup.clkDiv2 = I2C_CLKDIV2_REG;
 228              		.loc 1 233 0
 229 0026 6371     		strb	r3, [r4, #5]
 236:.\Generated_Source\PSoC5/I2C.c ****         blockResetCycles = ((uint16) ((uint16) I2C_CLKDIV2_REG << 8u) | I2C_CLKDIV1_REG) + 1u;
 230              		.loc 1 236 0
 231 0028 3078     		ldrb	r0, [r6]	@ zero_extendqisi2
 232 002a 3B78     		ldrb	r3, [r7]	@ zero_extendqisi2
 233              	.LVL6:
 234              		.loc 1 239 0
 235 002c 2A78     		ldrb	r2, [r5]	@ zero_extendqisi2
 236:.\Generated_Source\PSoC5/I2C.c ****         blockResetCycles = ((uint16) ((uint16) I2C_CLKDIV2_REG << 8u) | I2C_CLKDIV1_REG) + 1u;
 236              		.loc 1 236 0
 237 002e 43EA0020 		orr	r0, r3, r0, lsl #8
 238              	.LVL7:
 239              		.loc 1 239 0
 240 0032 02F0FE02 		and	r2, r2, #254
 236:.\Generated_Source\PSoC5/I2C.c ****         blockResetCycles = ((uint16) ((uint16) I2C_CLKDIV2_REG << 8u) | I2C_CLKDIV1_REG) + 1u;
 241              		.loc 1 236 0
 242 0036 0130     		adds	r0, r0, #1
 243              		.loc 1 239 0
 244 0038 2A70     		strb	r2, [r5]
 240:.\Generated_Source\PSoC5/I2C.c ****         /* Wait for block reset before disable power */
 241:.\Generated_Source\PSoC5/I2C.c ****         CyDelayCycles((uint32) blockResetCycles);
 245              		.loc 1 241 0
 246 003a 80B2     		uxth	r0, r0
 247 003c FFF7FEFF 		bl	CyDelayCycles
 248              	.LVL8:
 242:.\Generated_Source\PSoC5/I2C.c **** 
 243:.\Generated_Source\PSoC5/I2C.c ****         /* Disable power to block */
 244:.\Generated_Source\PSoC5/I2C.c ****         intState = CyEnterCriticalSection();
 249              		.loc 1 244 0
 250 0040 FFF7FEFF 		bl	CyEnterCriticalSection
 251              	.LVL9:
 245:.\Generated_Source\PSoC5/I2C.c ****         I2C_ACT_PWRMGR_REG  &= (uint8) ~I2C_ACT_PWR_EN;
 252              		.loc 1 245 0
 253 0044 174B     		ldr	r3, .L13+20
 254 0046 1A78     		ldrb	r2, [r3]	@ zero_extendqisi2
 255 0048 02F0FB02 		and	r2, r2, #251
 256 004c 1A70     		strb	r2, [r3]
 246:.\Generated_Source\PSoC5/I2C.c ****         I2C_STBY_PWRMGR_REG &= (uint8) ~I2C_STBY_PWR_EN;
ARM GAS  C:\Users\Eih3\AppData\Local\Temp\ccuQR0aa.s 			page 10


 257              		.loc 1 246 0
 258 004e 1A7C     		ldrb	r2, [r3, #16]	@ zero_extendqisi2
 259 0050 02F0FB02 		and	r2, r2, #251
 260 0054 1A74     		strb	r2, [r3, #16]
 247:.\Generated_Source\PSoC5/I2C.c ****         CyExitCriticalSection(intState);
 261              		.loc 1 247 0
 262 0056 FFF7FEFF 		bl	CyExitCriticalSection
 263              	.LVL10:
 248:.\Generated_Source\PSoC5/I2C.c **** 
 249:.\Generated_Source\PSoC5/I2C.c ****         /* Enable block */
 250:.\Generated_Source\PSoC5/I2C.c ****         I2C_CFG_REG |= (uint8) I2C_ENABLE_MS;
 264              		.loc 1 250 0
 265 005a 2B78     		ldrb	r3, [r5]	@ zero_extendqisi2
 266              	.LBE3:
 251:.\Generated_Source\PSoC5/I2C.c **** 
 252:.\Generated_Source\PSoC5/I2C.c ****         /* Restore registers effected by block disable. Ticket ID#198004 */
 253:.\Generated_Source\PSoC5/I2C.c ****         I2C_ADDR_REG    = I2C_backup.addr;
 254:.\Generated_Source\PSoC5/I2C.c ****         I2C_ADDR_REG    = I2C_backup.addr;
 255:.\Generated_Source\PSoC5/I2C.c ****         I2C_CLKDIV1_REG = I2C_backup.clkDiv1;
 256:.\Generated_Source\PSoC5/I2C.c ****         I2C_CLKDIV2_REG = I2C_backup.clkDiv2;
 257:.\Generated_Source\PSoC5/I2C.c ****     }
 258:.\Generated_Source\PSoC5/I2C.c **** #else
 259:.\Generated_Source\PSoC5/I2C.c **** 
 260:.\Generated_Source\PSoC5/I2C.c ****     /* Disable slave or master bits */
 261:.\Generated_Source\PSoC5/I2C.c ****     I2C_CFG_REG &= (uint8) ~I2C_ENABLE_MS;
 262:.\Generated_Source\PSoC5/I2C.c **** 
 263:.\Generated_Source\PSoC5/I2C.c **** #if (I2C_MODE_SLAVE_ENABLED)
 264:.\Generated_Source\PSoC5/I2C.c ****     {
 265:.\Generated_Source\PSoC5/I2C.c ****         /* Disable bit counter */
 266:.\Generated_Source\PSoC5/I2C.c ****         uint8 intState = CyEnterCriticalSection();
 267:.\Generated_Source\PSoC5/I2C.c ****         I2C_COUNTER_AUX_CTL_REG &= (uint8) ~I2C_CNT7_ENABLE;
 268:.\Generated_Source\PSoC5/I2C.c ****         CyExitCriticalSection(intState);
 269:.\Generated_Source\PSoC5/I2C.c ****     }
 270:.\Generated_Source\PSoC5/I2C.c **** #endif /* (I2C_MODE_SLAVE_ENABLED) */
 271:.\Generated_Source\PSoC5/I2C.c **** 
 272:.\Generated_Source\PSoC5/I2C.c ****     /* Clear interrupt source register */
 273:.\Generated_Source\PSoC5/I2C.c ****     (void) I2C_CSR_REG;
 274:.\Generated_Source\PSoC5/I2C.c **** #endif /* (I2C_FF_IMPLEMENTED) */
 275:.\Generated_Source\PSoC5/I2C.c **** 
 276:.\Generated_Source\PSoC5/I2C.c ****     /* Disable interrupt on stop (enabled by write transaction) */
 277:.\Generated_Source\PSoC5/I2C.c ****     I2C_DISABLE_INT_ON_STOP;
 278:.\Generated_Source\PSoC5/I2C.c ****     I2C_ClearPendingInt();
 279:.\Generated_Source\PSoC5/I2C.c **** 
 280:.\Generated_Source\PSoC5/I2C.c ****     /* Reset FSM to default state */
 281:.\Generated_Source\PSoC5/I2C.c ****     I2C_state = I2C_SM_IDLE;
 267              		.loc 1 281 0
 268 005c 1022     		movs	r2, #16
 269              	.LBB4:
 250:.\Generated_Source\PSoC5/I2C.c ****         I2C_CFG_REG |= (uint8) I2C_ENABLE_MS;
 270              		.loc 1 250 0
 271 005e 43F00203 		orr	r3, r3, #2
 272 0062 2B70     		strb	r3, [r5]
 253:.\Generated_Source\PSoC5/I2C.c ****         I2C_ADDR_REG    = I2C_backup.addr;
 273              		.loc 1 253 0
 274 0064 E378     		ldrb	r3, [r4, #3]	@ zero_extendqisi2
 275 0066 88F80030 		strb	r3, [r8]
 254:.\Generated_Source\PSoC5/I2C.c ****         I2C_ADDR_REG    = I2C_backup.addr;
ARM GAS  C:\Users\Eih3\AppData\Local\Temp\ccuQR0aa.s 			page 11


 276              		.loc 1 254 0
 277 006a E378     		ldrb	r3, [r4, #3]	@ zero_extendqisi2
 278 006c 88F80030 		strb	r3, [r8]
 255:.\Generated_Source\PSoC5/I2C.c ****         I2C_CLKDIV1_REG = I2C_backup.clkDiv1;
 279              		.loc 1 255 0
 280 0070 2379     		ldrb	r3, [r4, #4]	@ zero_extendqisi2
 281 0072 3B70     		strb	r3, [r7]
 256:.\Generated_Source\PSoC5/I2C.c ****         I2C_CLKDIV2_REG = I2C_backup.clkDiv2;
 282              		.loc 1 256 0
 283 0074 6379     		ldrb	r3, [r4, #5]	@ zero_extendqisi2
 284 0076 3370     		strb	r3, [r6]
 285              	.LBE4:
 277:.\Generated_Source\PSoC5/I2C.c ****     I2C_DISABLE_INT_ON_STOP;
 286              		.loc 1 277 0
 287 0078 2B78     		ldrb	r3, [r5]	@ zero_extendqisi2
 288 007a 03F0EF03 		and	r3, r3, #239
 289 007e 2B70     		strb	r3, [r5]
 278:.\Generated_Source\PSoC5/I2C.c ****     I2C_ClearPendingInt();
 290              		.loc 1 278 0
 291 0080 094B     		ldr	r3, .L13+24
 292 0082 C3F80090 		str	r9, [r3]
 293              		.loc 1 281 0
 294 0086 094B     		ldr	r3, .L13+28
 295 0088 1A70     		strb	r2, [r3]
 296 008a BDE8F883 		pop	{r3, r4, r5, r6, r7, r8, r9, pc}
 297              	.L14:
 298 008e 00BF     		.align	2
 299              	.L13:
 300 0090 80E100E0 		.word	-536813184
 301 0094 00000000 		.word	I2C_backup
 302 0098 DB490040 		.word	1073760731
 303 009c DC490040 		.word	1073760732
 304 00a0 D6490040 		.word	1073760726
 305 00a4 A5430040 		.word	1073759141
 306 00a8 80E200E0 		.word	-536812928
 307 00ac 00000000 		.word	I2C_state
 308 00b0 CA490040 		.word	1073760714
 309              		.cfi_endproc
 310              	.LFE3:
 311              		.size	I2C_Stop, .-I2C_Stop
 312              		.comm	I2C_state,1,1
 313              		.global	I2C_initVar
 314              		.bss
 315              		.set	.LANCHOR0,. + 0
 316              		.type	I2C_initVar, %object
 317              		.size	I2C_initVar, 1
 318              	I2C_initVar:
 319 0000 00       		.space	1
 320              		.text
 321              	.Letext0:
 322              		.file 2 ".\\Generated_Source\\PSoC5\\cytypes.h"
 323              		.file 3 ".\\Generated_Source\\PSoC5\\I2C.h"
 324              		.file 4 ".\\Generated_Source\\PSoC5\\I2C_PVT.h"
 325              		.file 5 ".\\Generated_Source\\PSoC5\\CyLib.h"
 326              		.section	.debug_info,"",%progbits
 327              	.Ldebug_info0:
 328 0000 D0020000 		.4byte	0x2d0
ARM GAS  C:\Users\Eih3\AppData\Local\Temp\ccuQR0aa.s 			page 12


 329 0004 0400     		.2byte	0x4
 330 0006 00000000 		.4byte	.Ldebug_abbrev0
 331 000a 04       		.byte	0x4
 332 000b 01       		.uleb128 0x1
 333 000c 05020000 		.4byte	.LASF39
 334 0010 01       		.byte	0x1
 335 0011 6A000000 		.4byte	.LASF40
 336 0015 CA000000 		.4byte	.LASF41
 337 0019 20000000 		.4byte	.Ldebug_ranges0+0x20
 338 001d 00000000 		.4byte	0
 339 0021 00000000 		.4byte	.Ldebug_line0
 340 0025 02       		.uleb128 0x2
 341 0026 01       		.byte	0x1
 342 0027 06       		.byte	0x6
 343 0028 9E010000 		.4byte	.LASF0
 344 002c 02       		.uleb128 0x2
 345 002d 01       		.byte	0x1
 346 002e 08       		.byte	0x8
 347 002f A0000000 		.4byte	.LASF1
 348 0033 02       		.uleb128 0x2
 349 0034 02       		.byte	0x2
 350 0035 05       		.byte	0x5
 351 0036 E6010000 		.4byte	.LASF2
 352 003a 02       		.uleb128 0x2
 353 003b 02       		.byte	0x2
 354 003c 07       		.byte	0x7
 355 003d 23000000 		.4byte	.LASF3
 356 0041 02       		.uleb128 0x2
 357 0042 04       		.byte	0x4
 358 0043 05       		.byte	0x5
 359 0044 81020000 		.4byte	.LASF4
 360 0048 02       		.uleb128 0x2
 361 0049 04       		.byte	0x4
 362 004a 07       		.byte	0x7
 363 004b B3000000 		.4byte	.LASF5
 364 004f 02       		.uleb128 0x2
 365 0050 08       		.byte	0x8
 366 0051 05       		.byte	0x5
 367 0052 BC010000 		.4byte	.LASF6
 368 0056 02       		.uleb128 0x2
 369 0057 08       		.byte	0x8
 370 0058 07       		.byte	0x7
 371 0059 89000000 		.4byte	.LASF7
 372 005d 03       		.uleb128 0x3
 373 005e 04       		.byte	0x4
 374 005f 05       		.byte	0x5
 375 0060 696E7400 		.ascii	"int\000"
 376 0064 02       		.uleb128 0x2
 377 0065 04       		.byte	0x4
 378 0066 07       		.byte	0x7
 379 0067 36010000 		.4byte	.LASF8
 380 006b 04       		.uleb128 0x4
 381 006c F0010000 		.4byte	.LASF9
 382 0070 02       		.byte	0x2
 383 0071 A1       		.byte	0xa1
 384 0072 2C000000 		.4byte	0x2c
 385 0076 04       		.uleb128 0x4
ARM GAS  C:\Users\Eih3\AppData\Local\Temp\ccuQR0aa.s 			page 13


 386 0077 16010000 		.4byte	.LASF10
 387 007b 02       		.byte	0x2
 388 007c A2       		.byte	0xa2
 389 007d 3A000000 		.4byte	0x3a
 390 0081 04       		.uleb128 0x4
 391 0082 26010000 		.4byte	.LASF11
 392 0086 02       		.byte	0x2
 393 0087 A3       		.byte	0xa3
 394 0088 48000000 		.4byte	0x48
 395 008c 02       		.uleb128 0x2
 396 008d 04       		.byte	0x4
 397 008e 04       		.byte	0x4
 398 008f 64000000 		.4byte	.LASF12
 399 0093 02       		.uleb128 0x2
 400 0094 08       		.byte	0x8
 401 0095 04       		.byte	0x4
 402 0096 0F010000 		.4byte	.LASF13
 403 009a 02       		.uleb128 0x2
 404 009b 01       		.byte	0x1
 405 009c 08       		.byte	0x8
 406 009d CA010000 		.4byte	.LASF14
 407 00a1 05       		.uleb128 0x5
 408 00a2 AE000000 		.4byte	.LASF15
 409 00a6 02       		.byte	0x2
 410 00a7 4B01     		.2byte	0x14b
 411 00a9 AD000000 		.4byte	0xad
 412 00ad 06       		.uleb128 0x6
 413 00ae 6B000000 		.4byte	0x6b
 414 00b2 05       		.uleb128 0x5
 415 00b3 0E000000 		.4byte	.LASF16
 416 00b7 02       		.byte	0x2
 417 00b8 4D01     		.2byte	0x14d
 418 00ba BE000000 		.4byte	0xbe
 419 00be 06       		.uleb128 0x6
 420 00bf 81000000 		.4byte	0x81
 421 00c3 05       		.uleb128 0x5
 422 00c4 91010000 		.4byte	.LASF17
 423 00c8 02       		.byte	0x2
 424 00c9 5D01     		.2byte	0x15d
 425 00cb CF000000 		.4byte	0xcf
 426 00cf 07       		.uleb128 0x7
 427 00d0 04       		.byte	0x4
 428 00d1 D5000000 		.4byte	0xd5
 429 00d5 08       		.uleb128 0x8
 430 00d6 02       		.uleb128 0x2
 431 00d7 04       		.byte	0x4
 432 00d8 07       		.byte	0x7
 433 00d9 B3010000 		.4byte	.LASF18
 434 00dd 09       		.uleb128 0x9
 435 00de 06       		.byte	0x6
 436 00df 03       		.byte	0x3
 437 00e0 76       		.byte	0x76
 438 00e1 2E010000 		.4byte	0x12e
 439 00e5 0A       		.uleb128 0xa
 440 00e6 8A020000 		.4byte	.LASF19
 441 00ea 03       		.byte	0x3
 442 00eb 78       		.byte	0x78
ARM GAS  C:\Users\Eih3\AppData\Local\Temp\ccuQR0aa.s 			page 14


 443 00ec 6B000000 		.4byte	0x6b
 444 00f0 00       		.byte	0
 445 00f1 0A       		.uleb128 0xa
 446 00f2 CF010000 		.4byte	.LASF20
 447 00f6 03       		.byte	0x3
 448 00f7 7B       		.byte	0x7b
 449 00f8 6B000000 		.4byte	0x6b
 450 00fc 01       		.byte	0x1
 451 00fd 0B       		.uleb128 0xb
 452 00fe 63666700 		.ascii	"cfg\000"
 453 0102 03       		.byte	0x3
 454 0103 7C       		.byte	0x7c
 455 0104 6B000000 		.4byte	0x6b
 456 0108 02       		.byte	0x2
 457 0109 0A       		.uleb128 0xa
 458 010a C5000000 		.4byte	.LASF21
 459 010e 03       		.byte	0x3
 460 010f 7D       		.byte	0x7d
 461 0110 6B000000 		.4byte	0x6b
 462 0114 03       		.byte	0x3
 463 0115 0A       		.uleb128 0xa
 464 0116 6A010000 		.4byte	.LASF22
 465 011a 03       		.byte	0x3
 466 011b 7E       		.byte	0x7e
 467 011c 6B000000 		.4byte	0x6b
 468 0120 04       		.byte	0x4
 469 0121 0A       		.uleb128 0xa
 470 0122 72010000 		.4byte	.LASF23
 471 0126 03       		.byte	0x3
 472 0127 7F       		.byte	0x7f
 473 0128 6B000000 		.4byte	0x6b
 474 012c 05       		.byte	0x5
 475 012d 00       		.byte	0
 476 012e 04       		.uleb128 0x4
 477 012f D4010000 		.4byte	.LASF24
 478 0133 03       		.byte	0x3
 479 0134 89       		.byte	0x89
 480 0135 DD000000 		.4byte	0xdd
 481 0139 0C       		.uleb128 0xc
 482 013a AA010000 		.4byte	.LASF25
 483 013e 01       		.byte	0x1
 484 013f 31       		.byte	0x31
 485 0140 00000000 		.4byte	.LFB0
 486 0144 64000000 		.4byte	.LFE0-.LFB0
 487 0148 01       		.uleb128 0x1
 488 0149 9C       		.byte	0x9c
 489 014a 78010000 		.4byte	0x178
 490 014e 0D       		.uleb128 0xd
 491 014f 2C000000 		.4byte	.LVL0
 492 0153 7A020000 		.4byte	0x27a
 493 0157 67010000 		.4byte	0x167
 494 015b 0E       		.uleb128 0xe
 495 015c 01       		.uleb128 0x1
 496 015d 51       		.byte	0x51
 497 015e 01       		.uleb128 0x1
 498 015f 37       		.byte	0x37
 499 0160 0E       		.uleb128 0xe
ARM GAS  C:\Users\Eih3\AppData\Local\Temp\ccuQR0aa.s 			page 15


 500 0161 01       		.uleb128 0x1
 501 0162 50       		.byte	0x50
 502 0163 02       		.uleb128 0x2
 503 0164 75       		.byte	0x75
 504 0165 00       		.sleb128 0
 505 0166 00       		.byte	0
 506 0167 0F       		.uleb128 0xf
 507 0168 34000000 		.4byte	.LVL1
 508 016c 90020000 		.4byte	0x290
 509 0170 0E       		.uleb128 0xe
 510 0171 01       		.uleb128 0x1
 511 0172 50       		.byte	0x50
 512 0173 02       		.uleb128 0x2
 513 0174 75       		.byte	0x75
 514 0175 00       		.sleb128 0
 515 0176 00       		.byte	0
 516 0177 00       		.byte	0
 517 0178 0C       		.uleb128 0xc
 518 0179 04010000 		.4byte	.LASF26
 519 017d 01       		.byte	0x1
 520 017e 85       		.byte	0x85
 521 017f 00000000 		.4byte	.LFB1
 522 0183 24000000 		.4byte	.LFE1-.LFB1
 523 0187 01       		.uleb128 0x1
 524 0188 9C       		.byte	0x9c
 525 0189 AF010000 		.4byte	0x1af
 526 018d 10       		.uleb128 0x10
 527 018e 2D010000 		.4byte	.LASF29
 528 0192 01       		.byte	0x1
 529 0193 88       		.byte	0x88
 530 0194 6B000000 		.4byte	0x6b
 531 0198 00000000 		.4byte	.LLST0
 532 019c 11       		.uleb128 0x11
 533 019d 06000000 		.4byte	.LVL2
 534 01a1 AA020000 		.4byte	0x2aa
 535 01a5 12       		.uleb128 0x12
 536 01a6 20000000 		.4byte	.LVL3
 537 01aa B5020000 		.4byte	0x2b5
 538 01ae 00       		.byte	0
 539 01af 0C       		.uleb128 0xc
 540 01b0 47000000 		.4byte	.LASF27
 541 01b4 01       		.byte	0x1
 542 01b5 BD       		.byte	0xbd
 543 01b6 00000000 		.4byte	.LFB2
 544 01ba 28000000 		.4byte	.LFE2-.LFB2
 545 01be 01       		.uleb128 0x1
 546 01bf 9C       		.byte	0x9c
 547 01c0 D7010000 		.4byte	0x1d7
 548 01c4 11       		.uleb128 0x11
 549 01c5 0C000000 		.4byte	.LVL4
 550 01c9 39010000 		.4byte	0x139
 551 01cd 11       		.uleb128 0x11
 552 01ce 14000000 		.4byte	.LVL5
 553 01d2 78010000 		.4byte	0x178
 554 01d6 00       		.byte	0
 555 01d7 0C       		.uleb128 0xc
 556 01d8 1D010000 		.4byte	.LASF28
ARM GAS  C:\Users\Eih3\AppData\Local\Temp\ccuQR0aa.s 			page 16


 557 01dc 01       		.byte	0x1
 558 01dd D9       		.byte	0xd9
 559 01de 00000000 		.4byte	.LFB3
 560 01e2 B4000000 		.4byte	.LFE3-.LFB3
 561 01e6 01       		.uleb128 0x1
 562 01e7 9C       		.byte	0x9c
 563 01e8 2C020000 		.4byte	0x22c
 564 01ec 13       		.uleb128 0x13
 565 01ed 00000000 		.4byte	.Ldebug_ranges0+0
 566 01f1 10       		.uleb128 0x10
 567 01f2 2D010000 		.4byte	.LASF29
 568 01f6 01       		.byte	0x1
 569 01f7 E3       		.byte	0xe3
 570 01f8 6B000000 		.4byte	0x6b
 571 01fc 13000000 		.4byte	.LLST1
 572 0200 10       		.uleb128 0x10
 573 0201 36000000 		.4byte	.LASF30
 574 0205 01       		.byte	0x1
 575 0206 E4       		.byte	0xe4
 576 0207 76000000 		.4byte	0x76
 577 020b 26000000 		.4byte	.LLST2
 578 020f 11       		.uleb128 0x11
 579 0210 40000000 		.4byte	.LVL8
 580 0214 C6020000 		.4byte	0x2c6
 581 0218 11       		.uleb128 0x11
 582 0219 44000000 		.4byte	.LVL9
 583 021d AA020000 		.4byte	0x2aa
 584 0221 11       		.uleb128 0x11
 585 0222 5A000000 		.4byte	.LVL10
 586 0226 B5020000 		.4byte	0x2b5
 587 022a 00       		.byte	0
 588 022b 00       		.byte	0
 589 022c 14       		.uleb128 0x14
 590 022d BE020000 		.4byte	.LASF31
 591 0231 01       		.byte	0x1
 592 0232 18       		.byte	0x18
 593 0233 6B000000 		.4byte	0x6b
 594 0237 05       		.uleb128 0x5
 595 0238 03       		.byte	0x3
 596 0239 00000000 		.4byte	I2C_initVar
 597 023d 15       		.uleb128 0x15
 598 023e 96020000 		.4byte	.LASF32
 599 0242 04       		.byte	0x4
 600 0243 21       		.byte	0x21
 601 0244 2E010000 		.4byte	0x12e
 602 0248 14       		.uleb128 0x14
 603 0249 A1020000 		.4byte	.LASF33
 604 024d 01       		.byte	0x1
 605 024e 1A       		.byte	0x1a
 606 024f AD000000 		.4byte	0xad
 607 0253 05       		.uleb128 0x5
 608 0254 03       		.byte	0x3
 609 0255 00000000 		.4byte	I2C_state
 610 0259 15       		.uleb128 0x15
 611 025a F6010000 		.4byte	.LASF34
 612 025e 04       		.byte	0x4
 613 025f 27       		.byte	0x27
ARM GAS  C:\Users\Eih3\AppData\Local\Temp\ccuQR0aa.s 			page 17


 614 0260 AD000000 		.4byte	0xad
 615 0264 15       		.uleb128 0x15
 616 0265 51000000 		.4byte	.LASF35
 617 0269 04       		.byte	0x4
 618 026a 2D       		.byte	0x2d
 619 026b AD000000 		.4byte	0xad
 620 026f 15       		.uleb128 0x15
 621 0270 AB020000 		.4byte	.LASF36
 622 0274 04       		.byte	0x4
 623 0275 32       		.byte	0x32
 624 0276 AD000000 		.4byte	0xad
 625 027a 16       		.uleb128 0x16
 626 027b 59010000 		.4byte	.LASF37
 627 027f 05       		.byte	0x5
 628 0280 8C       		.byte	0x8c
 629 0281 90020000 		.4byte	0x290
 630 0285 17       		.uleb128 0x17
 631 0286 6B000000 		.4byte	0x6b
 632 028a 17       		.uleb128 0x17
 633 028b 6B000000 		.4byte	0x6b
 634 028f 00       		.byte	0
 635 0290 18       		.uleb128 0x18
 636 0291 14000000 		.4byte	.LASF42
 637 0295 05       		.byte	0x5
 638 0296 89       		.byte	0x89
 639 0297 C3000000 		.4byte	0xc3
 640 029b AA020000 		.4byte	0x2aa
 641 029f 17       		.uleb128 0x17
 642 02a0 6B000000 		.4byte	0x6b
 643 02a4 17       		.uleb128 0x17
 644 02a5 C3000000 		.4byte	0xc3
 645 02a9 00       		.byte	0
 646 02aa 19       		.uleb128 0x19
 647 02ab 7A010000 		.4byte	.LASF43
 648 02af 05       		.byte	0x5
 649 02b0 7E       		.byte	0x7e
 650 02b1 6B000000 		.4byte	0x6b
 651 02b5 16       		.uleb128 0x16
 652 02b6 43010000 		.4byte	.LASF38
 653 02ba 05       		.byte	0x5
 654 02bb 7F       		.byte	0x7f
 655 02bc C6020000 		.4byte	0x2c6
 656 02c0 17       		.uleb128 0x17
 657 02c1 6B000000 		.4byte	0x6b
 658 02c5 00       		.byte	0
 659 02c6 1A       		.uleb128 0x1a
 660 02c7 00000000 		.4byte	.LASF44
 661 02cb 05       		.byte	0x5
 662 02cc 7A       		.byte	0x7a
 663 02cd 17       		.uleb128 0x17
 664 02ce 81000000 		.4byte	0x81
 665 02d2 00       		.byte	0
 666 02d3 00       		.byte	0
 667              		.section	.debug_abbrev,"",%progbits
 668              	.Ldebug_abbrev0:
 669 0000 01       		.uleb128 0x1
 670 0001 11       		.uleb128 0x11
ARM GAS  C:\Users\Eih3\AppData\Local\Temp\ccuQR0aa.s 			page 18


 671 0002 01       		.byte	0x1
 672 0003 25       		.uleb128 0x25
 673 0004 0E       		.uleb128 0xe
 674 0005 13       		.uleb128 0x13
 675 0006 0B       		.uleb128 0xb
 676 0007 03       		.uleb128 0x3
 677 0008 0E       		.uleb128 0xe
 678 0009 1B       		.uleb128 0x1b
 679 000a 0E       		.uleb128 0xe
 680 000b 55       		.uleb128 0x55
 681 000c 17       		.uleb128 0x17
 682 000d 11       		.uleb128 0x11
 683 000e 01       		.uleb128 0x1
 684 000f 10       		.uleb128 0x10
 685 0010 17       		.uleb128 0x17
 686 0011 00       		.byte	0
 687 0012 00       		.byte	0
 688 0013 02       		.uleb128 0x2
 689 0014 24       		.uleb128 0x24
 690 0015 00       		.byte	0
 691 0016 0B       		.uleb128 0xb
 692 0017 0B       		.uleb128 0xb
 693 0018 3E       		.uleb128 0x3e
 694 0019 0B       		.uleb128 0xb
 695 001a 03       		.uleb128 0x3
 696 001b 0E       		.uleb128 0xe
 697 001c 00       		.byte	0
 698 001d 00       		.byte	0
 699 001e 03       		.uleb128 0x3
 700 001f 24       		.uleb128 0x24
 701 0020 00       		.byte	0
 702 0021 0B       		.uleb128 0xb
 703 0022 0B       		.uleb128 0xb
 704 0023 3E       		.uleb128 0x3e
 705 0024 0B       		.uleb128 0xb
 706 0025 03       		.uleb128 0x3
 707 0026 08       		.uleb128 0x8
 708 0027 00       		.byte	0
 709 0028 00       		.byte	0
 710 0029 04       		.uleb128 0x4
 711 002a 16       		.uleb128 0x16
 712 002b 00       		.byte	0
 713 002c 03       		.uleb128 0x3
 714 002d 0E       		.uleb128 0xe
 715 002e 3A       		.uleb128 0x3a
 716 002f 0B       		.uleb128 0xb
 717 0030 3B       		.uleb128 0x3b
 718 0031 0B       		.uleb128 0xb
 719 0032 49       		.uleb128 0x49
 720 0033 13       		.uleb128 0x13
 721 0034 00       		.byte	0
 722 0035 00       		.byte	0
 723 0036 05       		.uleb128 0x5
 724 0037 16       		.uleb128 0x16
 725 0038 00       		.byte	0
 726 0039 03       		.uleb128 0x3
 727 003a 0E       		.uleb128 0xe
ARM GAS  C:\Users\Eih3\AppData\Local\Temp\ccuQR0aa.s 			page 19


 728 003b 3A       		.uleb128 0x3a
 729 003c 0B       		.uleb128 0xb
 730 003d 3B       		.uleb128 0x3b
 731 003e 05       		.uleb128 0x5
 732 003f 49       		.uleb128 0x49
 733 0040 13       		.uleb128 0x13
 734 0041 00       		.byte	0
 735 0042 00       		.byte	0
 736 0043 06       		.uleb128 0x6
 737 0044 35       		.uleb128 0x35
 738 0045 00       		.byte	0
 739 0046 49       		.uleb128 0x49
 740 0047 13       		.uleb128 0x13
 741 0048 00       		.byte	0
 742 0049 00       		.byte	0
 743 004a 07       		.uleb128 0x7
 744 004b 0F       		.uleb128 0xf
 745 004c 00       		.byte	0
 746 004d 0B       		.uleb128 0xb
 747 004e 0B       		.uleb128 0xb
 748 004f 49       		.uleb128 0x49
 749 0050 13       		.uleb128 0x13
 750 0051 00       		.byte	0
 751 0052 00       		.byte	0
 752 0053 08       		.uleb128 0x8
 753 0054 15       		.uleb128 0x15
 754 0055 00       		.byte	0
 755 0056 27       		.uleb128 0x27
 756 0057 19       		.uleb128 0x19
 757 0058 00       		.byte	0
 758 0059 00       		.byte	0
 759 005a 09       		.uleb128 0x9
 760 005b 13       		.uleb128 0x13
 761 005c 01       		.byte	0x1
 762 005d 0B       		.uleb128 0xb
 763 005e 0B       		.uleb128 0xb
 764 005f 3A       		.uleb128 0x3a
 765 0060 0B       		.uleb128 0xb
 766 0061 3B       		.uleb128 0x3b
 767 0062 0B       		.uleb128 0xb
 768 0063 01       		.uleb128 0x1
 769 0064 13       		.uleb128 0x13
 770 0065 00       		.byte	0
 771 0066 00       		.byte	0
 772 0067 0A       		.uleb128 0xa
 773 0068 0D       		.uleb128 0xd
 774 0069 00       		.byte	0
 775 006a 03       		.uleb128 0x3
 776 006b 0E       		.uleb128 0xe
 777 006c 3A       		.uleb128 0x3a
 778 006d 0B       		.uleb128 0xb
 779 006e 3B       		.uleb128 0x3b
 780 006f 0B       		.uleb128 0xb
 781 0070 49       		.uleb128 0x49
 782 0071 13       		.uleb128 0x13
 783 0072 38       		.uleb128 0x38
 784 0073 0B       		.uleb128 0xb
ARM GAS  C:\Users\Eih3\AppData\Local\Temp\ccuQR0aa.s 			page 20


 785 0074 00       		.byte	0
 786 0075 00       		.byte	0
 787 0076 0B       		.uleb128 0xb
 788 0077 0D       		.uleb128 0xd
 789 0078 00       		.byte	0
 790 0079 03       		.uleb128 0x3
 791 007a 08       		.uleb128 0x8
 792 007b 3A       		.uleb128 0x3a
 793 007c 0B       		.uleb128 0xb
 794 007d 3B       		.uleb128 0x3b
 795 007e 0B       		.uleb128 0xb
 796 007f 49       		.uleb128 0x49
 797 0080 13       		.uleb128 0x13
 798 0081 38       		.uleb128 0x38
 799 0082 0B       		.uleb128 0xb
 800 0083 00       		.byte	0
 801 0084 00       		.byte	0
 802 0085 0C       		.uleb128 0xc
 803 0086 2E       		.uleb128 0x2e
 804 0087 01       		.byte	0x1
 805 0088 3F       		.uleb128 0x3f
 806 0089 19       		.uleb128 0x19
 807 008a 03       		.uleb128 0x3
 808 008b 0E       		.uleb128 0xe
 809 008c 3A       		.uleb128 0x3a
 810 008d 0B       		.uleb128 0xb
 811 008e 3B       		.uleb128 0x3b
 812 008f 0B       		.uleb128 0xb
 813 0090 27       		.uleb128 0x27
 814 0091 19       		.uleb128 0x19
 815 0092 11       		.uleb128 0x11
 816 0093 01       		.uleb128 0x1
 817 0094 12       		.uleb128 0x12
 818 0095 06       		.uleb128 0x6
 819 0096 40       		.uleb128 0x40
 820 0097 18       		.uleb128 0x18
 821 0098 9742     		.uleb128 0x2117
 822 009a 19       		.uleb128 0x19
 823 009b 01       		.uleb128 0x1
 824 009c 13       		.uleb128 0x13
 825 009d 00       		.byte	0
 826 009e 00       		.byte	0
 827 009f 0D       		.uleb128 0xd
 828 00a0 898201   		.uleb128 0x4109
 829 00a3 01       		.byte	0x1
 830 00a4 11       		.uleb128 0x11
 831 00a5 01       		.uleb128 0x1
 832 00a6 31       		.uleb128 0x31
 833 00a7 13       		.uleb128 0x13
 834 00a8 01       		.uleb128 0x1
 835 00a9 13       		.uleb128 0x13
 836 00aa 00       		.byte	0
 837 00ab 00       		.byte	0
 838 00ac 0E       		.uleb128 0xe
 839 00ad 8A8201   		.uleb128 0x410a
 840 00b0 00       		.byte	0
 841 00b1 02       		.uleb128 0x2
ARM GAS  C:\Users\Eih3\AppData\Local\Temp\ccuQR0aa.s 			page 21


 842 00b2 18       		.uleb128 0x18
 843 00b3 9142     		.uleb128 0x2111
 844 00b5 18       		.uleb128 0x18
 845 00b6 00       		.byte	0
 846 00b7 00       		.byte	0
 847 00b8 0F       		.uleb128 0xf
 848 00b9 898201   		.uleb128 0x4109
 849 00bc 01       		.byte	0x1
 850 00bd 11       		.uleb128 0x11
 851 00be 01       		.uleb128 0x1
 852 00bf 31       		.uleb128 0x31
 853 00c0 13       		.uleb128 0x13
 854 00c1 00       		.byte	0
 855 00c2 00       		.byte	0
 856 00c3 10       		.uleb128 0x10
 857 00c4 34       		.uleb128 0x34
 858 00c5 00       		.byte	0
 859 00c6 03       		.uleb128 0x3
 860 00c7 0E       		.uleb128 0xe
 861 00c8 3A       		.uleb128 0x3a
 862 00c9 0B       		.uleb128 0xb
 863 00ca 3B       		.uleb128 0x3b
 864 00cb 0B       		.uleb128 0xb
 865 00cc 49       		.uleb128 0x49
 866 00cd 13       		.uleb128 0x13
 867 00ce 02       		.uleb128 0x2
 868 00cf 17       		.uleb128 0x17
 869 00d0 00       		.byte	0
 870 00d1 00       		.byte	0
 871 00d2 11       		.uleb128 0x11
 872 00d3 898201   		.uleb128 0x4109
 873 00d6 00       		.byte	0
 874 00d7 11       		.uleb128 0x11
 875 00d8 01       		.uleb128 0x1
 876 00d9 31       		.uleb128 0x31
 877 00da 13       		.uleb128 0x13
 878 00db 00       		.byte	0
 879 00dc 00       		.byte	0
 880 00dd 12       		.uleb128 0x12
 881 00de 898201   		.uleb128 0x4109
 882 00e1 00       		.byte	0
 883 00e2 11       		.uleb128 0x11
 884 00e3 01       		.uleb128 0x1
 885 00e4 9542     		.uleb128 0x2115
 886 00e6 19       		.uleb128 0x19
 887 00e7 31       		.uleb128 0x31
 888 00e8 13       		.uleb128 0x13
 889 00e9 00       		.byte	0
 890 00ea 00       		.byte	0
 891 00eb 13       		.uleb128 0x13
 892 00ec 0B       		.uleb128 0xb
 893 00ed 01       		.byte	0x1
 894 00ee 55       		.uleb128 0x55
 895 00ef 17       		.uleb128 0x17
 896 00f0 00       		.byte	0
 897 00f1 00       		.byte	0
 898 00f2 14       		.uleb128 0x14
ARM GAS  C:\Users\Eih3\AppData\Local\Temp\ccuQR0aa.s 			page 22


 899 00f3 34       		.uleb128 0x34
 900 00f4 00       		.byte	0
 901 00f5 03       		.uleb128 0x3
 902 00f6 0E       		.uleb128 0xe
 903 00f7 3A       		.uleb128 0x3a
 904 00f8 0B       		.uleb128 0xb
 905 00f9 3B       		.uleb128 0x3b
 906 00fa 0B       		.uleb128 0xb
 907 00fb 49       		.uleb128 0x49
 908 00fc 13       		.uleb128 0x13
 909 00fd 3F       		.uleb128 0x3f
 910 00fe 19       		.uleb128 0x19
 911 00ff 02       		.uleb128 0x2
 912 0100 18       		.uleb128 0x18
 913 0101 00       		.byte	0
 914 0102 00       		.byte	0
 915 0103 15       		.uleb128 0x15
 916 0104 34       		.uleb128 0x34
 917 0105 00       		.byte	0
 918 0106 03       		.uleb128 0x3
 919 0107 0E       		.uleb128 0xe
 920 0108 3A       		.uleb128 0x3a
 921 0109 0B       		.uleb128 0xb
 922 010a 3B       		.uleb128 0x3b
 923 010b 0B       		.uleb128 0xb
 924 010c 49       		.uleb128 0x49
 925 010d 13       		.uleb128 0x13
 926 010e 3F       		.uleb128 0x3f
 927 010f 19       		.uleb128 0x19
 928 0110 3C       		.uleb128 0x3c
 929 0111 19       		.uleb128 0x19
 930 0112 00       		.byte	0
 931 0113 00       		.byte	0
 932 0114 16       		.uleb128 0x16
 933 0115 2E       		.uleb128 0x2e
 934 0116 01       		.byte	0x1
 935 0117 3F       		.uleb128 0x3f
 936 0118 19       		.uleb128 0x19
 937 0119 03       		.uleb128 0x3
 938 011a 0E       		.uleb128 0xe
 939 011b 3A       		.uleb128 0x3a
 940 011c 0B       		.uleb128 0xb
 941 011d 3B       		.uleb128 0x3b
 942 011e 0B       		.uleb128 0xb
 943 011f 27       		.uleb128 0x27
 944 0120 19       		.uleb128 0x19
 945 0121 3C       		.uleb128 0x3c
 946 0122 19       		.uleb128 0x19
 947 0123 01       		.uleb128 0x1
 948 0124 13       		.uleb128 0x13
 949 0125 00       		.byte	0
 950 0126 00       		.byte	0
 951 0127 17       		.uleb128 0x17
 952 0128 05       		.uleb128 0x5
 953 0129 00       		.byte	0
 954 012a 49       		.uleb128 0x49
 955 012b 13       		.uleb128 0x13
ARM GAS  C:\Users\Eih3\AppData\Local\Temp\ccuQR0aa.s 			page 23


 956 012c 00       		.byte	0
 957 012d 00       		.byte	0
 958 012e 18       		.uleb128 0x18
 959 012f 2E       		.uleb128 0x2e
 960 0130 01       		.byte	0x1
 961 0131 3F       		.uleb128 0x3f
 962 0132 19       		.uleb128 0x19
 963 0133 03       		.uleb128 0x3
 964 0134 0E       		.uleb128 0xe
 965 0135 3A       		.uleb128 0x3a
 966 0136 0B       		.uleb128 0xb
 967 0137 3B       		.uleb128 0x3b
 968 0138 0B       		.uleb128 0xb
 969 0139 27       		.uleb128 0x27
 970 013a 19       		.uleb128 0x19
 971 013b 49       		.uleb128 0x49
 972 013c 13       		.uleb128 0x13
 973 013d 3C       		.uleb128 0x3c
 974 013e 19       		.uleb128 0x19
 975 013f 01       		.uleb128 0x1
 976 0140 13       		.uleb128 0x13
 977 0141 00       		.byte	0
 978 0142 00       		.byte	0
 979 0143 19       		.uleb128 0x19
 980 0144 2E       		.uleb128 0x2e
 981 0145 00       		.byte	0
 982 0146 3F       		.uleb128 0x3f
 983 0147 19       		.uleb128 0x19
 984 0148 03       		.uleb128 0x3
 985 0149 0E       		.uleb128 0xe
 986 014a 3A       		.uleb128 0x3a
 987 014b 0B       		.uleb128 0xb
 988 014c 3B       		.uleb128 0x3b
 989 014d 0B       		.uleb128 0xb
 990 014e 27       		.uleb128 0x27
 991 014f 19       		.uleb128 0x19
 992 0150 49       		.uleb128 0x49
 993 0151 13       		.uleb128 0x13
 994 0152 3C       		.uleb128 0x3c
 995 0153 19       		.uleb128 0x19
 996 0154 00       		.byte	0
 997 0155 00       		.byte	0
 998 0156 1A       		.uleb128 0x1a
 999 0157 2E       		.uleb128 0x2e
 1000 0158 01       		.byte	0x1
 1001 0159 3F       		.uleb128 0x3f
 1002 015a 19       		.uleb128 0x19
 1003 015b 03       		.uleb128 0x3
 1004 015c 0E       		.uleb128 0xe
 1005 015d 3A       		.uleb128 0x3a
 1006 015e 0B       		.uleb128 0xb
 1007 015f 3B       		.uleb128 0x3b
 1008 0160 0B       		.uleb128 0xb
 1009 0161 27       		.uleb128 0x27
 1010 0162 19       		.uleb128 0x19
 1011 0163 3C       		.uleb128 0x3c
 1012 0164 19       		.uleb128 0x19
ARM GAS  C:\Users\Eih3\AppData\Local\Temp\ccuQR0aa.s 			page 24


 1013 0165 00       		.byte	0
 1014 0166 00       		.byte	0
 1015 0167 00       		.byte	0
 1016              		.section	.debug_loc,"",%progbits
 1017              	.Ldebug_loc0:
 1018              	.LLST0:
 1019 0000 06000000 		.4byte	.LVL2
 1020 0004 1F000000 		.4byte	.LVL3-1
 1021 0008 0100     		.2byte	0x1
 1022 000a 50       		.byte	0x50
 1023 000b 00000000 		.4byte	0
 1024 000f 00000000 		.4byte	0
 1025              	.LLST1:
 1026 0013 44000000 		.4byte	.LVL9
 1027 0017 59000000 		.4byte	.LVL10-1
 1028 001b 0100     		.2byte	0x1
 1029 001d 50       		.byte	0x50
 1030 001e 00000000 		.4byte	0
 1031 0022 00000000 		.4byte	0
 1032              	.LLST2:
 1033 0026 2C000000 		.4byte	.LVL6
 1034 002a 32000000 		.4byte	.LVL7
 1035 002e 1000     		.2byte	0x10
 1036 0030 70       		.byte	0x70
 1037 0031 00       		.sleb128 0
 1038 0032 08       		.byte	0x8
 1039 0033 FF       		.byte	0xff
 1040 0034 1A       		.byte	0x1a
 1041 0035 38       		.byte	0x38
 1042 0036 24       		.byte	0x24
 1043 0037 73       		.byte	0x73
 1044 0038 00       		.sleb128 0
 1045 0039 08       		.byte	0x8
 1046 003a FF       		.byte	0xff
 1047 003b 1A       		.byte	0x1a
 1048 003c 21       		.byte	0x21
 1049 003d 23       		.byte	0x23
 1050 003e 01       		.uleb128 0x1
 1051 003f 9F       		.byte	0x9f
 1052 0040 00000000 		.4byte	0
 1053 0044 00000000 		.4byte	0
 1054              		.section	.debug_aranges,"",%progbits
 1055 0000 34000000 		.4byte	0x34
 1056 0004 0200     		.2byte	0x2
 1057 0006 00000000 		.4byte	.Ldebug_info0
 1058 000a 04       		.byte	0x4
 1059 000b 00       		.byte	0
 1060 000c 0000     		.2byte	0
 1061 000e 0000     		.2byte	0
 1062 0010 00000000 		.4byte	.LFB0
 1063 0014 64000000 		.4byte	.LFE0-.LFB0
 1064 0018 00000000 		.4byte	.LFB1
 1065 001c 24000000 		.4byte	.LFE1-.LFB1
 1066 0020 00000000 		.4byte	.LFB2
 1067 0024 28000000 		.4byte	.LFE2-.LFB2
 1068 0028 00000000 		.4byte	.LFB3
 1069 002c B4000000 		.4byte	.LFE3-.LFB3
ARM GAS  C:\Users\Eih3\AppData\Local\Temp\ccuQR0aa.s 			page 25


 1070 0030 00000000 		.4byte	0
 1071 0034 00000000 		.4byte	0
 1072              		.section	.debug_ranges,"",%progbits
 1073              	.Ldebug_ranges0:
 1074 0000 06000000 		.4byte	.LBB2
 1075 0004 0A000000 		.4byte	.LBE2
 1076 0008 12000000 		.4byte	.LBB3
 1077 000c 5C000000 		.4byte	.LBE3
 1078 0010 5E000000 		.4byte	.LBB4
 1079 0014 78000000 		.4byte	.LBE4
 1080 0018 00000000 		.4byte	0
 1081 001c 00000000 		.4byte	0
 1082 0020 00000000 		.4byte	.LFB0
 1083 0024 64000000 		.4byte	.LFE0
 1084 0028 00000000 		.4byte	.LFB1
 1085 002c 24000000 		.4byte	.LFE1
 1086 0030 00000000 		.4byte	.LFB2
 1087 0034 28000000 		.4byte	.LFE2
 1088 0038 00000000 		.4byte	.LFB3
 1089 003c B4000000 		.4byte	.LFE3
 1090 0040 00000000 		.4byte	0
 1091 0044 00000000 		.4byte	0
 1092              		.section	.debug_line,"",%progbits
 1093              	.Ldebug_line0:
 1094 0000 F6000000 		.section	.debug_str,"MS",%progbits,1
 1094      02006300 
 1094      00000201 
 1094      FB0E0D00 
 1094      01010101 
 1095              	.LASF44:
 1096 0000 43794465 		.ascii	"CyDelayCycles\000"
 1096      6C617943 
 1096      79636C65 
 1096      7300
 1097              	.LASF16:
 1098 000e 72656733 		.ascii	"reg32\000"
 1098      3200
 1099              	.LASF42:
 1100 0014 4379496E 		.ascii	"CyIntSetVector\000"
 1100      74536574 
 1100      56656374 
 1100      6F7200
 1101              	.LASF3:
 1102 0023 73686F72 		.ascii	"short unsigned int\000"
 1102      7420756E 
 1102      7369676E 
 1102      65642069 
 1102      6E7400
 1103              	.LASF30:
 1104 0036 626C6F63 		.ascii	"blockResetCycles\000"
 1104      6B526573 
 1104      65744379 
 1104      636C6573 
 1104      00
 1105              	.LASF27:
 1106 0047 4932435F 		.ascii	"I2C_Start\000"
 1106      53746172 
ARM GAS  C:\Users\Eih3\AppData\Local\Temp\ccuQR0aa.s 			page 26


 1106      7400
 1107              	.LASF35:
 1108 0051 4932435F 		.ascii	"I2C_mstrRdBufIndex\000"
 1108      6D737472 
 1108      52644275 
 1108      66496E64 
 1108      657800
 1109              	.LASF12:
 1110 0064 666C6F61 		.ascii	"float\000"
 1110      7400
 1111              	.LASF40:
 1112 006a 2E5C4765 		.ascii	".\\Generated_Source\\PSoC5\\I2C.c\000"
 1112      6E657261 
 1112      7465645F 
 1112      536F7572 
 1112      63655C50 
 1113              	.LASF7:
 1114 0089 6C6F6E67 		.ascii	"long long unsigned int\000"
 1114      206C6F6E 
 1114      6720756E 
 1114      7369676E 
 1114      65642069 
 1115              	.LASF1:
 1116 00a0 756E7369 		.ascii	"unsigned char\000"
 1116      676E6564 
 1116      20636861 
 1116      7200
 1117              	.LASF15:
 1118 00ae 72656738 		.ascii	"reg8\000"
 1118      00
 1119              	.LASF5:
 1120 00b3 6C6F6E67 		.ascii	"long unsigned int\000"
 1120      20756E73 
 1120      69676E65 
 1120      6420696E 
 1120      7400
 1121              	.LASF21:
 1122 00c5 61646472 		.ascii	"addr\000"
 1122      00
 1123              	.LASF41:
 1124 00ca 443A5C45 		.ascii	"D:\\Eih3Cloud\\Projet Programme\\Module HF\\5\\Modu"
 1124      69683343 
 1124      6C6F7564 
 1124      5C50726F 
 1124      6A657420 
 1125 00f8 6C652048 		.ascii	"le HF.cydsn\000"
 1125      462E6379 
 1125      64736E00 
 1126              	.LASF26:
 1127 0104 4932435F 		.ascii	"I2C_Enable\000"
 1127      456E6162 
 1127      6C6500
 1128              	.LASF13:
 1129 010f 646F7562 		.ascii	"double\000"
 1129      6C6500
 1130              	.LASF10:
 1131 0116 75696E74 		.ascii	"uint16\000"
ARM GAS  C:\Users\Eih3\AppData\Local\Temp\ccuQR0aa.s 			page 27


 1131      313600
 1132              	.LASF28:
 1133 011d 4932435F 		.ascii	"I2C_Stop\000"
 1133      53746F70 
 1133      00
 1134              	.LASF11:
 1135 0126 75696E74 		.ascii	"uint32\000"
 1135      333200
 1136              	.LASF29:
 1137 012d 696E7453 		.ascii	"intState\000"
 1137      74617465 
 1137      00
 1138              	.LASF8:
 1139 0136 756E7369 		.ascii	"unsigned int\000"
 1139      676E6564 
 1139      20696E74 
 1139      00
 1140              	.LASF38:
 1141 0143 43794578 		.ascii	"CyExitCriticalSection\000"
 1141      69744372 
 1141      69746963 
 1141      616C5365 
 1141      6374696F 
 1142              	.LASF37:
 1143 0159 4379496E 		.ascii	"CyIntSetPriority\000"
 1143      74536574 
 1143      5072696F 
 1143      72697479 
 1143      00
 1144              	.LASF22:
 1145 016a 636C6B44 		.ascii	"clkDiv1\000"
 1145      69763100 
 1146              	.LASF23:
 1147 0172 636C6B44 		.ascii	"clkDiv2\000"
 1147      69763200 
 1148              	.LASF43:
 1149 017a 4379456E 		.ascii	"CyEnterCriticalSection\000"
 1149      74657243 
 1149      72697469 
 1149      63616C53 
 1149      65637469 
 1150              	.LASF17:
 1151 0191 63796973 		.ascii	"cyisraddress\000"
 1151      72616464 
 1151      72657373 
 1151      00
 1152              	.LASF0:
 1153 019e 7369676E 		.ascii	"signed char\000"
 1153      65642063 
 1153      68617200 
 1154              	.LASF25:
 1155 01aa 4932435F 		.ascii	"I2C_Init\000"
 1155      496E6974 
 1155      00
 1156              	.LASF18:
 1157 01b3 73697A65 		.ascii	"sizetype\000"
 1157      74797065 
ARM GAS  C:\Users\Eih3\AppData\Local\Temp\ccuQR0aa.s 			page 28


 1157      00
 1158              	.LASF6:
 1159 01bc 6C6F6E67 		.ascii	"long long int\000"
 1159      206C6F6E 
 1159      6720696E 
 1159      7400
 1160              	.LASF14:
 1161 01ca 63686172 		.ascii	"char\000"
 1161      00
 1162              	.LASF20:
 1163 01cf 78636667 		.ascii	"xcfg\000"
 1163      00
 1164              	.LASF24:
 1165 01d4 4932435F 		.ascii	"I2C_BACKUP_STRUCT\000"
 1165      4241434B 
 1165      55505F53 
 1165      54525543 
 1165      5400
 1166              	.LASF2:
 1167 01e6 73686F72 		.ascii	"short int\000"
 1167      7420696E 
 1167      7400
 1168              	.LASF9:
 1169 01f0 75696E74 		.ascii	"uint8\000"
 1169      3800
 1170              	.LASF34:
 1171 01f6 4932435F 		.ascii	"I2C_mstrStatus\000"
 1171      6D737472 
 1171      53746174 
 1171      757300
 1172              	.LASF39:
 1173 0205 474E5520 		.ascii	"GNU C 4.8.4 20140526 (release) [ARM/embedded-4_8-br"
 1173      4320342E 
 1173      382E3420 
 1173      32303134 
 1173      30353236 
 1174 0238 616E6368 		.ascii	"anch revision 211358] -mcpu=cortex-m3 -mthumb -g -O"
 1174      20726576 
 1174      6973696F 
 1174      6E203231 
 1174      31333538 
 1175 026b 73202D66 		.ascii	"s -ffunction-sections\000"
 1175      66756E63 
 1175      74696F6E 
 1175      2D736563 
 1175      74696F6E 
 1176              	.LASF4:
 1177 0281 6C6F6E67 		.ascii	"long int\000"
 1177      20696E74 
 1177      00
 1178              	.LASF19:
 1179 028a 656E6162 		.ascii	"enableState\000"
 1179      6C655374 
 1179      61746500 
 1180              	.LASF32:
 1181 0296 4932435F 		.ascii	"I2C_backup\000"
 1181      6261636B 
ARM GAS  C:\Users\Eih3\AppData\Local\Temp\ccuQR0aa.s 			page 29


 1181      757000
 1182              	.LASF33:
 1183 02a1 4932435F 		.ascii	"I2C_state\000"
 1183      73746174 
 1183      6500
 1184              	.LASF36:
 1185 02ab 4932435F 		.ascii	"I2C_mstrWrBufIndex\000"
 1185      6D737472 
 1185      57724275 
 1185      66496E64 
 1185      657800
 1186              	.LASF31:
 1187 02be 4932435F 		.ascii	"I2C_initVar\000"
 1187      696E6974 
 1187      56617200 
 1188              		.ident	"GCC: (GNU Tools for ARM Embedded Processors) 4.8.4 20140526 (release) [ARM/embedded-4_8-br
