ARM GAS  C:\Users\Eih3\AppData\Local\Temp\ccHKKheP.s 			page 1


   1              		.syntax unified
   2              		.cpu cortex-m3
   3              		.fpu softvfp
   4              		.eabi_attribute 20, 1
   5              		.eabi_attribute 21, 1
   6              		.eabi_attribute 23, 3
   7              		.eabi_attribute 24, 1
   8              		.eabi_attribute 25, 1
   9              		.eabi_attribute 26, 1
  10              		.eabi_attribute 30, 4
  11              		.eabi_attribute 34, 1
  12              		.eabi_attribute 18, 4
  13              		.thumb
  14              		.file	"I2C_PM.c"
  15              		.text
  16              	.Ltext0:
  17              		.cfi_sections	.debug_frame
  18              		.section	.text.I2C_SaveConfig,"ax",%progbits
  19              		.align	1
  20              		.global	I2C_SaveConfig
  21              		.thumb
  22              		.thumb_func
  23              		.type	I2C_SaveConfig, %function
  24              	I2C_SaveConfig:
  25              	.LFB0:
  26              		.file 1 ".\\Generated_Source\\PSoC5\\I2C_PM.c"
   1:.\Generated_Source\PSoC5/I2C_PM.c **** /*******************************************************************************
   2:.\Generated_Source\PSoC5/I2C_PM.c **** * File Name: I2C_PM.c
   3:.\Generated_Source\PSoC5/I2C_PM.c **** * Version 3.40
   4:.\Generated_Source\PSoC5/I2C_PM.c **** *
   5:.\Generated_Source\PSoC5/I2C_PM.c **** * Description:
   6:.\Generated_Source\PSoC5/I2C_PM.c **** *  This file provides low power mode APIs for the I2C component.
   7:.\Generated_Source\PSoC5/I2C_PM.c **** *
   8:.\Generated_Source\PSoC5/I2C_PM.c **** ********************************************************************************
   9:.\Generated_Source\PSoC5/I2C_PM.c **** * Copyright 2008-2015, Cypress Semiconductor Corporation. All rights reserved.
  10:.\Generated_Source\PSoC5/I2C_PM.c **** * You may use this file only in accordance with the license, terms, conditions,
  11:.\Generated_Source\PSoC5/I2C_PM.c **** * disclaimers, and limitations in the end user license agreement accompanying
  12:.\Generated_Source\PSoC5/I2C_PM.c **** * the software package with which this file was provided.
  13:.\Generated_Source\PSoC5/I2C_PM.c **** *******************************************************************************/
  14:.\Generated_Source\PSoC5/I2C_PM.c **** 
  15:.\Generated_Source\PSoC5/I2C_PM.c **** #include "I2C_PVT.h"
  16:.\Generated_Source\PSoC5/I2C_PM.c **** 
  17:.\Generated_Source\PSoC5/I2C_PM.c **** I2C_BACKUP_STRUCT I2C_backup =
  18:.\Generated_Source\PSoC5/I2C_PM.c **** {
  19:.\Generated_Source\PSoC5/I2C_PM.c ****     I2C_DISABLE,
  20:.\Generated_Source\PSoC5/I2C_PM.c **** 
  21:.\Generated_Source\PSoC5/I2C_PM.c **** #if (I2C_FF_IMPLEMENTED)
  22:.\Generated_Source\PSoC5/I2C_PM.c ****     I2C_DEFAULT_XCFG,
  23:.\Generated_Source\PSoC5/I2C_PM.c ****     I2C_DEFAULT_CFG,
  24:.\Generated_Source\PSoC5/I2C_PM.c ****     I2C_DEFAULT_ADDR,
  25:.\Generated_Source\PSoC5/I2C_PM.c ****     LO8(I2C_DEFAULT_DIVIDE_FACTOR),
  26:.\Generated_Source\PSoC5/I2C_PM.c ****     HI8(I2C_DEFAULT_DIVIDE_FACTOR),
  27:.\Generated_Source\PSoC5/I2C_PM.c **** #else  /* (I2C_UDB_IMPLEMENTED) */
  28:.\Generated_Source\PSoC5/I2C_PM.c ****     I2C_DEFAULT_CFG,
  29:.\Generated_Source\PSoC5/I2C_PM.c **** #endif /* (I2C_FF_IMPLEMENTED) */
  30:.\Generated_Source\PSoC5/I2C_PM.c **** 
  31:.\Generated_Source\PSoC5/I2C_PM.c **** #if (I2C_TIMEOUT_ENABLED)
ARM GAS  C:\Users\Eih3\AppData\Local\Temp\ccHKKheP.s 			page 2


  32:.\Generated_Source\PSoC5/I2C_PM.c ****     I2C_DEFAULT_TMOUT_PERIOD,
  33:.\Generated_Source\PSoC5/I2C_PM.c ****     I2C_DEFAULT_TMOUT_INTR_MASK,
  34:.\Generated_Source\PSoC5/I2C_PM.c **** #endif /* (I2C_TIMEOUT_ENABLED) */
  35:.\Generated_Source\PSoC5/I2C_PM.c **** };
  36:.\Generated_Source\PSoC5/I2C_PM.c **** 
  37:.\Generated_Source\PSoC5/I2C_PM.c **** #if ((I2C_FF_IMPLEMENTED) && (I2C_WAKEUP_ENABLED))
  38:.\Generated_Source\PSoC5/I2C_PM.c ****     volatile uint8 I2C_wakeupSource;
  39:.\Generated_Source\PSoC5/I2C_PM.c **** #endif /* ((I2C_FF_IMPLEMENTED) && (I2C_WAKEUP_ENABLED)) */
  40:.\Generated_Source\PSoC5/I2C_PM.c **** 
  41:.\Generated_Source\PSoC5/I2C_PM.c **** 
  42:.\Generated_Source\PSoC5/I2C_PM.c **** /*******************************************************************************
  43:.\Generated_Source\PSoC5/I2C_PM.c **** * Function Name: I2C_SaveConfig
  44:.\Generated_Source\PSoC5/I2C_PM.c **** ********************************************************************************
  45:.\Generated_Source\PSoC5/I2C_PM.c **** *
  46:.\Generated_Source\PSoC5/I2C_PM.c **** * Summary:
  47:.\Generated_Source\PSoC5/I2C_PM.c **** *  The Enable wakeup from Sleep Mode selection influences this function
  48:.\Generated_Source\PSoC5/I2C_PM.c **** *  implementation:
  49:.\Generated_Source\PSoC5/I2C_PM.c **** *   Unchecked: Stores the component non-retention configuration registers.
  50:.\Generated_Source\PSoC5/I2C_PM.c **** *   Checked:   Disables the master, if it was enabled before, and enables
  51:.\Generated_Source\PSoC5/I2C_PM.c **** *              backup regulator of the I2C hardware. If a transaction intended
  52:.\Generated_Source\PSoC5/I2C_PM.c **** *              for component executes during this function call, it waits until
  53:.\Generated_Source\PSoC5/I2C_PM.c **** *              the current transaction is completed and I2C hardware is ready
  54:.\Generated_Source\PSoC5/I2C_PM.c **** *              to enter sleep mode. All subsequent I2C traffic is NAKed until
  55:.\Generated_Source\PSoC5/I2C_PM.c **** *              the device is put into sleep mode.
  56:.\Generated_Source\PSoC5/I2C_PM.c **** *
  57:.\Generated_Source\PSoC5/I2C_PM.c **** * Parameters:
  58:.\Generated_Source\PSoC5/I2C_PM.c **** *  None.
  59:.\Generated_Source\PSoC5/I2C_PM.c **** *
  60:.\Generated_Source\PSoC5/I2C_PM.c **** * Return:
  61:.\Generated_Source\PSoC5/I2C_PM.c **** *  None.
  62:.\Generated_Source\PSoC5/I2C_PM.c **** *
  63:.\Generated_Source\PSoC5/I2C_PM.c **** * Global Variables:
  64:.\Generated_Source\PSoC5/I2C_PM.c **** *  I2C_backup - The global variable used to save the component
  65:.\Generated_Source\PSoC5/I2C_PM.c **** *                            configuration and non-retention registers before
  66:.\Generated_Source\PSoC5/I2C_PM.c **** *                            entering the sleep mode.
  67:.\Generated_Source\PSoC5/I2C_PM.c **** *
  68:.\Generated_Source\PSoC5/I2C_PM.c **** * Reentrant:
  69:.\Generated_Source\PSoC5/I2C_PM.c **** *  No.
  70:.\Generated_Source\PSoC5/I2C_PM.c **** *
  71:.\Generated_Source\PSoC5/I2C_PM.c **** *******************************************************************************/
  72:.\Generated_Source\PSoC5/I2C_PM.c **** void I2C_SaveConfig(void) 
  73:.\Generated_Source\PSoC5/I2C_PM.c **** {
  27              		.loc 1 73 0
  28              		.cfi_startproc
  29              		@ args = 0, pretend = 0, frame = 0
  30              		@ frame_needed = 0, uses_anonymous_args = 0
  31              		@ link register save eliminated.
  74:.\Generated_Source\PSoC5/I2C_PM.c **** #if (I2C_FF_IMPLEMENTED)
  75:.\Generated_Source\PSoC5/I2C_PM.c ****     #if (I2C_WAKEUP_ENABLED)
  76:.\Generated_Source\PSoC5/I2C_PM.c ****         uint8 intState;
  77:.\Generated_Source\PSoC5/I2C_PM.c ****     #endif /* (I2C_WAKEUP_ENABLED) */
  78:.\Generated_Source\PSoC5/I2C_PM.c **** 
  79:.\Generated_Source\PSoC5/I2C_PM.c ****     /* Store registers before enter low power mode */
  80:.\Generated_Source\PSoC5/I2C_PM.c ****     I2C_backup.cfg     = I2C_CFG_REG;
  32              		.loc 1 80 0
  33 0000 084B     		ldr	r3, .L2
  34 0002 1A78     		ldrb	r2, [r3]	@ zero_extendqisi2
ARM GAS  C:\Users\Eih3\AppData\Local\Temp\ccHKKheP.s 			page 3


  35 0004 084B     		ldr	r3, .L2+4
  36 0006 9A70     		strb	r2, [r3, #2]
  81:.\Generated_Source\PSoC5/I2C_PM.c ****     I2C_backup.xcfg    = I2C_XCFG_REG;
  37              		.loc 1 81 0
  38 0008 084A     		ldr	r2, .L2+8
  39 000a 1278     		ldrb	r2, [r2]	@ zero_extendqisi2
  40 000c 5A70     		strb	r2, [r3, #1]
  82:.\Generated_Source\PSoC5/I2C_PM.c ****     I2C_backup.addr    = I2C_ADDR_REG;
  41              		.loc 1 82 0
  42 000e 084A     		ldr	r2, .L2+12
  43 0010 1278     		ldrb	r2, [r2]	@ zero_extendqisi2
  44 0012 DA70     		strb	r2, [r3, #3]
  83:.\Generated_Source\PSoC5/I2C_PM.c ****     I2C_backup.clkDiv1 = I2C_CLKDIV1_REG;
  45              		.loc 1 83 0
  46 0014 074A     		ldr	r2, .L2+16
  47 0016 1278     		ldrb	r2, [r2]	@ zero_extendqisi2
  48 0018 1A71     		strb	r2, [r3, #4]
  84:.\Generated_Source\PSoC5/I2C_PM.c ****     I2C_backup.clkDiv2 = I2C_CLKDIV2_REG;
  49              		.loc 1 84 0
  50 001a 074A     		ldr	r2, .L2+20
  51 001c 1278     		ldrb	r2, [r2]	@ zero_extendqisi2
  52 001e 5A71     		strb	r2, [r3, #5]
  53 0020 7047     		bx	lr
  54              	.L3:
  55 0022 00BF     		.align	2
  56              	.L2:
  57 0024 D6490040 		.word	1073760726
  58 0028 00000000 		.word	.LANCHOR0
  59 002c C8490040 		.word	1073760712
  60 0030 CA490040 		.word	1073760714
  61 0034 DB490040 		.word	1073760731
  62 0038 DC490040 		.word	1073760732
  63              		.cfi_endproc
  64              	.LFE0:
  65              		.size	I2C_SaveConfig, .-I2C_SaveConfig
  66              		.section	.text.I2C_Sleep,"ax",%progbits
  67              		.align	1
  68              		.global	I2C_Sleep
  69              		.thumb
  70              		.thumb_func
  71              		.type	I2C_Sleep, %function
  72              	I2C_Sleep:
  73              	.LFB1:
  85:.\Generated_Source\PSoC5/I2C_PM.c **** 
  86:.\Generated_Source\PSoC5/I2C_PM.c **** #if (I2C_WAKEUP_ENABLED)
  87:.\Generated_Source\PSoC5/I2C_PM.c ****     /* Disable master */
  88:.\Generated_Source\PSoC5/I2C_PM.c ****     I2C_CFG_REG &= (uint8) ~I2C_ENABLE_MASTER;
  89:.\Generated_Source\PSoC5/I2C_PM.c **** 
  90:.\Generated_Source\PSoC5/I2C_PM.c ****     /* Enable backup regulator to keep block powered in low power mode */
  91:.\Generated_Source\PSoC5/I2C_PM.c ****     intState = CyEnterCriticalSection();
  92:.\Generated_Source\PSoC5/I2C_PM.c ****     I2C_PWRSYS_CR1_REG |= I2C_PWRSYS_CR1_I2C_REG_BACKUP;
  93:.\Generated_Source\PSoC5/I2C_PM.c ****     CyExitCriticalSection(intState);
  94:.\Generated_Source\PSoC5/I2C_PM.c **** 
  95:.\Generated_Source\PSoC5/I2C_PM.c ****     /* 1) Set force NACK to ignore I2C transactions;
  96:.\Generated_Source\PSoC5/I2C_PM.c ****     *  2) Wait unti I2C is ready go to Sleep; !!
  97:.\Generated_Source\PSoC5/I2C_PM.c ****     *  3) These bits are cleared on wake up.
  98:.\Generated_Source\PSoC5/I2C_PM.c ****     */
ARM GAS  C:\Users\Eih3\AppData\Local\Temp\ccHKKheP.s 			page 4


  99:.\Generated_Source\PSoC5/I2C_PM.c ****     /* Wait when block is ready for sleep */
 100:.\Generated_Source\PSoC5/I2C_PM.c ****     I2C_XCFG_REG |= I2C_XCFG_FORCE_NACK;
 101:.\Generated_Source\PSoC5/I2C_PM.c ****     while (0u == (I2C_XCFG_REG & I2C_XCFG_RDY_TO_SLEEP))
 102:.\Generated_Source\PSoC5/I2C_PM.c ****     {
 103:.\Generated_Source\PSoC5/I2C_PM.c ****     }
 104:.\Generated_Source\PSoC5/I2C_PM.c **** 
 105:.\Generated_Source\PSoC5/I2C_PM.c ****     /* Setup wakeup interrupt */
 106:.\Generated_Source\PSoC5/I2C_PM.c ****     I2C_DisableInt();
 107:.\Generated_Source\PSoC5/I2C_PM.c ****     (void) CyIntSetVector(I2C_ISR_NUMBER, &I2C_WAKEUP_ISR);
 108:.\Generated_Source\PSoC5/I2C_PM.c ****     I2C_wakeupSource = 0u;
 109:.\Generated_Source\PSoC5/I2C_PM.c ****     I2C_EnableInt();
 110:.\Generated_Source\PSoC5/I2C_PM.c **** #endif /* (I2C_WAKEUP_ENABLED) */
 111:.\Generated_Source\PSoC5/I2C_PM.c **** 
 112:.\Generated_Source\PSoC5/I2C_PM.c **** #else
 113:.\Generated_Source\PSoC5/I2C_PM.c ****     /* Store only address match bit */
 114:.\Generated_Source\PSoC5/I2C_PM.c ****     I2C_backup.control = (I2C_CFG_REG & I2C_CTRL_ANY_ADDRESS_MASK);
 115:.\Generated_Source\PSoC5/I2C_PM.c **** #endif /* (I2C_FF_IMPLEMENTED) */
 116:.\Generated_Source\PSoC5/I2C_PM.c **** 
 117:.\Generated_Source\PSoC5/I2C_PM.c **** #if (I2C_TIMEOUT_ENABLED)
 118:.\Generated_Source\PSoC5/I2C_PM.c ****     I2C_TimeoutSaveConfig();
 119:.\Generated_Source\PSoC5/I2C_PM.c **** #endif /* (I2C_TIMEOUT_ENABLED) */
 120:.\Generated_Source\PSoC5/I2C_PM.c **** }
 121:.\Generated_Source\PSoC5/I2C_PM.c **** 
 122:.\Generated_Source\PSoC5/I2C_PM.c **** 
 123:.\Generated_Source\PSoC5/I2C_PM.c **** /*******************************************************************************
 124:.\Generated_Source\PSoC5/I2C_PM.c **** * Function Name: I2C_Sleep
 125:.\Generated_Source\PSoC5/I2C_PM.c **** ********************************************************************************
 126:.\Generated_Source\PSoC5/I2C_PM.c **** *
 127:.\Generated_Source\PSoC5/I2C_PM.c **** * Summary:
 128:.\Generated_Source\PSoC5/I2C_PM.c **** *  This is the preferred method to prepare the component before device enters
 129:.\Generated_Source\PSoC5/I2C_PM.c **** *  sleep mode. The Enable wakeup from Sleep Mode selection influences this
 130:.\Generated_Source\PSoC5/I2C_PM.c **** *  function implementation:
 131:.\Generated_Source\PSoC5/I2C_PM.c **** *   Unchecked: Checks current I2C component state, saves it, and disables the
 132:.\Generated_Source\PSoC5/I2C_PM.c **** *              component by calling I2C_Stop() if it is currently enabled.
 133:.\Generated_Source\PSoC5/I2C_PM.c **** *              I2C_SaveConfig() is then called to save the component
 134:.\Generated_Source\PSoC5/I2C_PM.c **** *              non-retention configuration registers.
 135:.\Generated_Source\PSoC5/I2C_PM.c **** *   Checked:   If a transaction intended for component executes during this
 136:.\Generated_Source\PSoC5/I2C_PM.c **** *              function call, it waits until the current transaction is
 137:.\Generated_Source\PSoC5/I2C_PM.c **** *              completed. All subsequent I2C traffic intended for component
 138:.\Generated_Source\PSoC5/I2C_PM.c **** *              is NAKed until the device is put to sleep mode. The address
 139:.\Generated_Source\PSoC5/I2C_PM.c **** *              match event wakes up the device.
 140:.\Generated_Source\PSoC5/I2C_PM.c **** *
 141:.\Generated_Source\PSoC5/I2C_PM.c **** * Parameters:
 142:.\Generated_Source\PSoC5/I2C_PM.c **** *  None.
 143:.\Generated_Source\PSoC5/I2C_PM.c **** *
 144:.\Generated_Source\PSoC5/I2C_PM.c **** * Return:
 145:.\Generated_Source\PSoC5/I2C_PM.c **** *  None.
 146:.\Generated_Source\PSoC5/I2C_PM.c **** *
 147:.\Generated_Source\PSoC5/I2C_PM.c **** * Reentrant:
 148:.\Generated_Source\PSoC5/I2C_PM.c **** *  No.
 149:.\Generated_Source\PSoC5/I2C_PM.c **** *
 150:.\Generated_Source\PSoC5/I2C_PM.c **** *******************************************************************************/
 151:.\Generated_Source\PSoC5/I2C_PM.c **** void I2C_Sleep(void) 
 152:.\Generated_Source\PSoC5/I2C_PM.c **** {
  74              		.loc 1 152 0
  75              		.cfi_startproc
  76              		@ args = 0, pretend = 0, frame = 0
ARM GAS  C:\Users\Eih3\AppData\Local\Temp\ccHKKheP.s 			page 5


  77              		@ frame_needed = 0, uses_anonymous_args = 0
  78 0000 08B5     		push	{r3, lr}
  79              		.cfi_def_cfa_offset 8
  80              		.cfi_offset 3, -8
  81              		.cfi_offset 14, -4
 153:.\Generated_Source\PSoC5/I2C_PM.c **** #if (I2C_WAKEUP_ENABLED)
 154:.\Generated_Source\PSoC5/I2C_PM.c ****     /* Do not enable block after exit low power mode if it is wakeup source */
 155:.\Generated_Source\PSoC5/I2C_PM.c ****     I2C_backup.enableState = I2C_DISABLE;
 156:.\Generated_Source\PSoC5/I2C_PM.c **** 
 157:.\Generated_Source\PSoC5/I2C_PM.c ****     #if (I2C_TIMEOUT_ENABLED)
 158:.\Generated_Source\PSoC5/I2C_PM.c ****         I2C_TimeoutStop();
 159:.\Generated_Source\PSoC5/I2C_PM.c ****     #endif /* (I2C_TIMEOUT_ENABLED) */
 160:.\Generated_Source\PSoC5/I2C_PM.c **** 
 161:.\Generated_Source\PSoC5/I2C_PM.c **** #else
 162:.\Generated_Source\PSoC5/I2C_PM.c ****     /* Store enable state */
 163:.\Generated_Source\PSoC5/I2C_PM.c ****     I2C_backup.enableState = (uint8) I2C_IS_ENABLED;
  82              		.loc 1 163 0
  83 0002 064B     		ldr	r3, .L10
  84 0004 064A     		ldr	r2, .L10+4
  85 0006 1B78     		ldrb	r3, [r3]	@ zero_extendqisi2
  86 0008 C3F38003 		ubfx	r3, r3, #2, #1
  87 000c 1370     		strb	r3, [r2]
 164:.\Generated_Source\PSoC5/I2C_PM.c **** 
 165:.\Generated_Source\PSoC5/I2C_PM.c ****     if (0u != I2C_backup.enableState)
  88              		.loc 1 165 0
  89 000e 0BB1     		cbz	r3, .L5
 166:.\Generated_Source\PSoC5/I2C_PM.c ****     {
 167:.\Generated_Source\PSoC5/I2C_PM.c ****         I2C_Stop();
  90              		.loc 1 167 0
  91 0010 FFF7FEFF 		bl	I2C_Stop
  92              	.LVL0:
  93              	.L5:
 168:.\Generated_Source\PSoC5/I2C_PM.c ****     }
 169:.\Generated_Source\PSoC5/I2C_PM.c **** #endif /* (I2C_WAKEUP_ENABLED) */
 170:.\Generated_Source\PSoC5/I2C_PM.c **** 
 171:.\Generated_Source\PSoC5/I2C_PM.c ****     I2C_SaveConfig();
 172:.\Generated_Source\PSoC5/I2C_PM.c **** }
  94              		.loc 1 172 0
  95 0014 BDE80840 		pop	{r3, lr}
 171:.\Generated_Source\PSoC5/I2C_PM.c ****     I2C_SaveConfig();
  96              		.loc 1 171 0
  97 0018 FFF7FEBF 		b	I2C_SaveConfig
  98              	.LVL1:
  99              	.L11:
 100              		.align	2
 101              	.L10:
 102 001c A5430040 		.word	1073759141
 103 0020 00000000 		.word	.LANCHOR0
 104              		.cfi_endproc
 105              	.LFE1:
 106              		.size	I2C_Sleep, .-I2C_Sleep
 107              		.section	.text.I2C_RestoreConfig,"ax",%progbits
 108              		.align	1
 109              		.global	I2C_RestoreConfig
 110              		.thumb
 111              		.thumb_func
 112              		.type	I2C_RestoreConfig, %function
ARM GAS  C:\Users\Eih3\AppData\Local\Temp\ccHKKheP.s 			page 6


 113              	I2C_RestoreConfig:
 114              	.LFB2:
 173:.\Generated_Source\PSoC5/I2C_PM.c **** 
 174:.\Generated_Source\PSoC5/I2C_PM.c **** 
 175:.\Generated_Source\PSoC5/I2C_PM.c **** /*******************************************************************************
 176:.\Generated_Source\PSoC5/I2C_PM.c **** * Function Name: I2C_RestoreConfig
 177:.\Generated_Source\PSoC5/I2C_PM.c **** ********************************************************************************
 178:.\Generated_Source\PSoC5/I2C_PM.c **** *
 179:.\Generated_Source\PSoC5/I2C_PM.c **** * Summary:
 180:.\Generated_Source\PSoC5/I2C_PM.c **** *  The Enable wakeup from Sleep Mode selection influences this function
 181:.\Generated_Source\PSoC5/I2C_PM.c **** *  implementation:
 182:.\Generated_Source\PSoC5/I2C_PM.c **** *   Unchecked: Restores the component non-retention configuration registers
 183:.\Generated_Source\PSoC5/I2C_PM.c **** *              to the state they were in before I2C_Sleep() or I2C_SaveConfig()
 184:.\Generated_Source\PSoC5/I2C_PM.c **** *              was called.
 185:.\Generated_Source\PSoC5/I2C_PM.c **** *   Checked:   Disables the backup regulator of the I2C hardware. Sets up the
 186:.\Generated_Source\PSoC5/I2C_PM.c **** *              regular component interrupt handler and generates the component
 187:.\Generated_Source\PSoC5/I2C_PM.c **** *              interrupt if it was wake up source to release the bus and
 188:.\Generated_Source\PSoC5/I2C_PM.c **** *              continue in-coming I2C transaction.
 189:.\Generated_Source\PSoC5/I2C_PM.c **** *
 190:.\Generated_Source\PSoC5/I2C_PM.c **** * Parameters:
 191:.\Generated_Source\PSoC5/I2C_PM.c **** *  None.
 192:.\Generated_Source\PSoC5/I2C_PM.c **** *
 193:.\Generated_Source\PSoC5/I2C_PM.c **** * Return:
 194:.\Generated_Source\PSoC5/I2C_PM.c **** *  None.
 195:.\Generated_Source\PSoC5/I2C_PM.c **** *
 196:.\Generated_Source\PSoC5/I2C_PM.c **** * Global Variables:
 197:.\Generated_Source\PSoC5/I2C_PM.c **** *  I2C_backup - The global variable used to save the component
 198:.\Generated_Source\PSoC5/I2C_PM.c **** *                            configuration and non-retention registers before
 199:.\Generated_Source\PSoC5/I2C_PM.c **** *                            exiting the sleep mode.
 200:.\Generated_Source\PSoC5/I2C_PM.c **** *
 201:.\Generated_Source\PSoC5/I2C_PM.c **** * Reentrant:
 202:.\Generated_Source\PSoC5/I2C_PM.c **** *  No.
 203:.\Generated_Source\PSoC5/I2C_PM.c **** *
 204:.\Generated_Source\PSoC5/I2C_PM.c **** * Side Effects:
 205:.\Generated_Source\PSoC5/I2C_PM.c **** *  Calling this function before I2C_SaveConfig() or
 206:.\Generated_Source\PSoC5/I2C_PM.c **** *  I2C_Sleep() will lead to unpredictable results.
 207:.\Generated_Source\PSoC5/I2C_PM.c **** *
 208:.\Generated_Source\PSoC5/I2C_PM.c **** *******************************************************************************/
 209:.\Generated_Source\PSoC5/I2C_PM.c **** void I2C_RestoreConfig(void) 
 210:.\Generated_Source\PSoC5/I2C_PM.c **** {
 115              		.loc 1 210 0
 116              		.cfi_startproc
 117              		@ args = 0, pretend = 0, frame = 0
 118              		@ frame_needed = 0, uses_anonymous_args = 0
 119 0000 70B5     		push	{r4, r5, r6, lr}
 120              		.cfi_def_cfa_offset 16
 121              		.cfi_offset 4, -16
 122              		.cfi_offset 5, -12
 123              		.cfi_offset 6, -8
 124              		.cfi_offset 14, -4
 211:.\Generated_Source\PSoC5/I2C_PM.c **** #if (I2C_FF_IMPLEMENTED)
 212:.\Generated_Source\PSoC5/I2C_PM.c ****     uint8 intState;
 213:.\Generated_Source\PSoC5/I2C_PM.c **** 
 214:.\Generated_Source\PSoC5/I2C_PM.c ****     if (I2C_CHECK_PWRSYS_I2C_BACKUP)
 125              		.loc 1 214 0
 126 0002 0F4D     		ldr	r5, .L15
 127 0004 0F4C     		ldr	r4, .L15+4
ARM GAS  C:\Users\Eih3\AppData\Local\Temp\ccHKKheP.s 			page 7


 128 0006 2B78     		ldrb	r3, [r5]	@ zero_extendqisi2
 129 0008 0F4E     		ldr	r6, .L15+8
 130 000a 13F0040F 		tst	r3, #4
 131 000e 0AD0     		beq	.L13
 215:.\Generated_Source\PSoC5/I2C_PM.c ****     /* Low power mode was Sleep - backup regulator is enabled */
 216:.\Generated_Source\PSoC5/I2C_PM.c ****     {
 217:.\Generated_Source\PSoC5/I2C_PM.c ****         /* Enable backup regulator in active mode */
 218:.\Generated_Source\PSoC5/I2C_PM.c ****         intState = CyEnterCriticalSection();
 132              		.loc 1 218 0
 133 0010 FFF7FEFF 		bl	CyEnterCriticalSection
 134              	.LVL2:
 219:.\Generated_Source\PSoC5/I2C_PM.c ****         I2C_PWRSYS_CR1_REG &= (uint8) ~I2C_PWRSYS_CR1_I2C_REG_BACKUP;
 135              		.loc 1 219 0
 136 0014 2B78     		ldrb	r3, [r5]	@ zero_extendqisi2
 137 0016 03F0FB03 		and	r3, r3, #251
 138 001a 2B70     		strb	r3, [r5]
 220:.\Generated_Source\PSoC5/I2C_PM.c ****         CyExitCriticalSection(intState);
 139              		.loc 1 220 0
 140 001c FFF7FEFF 		bl	CyExitCriticalSection
 141              	.LVL3:
 221:.\Generated_Source\PSoC5/I2C_PM.c **** 
 222:.\Generated_Source\PSoC5/I2C_PM.c ****         /* Restore master */
 223:.\Generated_Source\PSoC5/I2C_PM.c ****         I2C_CFG_REG = I2C_backup.cfg;
 142              		.loc 1 223 0
 143 0020 A378     		ldrb	r3, [r4, #2]	@ zero_extendqisi2
 144 0022 3370     		strb	r3, [r6]
 145 0024 70BD     		pop	{r4, r5, r6, pc}
 146              	.L13:
 224:.\Generated_Source\PSoC5/I2C_PM.c ****     }
 225:.\Generated_Source\PSoC5/I2C_PM.c ****     else
 226:.\Generated_Source\PSoC5/I2C_PM.c ****     /* Low power mode was Hibernate - backup regulator is disabled. All registers are cleared */
 227:.\Generated_Source\PSoC5/I2C_PM.c ****     {
 228:.\Generated_Source\PSoC5/I2C_PM.c ****     #if (I2C_WAKEUP_ENABLED)
 229:.\Generated_Source\PSoC5/I2C_PM.c ****         /* Disable power to block before register restore */
 230:.\Generated_Source\PSoC5/I2C_PM.c ****         intState = CyEnterCriticalSection();
 231:.\Generated_Source\PSoC5/I2C_PM.c ****         I2C_ACT_PWRMGR_REG  &= (uint8) ~I2C_ACT_PWR_EN;
 232:.\Generated_Source\PSoC5/I2C_PM.c ****         I2C_STBY_PWRMGR_REG &= (uint8) ~I2C_STBY_PWR_EN;
 233:.\Generated_Source\PSoC5/I2C_PM.c ****         CyExitCriticalSection(intState);
 234:.\Generated_Source\PSoC5/I2C_PM.c **** 
 235:.\Generated_Source\PSoC5/I2C_PM.c ****         /* Enable component in I2C_Wakeup() after register restore */
 236:.\Generated_Source\PSoC5/I2C_PM.c ****         I2C_backup.enableState = I2C_ENABLE;
 237:.\Generated_Source\PSoC5/I2C_PM.c ****     #endif /* (I2C_WAKEUP_ENABLED) */
 238:.\Generated_Source\PSoC5/I2C_PM.c **** 
 239:.\Generated_Source\PSoC5/I2C_PM.c ****         /* Restore component registers after Hibernate */
 240:.\Generated_Source\PSoC5/I2C_PM.c ****         I2C_XCFG_REG    = I2C_backup.xcfg;
 147              		.loc 1 240 0
 148 0026 6278     		ldrb	r2, [r4, #1]	@ zero_extendqisi2
 149 0028 084B     		ldr	r3, .L15+12
 150 002a 1A70     		strb	r2, [r3]
 241:.\Generated_Source\PSoC5/I2C_PM.c ****         I2C_CFG_REG     = I2C_backup.cfg;
 151              		.loc 1 241 0
 152 002c A378     		ldrb	r3, [r4, #2]	@ zero_extendqisi2
 153 002e 3370     		strb	r3, [r6]
 242:.\Generated_Source\PSoC5/I2C_PM.c ****         I2C_ADDR_REG    = I2C_backup.addr;
 154              		.loc 1 242 0
 155 0030 E278     		ldrb	r2, [r4, #3]	@ zero_extendqisi2
 156 0032 074B     		ldr	r3, .L15+16
ARM GAS  C:\Users\Eih3\AppData\Local\Temp\ccHKKheP.s 			page 8


 157 0034 1A70     		strb	r2, [r3]
 243:.\Generated_Source\PSoC5/I2C_PM.c ****         I2C_CLKDIV1_REG = I2C_backup.clkDiv1;
 158              		.loc 1 243 0
 159 0036 2279     		ldrb	r2, [r4, #4]	@ zero_extendqisi2
 160 0038 5A74     		strb	r2, [r3, #17]
 244:.\Generated_Source\PSoC5/I2C_PM.c ****         I2C_CLKDIV2_REG = I2C_backup.clkDiv2;
 161              		.loc 1 244 0
 162 003a 6279     		ldrb	r2, [r4, #5]	@ zero_extendqisi2
 163 003c 9A74     		strb	r2, [r3, #18]
 164 003e 70BD     		pop	{r4, r5, r6, pc}
 165              	.L16:
 166              		.align	2
 167              	.L15:
 168 0040 31430040 		.word	1073759025
 169 0044 00000000 		.word	.LANCHOR0
 170 0048 D6490040 		.word	1073760726
 171 004c C8490040 		.word	1073760712
 172 0050 CA490040 		.word	1073760714
 173              		.cfi_endproc
 174              	.LFE2:
 175              		.size	I2C_RestoreConfig, .-I2C_RestoreConfig
 176              		.section	.text.I2C_Wakeup,"ax",%progbits
 177              		.align	1
 178              		.global	I2C_Wakeup
 179              		.thumb
 180              		.thumb_func
 181              		.type	I2C_Wakeup, %function
 182              	I2C_Wakeup:
 183              	.LFB3:
 245:.\Generated_Source\PSoC5/I2C_PM.c ****     }
 246:.\Generated_Source\PSoC5/I2C_PM.c **** 
 247:.\Generated_Source\PSoC5/I2C_PM.c **** #if (I2C_WAKEUP_ENABLED)
 248:.\Generated_Source\PSoC5/I2C_PM.c ****     I2C_DisableInt();
 249:.\Generated_Source\PSoC5/I2C_PM.c ****     (void) CyIntSetVector(I2C_ISR_NUMBER, &I2C_ISR);
 250:.\Generated_Source\PSoC5/I2C_PM.c ****     if (0u != I2C_wakeupSource)
 251:.\Generated_Source\PSoC5/I2C_PM.c ****     {
 252:.\Generated_Source\PSoC5/I2C_PM.c ****         /* Generate interrupt to process incoming transaction */
 253:.\Generated_Source\PSoC5/I2C_PM.c ****         I2C_SetPendingInt();
 254:.\Generated_Source\PSoC5/I2C_PM.c ****     }
 255:.\Generated_Source\PSoC5/I2C_PM.c ****     I2C_EnableInt();
 256:.\Generated_Source\PSoC5/I2C_PM.c **** #endif /* (I2C_WAKEUP_ENABLED) */
 257:.\Generated_Source\PSoC5/I2C_PM.c **** 
 258:.\Generated_Source\PSoC5/I2C_PM.c **** #else
 259:.\Generated_Source\PSoC5/I2C_PM.c ****     I2C_CFG_REG = I2C_backup.control;
 260:.\Generated_Source\PSoC5/I2C_PM.c **** #endif /* (I2C_FF_IMPLEMENTED) */
 261:.\Generated_Source\PSoC5/I2C_PM.c **** 
 262:.\Generated_Source\PSoC5/I2C_PM.c **** #if (I2C_TIMEOUT_ENABLED)
 263:.\Generated_Source\PSoC5/I2C_PM.c ****     I2C_TimeoutRestoreConfig();
 264:.\Generated_Source\PSoC5/I2C_PM.c **** #endif /* (I2C_TIMEOUT_ENABLED) */
 265:.\Generated_Source\PSoC5/I2C_PM.c **** }
 266:.\Generated_Source\PSoC5/I2C_PM.c **** 
 267:.\Generated_Source\PSoC5/I2C_PM.c **** 
 268:.\Generated_Source\PSoC5/I2C_PM.c **** /*******************************************************************************
 269:.\Generated_Source\PSoC5/I2C_PM.c **** * Function Name: I2C_Wakeup
 270:.\Generated_Source\PSoC5/I2C_PM.c **** ********************************************************************************
 271:.\Generated_Source\PSoC5/I2C_PM.c **** *
 272:.\Generated_Source\PSoC5/I2C_PM.c **** * Summary:
ARM GAS  C:\Users\Eih3\AppData\Local\Temp\ccHKKheP.s 			page 9


 273:.\Generated_Source\PSoC5/I2C_PM.c **** *  This is the preferred method to prepare the component for active mode
 274:.\Generated_Source\PSoC5/I2C_PM.c **** *  operation (when device exits sleep mode). The Enable wakeup from Sleep Mode
 275:.\Generated_Source\PSoC5/I2C_PM.c **** *  selection influences this function implementation:
 276:.\Generated_Source\PSoC5/I2C_PM.c **** *   Unchecked: Restores the component non-retention configuration registers
 277:.\Generated_Source\PSoC5/I2C_PM.c **** *              by calling I2C_RestoreConfig(). If the component was enabled
 278:.\Generated_Source\PSoC5/I2C_PM.c **** *              before the I2C_Sleep() function was called, I2C_Wakeup()
 279:.\Generated_Source\PSoC5/I2C_PM.c **** *              re-enables it.
 280:.\Generated_Source\PSoC5/I2C_PM.c **** *   Checked:   Enables  master functionality if it was enabled before sleep,
 281:.\Generated_Source\PSoC5/I2C_PM.c **** *              and disables the backup regulator of the I2C hardware.
 282:.\Generated_Source\PSoC5/I2C_PM.c **** *              The incoming transaction continues as soon as the regular
 283:.\Generated_Source\PSoC5/I2C_PM.c **** *              I2C interrupt handler is set up (global interrupts has to be
 284:.\Generated_Source\PSoC5/I2C_PM.c **** *              enabled to service I2C component interrupt).
 285:.\Generated_Source\PSoC5/I2C_PM.c **** *
 286:.\Generated_Source\PSoC5/I2C_PM.c **** * Parameters:
 287:.\Generated_Source\PSoC5/I2C_PM.c **** *  None.
 288:.\Generated_Source\PSoC5/I2C_PM.c **** *
 289:.\Generated_Source\PSoC5/I2C_PM.c **** * Return:
 290:.\Generated_Source\PSoC5/I2C_PM.c **** *  None.
 291:.\Generated_Source\PSoC5/I2C_PM.c **** *
 292:.\Generated_Source\PSoC5/I2C_PM.c **** * Reentrant:
 293:.\Generated_Source\PSoC5/I2C_PM.c **** *  No.
 294:.\Generated_Source\PSoC5/I2C_PM.c **** *
 295:.\Generated_Source\PSoC5/I2C_PM.c **** * Side Effects:
 296:.\Generated_Source\PSoC5/I2C_PM.c **** *  Calling this function before I2C_SaveConfig() or
 297:.\Generated_Source\PSoC5/I2C_PM.c **** *  I2C_Sleep() will lead to unpredictable results.
 298:.\Generated_Source\PSoC5/I2C_PM.c **** *
 299:.\Generated_Source\PSoC5/I2C_PM.c **** *******************************************************************************/
 300:.\Generated_Source\PSoC5/I2C_PM.c **** void I2C_Wakeup(void) 
 301:.\Generated_Source\PSoC5/I2C_PM.c **** {
 184              		.loc 1 301 0
 185              		.cfi_startproc
 186              		@ args = 0, pretend = 0, frame = 0
 187              		@ frame_needed = 0, uses_anonymous_args = 0
 188 0000 08B5     		push	{r3, lr}
 189              		.cfi_def_cfa_offset 8
 190              		.cfi_offset 3, -8
 191              		.cfi_offset 14, -4
 302:.\Generated_Source\PSoC5/I2C_PM.c ****     I2C_RestoreConfig();
 192              		.loc 1 302 0
 193 0002 FFF7FEFF 		bl	I2C_RestoreConfig
 194              	.LVL4:
 303:.\Generated_Source\PSoC5/I2C_PM.c **** 
 304:.\Generated_Source\PSoC5/I2C_PM.c ****     /* Restore component enable state */
 305:.\Generated_Source\PSoC5/I2C_PM.c ****     if (0u != I2C_backup.enableState)
 195              		.loc 1 305 0
 196 0006 054B     		ldr	r3, .L22
 197 0008 1B78     		ldrb	r3, [r3]	@ zero_extendqisi2
 198 000a 2BB1     		cbz	r3, .L17
 306:.\Generated_Source\PSoC5/I2C_PM.c ****     {
 307:.\Generated_Source\PSoC5/I2C_PM.c ****         I2C_Enable();
 199              		.loc 1 307 0
 200 000c FFF7FEFF 		bl	I2C_Enable
 201              	.LVL5:
 308:.\Generated_Source\PSoC5/I2C_PM.c ****         I2C_EnableInt();
 202              		.loc 1 308 0
 203 0010 034B     		ldr	r3, .L22+4
 204 0012 4FF40042 		mov	r2, #32768
ARM GAS  C:\Users\Eih3\AppData\Local\Temp\ccHKKheP.s 			page 10


 205 0016 1A60     		str	r2, [r3]
 206              	.L17:
 207 0018 08BD     		pop	{r3, pc}
 208              	.L23:
 209 001a 00BF     		.align	2
 210              	.L22:
 211 001c 00000000 		.word	.LANCHOR0
 212 0020 00E100E0 		.word	-536813312
 213              		.cfi_endproc
 214              	.LFE3:
 215              		.size	I2C_Wakeup, .-I2C_Wakeup
 216              		.global	I2C_backup
 217              		.data
 218              		.set	.LANCHOR0,. + 0
 219              		.type	I2C_backup, %object
 220              		.size	I2C_backup, 6
 221              	I2C_backup:
 222 0000 00       		.byte	0
 223 0001 81       		.byte	-127
 224 0002 02       		.byte	2
 225 0003 08       		.byte	8
 226 0004 0F       		.byte	15
 227 0005 00       		.byte	0
 228              		.text
 229              	.Letext0:
 230              		.file 2 ".\\Generated_Source\\PSoC5\\cytypes.h"
 231              		.file 3 ".\\Generated_Source\\PSoC5\\I2C.h"
 232              		.file 4 ".\\Generated_Source\\PSoC5\\CyLib.h"
 233              		.section	.debug_info,"",%progbits
 234              	.Ldebug_info0:
 235 0000 F7010000 		.4byte	0x1f7
 236 0004 0400     		.2byte	0x4
 237 0006 00000000 		.4byte	.Ldebug_abbrev0
 238 000a 04       		.byte	0x4
 239 000b 01       		.uleb128 0x1
 240 000c 1B000000 		.4byte	.LASF29
 241 0010 01       		.byte	0x1
 242 0011 AA000000 		.4byte	.LASF30
 243 0015 22010000 		.4byte	.LASF31
 244 0019 00000000 		.4byte	.Ldebug_ranges0+0
 245 001d 00000000 		.4byte	0
 246 0021 00000000 		.4byte	.Ldebug_line0
 247 0025 02       		.uleb128 0x2
 248 0026 01       		.byte	0x1
 249 0027 06       		.byte	0x6
 250 0028 3B020000 		.4byte	.LASF0
 251 002c 02       		.uleb128 0x2
 252 002d 01       		.byte	0x1
 253 002e 08       		.byte	0x8
 254 002f F8000000 		.4byte	.LASF1
 255 0033 02       		.uleb128 0x2
 256 0034 02       		.byte	0x2
 257 0035 05       		.byte	0x5
 258 0036 02020000 		.4byte	.LASF2
 259 003a 02       		.uleb128 0x2
 260 003b 02       		.byte	0x2
 261 003c 07       		.byte	0x7
ARM GAS  C:\Users\Eih3\AppData\Local\Temp\ccHKKheP.s 			page 11


 262 003d 97000000 		.4byte	.LASF3
 263 0041 02       		.uleb128 0x2
 264 0042 04       		.byte	0x4
 265 0043 05       		.byte	0x5
 266 0044 12020000 		.4byte	.LASF4
 267 0048 02       		.uleb128 0x2
 268 0049 04       		.byte	0x4
 269 004a 07       		.byte	0x7
 270 004b 0B010000 		.4byte	.LASF5
 271 004f 02       		.uleb128 0x2
 272 0050 08       		.byte	0x8
 273 0051 05       		.byte	0x5
 274 0052 D8010000 		.4byte	.LASF6
 275 0056 02       		.uleb128 0x2
 276 0057 08       		.byte	0x8
 277 0058 07       		.byte	0x7
 278 0059 E1000000 		.4byte	.LASF7
 279 005d 03       		.uleb128 0x3
 280 005e 04       		.byte	0x4
 281 005f 05       		.byte	0x5
 282 0060 696E7400 		.ascii	"int\000"
 283 0064 02       		.uleb128 0x2
 284 0065 04       		.byte	0x4
 285 0066 07       		.byte	0x7
 286 0067 85010000 		.4byte	.LASF8
 287 006b 04       		.uleb128 0x4
 288 006c 0C020000 		.4byte	.LASF9
 289 0070 02       		.byte	0x2
 290 0071 A1       		.byte	0xa1
 291 0072 2C000000 		.4byte	0x2c
 292 0076 04       		.uleb128 0x4
 293 0077 6E010000 		.4byte	.LASF10
 294 007b 02       		.byte	0x2
 295 007c A2       		.byte	0xa2
 296 007d 3A000000 		.4byte	0x3a
 297 0081 04       		.uleb128 0x4
 298 0082 75010000 		.4byte	.LASF11
 299 0086 02       		.byte	0x2
 300 0087 A3       		.byte	0xa3
 301 0088 48000000 		.4byte	0x48
 302 008c 02       		.uleb128 0x2
 303 008d 04       		.byte	0x4
 304 008e 04       		.byte	0x4
 305 008f DB000000 		.4byte	.LASF12
 306 0093 02       		.uleb128 0x2
 307 0094 08       		.byte	0x8
 308 0095 04       		.byte	0x4
 309 0096 67010000 		.4byte	.LASF13
 310 009a 02       		.uleb128 0x2
 311 009b 01       		.byte	0x1
 312 009c 08       		.byte	0x8
 313 009d E6010000 		.4byte	.LASF14
 314 00a1 05       		.uleb128 0x5
 315 00a2 06010000 		.4byte	.LASF15
 316 00a6 02       		.byte	0x2
 317 00a7 4B01     		.2byte	0x14b
 318 00a9 AD000000 		.4byte	0xad
ARM GAS  C:\Users\Eih3\AppData\Local\Temp\ccHKKheP.s 			page 12


 319 00ad 06       		.uleb128 0x6
 320 00ae 6B000000 		.4byte	0x6b
 321 00b2 05       		.uleb128 0x5
 322 00b3 15000000 		.4byte	.LASF16
 323 00b7 02       		.byte	0x2
 324 00b8 4D01     		.2byte	0x14d
 325 00ba BE000000 		.4byte	0xbe
 326 00be 06       		.uleb128 0x6
 327 00bf 81000000 		.4byte	0x81
 328 00c3 02       		.uleb128 0x2
 329 00c4 04       		.byte	0x4
 330 00c5 07       		.byte	0x7
 331 00c6 CF010000 		.4byte	.LASF17
 332 00ca 07       		.uleb128 0x7
 333 00cb 06       		.byte	0x6
 334 00cc 03       		.byte	0x3
 335 00cd 76       		.byte	0x76
 336 00ce 1B010000 		.4byte	0x11b
 337 00d2 08       		.uleb128 0x8
 338 00d3 1B020000 		.4byte	.LASF18
 339 00d7 03       		.byte	0x3
 340 00d8 78       		.byte	0x78
 341 00d9 6B000000 		.4byte	0x6b
 342 00dd 00       		.byte	0
 343 00de 08       		.uleb128 0x8
 344 00df EB010000 		.4byte	.LASF19
 345 00e3 03       		.byte	0x3
 346 00e4 7B       		.byte	0x7b
 347 00e5 6B000000 		.4byte	0x6b
 348 00e9 01       		.byte	0x1
 349 00ea 09       		.uleb128 0x9
 350 00eb 63666700 		.ascii	"cfg\000"
 351 00ef 03       		.byte	0x3
 352 00f0 7C       		.byte	0x7c
 353 00f1 6B000000 		.4byte	0x6b
 354 00f5 02       		.byte	0x2
 355 00f6 08       		.uleb128 0x8
 356 00f7 1D010000 		.4byte	.LASF20
 357 00fb 03       		.byte	0x3
 358 00fc 7D       		.byte	0x7d
 359 00fd 6B000000 		.4byte	0x6b
 360 0101 03       		.byte	0x3
 361 0102 08       		.uleb128 0x8
 362 0103 A8010000 		.4byte	.LASF21
 363 0107 03       		.byte	0x3
 364 0108 7E       		.byte	0x7e
 365 0109 6B000000 		.4byte	0x6b
 366 010d 04       		.byte	0x4
 367 010e 08       		.uleb128 0x8
 368 010f B0010000 		.4byte	.LASF22
 369 0113 03       		.byte	0x3
 370 0114 7F       		.byte	0x7f
 371 0115 6B000000 		.4byte	0x6b
 372 0119 05       		.byte	0x5
 373 011a 00       		.byte	0
 374 011b 04       		.uleb128 0x4
 375 011c F0010000 		.4byte	.LASF23
ARM GAS  C:\Users\Eih3\AppData\Local\Temp\ccHKKheP.s 			page 13


 376 0120 03       		.byte	0x3
 377 0121 89       		.byte	0x89
 378 0122 CA000000 		.4byte	0xca
 379 0126 0A       		.uleb128 0xa
 380 0127 CC000000 		.4byte	.LASF32
 381 012b 01       		.byte	0x1
 382 012c 48       		.byte	0x48
 383 012d 00000000 		.4byte	.LFB0
 384 0131 3C000000 		.4byte	.LFE0-.LFB0
 385 0135 01       		.uleb128 0x1
 386 0136 9C       		.byte	0x9c
 387 0137 0B       		.uleb128 0xb
 388 0138 0B000000 		.4byte	.LASF24
 389 013c 01       		.byte	0x1
 390 013d 97       		.byte	0x97
 391 013e 00000000 		.4byte	.LFB1
 392 0142 24000000 		.4byte	.LFE1-.LFB1
 393 0146 01       		.uleb128 0x1
 394 0147 9C       		.byte	0x9c
 395 0148 5F010000 		.4byte	0x15f
 396 014c 0C       		.uleb128 0xc
 397 014d 14000000 		.4byte	.LVL0
 398 0151 D0010000 		.4byte	0x1d0
 399 0155 0D       		.uleb128 0xd
 400 0156 1C000000 		.4byte	.LVL1
 401 015a 26010000 		.4byte	0x126
 402 015e 00       		.byte	0
 403 015f 0B       		.uleb128 0xb
 404 0160 47020000 		.4byte	.LASF25
 405 0164 01       		.byte	0x1
 406 0165 D1       		.byte	0xd1
 407 0166 00000000 		.4byte	.LFB2
 408 016a 54000000 		.4byte	.LFE2-.LFB2
 409 016e 01       		.uleb128 0x1
 410 016f 9C       		.byte	0x9c
 411 0170 96010000 		.4byte	0x196
 412 0174 0E       		.uleb128 0xe
 413 0175 7C010000 		.4byte	.LASF33
 414 0179 01       		.byte	0x1
 415 017a D4       		.byte	0xd4
 416 017b 6B000000 		.4byte	0x6b
 417 017f 00000000 		.4byte	.LLST0
 418 0183 0C       		.uleb128 0xc
 419 0184 14000000 		.4byte	.LVL2
 420 0188 D7010000 		.4byte	0x1d7
 421 018c 0C       		.uleb128 0xc
 422 018d 20000000 		.4byte	.LVL3
 423 0191 E2010000 		.4byte	0x1e2
 424 0195 00       		.byte	0
 425 0196 0F       		.uleb128 0xf
 426 0197 00000000 		.4byte	.LASF26
 427 019b 01       		.byte	0x1
 428 019c 2C01     		.2byte	0x12c
 429 019e 00000000 		.4byte	.LFB3
 430 01a2 24000000 		.4byte	.LFE3-.LFB3
 431 01a6 01       		.uleb128 0x1
 432 01a7 9C       		.byte	0x9c
ARM GAS  C:\Users\Eih3\AppData\Local\Temp\ccHKKheP.s 			page 14


 433 01a8 BF010000 		.4byte	0x1bf
 434 01ac 0C       		.uleb128 0xc
 435 01ad 06000000 		.4byte	.LVL4
 436 01b1 5F010000 		.4byte	0x15f
 437 01b5 0C       		.uleb128 0xc
 438 01b6 10000000 		.4byte	.LVL5
 439 01ba F3010000 		.4byte	0x1f3
 440 01be 00       		.byte	0
 441 01bf 10       		.uleb128 0x10
 442 01c0 27020000 		.4byte	.LASF34
 443 01c4 01       		.byte	0x1
 444 01c5 11       		.byte	0x11
 445 01c6 1B010000 		.4byte	0x11b
 446 01ca 05       		.uleb128 0x5
 447 01cb 03       		.byte	0x3
 448 01cc 00000000 		.4byte	I2C_backup
 449 01d0 11       		.uleb128 0x11
 450 01d1 32020000 		.4byte	.LASF27
 451 01d5 03       		.byte	0x3
 452 01d6 94       		.byte	0x94
 453 01d7 12       		.uleb128 0x12
 454 01d8 B8010000 		.4byte	.LASF35
 455 01dc 04       		.byte	0x4
 456 01dd 7E       		.byte	0x7e
 457 01de 6B000000 		.4byte	0x6b
 458 01e2 13       		.uleb128 0x13
 459 01e3 92010000 		.4byte	.LASF36
 460 01e7 04       		.byte	0x4
 461 01e8 7F       		.byte	0x7f
 462 01e9 F3010000 		.4byte	0x1f3
 463 01ed 14       		.uleb128 0x14
 464 01ee 6B000000 		.4byte	0x6b
 465 01f2 00       		.byte	0
 466 01f3 11       		.uleb128 0x11
 467 01f4 5C010000 		.4byte	.LASF28
 468 01f8 03       		.byte	0x3
 469 01f9 91       		.byte	0x91
 470 01fa 00       		.byte	0
 471              		.section	.debug_abbrev,"",%progbits
 472              	.Ldebug_abbrev0:
 473 0000 01       		.uleb128 0x1
 474 0001 11       		.uleb128 0x11
 475 0002 01       		.byte	0x1
 476 0003 25       		.uleb128 0x25
 477 0004 0E       		.uleb128 0xe
 478 0005 13       		.uleb128 0x13
 479 0006 0B       		.uleb128 0xb
 480 0007 03       		.uleb128 0x3
 481 0008 0E       		.uleb128 0xe
 482 0009 1B       		.uleb128 0x1b
 483 000a 0E       		.uleb128 0xe
 484 000b 55       		.uleb128 0x55
 485 000c 17       		.uleb128 0x17
 486 000d 11       		.uleb128 0x11
 487 000e 01       		.uleb128 0x1
 488 000f 10       		.uleb128 0x10
 489 0010 17       		.uleb128 0x17
ARM GAS  C:\Users\Eih3\AppData\Local\Temp\ccHKKheP.s 			page 15


 490 0011 00       		.byte	0
 491 0012 00       		.byte	0
 492 0013 02       		.uleb128 0x2
 493 0014 24       		.uleb128 0x24
 494 0015 00       		.byte	0
 495 0016 0B       		.uleb128 0xb
 496 0017 0B       		.uleb128 0xb
 497 0018 3E       		.uleb128 0x3e
 498 0019 0B       		.uleb128 0xb
 499 001a 03       		.uleb128 0x3
 500 001b 0E       		.uleb128 0xe
 501 001c 00       		.byte	0
 502 001d 00       		.byte	0
 503 001e 03       		.uleb128 0x3
 504 001f 24       		.uleb128 0x24
 505 0020 00       		.byte	0
 506 0021 0B       		.uleb128 0xb
 507 0022 0B       		.uleb128 0xb
 508 0023 3E       		.uleb128 0x3e
 509 0024 0B       		.uleb128 0xb
 510 0025 03       		.uleb128 0x3
 511 0026 08       		.uleb128 0x8
 512 0027 00       		.byte	0
 513 0028 00       		.byte	0
 514 0029 04       		.uleb128 0x4
 515 002a 16       		.uleb128 0x16
 516 002b 00       		.byte	0
 517 002c 03       		.uleb128 0x3
 518 002d 0E       		.uleb128 0xe
 519 002e 3A       		.uleb128 0x3a
 520 002f 0B       		.uleb128 0xb
 521 0030 3B       		.uleb128 0x3b
 522 0031 0B       		.uleb128 0xb
 523 0032 49       		.uleb128 0x49
 524 0033 13       		.uleb128 0x13
 525 0034 00       		.byte	0
 526 0035 00       		.byte	0
 527 0036 05       		.uleb128 0x5
 528 0037 16       		.uleb128 0x16
 529 0038 00       		.byte	0
 530 0039 03       		.uleb128 0x3
 531 003a 0E       		.uleb128 0xe
 532 003b 3A       		.uleb128 0x3a
 533 003c 0B       		.uleb128 0xb
 534 003d 3B       		.uleb128 0x3b
 535 003e 05       		.uleb128 0x5
 536 003f 49       		.uleb128 0x49
 537 0040 13       		.uleb128 0x13
 538 0041 00       		.byte	0
 539 0042 00       		.byte	0
 540 0043 06       		.uleb128 0x6
 541 0044 35       		.uleb128 0x35
 542 0045 00       		.byte	0
 543 0046 49       		.uleb128 0x49
 544 0047 13       		.uleb128 0x13
 545 0048 00       		.byte	0
 546 0049 00       		.byte	0
ARM GAS  C:\Users\Eih3\AppData\Local\Temp\ccHKKheP.s 			page 16


 547 004a 07       		.uleb128 0x7
 548 004b 13       		.uleb128 0x13
 549 004c 01       		.byte	0x1
 550 004d 0B       		.uleb128 0xb
 551 004e 0B       		.uleb128 0xb
 552 004f 3A       		.uleb128 0x3a
 553 0050 0B       		.uleb128 0xb
 554 0051 3B       		.uleb128 0x3b
 555 0052 0B       		.uleb128 0xb
 556 0053 01       		.uleb128 0x1
 557 0054 13       		.uleb128 0x13
 558 0055 00       		.byte	0
 559 0056 00       		.byte	0
 560 0057 08       		.uleb128 0x8
 561 0058 0D       		.uleb128 0xd
 562 0059 00       		.byte	0
 563 005a 03       		.uleb128 0x3
 564 005b 0E       		.uleb128 0xe
 565 005c 3A       		.uleb128 0x3a
 566 005d 0B       		.uleb128 0xb
 567 005e 3B       		.uleb128 0x3b
 568 005f 0B       		.uleb128 0xb
 569 0060 49       		.uleb128 0x49
 570 0061 13       		.uleb128 0x13
 571 0062 38       		.uleb128 0x38
 572 0063 0B       		.uleb128 0xb
 573 0064 00       		.byte	0
 574 0065 00       		.byte	0
 575 0066 09       		.uleb128 0x9
 576 0067 0D       		.uleb128 0xd
 577 0068 00       		.byte	0
 578 0069 03       		.uleb128 0x3
 579 006a 08       		.uleb128 0x8
 580 006b 3A       		.uleb128 0x3a
 581 006c 0B       		.uleb128 0xb
 582 006d 3B       		.uleb128 0x3b
 583 006e 0B       		.uleb128 0xb
 584 006f 49       		.uleb128 0x49
 585 0070 13       		.uleb128 0x13
 586 0071 38       		.uleb128 0x38
 587 0072 0B       		.uleb128 0xb
 588 0073 00       		.byte	0
 589 0074 00       		.byte	0
 590 0075 0A       		.uleb128 0xa
 591 0076 2E       		.uleb128 0x2e
 592 0077 00       		.byte	0
 593 0078 3F       		.uleb128 0x3f
 594 0079 19       		.uleb128 0x19
 595 007a 03       		.uleb128 0x3
 596 007b 0E       		.uleb128 0xe
 597 007c 3A       		.uleb128 0x3a
 598 007d 0B       		.uleb128 0xb
 599 007e 3B       		.uleb128 0x3b
 600 007f 0B       		.uleb128 0xb
 601 0080 27       		.uleb128 0x27
 602 0081 19       		.uleb128 0x19
 603 0082 11       		.uleb128 0x11
ARM GAS  C:\Users\Eih3\AppData\Local\Temp\ccHKKheP.s 			page 17


 604 0083 01       		.uleb128 0x1
 605 0084 12       		.uleb128 0x12
 606 0085 06       		.uleb128 0x6
 607 0086 40       		.uleb128 0x40
 608 0087 18       		.uleb128 0x18
 609 0088 9742     		.uleb128 0x2117
 610 008a 19       		.uleb128 0x19
 611 008b 00       		.byte	0
 612 008c 00       		.byte	0
 613 008d 0B       		.uleb128 0xb
 614 008e 2E       		.uleb128 0x2e
 615 008f 01       		.byte	0x1
 616 0090 3F       		.uleb128 0x3f
 617 0091 19       		.uleb128 0x19
 618 0092 03       		.uleb128 0x3
 619 0093 0E       		.uleb128 0xe
 620 0094 3A       		.uleb128 0x3a
 621 0095 0B       		.uleb128 0xb
 622 0096 3B       		.uleb128 0x3b
 623 0097 0B       		.uleb128 0xb
 624 0098 27       		.uleb128 0x27
 625 0099 19       		.uleb128 0x19
 626 009a 11       		.uleb128 0x11
 627 009b 01       		.uleb128 0x1
 628 009c 12       		.uleb128 0x12
 629 009d 06       		.uleb128 0x6
 630 009e 40       		.uleb128 0x40
 631 009f 18       		.uleb128 0x18
 632 00a0 9742     		.uleb128 0x2117
 633 00a2 19       		.uleb128 0x19
 634 00a3 01       		.uleb128 0x1
 635 00a4 13       		.uleb128 0x13
 636 00a5 00       		.byte	0
 637 00a6 00       		.byte	0
 638 00a7 0C       		.uleb128 0xc
 639 00a8 898201   		.uleb128 0x4109
 640 00ab 00       		.byte	0
 641 00ac 11       		.uleb128 0x11
 642 00ad 01       		.uleb128 0x1
 643 00ae 31       		.uleb128 0x31
 644 00af 13       		.uleb128 0x13
 645 00b0 00       		.byte	0
 646 00b1 00       		.byte	0
 647 00b2 0D       		.uleb128 0xd
 648 00b3 898201   		.uleb128 0x4109
 649 00b6 00       		.byte	0
 650 00b7 11       		.uleb128 0x11
 651 00b8 01       		.uleb128 0x1
 652 00b9 9542     		.uleb128 0x2115
 653 00bb 19       		.uleb128 0x19
 654 00bc 31       		.uleb128 0x31
 655 00bd 13       		.uleb128 0x13
 656 00be 00       		.byte	0
 657 00bf 00       		.byte	0
 658 00c0 0E       		.uleb128 0xe
 659 00c1 34       		.uleb128 0x34
 660 00c2 00       		.byte	0
ARM GAS  C:\Users\Eih3\AppData\Local\Temp\ccHKKheP.s 			page 18


 661 00c3 03       		.uleb128 0x3
 662 00c4 0E       		.uleb128 0xe
 663 00c5 3A       		.uleb128 0x3a
 664 00c6 0B       		.uleb128 0xb
 665 00c7 3B       		.uleb128 0x3b
 666 00c8 0B       		.uleb128 0xb
 667 00c9 49       		.uleb128 0x49
 668 00ca 13       		.uleb128 0x13
 669 00cb 02       		.uleb128 0x2
 670 00cc 17       		.uleb128 0x17
 671 00cd 00       		.byte	0
 672 00ce 00       		.byte	0
 673 00cf 0F       		.uleb128 0xf
 674 00d0 2E       		.uleb128 0x2e
 675 00d1 01       		.byte	0x1
 676 00d2 3F       		.uleb128 0x3f
 677 00d3 19       		.uleb128 0x19
 678 00d4 03       		.uleb128 0x3
 679 00d5 0E       		.uleb128 0xe
 680 00d6 3A       		.uleb128 0x3a
 681 00d7 0B       		.uleb128 0xb
 682 00d8 3B       		.uleb128 0x3b
 683 00d9 05       		.uleb128 0x5
 684 00da 27       		.uleb128 0x27
 685 00db 19       		.uleb128 0x19
 686 00dc 11       		.uleb128 0x11
 687 00dd 01       		.uleb128 0x1
 688 00de 12       		.uleb128 0x12
 689 00df 06       		.uleb128 0x6
 690 00e0 40       		.uleb128 0x40
 691 00e1 18       		.uleb128 0x18
 692 00e2 9742     		.uleb128 0x2117
 693 00e4 19       		.uleb128 0x19
 694 00e5 01       		.uleb128 0x1
 695 00e6 13       		.uleb128 0x13
 696 00e7 00       		.byte	0
 697 00e8 00       		.byte	0
 698 00e9 10       		.uleb128 0x10
 699 00ea 34       		.uleb128 0x34
 700 00eb 00       		.byte	0
 701 00ec 03       		.uleb128 0x3
 702 00ed 0E       		.uleb128 0xe
 703 00ee 3A       		.uleb128 0x3a
 704 00ef 0B       		.uleb128 0xb
 705 00f0 3B       		.uleb128 0x3b
 706 00f1 0B       		.uleb128 0xb
 707 00f2 49       		.uleb128 0x49
 708 00f3 13       		.uleb128 0x13
 709 00f4 3F       		.uleb128 0x3f
 710 00f5 19       		.uleb128 0x19
 711 00f6 02       		.uleb128 0x2
 712 00f7 18       		.uleb128 0x18
 713 00f8 00       		.byte	0
 714 00f9 00       		.byte	0
 715 00fa 11       		.uleb128 0x11
 716 00fb 2E       		.uleb128 0x2e
 717 00fc 00       		.byte	0
ARM GAS  C:\Users\Eih3\AppData\Local\Temp\ccHKKheP.s 			page 19


 718 00fd 3F       		.uleb128 0x3f
 719 00fe 19       		.uleb128 0x19
 720 00ff 03       		.uleb128 0x3
 721 0100 0E       		.uleb128 0xe
 722 0101 3A       		.uleb128 0x3a
 723 0102 0B       		.uleb128 0xb
 724 0103 3B       		.uleb128 0x3b
 725 0104 0B       		.uleb128 0xb
 726 0105 27       		.uleb128 0x27
 727 0106 19       		.uleb128 0x19
 728 0107 3C       		.uleb128 0x3c
 729 0108 19       		.uleb128 0x19
 730 0109 00       		.byte	0
 731 010a 00       		.byte	0
 732 010b 12       		.uleb128 0x12
 733 010c 2E       		.uleb128 0x2e
 734 010d 00       		.byte	0
 735 010e 3F       		.uleb128 0x3f
 736 010f 19       		.uleb128 0x19
 737 0110 03       		.uleb128 0x3
 738 0111 0E       		.uleb128 0xe
 739 0112 3A       		.uleb128 0x3a
 740 0113 0B       		.uleb128 0xb
 741 0114 3B       		.uleb128 0x3b
 742 0115 0B       		.uleb128 0xb
 743 0116 27       		.uleb128 0x27
 744 0117 19       		.uleb128 0x19
 745 0118 49       		.uleb128 0x49
 746 0119 13       		.uleb128 0x13
 747 011a 3C       		.uleb128 0x3c
 748 011b 19       		.uleb128 0x19
 749 011c 00       		.byte	0
 750 011d 00       		.byte	0
 751 011e 13       		.uleb128 0x13
 752 011f 2E       		.uleb128 0x2e
 753 0120 01       		.byte	0x1
 754 0121 3F       		.uleb128 0x3f
 755 0122 19       		.uleb128 0x19
 756 0123 03       		.uleb128 0x3
 757 0124 0E       		.uleb128 0xe
 758 0125 3A       		.uleb128 0x3a
 759 0126 0B       		.uleb128 0xb
 760 0127 3B       		.uleb128 0x3b
 761 0128 0B       		.uleb128 0xb
 762 0129 27       		.uleb128 0x27
 763 012a 19       		.uleb128 0x19
 764 012b 3C       		.uleb128 0x3c
 765 012c 19       		.uleb128 0x19
 766 012d 01       		.uleb128 0x1
 767 012e 13       		.uleb128 0x13
 768 012f 00       		.byte	0
 769 0130 00       		.byte	0
 770 0131 14       		.uleb128 0x14
 771 0132 05       		.uleb128 0x5
 772 0133 00       		.byte	0
 773 0134 49       		.uleb128 0x49
 774 0135 13       		.uleb128 0x13
ARM GAS  C:\Users\Eih3\AppData\Local\Temp\ccHKKheP.s 			page 20


 775 0136 00       		.byte	0
 776 0137 00       		.byte	0
 777 0138 00       		.byte	0
 778              		.section	.debug_loc,"",%progbits
 779              	.Ldebug_loc0:
 780              	.LLST0:
 781 0000 14000000 		.4byte	.LVL2
 782 0004 1F000000 		.4byte	.LVL3-1
 783 0008 0100     		.2byte	0x1
 784 000a 50       		.byte	0x50
 785 000b 00000000 		.4byte	0
 786 000f 00000000 		.4byte	0
 787              		.section	.debug_aranges,"",%progbits
 788 0000 34000000 		.4byte	0x34
 789 0004 0200     		.2byte	0x2
 790 0006 00000000 		.4byte	.Ldebug_info0
 791 000a 04       		.byte	0x4
 792 000b 00       		.byte	0
 793 000c 0000     		.2byte	0
 794 000e 0000     		.2byte	0
 795 0010 00000000 		.4byte	.LFB0
 796 0014 3C000000 		.4byte	.LFE0-.LFB0
 797 0018 00000000 		.4byte	.LFB1
 798 001c 24000000 		.4byte	.LFE1-.LFB1
 799 0020 00000000 		.4byte	.LFB2
 800 0024 54000000 		.4byte	.LFE2-.LFB2
 801 0028 00000000 		.4byte	.LFB3
 802 002c 24000000 		.4byte	.LFE3-.LFB3
 803 0030 00000000 		.4byte	0
 804 0034 00000000 		.4byte	0
 805              		.section	.debug_ranges,"",%progbits
 806              	.Ldebug_ranges0:
 807 0000 00000000 		.4byte	.LFB0
 808 0004 3C000000 		.4byte	.LFE0
 809 0008 00000000 		.4byte	.LFB1
 810 000c 24000000 		.4byte	.LFE1
 811 0010 00000000 		.4byte	.LFB2
 812 0014 54000000 		.4byte	.LFE2
 813 0018 00000000 		.4byte	.LFB3
 814 001c 24000000 		.4byte	.LFE3
 815 0020 00000000 		.4byte	0
 816 0024 00000000 		.4byte	0
 817              		.section	.debug_line,"",%progbits
 818              	.Ldebug_line0:
 819 0000 BA000000 		.section	.debug_str,"MS",%progbits,1
 819      02005900 
 819      00000201 
 819      FB0E0D00 
 819      01010101 
 820              	.LASF26:
 821 0000 4932435F 		.ascii	"I2C_Wakeup\000"
 821      57616B65 
 821      757000
 822              	.LASF24:
 823 000b 4932435F 		.ascii	"I2C_Sleep\000"
 823      536C6565 
 823      7000
ARM GAS  C:\Users\Eih3\AppData\Local\Temp\ccHKKheP.s 			page 21


 824              	.LASF16:
 825 0015 72656733 		.ascii	"reg32\000"
 825      3200
 826              	.LASF29:
 827 001b 474E5520 		.ascii	"GNU C 4.8.4 20140526 (release) [ARM/embedded-4_8-br"
 827      4320342E 
 827      382E3420 
 827      32303134 
 827      30353236 
 828 004e 616E6368 		.ascii	"anch revision 211358] -mcpu=cortex-m3 -mthumb -g -O"
 828      20726576 
 828      6973696F 
 828      6E203231 
 828      31333538 
 829 0081 73202D66 		.ascii	"s -ffunction-sections\000"
 829      66756E63 
 829      74696F6E 
 829      2D736563 
 829      74696F6E 
 830              	.LASF3:
 831 0097 73686F72 		.ascii	"short unsigned int\000"
 831      7420756E 
 831      7369676E 
 831      65642069 
 831      6E7400
 832              	.LASF30:
 833 00aa 2E5C4765 		.ascii	".\\Generated_Source\\PSoC5\\I2C_PM.c\000"
 833      6E657261 
 833      7465645F 
 833      536F7572 
 833      63655C50 
 834              	.LASF32:
 835 00cc 4932435F 		.ascii	"I2C_SaveConfig\000"
 835      53617665 
 835      436F6E66 
 835      696700
 836              	.LASF12:
 837 00db 666C6F61 		.ascii	"float\000"
 837      7400
 838              	.LASF7:
 839 00e1 6C6F6E67 		.ascii	"long long unsigned int\000"
 839      206C6F6E 
 839      6720756E 
 839      7369676E 
 839      65642069 
 840              	.LASF1:
 841 00f8 756E7369 		.ascii	"unsigned char\000"
 841      676E6564 
 841      20636861 
 841      7200
 842              	.LASF15:
 843 0106 72656738 		.ascii	"reg8\000"
 843      00
 844              	.LASF5:
 845 010b 6C6F6E67 		.ascii	"long unsigned int\000"
 845      20756E73 
 845      69676E65 
ARM GAS  C:\Users\Eih3\AppData\Local\Temp\ccHKKheP.s 			page 22


 845      6420696E 
 845      7400
 846              	.LASF20:
 847 011d 61646472 		.ascii	"addr\000"
 847      00
 848              	.LASF31:
 849 0122 443A5C45 		.ascii	"D:\\Eih3Cloud\\Projet Programme\\Module HF\\5\\Modu"
 849      69683343 
 849      6C6F7564 
 849      5C50726F 
 849      6A657420 
 850 0150 6C652048 		.ascii	"le HF.cydsn\000"
 850      462E6379 
 850      64736E00 
 851              	.LASF28:
 852 015c 4932435F 		.ascii	"I2C_Enable\000"
 852      456E6162 
 852      6C6500
 853              	.LASF13:
 854 0167 646F7562 		.ascii	"double\000"
 854      6C6500
 855              	.LASF10:
 856 016e 75696E74 		.ascii	"uint16\000"
 856      313600
 857              	.LASF11:
 858 0175 75696E74 		.ascii	"uint32\000"
 858      333200
 859              	.LASF33:
 860 017c 696E7453 		.ascii	"intState\000"
 860      74617465 
 860      00
 861              	.LASF8:
 862 0185 756E7369 		.ascii	"unsigned int\000"
 862      676E6564 
 862      20696E74 
 862      00
 863              	.LASF36:
 864 0192 43794578 		.ascii	"CyExitCriticalSection\000"
 864      69744372 
 864      69746963 
 864      616C5365 
 864      6374696F 
 865              	.LASF21:
 866 01a8 636C6B44 		.ascii	"clkDiv1\000"
 866      69763100 
 867              	.LASF22:
 868 01b0 636C6B44 		.ascii	"clkDiv2\000"
 868      69763200 
 869              	.LASF35:
 870 01b8 4379456E 		.ascii	"CyEnterCriticalSection\000"
 870      74657243 
 870      72697469 
 870      63616C53 
 870      65637469 
 871              	.LASF17:
 872 01cf 73697A65 		.ascii	"sizetype\000"
 872      74797065 
ARM GAS  C:\Users\Eih3\AppData\Local\Temp\ccHKKheP.s 			page 23


 872      00
 873              	.LASF6:
 874 01d8 6C6F6E67 		.ascii	"long long int\000"
 874      206C6F6E 
 874      6720696E 
 874      7400
 875              	.LASF14:
 876 01e6 63686172 		.ascii	"char\000"
 876      00
 877              	.LASF19:
 878 01eb 78636667 		.ascii	"xcfg\000"
 878      00
 879              	.LASF23:
 880 01f0 4932435F 		.ascii	"I2C_BACKUP_STRUCT\000"
 880      4241434B 
 880      55505F53 
 880      54525543 
 880      5400
 881              	.LASF2:
 882 0202 73686F72 		.ascii	"short int\000"
 882      7420696E 
 882      7400
 883              	.LASF9:
 884 020c 75696E74 		.ascii	"uint8\000"
 884      3800
 885              	.LASF4:
 886 0212 6C6F6E67 		.ascii	"long int\000"
 886      20696E74 
 886      00
 887              	.LASF18:
 888 021b 656E6162 		.ascii	"enableState\000"
 888      6C655374 
 888      61746500 
 889              	.LASF34:
 890 0227 4932435F 		.ascii	"I2C_backup\000"
 890      6261636B 
 890      757000
 891              	.LASF27:
 892 0232 4932435F 		.ascii	"I2C_Stop\000"
 892      53746F70 
 892      00
 893              	.LASF0:
 894 023b 7369676E 		.ascii	"signed char\000"
 894      65642063 
 894      68617200 
 895              	.LASF25:
 896 0247 4932435F 		.ascii	"I2C_RestoreConfig\000"
 896      52657374 
 896      6F726543 
 896      6F6E6669 
 896      6700
 897              		.ident	"GCC: (GNU Tools for ARM Embedded Processors) 4.8.4 20140526 (release) [ARM/embedded-4_8-br
