ARM GAS  C:\Users\Eih3\AppData\Local\Temp\ccEvUY2q.s 			page 1


   1              		.syntax unified
   2              		.cpu cortex-m3
   3              		.fpu softvfp
   4              		.eabi_attribute 20, 1
   5              		.eabi_attribute 21, 1
   6              		.eabi_attribute 23, 3
   7              		.eabi_attribute 24, 1
   8              		.eabi_attribute 25, 1
   9              		.eabi_attribute 26, 1
  10              		.eabi_attribute 30, 4
  11              		.eabi_attribute 34, 1
  12              		.eabi_attribute 18, 4
  13              		.thumb
  14              		.file	"Interruptions.c"
  15              		.text
  16              	.Ltext0:
  17              		.cfi_sections	.debug_frame
  18              		.section	.text.Rx_ISR,"ax",%progbits
  19              		.align	1
  20              		.global	Rx_ISR
  21              		.thumb
  22              		.thumb_func
  23              		.type	Rx_ISR, %function
  24              	Rx_ISR:
  25              	.LFB56:
  26              		.file 1 ".\\Interruptions.c"
   1:.\Interruptions.c **** /***************************************************************
   2:.\Interruptions.c **** * Nom Fichier: Interruptions.c
   3:.\Interruptions.c **** *
   4:.\Interruptions.c **** * Fonctions: - Interruption UART Rx  
   5:.\Interruptions.c **** *            - Interruption 
   6:.\Interruptions.c **** *
   7:.\Interruptions.c **** ****************************************************************
   8:.\Interruptions.c **** * CARNUS 2015, Escamez Michel - Soler Donovan - Verdier Jordan
   9:.\Interruptions.c **** ***************************************************************/
  10:.\Interruptions.c **** 
  11:.\Interruptions.c **** /**** Déclarations & Directives ****/
  12:.\Interruptions.c **** #include "Application.h"
  13:.\Interruptions.c **** 
  14:.\Interruptions.c **** /**** Déclarations Variables ****/   
  15:.\Interruptions.c **** extern uint8 RxData;
  16:.\Interruptions.c **** extern uint8 ConfigEnd; //La configuration du module est finie
  17:.\Interruptions.c **** extern uint8 Linked; //Client connecté ? 1u oui; 0u non
  18:.\Interruptions.c **** 
  19:.\Interruptions.c **** /**** Interruption UART Rx ****/    
  20:.\Interruptions.c **** CY_ISR(Rx_ISR)
  21:.\Interruptions.c **** {
  27              		.loc 1 21 0
  28              		.cfi_startproc
  29              		@ args = 0, pretend = 0, frame = 0
  30              		@ frame_needed = 0, uses_anonymous_args = 0
  31 0000 38B5     		push	{r3, r4, r5, lr}
  32              		.cfi_def_cfa_offset 16
  33              		.cfi_offset 3, -16
  34              		.cfi_offset 4, -12
  35              		.cfi_offset 5, -8
  36              		.cfi_offset 14, -4
ARM GAS  C:\Users\Eih3\AppData\Local\Temp\ccEvUY2q.s 			page 2


  22:.\Interruptions.c ****     UART_ReadRxStatus();
  37              		.loc 1 22 0
  38 0002 FFF7FEFF 		bl	UART_ReadRxStatus
  39              	.LVL0:
  23:.\Interruptions.c ****     RxData = UART_GetByte();
  40              		.loc 1 23 0
  41 0006 FFF7FEFF 		bl	UART_GetByte
  42              	.LVL1:
  24:.\Interruptions.c ****     
  25:.\Interruptions.c ****     if (ConfigEnd && RxData == 0x3F) TCPOK();
  43              		.loc 1 25 0
  44 000a 0E4B     		ldr	r3, .L17
  23:.\Interruptions.c ****     RxData = UART_GetByte();
  45              		.loc 1 23 0
  46 000c 0E4A     		ldr	r2, .L17+4
  47              		.loc 1 25 0
  48 000e 1978     		ldrb	r1, [r3]	@ zero_extendqisi2
  23:.\Interruptions.c ****     RxData = UART_GetByte();
  49              		.loc 1 23 0
  50 0010 C0B2     		uxtb	r0, r0
  51 0012 1070     		strb	r0, [r2]
  52 0014 1446     		mov	r4, r2
  53 0016 1D46     		mov	r5, r3
  54              		.loc 1 25 0
  55 0018 19B1     		cbz	r1, .L2
  56              		.loc 1 25 0 is_stmt 0 discriminator 1
  57 001a 3F28     		cmp	r0, #63
  58 001c 01D1     		bne	.L2
  59 001e FFF7FEFF 		bl	TCPOK
  60              	.LVL2:
  61              	.L2:
  26:.\Interruptions.c ****     
  27:.\Interruptions.c ****     LCD_Position(0, 10);
  62              		.loc 1 27 0 is_stmt 1
  63 0022 0020     		movs	r0, #0
  64 0024 0A21     		movs	r1, #10
  65 0026 FFF7FEFF 		bl	LCD_Position
  66              	.LVL3:
  28:.\Interruptions.c ****     if (ConfigEnd && RxData && Linked) LCD_PutChar(RxData);
  67              		.loc 1 28 0
  68 002a 2B78     		ldrb	r3, [r5]	@ zero_extendqisi2
  69 002c 43B1     		cbz	r3, .L1
  70              	.LBB4:
  71              	.LBB5:
  72 002e 2078     		ldrb	r0, [r4]	@ zero_extendqisi2
  73 0030 30B1     		cbz	r0, .L1
  74 0032 064B     		ldr	r3, .L17+8
  75 0034 1B78     		ldrb	r3, [r3]	@ zero_extendqisi2
  76 0036 1BB1     		cbz	r3, .L1
  77              	.LBE5:
  78              	.LBE4:
  29:.\Interruptions.c **** }
  79              		.loc 1 29 0
  80 0038 BDE83840 		pop	{r3, r4, r5, lr}
  81              	.LBB7:
  82              	.LBB6:
  28:.\Interruptions.c ****     if (ConfigEnd && RxData && Linked) LCD_PutChar(RxData);
ARM GAS  C:\Users\Eih3\AppData\Local\Temp\ccEvUY2q.s 			page 3


  83              		.loc 1 28 0
  84 003c FFF7FEBF 		b	LCD_PutChar
  85              	.LVL4:
  86              	.L1:
  87 0040 38BD     		pop	{r3, r4, r5, pc}
  88              	.L18:
  89 0042 00BF     		.align	2
  90              	.L17:
  91 0044 00000000 		.word	ConfigEnd
  92 0048 00000000 		.word	RxData
  93 004c 00000000 		.word	Linked
  94              	.LBE6:
  95              	.LBE7:
  96              		.cfi_endproc
  97              	.LFE56:
  98              		.size	Rx_ISR, .-Rx_ISR
  99              		.section	.text.Init_Interruptions,"ax",%progbits
 100              		.align	1
 101              		.global	Init_Interruptions
 102              		.thumb
 103              		.thumb_func
 104              		.type	Init_Interruptions, %function
 105              	Init_Interruptions:
 106              	.LFB57:
  30:.\Interruptions.c **** 
  31:.\Interruptions.c **** /**** Initialisation Interruptions ****/
  32:.\Interruptions.c **** void Init_Interruptions()
  33:.\Interruptions.c **** {
 107              		.loc 1 33 0
 108              		.cfi_startproc
 109              		@ args = 0, pretend = 0, frame = 0
 110              		@ frame_needed = 0, uses_anonymous_args = 0
 111 0000 08B5     		push	{r3, lr}
 112              		.cfi_def_cfa_offset 8
 113              		.cfi_offset 3, -8
 114              		.cfi_offset 14, -4
  34:.\Interruptions.c ****     CYGlobalIntEnable;
 115              		.loc 1 34 0
 116              	@ 34 ".\Interruptions.c" 1
 117 0002 62B6     		CPSIE   i
 118              	@ 0 "" 2
  35:.\Interruptions.c ****     Rx_Int_Start();
 119              		.loc 1 35 0
 120              		.thumb
 121 0004 FFF7FEFF 		bl	Rx_Int_Start
 122              	.LVL5:
  36:.\Interruptions.c ****     Rx_Int_SetVector(Rx_ISR);
  37:.\Interruptions.c **** }
 123              		.loc 1 37 0
 124 0008 BDE80840 		pop	{r3, lr}
  36:.\Interruptions.c ****     Rx_Int_SetVector(Rx_ISR);
 125              		.loc 1 36 0
 126 000c 0148     		ldr	r0, .L20
 127 000e FFF7FEBF 		b	Rx_Int_SetVector
 128              	.LVL6:
 129              	.L21:
 130 0012 00BF     		.align	2
ARM GAS  C:\Users\Eih3\AppData\Local\Temp\ccEvUY2q.s 			page 4


 131              	.L20:
 132 0014 00000000 		.word	Rx_ISR
 133              		.cfi_endproc
 134              	.LFE57:
 135              		.size	Init_Interruptions, .-Init_Interruptions
 136              		.comm	i,1,1
 137              		.text
 138              	.Letext0:
 139              		.file 2 "c:\\program files (x86)\\cypress\\psoc creator\\3.1\\psoc creator\\import\\gnu_cs\\arm\\4
 140              		.file 3 "c:\\program files (x86)\\cypress\\psoc creator\\3.1\\psoc creator\\import\\gnu_cs\\arm\\4
 141              		.file 4 ".\\Generated_Source\\PSoC5/cytypes.h"
 142              		.file 5 ".\\Generated_Source\\PSoC5/core_cm3.h"
 143              		.file 6 ".\\Generated_Source\\PSoC5/UART.h"
 144              		.file 7 ".\\Generated_Source\\PSoC5/LCD.h"
 145              		.file 8 ".\\Generated_Source\\PSoC5/Rx_Int.h"
 146              		.file 9 ".\\WIFI.h"
 147              		.file 10 ".\\EEPROM.h"
 148              		.section	.debug_info,"",%progbits
 149              	.Ldebug_info0:
 150 0000 F7010000 		.4byte	0x1f7
 151 0004 0400     		.2byte	0x4
 152 0006 00000000 		.4byte	.Ldebug_abbrev0
 153 000a 04       		.byte	0x4
 154 000b 01       		.uleb128 0x1
 155 000c 51000000 		.4byte	.LASF31
 156 0010 01       		.byte	0x1
 157 0011 05020000 		.4byte	.LASF32
 158 0015 23000000 		.4byte	.LASF33
 159 0019 00000000 		.4byte	.Ldebug_ranges0+0
 160 001d 00000000 		.4byte	0
 161 0021 00000000 		.4byte	.Ldebug_line0
 162 0025 02       		.uleb128 0x2
 163 0026 01       		.byte	0x1
 164 0027 06       		.byte	0x6
 165 0028 17000000 		.4byte	.LASF0
 166 002c 02       		.uleb128 0x2
 167 002d 01       		.byte	0x1
 168 002e 08       		.byte	0x8
 169 002f 17010000 		.4byte	.LASF1
 170 0033 02       		.uleb128 0x2
 171 0034 02       		.byte	0x2
 172 0035 05       		.byte	0x5
 173 0036 EC010000 		.4byte	.LASF2
 174 003a 02       		.uleb128 0x2
 175 003b 02       		.byte	0x2
 176 003c 07       		.byte	0x7
 177 003d E5000000 		.4byte	.LASF3
 178 0041 03       		.uleb128 0x3
 179 0042 00000000 		.4byte	.LASF9
 180 0046 02       		.byte	0x2
 181 0047 37       		.byte	0x37
 182 0048 4C000000 		.4byte	0x4c
 183 004c 02       		.uleb128 0x2
 184 004d 04       		.byte	0x4
 185 004e 05       		.byte	0x5
 186 004f FC010000 		.4byte	.LASF4
 187 0053 02       		.uleb128 0x2
ARM GAS  C:\Users\Eih3\AppData\Local\Temp\ccEvUY2q.s 			page 5


 188 0054 04       		.byte	0x4
 189 0055 07       		.byte	0x7
 190 0056 D3000000 		.4byte	.LASF5
 191 005a 02       		.uleb128 0x2
 192 005b 08       		.byte	0x8
 193 005c 05       		.byte	0x5
 194 005d C8010000 		.4byte	.LASF6
 195 0061 02       		.uleb128 0x2
 196 0062 08       		.byte	0x8
 197 0063 07       		.byte	0x7
 198 0064 7A010000 		.4byte	.LASF7
 199 0068 04       		.uleb128 0x4
 200 0069 04       		.byte	0x4
 201 006a 05       		.byte	0x5
 202 006b 696E7400 		.ascii	"int\000"
 203 006f 02       		.uleb128 0x2
 204 0070 04       		.byte	0x4
 205 0071 07       		.byte	0x7
 206 0072 6D010000 		.4byte	.LASF8
 207 0076 03       		.uleb128 0x3
 208 0077 B7010000 		.4byte	.LASF10
 209 007b 03       		.byte	0x3
 210 007c 41       		.byte	0x41
 211 007d 41000000 		.4byte	0x41
 212 0081 03       		.uleb128 0x3
 213 0082 F6010000 		.4byte	.LASF11
 214 0086 04       		.byte	0x4
 215 0087 A1       		.byte	0xa1
 216 0088 2C000000 		.4byte	0x2c
 217 008c 03       		.uleb128 0x3
 218 008d 4C010000 		.4byte	.LASF12
 219 0091 04       		.byte	0x4
 220 0092 A2       		.byte	0xa2
 221 0093 3A000000 		.4byte	0x3a
 222 0097 02       		.uleb128 0x2
 223 0098 04       		.byte	0x4
 224 0099 04       		.byte	0x4
 225 009a 11000000 		.4byte	.LASF13
 226 009e 02       		.uleb128 0x2
 227 009f 08       		.byte	0x8
 228 00a0 04       		.byte	0x4
 229 00a1 38010000 		.4byte	.LASF14
 230 00a5 03       		.uleb128 0x3
 231 00a6 CD000000 		.4byte	.LASF15
 232 00aa 04       		.byte	0x4
 233 00ab B2       		.byte	0xb2
 234 00ac B0000000 		.4byte	0xb0
 235 00b0 02       		.uleb128 0x2
 236 00b1 01       		.byte	0x1
 237 00b2 08       		.byte	0x8
 238 00b3 D6010000 		.4byte	.LASF16
 239 00b7 05       		.uleb128 0x5
 240 00b8 AA010000 		.4byte	.LASF17
 241 00bc 04       		.byte	0x4
 242 00bd 5D01     		.2byte	0x15d
 243 00bf C3000000 		.4byte	0xc3
 244 00c3 06       		.uleb128 0x6
ARM GAS  C:\Users\Eih3\AppData\Local\Temp\ccEvUY2q.s 			page 6


 245 00c4 04       		.byte	0x4
 246 00c5 C9000000 		.4byte	0xc9
 247 00c9 07       		.uleb128 0x7
 248 00ca 02       		.uleb128 0x2
 249 00cb 04       		.byte	0x4
 250 00cc 07       		.byte	0x7
 251 00cd BF010000 		.4byte	.LASF18
 252 00d1 08       		.uleb128 0x8
 253 00d2 0A000000 		.4byte	.LASF27
 254 00d6 01       		.byte	0x1
 255 00d7 14       		.byte	0x14
 256 00d8 01       		.byte	0x1
 257 00d9 09       		.uleb128 0x9
 258 00da D1000000 		.4byte	0xd1
 259 00de 00000000 		.4byte	.LFB56
 260 00e2 50000000 		.4byte	.LFE56-.LFB56
 261 00e6 01       		.uleb128 0x1
 262 00e7 9C       		.byte	0x9c
 263 00e8 29010000 		.4byte	0x129
 264 00ec 0A       		.uleb128 0xa
 265 00ed 06000000 		.4byte	.LVL0
 266 00f1 9C010000 		.4byte	0x19c
 267 00f5 0A       		.uleb128 0xa
 268 00f6 0A000000 		.4byte	.LVL1
 269 00fa A7010000 		.4byte	0x1a7
 270 00fe 0A       		.uleb128 0xa
 271 00ff 22000000 		.4byte	.LVL2
 272 0103 B2010000 		.4byte	0x1b2
 273 0107 0B       		.uleb128 0xb
 274 0108 2A000000 		.4byte	.LVL3
 275 010c BF010000 		.4byte	0x1bf
 276 0110 1F010000 		.4byte	0x11f
 277 0114 0C       		.uleb128 0xc
 278 0115 01       		.uleb128 0x1
 279 0116 51       		.byte	0x51
 280 0117 01       		.uleb128 0x1
 281 0118 3A       		.byte	0x3a
 282 0119 0C       		.uleb128 0xc
 283 011a 01       		.uleb128 0x1
 284 011b 50       		.byte	0x50
 285 011c 01       		.uleb128 0x1
 286 011d 30       		.byte	0x30
 287 011e 00       		.byte	0
 288 011f 0D       		.uleb128 0xd
 289 0120 40000000 		.4byte	.LVL4
 290 0124 D5010000 		.4byte	0x1d5
 291 0128 00       		.byte	0
 292 0129 0E       		.uleb128 0xe
 293 012a 25010000 		.4byte	.LASF34
 294 012e 01       		.byte	0x1
 295 012f 20       		.byte	0x20
 296 0130 00000000 		.4byte	.LFB57
 297 0134 18000000 		.4byte	.LFE57-.LFB57
 298 0138 01       		.uleb128 0x1
 299 0139 9C       		.byte	0x9c
 300 013a 5B010000 		.4byte	0x15b
 301 013e 0A       		.uleb128 0xa
ARM GAS  C:\Users\Eih3\AppData\Local\Temp\ccEvUY2q.s 			page 7


 302 013f 08000000 		.4byte	.LVL5
 303 0143 E6010000 		.4byte	0x1e6
 304 0147 0F       		.uleb128 0xf
 305 0148 12000000 		.4byte	.LVL6
 306 014c ED010000 		.4byte	0x1ed
 307 0150 0C       		.uleb128 0xc
 308 0151 01       		.uleb128 0x1
 309 0152 50       		.byte	0x50
 310 0153 05       		.uleb128 0x5
 311 0154 03       		.byte	0x3
 312 0155 00000000 		.4byte	Rx_ISR
 313 0159 00       		.byte	0
 314 015a 00       		.byte	0
 315 015b 10       		.uleb128 0x10
 316 015c F8000000 		.4byte	.LASF19
 317 0160 05       		.byte	0x5
 318 0161 1606     		.2byte	0x616
 319 0163 67010000 		.4byte	0x167
 320 0167 11       		.uleb128 0x11
 321 0168 76000000 		.4byte	0x76
 322 016c 12       		.uleb128 0x12
 323 016d 6900     		.ascii	"i\000"
 324 016f 0A       		.byte	0xa
 325 0170 0D       		.byte	0xd
 326 0171 81000000 		.4byte	0x81
 327 0175 05       		.uleb128 0x5
 328 0176 03       		.byte	0x3
 329 0177 00000000 		.4byte	i
 330 017b 13       		.uleb128 0x13
 331 017c 3F010000 		.4byte	.LASF20
 332 0180 01       		.byte	0x1
 333 0181 0F       		.byte	0xf
 334 0182 81000000 		.4byte	0x81
 335 0186 13       		.uleb128 0x13
 336 0187 17020000 		.4byte	.LASF21
 337 018b 01       		.byte	0x1
 338 018c 10       		.byte	0x10
 339 018d 81000000 		.4byte	0x81
 340 0191 13       		.uleb128 0x13
 341 0192 4A000000 		.4byte	.LASF22
 342 0196 01       		.byte	0x1
 343 0197 11       		.byte	0x11
 344 0198 81000000 		.4byte	0x81
 345 019c 14       		.uleb128 0x14
 346 019d 05010000 		.4byte	.LASF23
 347 01a1 06       		.byte	0x6
 348 01a2 70       		.byte	0x70
 349 01a3 81000000 		.4byte	0x81
 350 01a7 14       		.uleb128 0x14
 351 01a8 53010000 		.4byte	.LASF24
 352 01ac 06       		.byte	0x6
 353 01ad 72       		.byte	0x72
 354 01ae 8C000000 		.4byte	0x8c
 355 01b2 15       		.uleb128 0x15
 356 01b3 46010000 		.4byte	.LASF29
 357 01b7 09       		.byte	0x9
 358 01b8 15       		.byte	0x15
ARM GAS  C:\Users\Eih3\AppData\Local\Temp\ccEvUY2q.s 			page 8


 359 01b9 BF010000 		.4byte	0x1bf
 360 01bd 16       		.uleb128 0x16
 361 01be 00       		.byte	0
 362 01bf 17       		.uleb128 0x17
 363 01c0 91010000 		.4byte	.LASF25
 364 01c4 07       		.byte	0x7
 365 01c5 3D       		.byte	0x3d
 366 01c6 D5010000 		.4byte	0x1d5
 367 01ca 18       		.uleb128 0x18
 368 01cb 81000000 		.4byte	0x81
 369 01cf 18       		.uleb128 0x18
 370 01d0 81000000 		.4byte	0x81
 371 01d4 00       		.byte	0
 372 01d5 17       		.uleb128 0x17
 373 01d6 9E010000 		.4byte	.LASF26
 374 01da 07       		.byte	0x7
 375 01db 3E       		.byte	0x3e
 376 01dc E6010000 		.4byte	0x1e6
 377 01e0 18       		.uleb128 0x18
 378 01e1 A5000000 		.4byte	0xa5
 379 01e5 00       		.byte	0
 380 01e6 19       		.uleb128 0x19
 381 01e7 60010000 		.4byte	.LASF28
 382 01eb 08       		.byte	0x8
 383 01ec 17       		.byte	0x17
 384 01ed 1A       		.uleb128 0x1a
 385 01ee DB010000 		.4byte	.LASF30
 386 01f2 08       		.byte	0x8
 387 01f3 1D       		.byte	0x1d
 388 01f4 18       		.uleb128 0x18
 389 01f5 B7000000 		.4byte	0xb7
 390 01f9 00       		.byte	0
 391 01fa 00       		.byte	0
 392              		.section	.debug_abbrev,"",%progbits
 393              	.Ldebug_abbrev0:
 394 0000 01       		.uleb128 0x1
 395 0001 11       		.uleb128 0x11
 396 0002 01       		.byte	0x1
 397 0003 25       		.uleb128 0x25
 398 0004 0E       		.uleb128 0xe
 399 0005 13       		.uleb128 0x13
 400 0006 0B       		.uleb128 0xb
 401 0007 03       		.uleb128 0x3
 402 0008 0E       		.uleb128 0xe
 403 0009 1B       		.uleb128 0x1b
 404 000a 0E       		.uleb128 0xe
 405 000b 55       		.uleb128 0x55
 406 000c 17       		.uleb128 0x17
 407 000d 11       		.uleb128 0x11
 408 000e 01       		.uleb128 0x1
 409 000f 10       		.uleb128 0x10
 410 0010 17       		.uleb128 0x17
 411 0011 00       		.byte	0
 412 0012 00       		.byte	0
 413 0013 02       		.uleb128 0x2
 414 0014 24       		.uleb128 0x24
 415 0015 00       		.byte	0
ARM GAS  C:\Users\Eih3\AppData\Local\Temp\ccEvUY2q.s 			page 9


 416 0016 0B       		.uleb128 0xb
 417 0017 0B       		.uleb128 0xb
 418 0018 3E       		.uleb128 0x3e
 419 0019 0B       		.uleb128 0xb
 420 001a 03       		.uleb128 0x3
 421 001b 0E       		.uleb128 0xe
 422 001c 00       		.byte	0
 423 001d 00       		.byte	0
 424 001e 03       		.uleb128 0x3
 425 001f 16       		.uleb128 0x16
 426 0020 00       		.byte	0
 427 0021 03       		.uleb128 0x3
 428 0022 0E       		.uleb128 0xe
 429 0023 3A       		.uleb128 0x3a
 430 0024 0B       		.uleb128 0xb
 431 0025 3B       		.uleb128 0x3b
 432 0026 0B       		.uleb128 0xb
 433 0027 49       		.uleb128 0x49
 434 0028 13       		.uleb128 0x13
 435 0029 00       		.byte	0
 436 002a 00       		.byte	0
 437 002b 04       		.uleb128 0x4
 438 002c 24       		.uleb128 0x24
 439 002d 00       		.byte	0
 440 002e 0B       		.uleb128 0xb
 441 002f 0B       		.uleb128 0xb
 442 0030 3E       		.uleb128 0x3e
 443 0031 0B       		.uleb128 0xb
 444 0032 03       		.uleb128 0x3
 445 0033 08       		.uleb128 0x8
 446 0034 00       		.byte	0
 447 0035 00       		.byte	0
 448 0036 05       		.uleb128 0x5
 449 0037 16       		.uleb128 0x16
 450 0038 00       		.byte	0
 451 0039 03       		.uleb128 0x3
 452 003a 0E       		.uleb128 0xe
 453 003b 3A       		.uleb128 0x3a
 454 003c 0B       		.uleb128 0xb
 455 003d 3B       		.uleb128 0x3b
 456 003e 05       		.uleb128 0x5
 457 003f 49       		.uleb128 0x49
 458 0040 13       		.uleb128 0x13
 459 0041 00       		.byte	0
 460 0042 00       		.byte	0
 461 0043 06       		.uleb128 0x6
 462 0044 0F       		.uleb128 0xf
 463 0045 00       		.byte	0
 464 0046 0B       		.uleb128 0xb
 465 0047 0B       		.uleb128 0xb
 466 0048 49       		.uleb128 0x49
 467 0049 13       		.uleb128 0x13
 468 004a 00       		.byte	0
 469 004b 00       		.byte	0
 470 004c 07       		.uleb128 0x7
 471 004d 15       		.uleb128 0x15
 472 004e 00       		.byte	0
ARM GAS  C:\Users\Eih3\AppData\Local\Temp\ccEvUY2q.s 			page 10


 473 004f 27       		.uleb128 0x27
 474 0050 19       		.uleb128 0x19
 475 0051 00       		.byte	0
 476 0052 00       		.byte	0
 477 0053 08       		.uleb128 0x8
 478 0054 2E       		.uleb128 0x2e
 479 0055 00       		.byte	0
 480 0056 3F       		.uleb128 0x3f
 481 0057 19       		.uleb128 0x19
 482 0058 03       		.uleb128 0x3
 483 0059 0E       		.uleb128 0xe
 484 005a 3A       		.uleb128 0x3a
 485 005b 0B       		.uleb128 0xb
 486 005c 3B       		.uleb128 0x3b
 487 005d 0B       		.uleb128 0xb
 488 005e 27       		.uleb128 0x27
 489 005f 19       		.uleb128 0x19
 490 0060 20       		.uleb128 0x20
 491 0061 0B       		.uleb128 0xb
 492 0062 00       		.byte	0
 493 0063 00       		.byte	0
 494 0064 09       		.uleb128 0x9
 495 0065 2E       		.uleb128 0x2e
 496 0066 01       		.byte	0x1
 497 0067 31       		.uleb128 0x31
 498 0068 13       		.uleb128 0x13
 499 0069 11       		.uleb128 0x11
 500 006a 01       		.uleb128 0x1
 501 006b 12       		.uleb128 0x12
 502 006c 06       		.uleb128 0x6
 503 006d 40       		.uleb128 0x40
 504 006e 18       		.uleb128 0x18
 505 006f 9742     		.uleb128 0x2117
 506 0071 19       		.uleb128 0x19
 507 0072 01       		.uleb128 0x1
 508 0073 13       		.uleb128 0x13
 509 0074 00       		.byte	0
 510 0075 00       		.byte	0
 511 0076 0A       		.uleb128 0xa
 512 0077 898201   		.uleb128 0x4109
 513 007a 00       		.byte	0
 514 007b 11       		.uleb128 0x11
 515 007c 01       		.uleb128 0x1
 516 007d 31       		.uleb128 0x31
 517 007e 13       		.uleb128 0x13
 518 007f 00       		.byte	0
 519 0080 00       		.byte	0
 520 0081 0B       		.uleb128 0xb
 521 0082 898201   		.uleb128 0x4109
 522 0085 01       		.byte	0x1
 523 0086 11       		.uleb128 0x11
 524 0087 01       		.uleb128 0x1
 525 0088 31       		.uleb128 0x31
 526 0089 13       		.uleb128 0x13
 527 008a 01       		.uleb128 0x1
 528 008b 13       		.uleb128 0x13
 529 008c 00       		.byte	0
ARM GAS  C:\Users\Eih3\AppData\Local\Temp\ccEvUY2q.s 			page 11


 530 008d 00       		.byte	0
 531 008e 0C       		.uleb128 0xc
 532 008f 8A8201   		.uleb128 0x410a
 533 0092 00       		.byte	0
 534 0093 02       		.uleb128 0x2
 535 0094 18       		.uleb128 0x18
 536 0095 9142     		.uleb128 0x2111
 537 0097 18       		.uleb128 0x18
 538 0098 00       		.byte	0
 539 0099 00       		.byte	0
 540 009a 0D       		.uleb128 0xd
 541 009b 898201   		.uleb128 0x4109
 542 009e 00       		.byte	0
 543 009f 11       		.uleb128 0x11
 544 00a0 01       		.uleb128 0x1
 545 00a1 9542     		.uleb128 0x2115
 546 00a3 19       		.uleb128 0x19
 547 00a4 31       		.uleb128 0x31
 548 00a5 13       		.uleb128 0x13
 549 00a6 00       		.byte	0
 550 00a7 00       		.byte	0
 551 00a8 0E       		.uleb128 0xe
 552 00a9 2E       		.uleb128 0x2e
 553 00aa 01       		.byte	0x1
 554 00ab 3F       		.uleb128 0x3f
 555 00ac 19       		.uleb128 0x19
 556 00ad 03       		.uleb128 0x3
 557 00ae 0E       		.uleb128 0xe
 558 00af 3A       		.uleb128 0x3a
 559 00b0 0B       		.uleb128 0xb
 560 00b1 3B       		.uleb128 0x3b
 561 00b2 0B       		.uleb128 0xb
 562 00b3 11       		.uleb128 0x11
 563 00b4 01       		.uleb128 0x1
 564 00b5 12       		.uleb128 0x12
 565 00b6 06       		.uleb128 0x6
 566 00b7 40       		.uleb128 0x40
 567 00b8 18       		.uleb128 0x18
 568 00b9 9742     		.uleb128 0x2117
 569 00bb 19       		.uleb128 0x19
 570 00bc 01       		.uleb128 0x1
 571 00bd 13       		.uleb128 0x13
 572 00be 00       		.byte	0
 573 00bf 00       		.byte	0
 574 00c0 0F       		.uleb128 0xf
 575 00c1 898201   		.uleb128 0x4109
 576 00c4 01       		.byte	0x1
 577 00c5 11       		.uleb128 0x11
 578 00c6 01       		.uleb128 0x1
 579 00c7 9542     		.uleb128 0x2115
 580 00c9 19       		.uleb128 0x19
 581 00ca 31       		.uleb128 0x31
 582 00cb 13       		.uleb128 0x13
 583 00cc 00       		.byte	0
 584 00cd 00       		.byte	0
 585 00ce 10       		.uleb128 0x10
 586 00cf 34       		.uleb128 0x34
ARM GAS  C:\Users\Eih3\AppData\Local\Temp\ccEvUY2q.s 			page 12


 587 00d0 00       		.byte	0
 588 00d1 03       		.uleb128 0x3
 589 00d2 0E       		.uleb128 0xe
 590 00d3 3A       		.uleb128 0x3a
 591 00d4 0B       		.uleb128 0xb
 592 00d5 3B       		.uleb128 0x3b
 593 00d6 05       		.uleb128 0x5
 594 00d7 49       		.uleb128 0x49
 595 00d8 13       		.uleb128 0x13
 596 00d9 3F       		.uleb128 0x3f
 597 00da 19       		.uleb128 0x19
 598 00db 3C       		.uleb128 0x3c
 599 00dc 19       		.uleb128 0x19
 600 00dd 00       		.byte	0
 601 00de 00       		.byte	0
 602 00df 11       		.uleb128 0x11
 603 00e0 35       		.uleb128 0x35
 604 00e1 00       		.byte	0
 605 00e2 49       		.uleb128 0x49
 606 00e3 13       		.uleb128 0x13
 607 00e4 00       		.byte	0
 608 00e5 00       		.byte	0
 609 00e6 12       		.uleb128 0x12
 610 00e7 34       		.uleb128 0x34
 611 00e8 00       		.byte	0
 612 00e9 03       		.uleb128 0x3
 613 00ea 08       		.uleb128 0x8
 614 00eb 3A       		.uleb128 0x3a
 615 00ec 0B       		.uleb128 0xb
 616 00ed 3B       		.uleb128 0x3b
 617 00ee 0B       		.uleb128 0xb
 618 00ef 49       		.uleb128 0x49
 619 00f0 13       		.uleb128 0x13
 620 00f1 3F       		.uleb128 0x3f
 621 00f2 19       		.uleb128 0x19
 622 00f3 02       		.uleb128 0x2
 623 00f4 18       		.uleb128 0x18
 624 00f5 00       		.byte	0
 625 00f6 00       		.byte	0
 626 00f7 13       		.uleb128 0x13
 627 00f8 34       		.uleb128 0x34
 628 00f9 00       		.byte	0
 629 00fa 03       		.uleb128 0x3
 630 00fb 0E       		.uleb128 0xe
 631 00fc 3A       		.uleb128 0x3a
 632 00fd 0B       		.uleb128 0xb
 633 00fe 3B       		.uleb128 0x3b
 634 00ff 0B       		.uleb128 0xb
 635 0100 49       		.uleb128 0x49
 636 0101 13       		.uleb128 0x13
 637 0102 3F       		.uleb128 0x3f
 638 0103 19       		.uleb128 0x19
 639 0104 3C       		.uleb128 0x3c
 640 0105 19       		.uleb128 0x19
 641 0106 00       		.byte	0
 642 0107 00       		.byte	0
 643 0108 14       		.uleb128 0x14
ARM GAS  C:\Users\Eih3\AppData\Local\Temp\ccEvUY2q.s 			page 13


 644 0109 2E       		.uleb128 0x2e
 645 010a 00       		.byte	0
 646 010b 3F       		.uleb128 0x3f
 647 010c 19       		.uleb128 0x19
 648 010d 03       		.uleb128 0x3
 649 010e 0E       		.uleb128 0xe
 650 010f 3A       		.uleb128 0x3a
 651 0110 0B       		.uleb128 0xb
 652 0111 3B       		.uleb128 0x3b
 653 0112 0B       		.uleb128 0xb
 654 0113 27       		.uleb128 0x27
 655 0114 19       		.uleb128 0x19
 656 0115 49       		.uleb128 0x49
 657 0116 13       		.uleb128 0x13
 658 0117 3C       		.uleb128 0x3c
 659 0118 19       		.uleb128 0x19
 660 0119 00       		.byte	0
 661 011a 00       		.byte	0
 662 011b 15       		.uleb128 0x15
 663 011c 2E       		.uleb128 0x2e
 664 011d 01       		.byte	0x1
 665 011e 3F       		.uleb128 0x3f
 666 011f 19       		.uleb128 0x19
 667 0120 03       		.uleb128 0x3
 668 0121 0E       		.uleb128 0xe
 669 0122 3A       		.uleb128 0x3a
 670 0123 0B       		.uleb128 0xb
 671 0124 3B       		.uleb128 0x3b
 672 0125 0B       		.uleb128 0xb
 673 0126 3C       		.uleb128 0x3c
 674 0127 19       		.uleb128 0x19
 675 0128 01       		.uleb128 0x1
 676 0129 13       		.uleb128 0x13
 677 012a 00       		.byte	0
 678 012b 00       		.byte	0
 679 012c 16       		.uleb128 0x16
 680 012d 18       		.uleb128 0x18
 681 012e 00       		.byte	0
 682 012f 00       		.byte	0
 683 0130 00       		.byte	0
 684 0131 17       		.uleb128 0x17
 685 0132 2E       		.uleb128 0x2e
 686 0133 01       		.byte	0x1
 687 0134 3F       		.uleb128 0x3f
 688 0135 19       		.uleb128 0x19
 689 0136 03       		.uleb128 0x3
 690 0137 0E       		.uleb128 0xe
 691 0138 3A       		.uleb128 0x3a
 692 0139 0B       		.uleb128 0xb
 693 013a 3B       		.uleb128 0x3b
 694 013b 0B       		.uleb128 0xb
 695 013c 27       		.uleb128 0x27
 696 013d 19       		.uleb128 0x19
 697 013e 3C       		.uleb128 0x3c
 698 013f 19       		.uleb128 0x19
 699 0140 01       		.uleb128 0x1
 700 0141 13       		.uleb128 0x13
ARM GAS  C:\Users\Eih3\AppData\Local\Temp\ccEvUY2q.s 			page 14


 701 0142 00       		.byte	0
 702 0143 00       		.byte	0
 703 0144 18       		.uleb128 0x18
 704 0145 05       		.uleb128 0x5
 705 0146 00       		.byte	0
 706 0147 49       		.uleb128 0x49
 707 0148 13       		.uleb128 0x13
 708 0149 00       		.byte	0
 709 014a 00       		.byte	0
 710 014b 19       		.uleb128 0x19
 711 014c 2E       		.uleb128 0x2e
 712 014d 00       		.byte	0
 713 014e 3F       		.uleb128 0x3f
 714 014f 19       		.uleb128 0x19
 715 0150 03       		.uleb128 0x3
 716 0151 0E       		.uleb128 0xe
 717 0152 3A       		.uleb128 0x3a
 718 0153 0B       		.uleb128 0xb
 719 0154 3B       		.uleb128 0x3b
 720 0155 0B       		.uleb128 0xb
 721 0156 27       		.uleb128 0x27
 722 0157 19       		.uleb128 0x19
 723 0158 3C       		.uleb128 0x3c
 724 0159 19       		.uleb128 0x19
 725 015a 00       		.byte	0
 726 015b 00       		.byte	0
 727 015c 1A       		.uleb128 0x1a
 728 015d 2E       		.uleb128 0x2e
 729 015e 01       		.byte	0x1
 730 015f 3F       		.uleb128 0x3f
 731 0160 19       		.uleb128 0x19
 732 0161 03       		.uleb128 0x3
 733 0162 0E       		.uleb128 0xe
 734 0163 3A       		.uleb128 0x3a
 735 0164 0B       		.uleb128 0xb
 736 0165 3B       		.uleb128 0x3b
 737 0166 0B       		.uleb128 0xb
 738 0167 27       		.uleb128 0x27
 739 0168 19       		.uleb128 0x19
 740 0169 3C       		.uleb128 0x3c
 741 016a 19       		.uleb128 0x19
 742 016b 00       		.byte	0
 743 016c 00       		.byte	0
 744 016d 00       		.byte	0
 745              		.section	.debug_aranges,"",%progbits
 746 0000 24000000 		.4byte	0x24
 747 0004 0200     		.2byte	0x2
 748 0006 00000000 		.4byte	.Ldebug_info0
 749 000a 04       		.byte	0x4
 750 000b 00       		.byte	0
 751 000c 0000     		.2byte	0
 752 000e 0000     		.2byte	0
 753 0010 00000000 		.4byte	.LFB56
 754 0014 50000000 		.4byte	.LFE56-.LFB56
 755 0018 00000000 		.4byte	.LFB57
 756 001c 18000000 		.4byte	.LFE57-.LFB57
 757 0020 00000000 		.4byte	0
ARM GAS  C:\Users\Eih3\AppData\Local\Temp\ccEvUY2q.s 			page 15


 758 0024 00000000 		.4byte	0
 759              		.section	.debug_ranges,"",%progbits
 760              	.Ldebug_ranges0:
 761 0000 00000000 		.4byte	.LFB56
 762 0004 50000000 		.4byte	.LFE56
 763 0008 00000000 		.4byte	.LFB57
 764 000c 18000000 		.4byte	.LFE57
 765 0010 00000000 		.4byte	0
 766 0014 00000000 		.4byte	0
 767              		.section	.debug_line,"",%progbits
 768              	.Ldebug_line0:
 769 0000 CD010000 		.section	.debug_str,"MS",%progbits,1
 769      02009301 
 769      00000201 
 769      FB0E0D00 
 769      01010101 
 770              	.LASF9:
 771 0000 5F5F696E 		.ascii	"__int32_t\000"
 771      7433325F 
 771      7400
 772              	.LASF27:
 773 000a 52785F49 		.ascii	"Rx_ISR\000"
 773      535200
 774              	.LASF13:
 775 0011 666C6F61 		.ascii	"float\000"
 775      7400
 776              	.LASF0:
 777 0017 7369676E 		.ascii	"signed char\000"
 777      65642063 
 777      68617200 
 778              	.LASF33:
 779 0023 443A5C45 		.ascii	"D:\\Eih3Cloud\\Module HF\\Module HF.cydsn\000"
 779      69683343 
 779      6C6F7564 
 779      5C4D6F64 
 779      756C6520 
 780              	.LASF22:
 781 004a 4C696E6B 		.ascii	"Linked\000"
 781      656400
 782              	.LASF31:
 783 0051 474E5520 		.ascii	"GNU C 4.8.4 20140526 (release) [ARM/embedded-4_8-br"
 783      4320342E 
 783      382E3420 
 783      32303134 
 783      30353236 
 784 0084 616E6368 		.ascii	"anch revision 211358] -mcpu=cortex-m3 -mthumb -g -O"
 784      20726576 
 784      6973696F 
 784      6E203231 
 784      31333538 
 785 00b7 73202D66 		.ascii	"s -ffunction-sections\000"
 785      66756E63 
 785      74696F6E 
 785      2D736563 
 785      74696F6E 
 786              	.LASF15:
 787 00cd 63686172 		.ascii	"char8\000"
ARM GAS  C:\Users\Eih3\AppData\Local\Temp\ccEvUY2q.s 			page 16


 787      3800
 788              	.LASF5:
 789 00d3 6C6F6E67 		.ascii	"long unsigned int\000"
 789      20756E73 
 789      69676E65 
 789      6420696E 
 789      7400
 790              	.LASF3:
 791 00e5 73686F72 		.ascii	"short unsigned int\000"
 791      7420756E 
 791      7369676E 
 791      65642069 
 791      6E7400
 792              	.LASF19:
 793 00f8 49544D5F 		.ascii	"ITM_RxBuffer\000"
 793      52784275 
 793      66666572 
 793      00
 794              	.LASF23:
 795 0105 55415254 		.ascii	"UART_ReadRxStatus\000"
 795      5F526561 
 795      64527853 
 795      74617475 
 795      7300
 796              	.LASF1:
 797 0117 756E7369 		.ascii	"unsigned char\000"
 797      676E6564 
 797      20636861 
 797      7200
 798              	.LASF34:
 799 0125 496E6974 		.ascii	"Init_Interruptions\000"
 799      5F496E74 
 799      65727275 
 799      7074696F 
 799      6E7300
 800              	.LASF14:
 801 0138 646F7562 		.ascii	"double\000"
 801      6C6500
 802              	.LASF20:
 803 013f 52784461 		.ascii	"RxData\000"
 803      746100
 804              	.LASF29:
 805 0146 5443504F 		.ascii	"TCPOK\000"
 805      4B00
 806              	.LASF12:
 807 014c 75696E74 		.ascii	"uint16\000"
 807      313600
 808              	.LASF24:
 809 0153 55415254 		.ascii	"UART_GetByte\000"
 809      5F476574 
 809      42797465 
 809      00
 810              	.LASF28:
 811 0160 52785F49 		.ascii	"Rx_Int_Start\000"
 811      6E745F53 
 811      74617274 
 811      00
ARM GAS  C:\Users\Eih3\AppData\Local\Temp\ccEvUY2q.s 			page 17


 812              	.LASF8:
 813 016d 756E7369 		.ascii	"unsigned int\000"
 813      676E6564 
 813      20696E74 
 813      00
 814              	.LASF7:
 815 017a 6C6F6E67 		.ascii	"long long unsigned int\000"
 815      206C6F6E 
 815      6720756E 
 815      7369676E 
 815      65642069 
 816              	.LASF25:
 817 0191 4C43445F 		.ascii	"LCD_Position\000"
 817      506F7369 
 817      74696F6E 
 817      00
 818              	.LASF26:
 819 019e 4C43445F 		.ascii	"LCD_PutChar\000"
 819      50757443 
 819      68617200 
 820              	.LASF17:
 821 01aa 63796973 		.ascii	"cyisraddress\000"
 821      72616464 
 821      72657373 
 821      00
 822              	.LASF10:
 823 01b7 696E7433 		.ascii	"int32_t\000"
 823      325F7400 
 824              	.LASF18:
 825 01bf 73697A65 		.ascii	"sizetype\000"
 825      74797065 
 825      00
 826              	.LASF6:
 827 01c8 6C6F6E67 		.ascii	"long long int\000"
 827      206C6F6E 
 827      6720696E 
 827      7400
 828              	.LASF16:
 829 01d6 63686172 		.ascii	"char\000"
 829      00
 830              	.LASF30:
 831 01db 52785F49 		.ascii	"Rx_Int_SetVector\000"
 831      6E745F53 
 831      65745665 
 831      63746F72 
 831      00
 832              	.LASF2:
 833 01ec 73686F72 		.ascii	"short int\000"
 833      7420696E 
 833      7400
 834              	.LASF11:
 835 01f6 75696E74 		.ascii	"uint8\000"
 835      3800
 836              	.LASF4:
 837 01fc 6C6F6E67 		.ascii	"long int\000"
 837      20696E74 
 837      00
ARM GAS  C:\Users\Eih3\AppData\Local\Temp\ccEvUY2q.s 			page 18


 838              	.LASF32:
 839 0205 2E5C496E 		.ascii	".\\Interruptions.c\000"
 839      74657272 
 839      75707469 
 839      6F6E732E 
 839      6300
 840              	.LASF21:
 841 0217 436F6E66 		.ascii	"ConfigEnd\000"
 841      6967456E 
 841      6400
 842              		.ident	"GCC: (GNU Tools for ARM Embedded Processors) 4.8.4 20140526 (release) [ARM/embedded-4_8-br
