ARM GAS  C:\Users\Eih3\AppData\Local\Temp\cclvsDLa.s 			page 1


   1              		.syntax unified
   2              		.cpu cortex-m3
   3              		.fpu softvfp
   4              		.eabi_attribute 20, 1
   5              		.eabi_attribute 21, 1
   6              		.eabi_attribute 23, 3
   7              		.eabi_attribute 24, 1
   8              		.eabi_attribute 25, 1
   9              		.eabi_attribute 26, 1
  10              		.eabi_attribute 30, 4
  11              		.eabi_attribute 34, 1
  12              		.eabi_attribute 18, 4
  13              		.thumb
  14              		.file	"isr_1.c"
  15              		.text
  16              	.Ltext0:
  17              		.cfi_sections	.debug_frame
  18              		.section	.text.isr_1_Interrupt,"ax",%progbits
  19              		.align	1
  20              		.global	isr_1_Interrupt
  21              		.thumb
  22              		.thumb_func
  23              		.type	isr_1_Interrupt, %function
  24              	isr_1_Interrupt:
  25              	.LFB3:
  26              		.file 1 ".\\Generated_Source\\PSoC5\\isr_1.c"
   1:.\Generated_Source\PSoC5/isr_1.c **** /*******************************************************************************
   2:.\Generated_Source\PSoC5/isr_1.c **** * File Name: isr_1.c  
   3:.\Generated_Source\PSoC5/isr_1.c **** * Version 1.70
   4:.\Generated_Source\PSoC5/isr_1.c **** *
   5:.\Generated_Source\PSoC5/isr_1.c **** *  Description:
   6:.\Generated_Source\PSoC5/isr_1.c **** *   API for controlling the state of an interrupt.
   7:.\Generated_Source\PSoC5/isr_1.c **** *
   8:.\Generated_Source\PSoC5/isr_1.c **** *
   9:.\Generated_Source\PSoC5/isr_1.c **** *  Note:
  10:.\Generated_Source\PSoC5/isr_1.c **** *
  11:.\Generated_Source\PSoC5/isr_1.c **** ********************************************************************************
  12:.\Generated_Source\PSoC5/isr_1.c **** * Copyright 2008-2015, Cypress Semiconductor Corporation.  All rights reserved.
  13:.\Generated_Source\PSoC5/isr_1.c **** * You may use this file only in accordance with the license, terms, conditions, 
  14:.\Generated_Source\PSoC5/isr_1.c **** * disclaimers, and limitations in the end user license agreement accompanying 
  15:.\Generated_Source\PSoC5/isr_1.c **** * the software package with which this file was provided.
  16:.\Generated_Source\PSoC5/isr_1.c **** *******************************************************************************/
  17:.\Generated_Source\PSoC5/isr_1.c **** 
  18:.\Generated_Source\PSoC5/isr_1.c **** 
  19:.\Generated_Source\PSoC5/isr_1.c **** #include <cydevice_trm.h>
  20:.\Generated_Source\PSoC5/isr_1.c **** #include <CyLib.h>
  21:.\Generated_Source\PSoC5/isr_1.c **** #include <isr_1.h>
  22:.\Generated_Source\PSoC5/isr_1.c **** 
  23:.\Generated_Source\PSoC5/isr_1.c **** #if !defined(isr_1__REMOVED) /* Check for removal by optimization */
  24:.\Generated_Source\PSoC5/isr_1.c **** 
  25:.\Generated_Source\PSoC5/isr_1.c **** /*******************************************************************************
  26:.\Generated_Source\PSoC5/isr_1.c **** *  Place your includes, defines and code here 
  27:.\Generated_Source\PSoC5/isr_1.c **** ********************************************************************************/
  28:.\Generated_Source\PSoC5/isr_1.c **** /* `#START isr_1_intc` */
  29:.\Generated_Source\PSoC5/isr_1.c **** 
  30:.\Generated_Source\PSoC5/isr_1.c **** /* `#END` */
  31:.\Generated_Source\PSoC5/isr_1.c **** 
ARM GAS  C:\Users\Eih3\AppData\Local\Temp\cclvsDLa.s 			page 2


  32:.\Generated_Source\PSoC5/isr_1.c **** #ifndef CYINT_IRQ_BASE
  33:.\Generated_Source\PSoC5/isr_1.c **** #define CYINT_IRQ_BASE      16
  34:.\Generated_Source\PSoC5/isr_1.c **** #endif /* CYINT_IRQ_BASE */
  35:.\Generated_Source\PSoC5/isr_1.c **** #ifndef CYINT_VECT_TABLE
  36:.\Generated_Source\PSoC5/isr_1.c **** #define CYINT_VECT_TABLE    ((cyisraddress **) CYREG_NVIC_VECT_OFFSET)
  37:.\Generated_Source\PSoC5/isr_1.c **** #endif /* CYINT_VECT_TABLE */
  38:.\Generated_Source\PSoC5/isr_1.c **** 
  39:.\Generated_Source\PSoC5/isr_1.c **** /* Declared in startup, used to set unused interrupts to. */
  40:.\Generated_Source\PSoC5/isr_1.c **** CY_ISR_PROTO(IntDefaultHandler);
  41:.\Generated_Source\PSoC5/isr_1.c **** 
  42:.\Generated_Source\PSoC5/isr_1.c **** 
  43:.\Generated_Source\PSoC5/isr_1.c **** /*******************************************************************************
  44:.\Generated_Source\PSoC5/isr_1.c **** * Function Name: isr_1_Start
  45:.\Generated_Source\PSoC5/isr_1.c **** ********************************************************************************
  46:.\Generated_Source\PSoC5/isr_1.c **** *
  47:.\Generated_Source\PSoC5/isr_1.c **** * Summary:
  48:.\Generated_Source\PSoC5/isr_1.c **** *  Set up the interrupt and enable it. This function disables the interrupt, 
  49:.\Generated_Source\PSoC5/isr_1.c **** *  sets the default interrupt vector, sets the priority from the value in the
  50:.\Generated_Source\PSoC5/isr_1.c **** *  Design Wide Resources Interrupt Editor, then enables the interrupt to the 
  51:.\Generated_Source\PSoC5/isr_1.c **** *  interrupt controller.
  52:.\Generated_Source\PSoC5/isr_1.c **** *
  53:.\Generated_Source\PSoC5/isr_1.c **** * Parameters:  
  54:.\Generated_Source\PSoC5/isr_1.c **** *   None
  55:.\Generated_Source\PSoC5/isr_1.c **** *
  56:.\Generated_Source\PSoC5/isr_1.c **** * Return:
  57:.\Generated_Source\PSoC5/isr_1.c **** *   None
  58:.\Generated_Source\PSoC5/isr_1.c **** *
  59:.\Generated_Source\PSoC5/isr_1.c **** *******************************************************************************/
  60:.\Generated_Source\PSoC5/isr_1.c **** void isr_1_Start(void)
  61:.\Generated_Source\PSoC5/isr_1.c **** {
  62:.\Generated_Source\PSoC5/isr_1.c ****     /* For all we know the interrupt is active. */
  63:.\Generated_Source\PSoC5/isr_1.c ****     isr_1_Disable();
  64:.\Generated_Source\PSoC5/isr_1.c **** 
  65:.\Generated_Source\PSoC5/isr_1.c ****     /* Set the ISR to point to the isr_1 Interrupt. */
  66:.\Generated_Source\PSoC5/isr_1.c ****     isr_1_SetVector(&isr_1_Interrupt);
  67:.\Generated_Source\PSoC5/isr_1.c **** 
  68:.\Generated_Source\PSoC5/isr_1.c ****     /* Set the priority. */
  69:.\Generated_Source\PSoC5/isr_1.c ****     isr_1_SetPriority((uint8)isr_1_INTC_PRIOR_NUMBER);
  70:.\Generated_Source\PSoC5/isr_1.c **** 
  71:.\Generated_Source\PSoC5/isr_1.c ****     /* Enable it. */
  72:.\Generated_Source\PSoC5/isr_1.c ****     isr_1_Enable();
  73:.\Generated_Source\PSoC5/isr_1.c **** }
  74:.\Generated_Source\PSoC5/isr_1.c **** 
  75:.\Generated_Source\PSoC5/isr_1.c **** 
  76:.\Generated_Source\PSoC5/isr_1.c **** /*******************************************************************************
  77:.\Generated_Source\PSoC5/isr_1.c **** * Function Name: isr_1_StartEx
  78:.\Generated_Source\PSoC5/isr_1.c **** ********************************************************************************
  79:.\Generated_Source\PSoC5/isr_1.c **** *
  80:.\Generated_Source\PSoC5/isr_1.c **** * Summary:
  81:.\Generated_Source\PSoC5/isr_1.c **** *  Sets up the interrupt and enables it. This function disables the interrupt,
  82:.\Generated_Source\PSoC5/isr_1.c **** *  sets the interrupt vector based on the address passed in, sets the priority 
  83:.\Generated_Source\PSoC5/isr_1.c **** *  from the value in the Design Wide Resources Interrupt Editor, then enables 
  84:.\Generated_Source\PSoC5/isr_1.c **** *  the interrupt to the interrupt controller.
  85:.\Generated_Source\PSoC5/isr_1.c **** *  
  86:.\Generated_Source\PSoC5/isr_1.c **** *  When defining ISR functions, the CY_ISR and CY_ISR_PROTO macros should be 
  87:.\Generated_Source\PSoC5/isr_1.c **** *  used to provide consistent definition across compilers:
  88:.\Generated_Source\PSoC5/isr_1.c **** *  
ARM GAS  C:\Users\Eih3\AppData\Local\Temp\cclvsDLa.s 			page 3


  89:.\Generated_Source\PSoC5/isr_1.c **** *  Function definition example:
  90:.\Generated_Source\PSoC5/isr_1.c **** *   CY_ISR(MyISR)
  91:.\Generated_Source\PSoC5/isr_1.c **** *   {
  92:.\Generated_Source\PSoC5/isr_1.c **** *   }
  93:.\Generated_Source\PSoC5/isr_1.c **** *   Function prototype example:
  94:.\Generated_Source\PSoC5/isr_1.c **** *   CY_ISR_PROTO(MyISR);
  95:.\Generated_Source\PSoC5/isr_1.c **** *
  96:.\Generated_Source\PSoC5/isr_1.c **** * Parameters:  
  97:.\Generated_Source\PSoC5/isr_1.c **** *   address: Address of the ISR to set in the interrupt vector table.
  98:.\Generated_Source\PSoC5/isr_1.c **** *
  99:.\Generated_Source\PSoC5/isr_1.c **** * Return:
 100:.\Generated_Source\PSoC5/isr_1.c **** *   None
 101:.\Generated_Source\PSoC5/isr_1.c **** *
 102:.\Generated_Source\PSoC5/isr_1.c **** *******************************************************************************/
 103:.\Generated_Source\PSoC5/isr_1.c **** void isr_1_StartEx(cyisraddress address)
 104:.\Generated_Source\PSoC5/isr_1.c **** {
 105:.\Generated_Source\PSoC5/isr_1.c ****     /* For all we know the interrupt is active. */
 106:.\Generated_Source\PSoC5/isr_1.c ****     isr_1_Disable();
 107:.\Generated_Source\PSoC5/isr_1.c **** 
 108:.\Generated_Source\PSoC5/isr_1.c ****     /* Set the ISR to point to the isr_1 Interrupt. */
 109:.\Generated_Source\PSoC5/isr_1.c ****     isr_1_SetVector(address);
 110:.\Generated_Source\PSoC5/isr_1.c **** 
 111:.\Generated_Source\PSoC5/isr_1.c ****     /* Set the priority. */
 112:.\Generated_Source\PSoC5/isr_1.c ****     isr_1_SetPriority((uint8)isr_1_INTC_PRIOR_NUMBER);
 113:.\Generated_Source\PSoC5/isr_1.c **** 
 114:.\Generated_Source\PSoC5/isr_1.c ****     /* Enable it. */
 115:.\Generated_Source\PSoC5/isr_1.c ****     isr_1_Enable();
 116:.\Generated_Source\PSoC5/isr_1.c **** }
 117:.\Generated_Source\PSoC5/isr_1.c **** 
 118:.\Generated_Source\PSoC5/isr_1.c **** 
 119:.\Generated_Source\PSoC5/isr_1.c **** /*******************************************************************************
 120:.\Generated_Source\PSoC5/isr_1.c **** * Function Name: isr_1_Stop
 121:.\Generated_Source\PSoC5/isr_1.c **** ********************************************************************************
 122:.\Generated_Source\PSoC5/isr_1.c **** *
 123:.\Generated_Source\PSoC5/isr_1.c **** * Summary:
 124:.\Generated_Source\PSoC5/isr_1.c **** *   Disables and removes the interrupt.
 125:.\Generated_Source\PSoC5/isr_1.c **** *
 126:.\Generated_Source\PSoC5/isr_1.c **** * Parameters:  
 127:.\Generated_Source\PSoC5/isr_1.c **** *   None
 128:.\Generated_Source\PSoC5/isr_1.c **** *
 129:.\Generated_Source\PSoC5/isr_1.c **** * Return:
 130:.\Generated_Source\PSoC5/isr_1.c **** *   None
 131:.\Generated_Source\PSoC5/isr_1.c **** *
 132:.\Generated_Source\PSoC5/isr_1.c **** *******************************************************************************/
 133:.\Generated_Source\PSoC5/isr_1.c **** void isr_1_Stop(void)
 134:.\Generated_Source\PSoC5/isr_1.c **** {
 135:.\Generated_Source\PSoC5/isr_1.c ****     /* Disable this interrupt. */
 136:.\Generated_Source\PSoC5/isr_1.c ****     isr_1_Disable();
 137:.\Generated_Source\PSoC5/isr_1.c **** 
 138:.\Generated_Source\PSoC5/isr_1.c ****     /* Set the ISR to point to the passive one. */
 139:.\Generated_Source\PSoC5/isr_1.c ****     isr_1_SetVector(&IntDefaultHandler);
 140:.\Generated_Source\PSoC5/isr_1.c **** }
 141:.\Generated_Source\PSoC5/isr_1.c **** 
 142:.\Generated_Source\PSoC5/isr_1.c **** 
 143:.\Generated_Source\PSoC5/isr_1.c **** /*******************************************************************************
 144:.\Generated_Source\PSoC5/isr_1.c **** * Function Name: isr_1_Interrupt
 145:.\Generated_Source\PSoC5/isr_1.c **** ********************************************************************************
ARM GAS  C:\Users\Eih3\AppData\Local\Temp\cclvsDLa.s 			page 4


 146:.\Generated_Source\PSoC5/isr_1.c **** *
 147:.\Generated_Source\PSoC5/isr_1.c **** * Summary:
 148:.\Generated_Source\PSoC5/isr_1.c **** *   The default Interrupt Service Routine for isr_1.
 149:.\Generated_Source\PSoC5/isr_1.c **** *
 150:.\Generated_Source\PSoC5/isr_1.c **** *   Add custom code between the coments to keep the next version of this file
 151:.\Generated_Source\PSoC5/isr_1.c **** *   from over writting your code.
 152:.\Generated_Source\PSoC5/isr_1.c **** *
 153:.\Generated_Source\PSoC5/isr_1.c **** * Parameters:  
 154:.\Generated_Source\PSoC5/isr_1.c **** *
 155:.\Generated_Source\PSoC5/isr_1.c **** * Return:
 156:.\Generated_Source\PSoC5/isr_1.c **** *   None
 157:.\Generated_Source\PSoC5/isr_1.c **** *
 158:.\Generated_Source\PSoC5/isr_1.c **** *******************************************************************************/
 159:.\Generated_Source\PSoC5/isr_1.c **** CY_ISR(isr_1_Interrupt)
 160:.\Generated_Source\PSoC5/isr_1.c **** {
  27              		.loc 1 160 0
  28              		.cfi_startproc
  29              		@ args = 0, pretend = 0, frame = 0
  30              		@ frame_needed = 0, uses_anonymous_args = 0
  31              		@ link register save eliminated.
  32 0000 7047     		bx	lr
  33              		.cfi_endproc
  34              	.LFE3:
  35              		.size	isr_1_Interrupt, .-isr_1_Interrupt
  36              		.section	.text.isr_1_Start,"ax",%progbits
  37              		.align	1
  38              		.global	isr_1_Start
  39              		.thumb
  40              		.thumb_func
  41              		.type	isr_1_Start, %function
  42              	isr_1_Start:
  43              	.LFB0:
  61:.\Generated_Source\PSoC5/isr_1.c **** {
  44              		.loc 1 61 0
  45              		.cfi_startproc
  46              		@ args = 0, pretend = 0, frame = 0
  47              		@ frame_needed = 0, uses_anonymous_args = 0
  48              		@ link register save eliminated.
  49              	.LBB22:
  50              	.LBB23:
 161:.\Generated_Source\PSoC5/isr_1.c ****     /*  Place your Interrupt code here. */
 162:.\Generated_Source\PSoC5/isr_1.c ****     /* `#START isr_1_Interrupt` */
 163:.\Generated_Source\PSoC5/isr_1.c **** 
 164:.\Generated_Source\PSoC5/isr_1.c ****     /* `#END` */
 165:.\Generated_Source\PSoC5/isr_1.c **** }
 166:.\Generated_Source\PSoC5/isr_1.c **** 
 167:.\Generated_Source\PSoC5/isr_1.c **** 
 168:.\Generated_Source\PSoC5/isr_1.c **** /*******************************************************************************
 169:.\Generated_Source\PSoC5/isr_1.c **** * Function Name: isr_1_SetVector
 170:.\Generated_Source\PSoC5/isr_1.c **** ********************************************************************************
 171:.\Generated_Source\PSoC5/isr_1.c **** *
 172:.\Generated_Source\PSoC5/isr_1.c **** * Summary:
 173:.\Generated_Source\PSoC5/isr_1.c **** *   Change the ISR vector for the Interrupt. Note calling isr_1_Start
 174:.\Generated_Source\PSoC5/isr_1.c **** *   will override any effect this method would have had. To set the vector 
 175:.\Generated_Source\PSoC5/isr_1.c **** *   before the component has been started use isr_1_StartEx instead.
 176:.\Generated_Source\PSoC5/isr_1.c **** * 
 177:.\Generated_Source\PSoC5/isr_1.c **** *   When defining ISR functions, the CY_ISR and CY_ISR_PROTO macros should be 
ARM GAS  C:\Users\Eih3\AppData\Local\Temp\cclvsDLa.s 			page 5


 178:.\Generated_Source\PSoC5/isr_1.c **** *   used to provide consistent definition across compilers:
 179:.\Generated_Source\PSoC5/isr_1.c **** *
 180:.\Generated_Source\PSoC5/isr_1.c **** *   Function definition example:
 181:.\Generated_Source\PSoC5/isr_1.c **** *   CY_ISR(MyISR)
 182:.\Generated_Source\PSoC5/isr_1.c **** *   {
 183:.\Generated_Source\PSoC5/isr_1.c **** *   }
 184:.\Generated_Source\PSoC5/isr_1.c **** *
 185:.\Generated_Source\PSoC5/isr_1.c **** *   Function prototype example:
 186:.\Generated_Source\PSoC5/isr_1.c **** *     CY_ISR_PROTO(MyISR);
 187:.\Generated_Source\PSoC5/isr_1.c **** *
 188:.\Generated_Source\PSoC5/isr_1.c **** * Parameters:
 189:.\Generated_Source\PSoC5/isr_1.c **** *   address: Address of the ISR to set in the interrupt vector table.
 190:.\Generated_Source\PSoC5/isr_1.c **** *
 191:.\Generated_Source\PSoC5/isr_1.c **** * Return:
 192:.\Generated_Source\PSoC5/isr_1.c **** *   None
 193:.\Generated_Source\PSoC5/isr_1.c **** *
 194:.\Generated_Source\PSoC5/isr_1.c **** *******************************************************************************/
 195:.\Generated_Source\PSoC5/isr_1.c **** void isr_1_SetVector(cyisraddress address)
 196:.\Generated_Source\PSoC5/isr_1.c **** {
 197:.\Generated_Source\PSoC5/isr_1.c ****     cyisraddress * ramVectorTable;
 198:.\Generated_Source\PSoC5/isr_1.c **** 
 199:.\Generated_Source\PSoC5/isr_1.c ****     ramVectorTable = (cyisraddress *) *CYINT_VECT_TABLE;
 200:.\Generated_Source\PSoC5/isr_1.c **** 
 201:.\Generated_Source\PSoC5/isr_1.c ****     ramVectorTable[CYINT_IRQ_BASE + (uint32)isr_1__INTC_NUMBER] = address;
 202:.\Generated_Source\PSoC5/isr_1.c **** }
 203:.\Generated_Source\PSoC5/isr_1.c **** 
 204:.\Generated_Source\PSoC5/isr_1.c **** 
 205:.\Generated_Source\PSoC5/isr_1.c **** /*******************************************************************************
 206:.\Generated_Source\PSoC5/isr_1.c **** * Function Name: isr_1_GetVector
 207:.\Generated_Source\PSoC5/isr_1.c **** ********************************************************************************
 208:.\Generated_Source\PSoC5/isr_1.c **** *
 209:.\Generated_Source\PSoC5/isr_1.c **** * Summary:
 210:.\Generated_Source\PSoC5/isr_1.c **** *   Gets the "address" of the current ISR vector for the Interrupt.
 211:.\Generated_Source\PSoC5/isr_1.c **** *
 212:.\Generated_Source\PSoC5/isr_1.c **** * Parameters:
 213:.\Generated_Source\PSoC5/isr_1.c **** *   None
 214:.\Generated_Source\PSoC5/isr_1.c **** *
 215:.\Generated_Source\PSoC5/isr_1.c **** * Return:
 216:.\Generated_Source\PSoC5/isr_1.c **** *   Address of the ISR in the interrupt vector table.
 217:.\Generated_Source\PSoC5/isr_1.c **** *
 218:.\Generated_Source\PSoC5/isr_1.c **** *******************************************************************************/
 219:.\Generated_Source\PSoC5/isr_1.c **** cyisraddress isr_1_GetVector(void)
 220:.\Generated_Source\PSoC5/isr_1.c **** {
 221:.\Generated_Source\PSoC5/isr_1.c ****     cyisraddress * ramVectorTable;
 222:.\Generated_Source\PSoC5/isr_1.c **** 
 223:.\Generated_Source\PSoC5/isr_1.c ****     ramVectorTable = (cyisraddress *) *CYINT_VECT_TABLE;
 224:.\Generated_Source\PSoC5/isr_1.c **** 
 225:.\Generated_Source\PSoC5/isr_1.c ****     return ramVectorTable[CYINT_IRQ_BASE + (uint32)isr_1__INTC_NUMBER];
 226:.\Generated_Source\PSoC5/isr_1.c **** }
 227:.\Generated_Source\PSoC5/isr_1.c **** 
 228:.\Generated_Source\PSoC5/isr_1.c **** 
 229:.\Generated_Source\PSoC5/isr_1.c **** /*******************************************************************************
 230:.\Generated_Source\PSoC5/isr_1.c **** * Function Name: isr_1_SetPriority
 231:.\Generated_Source\PSoC5/isr_1.c **** ********************************************************************************
 232:.\Generated_Source\PSoC5/isr_1.c **** *
 233:.\Generated_Source\PSoC5/isr_1.c **** * Summary:
 234:.\Generated_Source\PSoC5/isr_1.c **** *   Sets the Priority of the Interrupt. 
ARM GAS  C:\Users\Eih3\AppData\Local\Temp\cclvsDLa.s 			page 6


 235:.\Generated_Source\PSoC5/isr_1.c **** *
 236:.\Generated_Source\PSoC5/isr_1.c **** *   Note calling isr_1_Start or isr_1_StartEx will 
 237:.\Generated_Source\PSoC5/isr_1.c **** *   override any effect this API would have had. This API should only be called
 238:.\Generated_Source\PSoC5/isr_1.c **** *   after isr_1_Start or isr_1_StartEx has been called. 
 239:.\Generated_Source\PSoC5/isr_1.c **** *   To set the initial priority for the component, use the Design-Wide Resources
 240:.\Generated_Source\PSoC5/isr_1.c **** *   Interrupt Editor.
 241:.\Generated_Source\PSoC5/isr_1.c **** *
 242:.\Generated_Source\PSoC5/isr_1.c **** *   Note This API has no effect on Non-maskable interrupt NMI).
 243:.\Generated_Source\PSoC5/isr_1.c **** *
 244:.\Generated_Source\PSoC5/isr_1.c **** * Parameters:
 245:.\Generated_Source\PSoC5/isr_1.c **** *   priority: Priority of the interrupt, 0 being the highest priority
 246:.\Generated_Source\PSoC5/isr_1.c **** *             PSoC 3 and PSoC 5LP: Priority is from 0 to 7.
 247:.\Generated_Source\PSoC5/isr_1.c **** *             PSoC 4: Priority is from 0 to 3.
 248:.\Generated_Source\PSoC5/isr_1.c **** *
 249:.\Generated_Source\PSoC5/isr_1.c **** * Return:
 250:.\Generated_Source\PSoC5/isr_1.c **** *   None
 251:.\Generated_Source\PSoC5/isr_1.c **** *
 252:.\Generated_Source\PSoC5/isr_1.c **** *******************************************************************************/
 253:.\Generated_Source\PSoC5/isr_1.c **** void isr_1_SetPriority(uint8 priority)
 254:.\Generated_Source\PSoC5/isr_1.c **** {
 255:.\Generated_Source\PSoC5/isr_1.c ****     *isr_1_INTC_PRIOR = priority << 5;
 256:.\Generated_Source\PSoC5/isr_1.c **** }
 257:.\Generated_Source\PSoC5/isr_1.c **** 
 258:.\Generated_Source\PSoC5/isr_1.c **** 
 259:.\Generated_Source\PSoC5/isr_1.c **** /*******************************************************************************
 260:.\Generated_Source\PSoC5/isr_1.c **** * Function Name: isr_1_GetPriority
 261:.\Generated_Source\PSoC5/isr_1.c **** ********************************************************************************
 262:.\Generated_Source\PSoC5/isr_1.c **** *
 263:.\Generated_Source\PSoC5/isr_1.c **** * Summary:
 264:.\Generated_Source\PSoC5/isr_1.c **** *   Gets the Priority of the Interrupt.
 265:.\Generated_Source\PSoC5/isr_1.c **** *
 266:.\Generated_Source\PSoC5/isr_1.c **** * Parameters:
 267:.\Generated_Source\PSoC5/isr_1.c **** *   None
 268:.\Generated_Source\PSoC5/isr_1.c **** *
 269:.\Generated_Source\PSoC5/isr_1.c **** * Return:
 270:.\Generated_Source\PSoC5/isr_1.c **** *   Priority of the interrupt, 0 being the highest priority
 271:.\Generated_Source\PSoC5/isr_1.c **** *    PSoC 3 and PSoC 5LP: Priority is from 0 to 7.
 272:.\Generated_Source\PSoC5/isr_1.c **** *    PSoC 4: Priority is from 0 to 3.
 273:.\Generated_Source\PSoC5/isr_1.c **** *
 274:.\Generated_Source\PSoC5/isr_1.c **** *******************************************************************************/
 275:.\Generated_Source\PSoC5/isr_1.c **** uint8 isr_1_GetPriority(void)
 276:.\Generated_Source\PSoC5/isr_1.c **** {
 277:.\Generated_Source\PSoC5/isr_1.c ****     uint8 priority;
 278:.\Generated_Source\PSoC5/isr_1.c **** 
 279:.\Generated_Source\PSoC5/isr_1.c **** 
 280:.\Generated_Source\PSoC5/isr_1.c ****     priority = *isr_1_INTC_PRIOR >> 5;
 281:.\Generated_Source\PSoC5/isr_1.c **** 
 282:.\Generated_Source\PSoC5/isr_1.c ****     return priority;
 283:.\Generated_Source\PSoC5/isr_1.c **** }
 284:.\Generated_Source\PSoC5/isr_1.c **** 
 285:.\Generated_Source\PSoC5/isr_1.c **** 
 286:.\Generated_Source\PSoC5/isr_1.c **** /*******************************************************************************
 287:.\Generated_Source\PSoC5/isr_1.c **** * Function Name: isr_1_Enable
 288:.\Generated_Source\PSoC5/isr_1.c **** ********************************************************************************
 289:.\Generated_Source\PSoC5/isr_1.c **** *
 290:.\Generated_Source\PSoC5/isr_1.c **** * Summary:
 291:.\Generated_Source\PSoC5/isr_1.c **** *   Enables the interrupt to the interrupt controller. Do not call this function
ARM GAS  C:\Users\Eih3\AppData\Local\Temp\cclvsDLa.s 			page 7


 292:.\Generated_Source\PSoC5/isr_1.c **** *   unless ISR_Start() has been called or the functionality of the ISR_Start() 
 293:.\Generated_Source\PSoC5/isr_1.c **** *   function, which sets the vector and the priority, has been called.
 294:.\Generated_Source\PSoC5/isr_1.c **** *
 295:.\Generated_Source\PSoC5/isr_1.c **** * Parameters:
 296:.\Generated_Source\PSoC5/isr_1.c **** *   None
 297:.\Generated_Source\PSoC5/isr_1.c **** *
 298:.\Generated_Source\PSoC5/isr_1.c **** * Return:
 299:.\Generated_Source\PSoC5/isr_1.c **** *   None
 300:.\Generated_Source\PSoC5/isr_1.c **** *
 301:.\Generated_Source\PSoC5/isr_1.c **** *******************************************************************************/
 302:.\Generated_Source\PSoC5/isr_1.c **** void isr_1_Enable(void)
 303:.\Generated_Source\PSoC5/isr_1.c **** {
 304:.\Generated_Source\PSoC5/isr_1.c ****     /* Enable the general interrupt. */
 305:.\Generated_Source\PSoC5/isr_1.c ****     *isr_1_INTC_SET_EN = isr_1__INTC_MASK;
 306:.\Generated_Source\PSoC5/isr_1.c **** }
 307:.\Generated_Source\PSoC5/isr_1.c **** 
 308:.\Generated_Source\PSoC5/isr_1.c **** 
 309:.\Generated_Source\PSoC5/isr_1.c **** /*******************************************************************************
 310:.\Generated_Source\PSoC5/isr_1.c **** * Function Name: isr_1_GetState
 311:.\Generated_Source\PSoC5/isr_1.c **** ********************************************************************************
 312:.\Generated_Source\PSoC5/isr_1.c **** *
 313:.\Generated_Source\PSoC5/isr_1.c **** * Summary:
 314:.\Generated_Source\PSoC5/isr_1.c **** *   Gets the state (enabled, disabled) of the Interrupt.
 315:.\Generated_Source\PSoC5/isr_1.c **** *
 316:.\Generated_Source\PSoC5/isr_1.c **** * Parameters:
 317:.\Generated_Source\PSoC5/isr_1.c **** *   None
 318:.\Generated_Source\PSoC5/isr_1.c **** *
 319:.\Generated_Source\PSoC5/isr_1.c **** * Return:
 320:.\Generated_Source\PSoC5/isr_1.c **** *   1 if enabled, 0 if disabled.
 321:.\Generated_Source\PSoC5/isr_1.c **** *
 322:.\Generated_Source\PSoC5/isr_1.c **** *******************************************************************************/
 323:.\Generated_Source\PSoC5/isr_1.c **** uint8 isr_1_GetState(void)
 324:.\Generated_Source\PSoC5/isr_1.c **** {
 325:.\Generated_Source\PSoC5/isr_1.c ****     /* Get the state of the general interrupt. */
 326:.\Generated_Source\PSoC5/isr_1.c ****     return ((*isr_1_INTC_SET_EN & (uint32)isr_1__INTC_MASK) != 0u) ? 1u:0u;
 327:.\Generated_Source\PSoC5/isr_1.c **** }
 328:.\Generated_Source\PSoC5/isr_1.c **** 
 329:.\Generated_Source\PSoC5/isr_1.c **** 
 330:.\Generated_Source\PSoC5/isr_1.c **** /*******************************************************************************
 331:.\Generated_Source\PSoC5/isr_1.c **** * Function Name: isr_1_Disable
 332:.\Generated_Source\PSoC5/isr_1.c **** ********************************************************************************
 333:.\Generated_Source\PSoC5/isr_1.c **** *
 334:.\Generated_Source\PSoC5/isr_1.c **** * Summary:
 335:.\Generated_Source\PSoC5/isr_1.c **** *   Disables the Interrupt in the interrupt controller.
 336:.\Generated_Source\PSoC5/isr_1.c **** *
 337:.\Generated_Source\PSoC5/isr_1.c **** * Parameters:
 338:.\Generated_Source\PSoC5/isr_1.c **** *   None
 339:.\Generated_Source\PSoC5/isr_1.c **** *
 340:.\Generated_Source\PSoC5/isr_1.c **** * Return:
 341:.\Generated_Source\PSoC5/isr_1.c **** *   None
 342:.\Generated_Source\PSoC5/isr_1.c **** *
 343:.\Generated_Source\PSoC5/isr_1.c **** *******************************************************************************/
 344:.\Generated_Source\PSoC5/isr_1.c **** void isr_1_Disable(void)
 345:.\Generated_Source\PSoC5/isr_1.c **** {
 346:.\Generated_Source\PSoC5/isr_1.c ****     /* Disable the general interrupt. */
 347:.\Generated_Source\PSoC5/isr_1.c ****     *isr_1_INTC_CLR_EN = isr_1__INTC_MASK;
  51              		.loc 1 347 0
ARM GAS  C:\Users\Eih3\AppData\Local\Temp\cclvsDLa.s 			page 8


  52 0000 074A     		ldr	r2, .L3
  53 0002 0223     		movs	r3, #2
  54 0004 1360     		str	r3, [r2]
  55              	.LVL0:
  56              	.LBE23:
  57              	.LBE22:
  58              	.LBB24:
  59              	.LBB25:
 199:.\Generated_Source\PSoC5/isr_1.c ****     ramVectorTable = (cyisraddress *) *CYINT_VECT_TABLE;
  60              		.loc 1 199 0
  61 0006 02F68832 		addw	r2, r2, #2952
  62 000a 1268     		ldr	r2, [r2]
  63              	.LVL1:
 201:.\Generated_Source\PSoC5/isr_1.c ****     ramVectorTable[CYINT_IRQ_BASE + (uint32)isr_1__INTC_NUMBER] = address;
  64              		.loc 1 201 0
  65 000c 0549     		ldr	r1, .L3+4
  66 000e 5164     		str	r1, [r2, #68]
  67              	.LVL2:
  68              	.LBE25:
  69              	.LBE24:
  70              	.LBB26:
  71              	.LBB27:
 255:.\Generated_Source\PSoC5/isr_1.c ****     *isr_1_INTC_PRIOR = priority << 5;
  72              		.loc 1 255 0
  73 0010 054A     		ldr	r2, .L3+8
  74              	.LVL3:
  75 0012 E021     		movs	r1, #224
  76 0014 1170     		strb	r1, [r2]
  77              	.LBE27:
  78              	.LBE26:
  79              	.LBB28:
  80              	.LBB29:
 305:.\Generated_Source\PSoC5/isr_1.c ****     *isr_1_INTC_SET_EN = isr_1__INTC_MASK;
  81              		.loc 1 305 0
  82 0016 6FF44071 		mvn	r1, #768
  83 001a 0A44     		add	r2, r2, r1
  84 001c 1360     		str	r3, [r2]
  85 001e 7047     		bx	lr
  86              	.L4:
  87              		.align	2
  88              	.L3:
  89 0020 80E100E0 		.word	-536813184
  90 0024 00000000 		.word	isr_1_Interrupt
  91 0028 01E400E0 		.word	-536812543
  92              	.LBE29:
  93              	.LBE28:
  94              		.cfi_endproc
  95              	.LFE0:
  96              		.size	isr_1_Start, .-isr_1_Start
  97              		.section	.text.isr_1_StartEx,"ax",%progbits
  98              		.align	1
  99              		.global	isr_1_StartEx
 100              		.thumb
 101              		.thumb_func
 102              		.type	isr_1_StartEx, %function
 103              	isr_1_StartEx:
 104              	.LFB1:
ARM GAS  C:\Users\Eih3\AppData\Local\Temp\cclvsDLa.s 			page 9


 104:.\Generated_Source\PSoC5/isr_1.c **** {
 105              		.loc 1 104 0
 106              		.cfi_startproc
 107              		@ args = 0, pretend = 0, frame = 0
 108              		@ frame_needed = 0, uses_anonymous_args = 0
 109              		@ link register save eliminated.
 110              	.LVL4:
 111              	.LBB30:
 112              	.LBB31:
 113              		.loc 1 347 0
 114 0000 074A     		ldr	r2, .L6
 115 0002 0223     		movs	r3, #2
 116 0004 1360     		str	r3, [r2]
 117              	.LVL5:
 118              	.LBE31:
 119              	.LBE30:
 120              	.LBB32:
 121              	.LBB33:
 199:.\Generated_Source\PSoC5/isr_1.c ****     ramVectorTable = (cyisraddress *) *CYINT_VECT_TABLE;
 122              		.loc 1 199 0
 123 0006 02F68832 		addw	r2, r2, #2952
 124 000a 1268     		ldr	r2, [r2]
 125              	.LVL6:
 126              	.LBE33:
 127              	.LBE32:
 128              	.LBB35:
 129              	.LBB36:
 255:.\Generated_Source\PSoC5/isr_1.c ****     *isr_1_INTC_PRIOR = priority << 5;
 130              		.loc 1 255 0
 131 000c E021     		movs	r1, #224
 132              	.LBE36:
 133              	.LBE35:
 134              	.LBB38:
 135              	.LBB34:
 201:.\Generated_Source\PSoC5/isr_1.c ****     ramVectorTable[CYINT_IRQ_BASE + (uint32)isr_1__INTC_NUMBER] = address;
 136              		.loc 1 201 0
 137 000e 5064     		str	r0, [r2, #68]
 138              	.LVL7:
 139              	.LBE34:
 140              	.LBE38:
 141              	.LBB39:
 142              	.LBB37:
 255:.\Generated_Source\PSoC5/isr_1.c ****     *isr_1_INTC_PRIOR = priority << 5;
 143              		.loc 1 255 0
 144 0010 044A     		ldr	r2, .L6+4
 145              	.LVL8:
 146 0012 1170     		strb	r1, [r2]
 147              	.LBE37:
 148              	.LBE39:
 149              	.LBB40:
 150              	.LBB41:
 305:.\Generated_Source\PSoC5/isr_1.c ****     *isr_1_INTC_SET_EN = isr_1__INTC_MASK;
 151              		.loc 1 305 0
 152 0014 6FF44071 		mvn	r1, #768
 153 0018 0A44     		add	r2, r2, r1
 154 001a 1360     		str	r3, [r2]
 155 001c 7047     		bx	lr
ARM GAS  C:\Users\Eih3\AppData\Local\Temp\cclvsDLa.s 			page 10


 156              	.L7:
 157 001e 00BF     		.align	2
 158              	.L6:
 159 0020 80E100E0 		.word	-536813184
 160 0024 01E400E0 		.word	-536812543
 161              	.LBE41:
 162              	.LBE40:
 163              		.cfi_endproc
 164              	.LFE1:
 165              		.size	isr_1_StartEx, .-isr_1_StartEx
 166              		.section	.text.isr_1_Stop,"ax",%progbits
 167              		.align	1
 168              		.global	isr_1_Stop
 169              		.thumb
 170              		.thumb_func
 171              		.type	isr_1_Stop, %function
 172              	isr_1_Stop:
 173              	.LFB2:
 134:.\Generated_Source\PSoC5/isr_1.c **** {
 174              		.loc 1 134 0
 175              		.cfi_startproc
 176              		@ args = 0, pretend = 0, frame = 0
 177              		@ frame_needed = 0, uses_anonymous_args = 0
 178              		@ link register save eliminated.
 179              	.LBB42:
 180              	.LBB43:
 181              		.loc 1 347 0
 182 0000 044B     		ldr	r3, .L9
 183 0002 0222     		movs	r2, #2
 184 0004 1A60     		str	r2, [r3]
 185              	.LVL9:
 186              	.LBE43:
 187              	.LBE42:
 188              	.LBB44:
 189              	.LBB45:
 199:.\Generated_Source\PSoC5/isr_1.c ****     ramVectorTable = (cyisraddress *) *CYINT_VECT_TABLE;
 190              		.loc 1 199 0
 191 0006 03F68833 		addw	r3, r3, #2952
 192 000a 1B68     		ldr	r3, [r3]
 193              	.LVL10:
 201:.\Generated_Source\PSoC5/isr_1.c ****     ramVectorTable[CYINT_IRQ_BASE + (uint32)isr_1__INTC_NUMBER] = address;
 194              		.loc 1 201 0
 195 000c 024A     		ldr	r2, .L9+4
 196 000e 5A64     		str	r2, [r3, #68]
 197 0010 7047     		bx	lr
 198              	.L10:
 199 0012 00BF     		.align	2
 200              	.L9:
 201 0014 80E100E0 		.word	-536813184
 202 0018 00000000 		.word	IntDefaultHandler
 203              	.LBE45:
 204              	.LBE44:
 205              		.cfi_endproc
 206              	.LFE2:
 207              		.size	isr_1_Stop, .-isr_1_Stop
 208              		.section	.text.isr_1_SetVector,"ax",%progbits
 209              		.align	1
ARM GAS  C:\Users\Eih3\AppData\Local\Temp\cclvsDLa.s 			page 11


 210              		.global	isr_1_SetVector
 211              		.thumb
 212              		.thumb_func
 213              		.type	isr_1_SetVector, %function
 214              	isr_1_SetVector:
 215              	.LFB4:
 196:.\Generated_Source\PSoC5/isr_1.c **** {
 216              		.loc 1 196 0
 217              		.cfi_startproc
 218              		@ args = 0, pretend = 0, frame = 0
 219              		@ frame_needed = 0, uses_anonymous_args = 0
 220              		@ link register save eliminated.
 221              	.LVL11:
 199:.\Generated_Source\PSoC5/isr_1.c ****     ramVectorTable = (cyisraddress *) *CYINT_VECT_TABLE;
 222              		.loc 1 199 0
 223 0000 014B     		ldr	r3, .L12
 224 0002 1B68     		ldr	r3, [r3]
 225              	.LVL12:
 201:.\Generated_Source\PSoC5/isr_1.c ****     ramVectorTable[CYINT_IRQ_BASE + (uint32)isr_1__INTC_NUMBER] = address;
 226              		.loc 1 201 0
 227 0004 5864     		str	r0, [r3, #68]
 228 0006 7047     		bx	lr
 229              	.L13:
 230              		.align	2
 231              	.L12:
 232 0008 08ED00E0 		.word	-536810232
 233              		.cfi_endproc
 234              	.LFE4:
 235              		.size	isr_1_SetVector, .-isr_1_SetVector
 236              		.section	.text.isr_1_GetVector,"ax",%progbits
 237              		.align	1
 238              		.global	isr_1_GetVector
 239              		.thumb
 240              		.thumb_func
 241              		.type	isr_1_GetVector, %function
 242              	isr_1_GetVector:
 243              	.LFB5:
 220:.\Generated_Source\PSoC5/isr_1.c **** {
 244              		.loc 1 220 0
 245              		.cfi_startproc
 246              		@ args = 0, pretend = 0, frame = 0
 247              		@ frame_needed = 0, uses_anonymous_args = 0
 248              		@ link register save eliminated.
 249              	.LVL13:
 223:.\Generated_Source\PSoC5/isr_1.c ****     ramVectorTable = (cyisraddress *) *CYINT_VECT_TABLE;
 250              		.loc 1 223 0
 251 0000 014B     		ldr	r3, .L15
 252              	.LVL14:
 225:.\Generated_Source\PSoC5/isr_1.c ****     return ramVectorTable[CYINT_IRQ_BASE + (uint32)isr_1__INTC_NUMBER];
 253              		.loc 1 225 0
 254 0002 1B68     		ldr	r3, [r3]
 255              	.LVL15:
 226:.\Generated_Source\PSoC5/isr_1.c **** }
 256              		.loc 1 226 0
 257 0004 586C     		ldr	r0, [r3, #68]
 258 0006 7047     		bx	lr
 259              	.L16:
ARM GAS  C:\Users\Eih3\AppData\Local\Temp\cclvsDLa.s 			page 12


 260              		.align	2
 261              	.L15:
 262 0008 08ED00E0 		.word	-536810232
 263              		.cfi_endproc
 264              	.LFE5:
 265              		.size	isr_1_GetVector, .-isr_1_GetVector
 266              		.section	.text.isr_1_SetPriority,"ax",%progbits
 267              		.align	1
 268              		.global	isr_1_SetPriority
 269              		.thumb
 270              		.thumb_func
 271              		.type	isr_1_SetPriority, %function
 272              	isr_1_SetPriority:
 273              	.LFB6:
 254:.\Generated_Source\PSoC5/isr_1.c **** {
 274              		.loc 1 254 0
 275              		.cfi_startproc
 276              		@ args = 0, pretend = 0, frame = 0
 277              		@ frame_needed = 0, uses_anonymous_args = 0
 278              		@ link register save eliminated.
 279              	.LVL16:
 255:.\Generated_Source\PSoC5/isr_1.c ****     *isr_1_INTC_PRIOR = priority << 5;
 280              		.loc 1 255 0
 281 0000 4001     		lsls	r0, r0, #5
 282              	.LVL17:
 283 0002 024B     		ldr	r3, .L18
 284 0004 C0B2     		uxtb	r0, r0
 285 0006 1870     		strb	r0, [r3]
 286 0008 7047     		bx	lr
 287              	.L19:
 288 000a 00BF     		.align	2
 289              	.L18:
 290 000c 01E400E0 		.word	-536812543
 291              		.cfi_endproc
 292              	.LFE6:
 293              		.size	isr_1_SetPriority, .-isr_1_SetPriority
 294              		.section	.text.isr_1_GetPriority,"ax",%progbits
 295              		.align	1
 296              		.global	isr_1_GetPriority
 297              		.thumb
 298              		.thumb_func
 299              		.type	isr_1_GetPriority, %function
 300              	isr_1_GetPriority:
 301              	.LFB7:
 276:.\Generated_Source\PSoC5/isr_1.c **** {
 302              		.loc 1 276 0
 303              		.cfi_startproc
 304              		@ args = 0, pretend = 0, frame = 0
 305              		@ frame_needed = 0, uses_anonymous_args = 0
 306              		@ link register save eliminated.
 280:.\Generated_Source\PSoC5/isr_1.c ****     priority = *isr_1_INTC_PRIOR >> 5;
 307              		.loc 1 280 0
 308 0000 014B     		ldr	r3, .L21
 309 0002 1878     		ldrb	r0, [r3]	@ zero_extendqisi2
 310              	.LVL18:
 283:.\Generated_Source\PSoC5/isr_1.c **** }
 311              		.loc 1 283 0
ARM GAS  C:\Users\Eih3\AppData\Local\Temp\cclvsDLa.s 			page 13


 312 0004 4009     		lsrs	r0, r0, #5
 313              	.LVL19:
 314 0006 7047     		bx	lr
 315              	.L22:
 316              		.align	2
 317              	.L21:
 318 0008 01E400E0 		.word	-536812543
 319              		.cfi_endproc
 320              	.LFE7:
 321              		.size	isr_1_GetPriority, .-isr_1_GetPriority
 322              		.section	.text.isr_1_Enable,"ax",%progbits
 323              		.align	1
 324              		.global	isr_1_Enable
 325              		.thumb
 326              		.thumb_func
 327              		.type	isr_1_Enable, %function
 328              	isr_1_Enable:
 329              	.LFB8:
 303:.\Generated_Source\PSoC5/isr_1.c **** {
 330              		.loc 1 303 0
 331              		.cfi_startproc
 332              		@ args = 0, pretend = 0, frame = 0
 333              		@ frame_needed = 0, uses_anonymous_args = 0
 334              		@ link register save eliminated.
 305:.\Generated_Source\PSoC5/isr_1.c ****     *isr_1_INTC_SET_EN = isr_1__INTC_MASK;
 335              		.loc 1 305 0
 336 0000 014B     		ldr	r3, .L24
 337 0002 0222     		movs	r2, #2
 338 0004 1A60     		str	r2, [r3]
 339 0006 7047     		bx	lr
 340              	.L25:
 341              		.align	2
 342              	.L24:
 343 0008 00E100E0 		.word	-536813312
 344              		.cfi_endproc
 345              	.LFE8:
 346              		.size	isr_1_Enable, .-isr_1_Enable
 347              		.section	.text.isr_1_GetState,"ax",%progbits
 348              		.align	1
 349              		.global	isr_1_GetState
 350              		.thumb
 351              		.thumb_func
 352              		.type	isr_1_GetState, %function
 353              	isr_1_GetState:
 354              	.LFB9:
 324:.\Generated_Source\PSoC5/isr_1.c **** {
 355              		.loc 1 324 0
 356              		.cfi_startproc
 357              		@ args = 0, pretend = 0, frame = 0
 358              		@ frame_needed = 0, uses_anonymous_args = 0
 359              		@ link register save eliminated.
 326:.\Generated_Source\PSoC5/isr_1.c ****     return ((*isr_1_INTC_SET_EN & (uint32)isr_1__INTC_MASK) != 0u) ? 1u:0u;
 360              		.loc 1 326 0
 361 0000 024B     		ldr	r3, .L27
 362 0002 1868     		ldr	r0, [r3]
 327:.\Generated_Source\PSoC5/isr_1.c **** }
 363              		.loc 1 327 0
ARM GAS  C:\Users\Eih3\AppData\Local\Temp\cclvsDLa.s 			page 14


 364 0004 C0F34000 		ubfx	r0, r0, #1, #1
 365 0008 7047     		bx	lr
 366              	.L28:
 367 000a 00BF     		.align	2
 368              	.L27:
 369 000c 00E100E0 		.word	-536813312
 370              		.cfi_endproc
 371              	.LFE9:
 372              		.size	isr_1_GetState, .-isr_1_GetState
 373              		.section	.text.isr_1_Disable,"ax",%progbits
 374              		.align	1
 375              		.global	isr_1_Disable
 376              		.thumb
 377              		.thumb_func
 378              		.type	isr_1_Disable, %function
 379              	isr_1_Disable:
 380              	.LFB10:
 345:.\Generated_Source\PSoC5/isr_1.c **** {
 381              		.loc 1 345 0
 382              		.cfi_startproc
 383              		@ args = 0, pretend = 0, frame = 0
 384              		@ frame_needed = 0, uses_anonymous_args = 0
 385              		@ link register save eliminated.
 386              		.loc 1 347 0
 387 0000 014B     		ldr	r3, .L30
 388 0002 0222     		movs	r2, #2
 389 0004 1A60     		str	r2, [r3]
 390 0006 7047     		bx	lr
 391              	.L31:
 392              		.align	2
 393              	.L30:
 394 0008 80E100E0 		.word	-536813184
 395              		.cfi_endproc
 396              	.LFE10:
 397              		.size	isr_1_Disable, .-isr_1_Disable
 398              		.section	.text.isr_1_SetPending,"ax",%progbits
 399              		.align	1
 400              		.global	isr_1_SetPending
 401              		.thumb
 402              		.thumb_func
 403              		.type	isr_1_SetPending, %function
 404              	isr_1_SetPending:
 405              	.LFB11:
 348:.\Generated_Source\PSoC5/isr_1.c **** }
 349:.\Generated_Source\PSoC5/isr_1.c **** 
 350:.\Generated_Source\PSoC5/isr_1.c **** 
 351:.\Generated_Source\PSoC5/isr_1.c **** /*******************************************************************************
 352:.\Generated_Source\PSoC5/isr_1.c **** * Function Name: isr_1_SetPending
 353:.\Generated_Source\PSoC5/isr_1.c **** ********************************************************************************
 354:.\Generated_Source\PSoC5/isr_1.c **** *
 355:.\Generated_Source\PSoC5/isr_1.c **** * Summary:
 356:.\Generated_Source\PSoC5/isr_1.c **** *   Causes the Interrupt to enter the pending state, a software method of
 357:.\Generated_Source\PSoC5/isr_1.c **** *   generating the interrupt.
 358:.\Generated_Source\PSoC5/isr_1.c **** *
 359:.\Generated_Source\PSoC5/isr_1.c **** * Parameters:
 360:.\Generated_Source\PSoC5/isr_1.c **** *   None
 361:.\Generated_Source\PSoC5/isr_1.c **** *
ARM GAS  C:\Users\Eih3\AppData\Local\Temp\cclvsDLa.s 			page 15


 362:.\Generated_Source\PSoC5/isr_1.c **** * Return:
 363:.\Generated_Source\PSoC5/isr_1.c **** *   None
 364:.\Generated_Source\PSoC5/isr_1.c **** *
 365:.\Generated_Source\PSoC5/isr_1.c **** * Side Effects:
 366:.\Generated_Source\PSoC5/isr_1.c **** *   If interrupts are enabled and the interrupt is set up properly, the ISR is
 367:.\Generated_Source\PSoC5/isr_1.c **** *   entered (depending on the priority of this interrupt and other pending 
 368:.\Generated_Source\PSoC5/isr_1.c **** *   interrupts).
 369:.\Generated_Source\PSoC5/isr_1.c **** *
 370:.\Generated_Source\PSoC5/isr_1.c **** *******************************************************************************/
 371:.\Generated_Source\PSoC5/isr_1.c **** void isr_1_SetPending(void)
 372:.\Generated_Source\PSoC5/isr_1.c **** {
 406              		.loc 1 372 0
 407              		.cfi_startproc
 408              		@ args = 0, pretend = 0, frame = 0
 409              		@ frame_needed = 0, uses_anonymous_args = 0
 410              		@ link register save eliminated.
 373:.\Generated_Source\PSoC5/isr_1.c ****     *isr_1_INTC_SET_PD = isr_1__INTC_MASK;
 411              		.loc 1 373 0
 412 0000 014B     		ldr	r3, .L33
 413 0002 0222     		movs	r2, #2
 414 0004 1A60     		str	r2, [r3]
 415 0006 7047     		bx	lr
 416              	.L34:
 417              		.align	2
 418              	.L33:
 419 0008 00E200E0 		.word	-536813056
 420              		.cfi_endproc
 421              	.LFE11:
 422              		.size	isr_1_SetPending, .-isr_1_SetPending
 423              		.section	.text.isr_1_ClearPending,"ax",%progbits
 424              		.align	1
 425              		.global	isr_1_ClearPending
 426              		.thumb
 427              		.thumb_func
 428              		.type	isr_1_ClearPending, %function
 429              	isr_1_ClearPending:
 430              	.LFB12:
 374:.\Generated_Source\PSoC5/isr_1.c **** }
 375:.\Generated_Source\PSoC5/isr_1.c **** 
 376:.\Generated_Source\PSoC5/isr_1.c **** 
 377:.\Generated_Source\PSoC5/isr_1.c **** /*******************************************************************************
 378:.\Generated_Source\PSoC5/isr_1.c **** * Function Name: isr_1_ClearPending
 379:.\Generated_Source\PSoC5/isr_1.c **** ********************************************************************************
 380:.\Generated_Source\PSoC5/isr_1.c **** *
 381:.\Generated_Source\PSoC5/isr_1.c **** * Summary:
 382:.\Generated_Source\PSoC5/isr_1.c **** *   Clears a pending interrupt in the interrupt controller.
 383:.\Generated_Source\PSoC5/isr_1.c **** *
 384:.\Generated_Source\PSoC5/isr_1.c **** *   Note Some interrupt sources are clear-on-read and require the block 
 385:.\Generated_Source\PSoC5/isr_1.c **** *   interrupt/status register to be read/cleared with the appropriate block API 
 386:.\Generated_Source\PSoC5/isr_1.c **** *   (GPIO, UART, and so on). Otherwise the ISR will continue to remain in 
 387:.\Generated_Source\PSoC5/isr_1.c **** *   pending state even though the interrupt itself is cleared using this API.
 388:.\Generated_Source\PSoC5/isr_1.c **** *
 389:.\Generated_Source\PSoC5/isr_1.c **** * Parameters:
 390:.\Generated_Source\PSoC5/isr_1.c **** *   None
 391:.\Generated_Source\PSoC5/isr_1.c **** *
 392:.\Generated_Source\PSoC5/isr_1.c **** * Return:
 393:.\Generated_Source\PSoC5/isr_1.c **** *   None
ARM GAS  C:\Users\Eih3\AppData\Local\Temp\cclvsDLa.s 			page 16


 394:.\Generated_Source\PSoC5/isr_1.c **** *
 395:.\Generated_Source\PSoC5/isr_1.c **** *******************************************************************************/
 396:.\Generated_Source\PSoC5/isr_1.c **** void isr_1_ClearPending(void)
 397:.\Generated_Source\PSoC5/isr_1.c **** {
 431              		.loc 1 397 0
 432              		.cfi_startproc
 433              		@ args = 0, pretend = 0, frame = 0
 434              		@ frame_needed = 0, uses_anonymous_args = 0
 435              		@ link register save eliminated.
 398:.\Generated_Source\PSoC5/isr_1.c ****     *isr_1_INTC_CLR_PD = isr_1__INTC_MASK;
 436              		.loc 1 398 0
 437 0000 014B     		ldr	r3, .L36
 438 0002 0222     		movs	r2, #2
 439 0004 1A60     		str	r2, [r3]
 440 0006 7047     		bx	lr
 441              	.L37:
 442              		.align	2
 443              	.L36:
 444 0008 80E200E0 		.word	-536812928
 445              		.cfi_endproc
 446              	.LFE12:
 447              		.size	isr_1_ClearPending, .-isr_1_ClearPending
 448              		.text
 449              	.Letext0:
 450              		.file 2 ".\\Generated_Source\\PSoC5/cytypes.h"
 451              		.section	.debug_info,"",%progbits
 452              	.Ldebug_info0:
 453 0000 6F030000 		.4byte	0x36f
 454 0004 0400     		.2byte	0x4
 455 0006 00000000 		.4byte	.Ldebug_abbrev0
 456 000a 04       		.byte	0x4
 457 000b 01       		.uleb128 0x1
 458 000c D3010000 		.4byte	.LASF33
 459 0010 01       		.byte	0x1
 460 0011 39000000 		.4byte	.LASF34
 461 0015 D5000000 		.4byte	.LASF35
 462 0019 30000000 		.4byte	.Ldebug_ranges0+0x30
 463 001d 00000000 		.4byte	0
 464 0021 00000000 		.4byte	.Ldebug_line0
 465 0025 02       		.uleb128 0x2
 466 0026 04       		.byte	0x4
 467 0027 05       		.byte	0x5
 468 0028 696E7400 		.ascii	"int\000"
 469 002c 03       		.uleb128 0x3
 470 002d 04       		.byte	0x4
 471 002e 07       		.byte	0x7
 472 002f 38010000 		.4byte	.LASF0
 473 0033 03       		.uleb128 0x3
 474 0034 01       		.byte	0x1
 475 0035 06       		.byte	0x6
 476 0036 58020000 		.4byte	.LASF1
 477 003a 03       		.uleb128 0x3
 478 003b 01       		.byte	0x1
 479 003c 08       		.byte	0x8
 480 003d AA000000 		.4byte	.LASF2
 481 0041 03       		.uleb128 0x3
 482 0042 02       		.byte	0x2
ARM GAS  C:\Users\Eih3\AppData\Local\Temp\cclvsDLa.s 			page 17


 483 0043 05       		.byte	0x5
 484 0044 A9010000 		.4byte	.LASF3
 485 0048 03       		.uleb128 0x3
 486 0049 02       		.byte	0x2
 487 004a 07       		.byte	0x7
 488 004b 7F000000 		.4byte	.LASF4
 489 004f 03       		.uleb128 0x3
 490 0050 04       		.byte	0x4
 491 0051 05       		.byte	0x5
 492 0052 4F020000 		.4byte	.LASF5
 493 0056 03       		.uleb128 0x3
 494 0057 04       		.byte	0x4
 495 0058 07       		.byte	0x7
 496 0059 BD000000 		.4byte	.LASF6
 497 005d 03       		.uleb128 0x3
 498 005e 08       		.byte	0x8
 499 005f 05       		.byte	0x5
 500 0060 7A010000 		.4byte	.LASF7
 501 0064 03       		.uleb128 0x3
 502 0065 08       		.byte	0x8
 503 0066 07       		.byte	0x7
 504 0067 4D010000 		.4byte	.LASF8
 505 006b 03       		.uleb128 0x3
 506 006c 04       		.byte	0x4
 507 006d 07       		.byte	0x7
 508 006e 71010000 		.4byte	.LASF9
 509 0072 04       		.uleb128 0x4
 510 0073 04       		.byte	0x4
 511 0074 78000000 		.4byte	0x78
 512 0078 05       		.uleb128 0x5
 513 0079 03       		.uleb128 0x3
 514 007a 01       		.byte	0x1
 515 007b 08       		.byte	0x8
 516 007c 95010000 		.4byte	.LASF10
 517 0080 06       		.uleb128 0x6
 518 0081 CF000000 		.4byte	.LASF11
 519 0085 02       		.byte	0x2
 520 0086 A1       		.byte	0xa1
 521 0087 3A000000 		.4byte	0x3a
 522 008b 06       		.uleb128 0x6
 523 008c 31010000 		.4byte	.LASF12
 524 0090 02       		.byte	0x2
 525 0091 A3       		.byte	0xa3
 526 0092 56000000 		.4byte	0x56
 527 0096 03       		.uleb128 0x3
 528 0097 04       		.byte	0x4
 529 0098 04       		.byte	0x4
 530 0099 A4000000 		.4byte	.LASF13
 531 009d 03       		.uleb128 0x3
 532 009e 08       		.byte	0x8
 533 009f 04       		.byte	0x4
 534 00a0 18010000 		.4byte	.LASF14
 535 00a4 07       		.uleb128 0x7
 536 00a5 B8000000 		.4byte	.LASF15
 537 00a9 02       		.byte	0x2
 538 00aa 4B01     		.2byte	0x14b
 539 00ac B0000000 		.4byte	0xb0
ARM GAS  C:\Users\Eih3\AppData\Local\Temp\cclvsDLa.s 			page 18


 540 00b0 08       		.uleb128 0x8
 541 00b1 80000000 		.4byte	0x80
 542 00b5 07       		.uleb128 0x7
 543 00b6 13000000 		.4byte	.LASF16
 544 00ba 02       		.byte	0x2
 545 00bb 4D01     		.2byte	0x14d
 546 00bd C1000000 		.4byte	0xc1
 547 00c1 08       		.uleb128 0x8
 548 00c2 8B000000 		.4byte	0x8b
 549 00c6 07       		.uleb128 0x7
 550 00c7 64010000 		.4byte	.LASF17
 551 00cb 02       		.byte	0x2
 552 00cc 5D01     		.2byte	0x15d
 553 00ce 72000000 		.4byte	0x72
 554 00d2 09       		.uleb128 0x9
 555 00d3 5A000000 		.4byte	.LASF22
 556 00d7 01       		.byte	0x1
 557 00d8 5801     		.2byte	0x158
 558 00da 01       		.byte	0x1
 559 00db 0A       		.uleb128 0xa
 560 00dc 72020000 		.4byte	.LASF18
 561 00e0 01       		.byte	0x1
 562 00e1 C3       		.byte	0xc3
 563 00e2 01       		.byte	0x1
 564 00e3 FE000000 		.4byte	0xfe
 565 00e7 0B       		.uleb128 0xb
 566 00e8 45010000 		.4byte	.LASF20
 567 00ec 01       		.byte	0x1
 568 00ed C3       		.byte	0xc3
 569 00ee C6000000 		.4byte	0xc6
 570 00f2 0C       		.uleb128 0xc
 571 00f3 9A010000 		.4byte	.LASF29
 572 00f7 01       		.byte	0x1
 573 00f8 C5       		.byte	0xc5
 574 00f9 FE000000 		.4byte	0xfe
 575 00fd 00       		.byte	0
 576 00fe 04       		.uleb128 0x4
 577 00ff 04       		.byte	0x4
 578 0100 C6000000 		.4byte	0xc6
 579 0104 0A       		.uleb128 0xa
 580 0105 1F010000 		.4byte	.LASF19
 581 0109 01       		.byte	0x1
 582 010a FD       		.byte	0xfd
 583 010b 01       		.byte	0x1
 584 010c 1C010000 		.4byte	0x11c
 585 0110 0B       		.uleb128 0xb
 586 0111 0F010000 		.4byte	.LASF21
 587 0115 01       		.byte	0x1
 588 0116 FD       		.byte	0xfd
 589 0117 80000000 		.4byte	0x80
 590 011b 00       		.byte	0
 591 011c 09       		.uleb128 0x9
 592 011d 88010000 		.4byte	.LASF23
 593 0121 01       		.byte	0x1
 594 0122 2E01     		.2byte	0x12e
 595 0124 01       		.byte	0x1
 596 0125 0D       		.uleb128 0xd
ARM GAS  C:\Users\Eih3\AppData\Local\Temp\cclvsDLa.s 			page 19


 597 0126 C3010000 		.4byte	.LASF30
 598 012a 01       		.byte	0x1
 599 012b 9F       		.byte	0x9f
 600 012c 00000000 		.4byte	.LFB3
 601 0130 02000000 		.4byte	.LFE3-.LFB3
 602 0134 01       		.uleb128 0x1
 603 0135 9C       		.byte	0x9c
 604 0136 0E       		.uleb128 0xe
 605 0137 73000000 		.4byte	.LASF24
 606 013b 01       		.byte	0x1
 607 013c 3C       		.byte	0x3c
 608 013d 00000000 		.4byte	.LFB0
 609 0141 2C000000 		.4byte	.LFE0-.LFB0
 610 0145 01       		.uleb128 0x1
 611 0146 9C       		.byte	0x9c
 612 0147 B7010000 		.4byte	0x1b7
 613 014b 0F       		.uleb128 0xf
 614 014c D2000000 		.4byte	0xd2
 615 0150 00000000 		.4byte	.LBB22
 616 0154 06000000 		.4byte	.LBE22-.LBB22
 617 0158 01       		.byte	0x1
 618 0159 3F       		.byte	0x3f
 619 015a 10       		.uleb128 0x10
 620 015b DB000000 		.4byte	0xdb
 621 015f 06000000 		.4byte	.LBB24
 622 0163 0A000000 		.4byte	.LBE24-.LBB24
 623 0167 01       		.byte	0x1
 624 0168 42       		.byte	0x42
 625 0169 8D010000 		.4byte	0x18d
 626 016d 11       		.uleb128 0x11
 627 016e E7000000 		.4byte	0xe7
 628 0172 06       		.uleb128 0x6
 629 0173 03       		.byte	0x3
 630 0174 00000000 		.4byte	isr_1_Interrupt
 631 0178 9F       		.byte	0x9f
 632 0179 12       		.uleb128 0x12
 633 017a 06000000 		.4byte	.LBB25
 634 017e 0A000000 		.4byte	.LBE25-.LBB25
 635 0182 13       		.uleb128 0x13
 636 0183 F2000000 		.4byte	0xf2
 637 0187 00000000 		.4byte	.LLST0
 638 018b 00       		.byte	0
 639 018c 00       		.byte	0
 640 018d 10       		.uleb128 0x10
 641 018e 04010000 		.4byte	0x104
 642 0192 10000000 		.4byte	.LBB26
 643 0196 06000000 		.4byte	.LBE26-.LBB26
 644 019a 01       		.byte	0x1
 645 019b 45       		.byte	0x45
 646 019c A7010000 		.4byte	0x1a7
 647 01a0 14       		.uleb128 0x14
 648 01a1 10010000 		.4byte	0x110
 649 01a5 07       		.byte	0x7
 650 01a6 00       		.byte	0
 651 01a7 0F       		.uleb128 0xf
 652 01a8 1C010000 		.4byte	0x11c
 653 01ac 16000000 		.4byte	.LBB28
ARM GAS  C:\Users\Eih3\AppData\Local\Temp\cclvsDLa.s 			page 20


 654 01b0 16000000 		.4byte	.LBE28-.LBB28
 655 01b4 01       		.byte	0x1
 656 01b5 48       		.byte	0x48
 657 01b6 00       		.byte	0
 658 01b7 0E       		.uleb128 0xe
 659 01b8 64020000 		.4byte	.LASF25
 660 01bc 01       		.byte	0x1
 661 01bd 67       		.byte	0x67
 662 01be 00000000 		.4byte	.LFB1
 663 01c2 28000000 		.4byte	.LFE1-.LFB1
 664 01c6 01       		.uleb128 0x1
 665 01c7 9C       		.byte	0x9c
 666 01c8 3C020000 		.4byte	0x23c
 667 01cc 15       		.uleb128 0x15
 668 01cd 45010000 		.4byte	.LASF20
 669 01d1 01       		.byte	0x1
 670 01d2 67       		.byte	0x67
 671 01d3 C6000000 		.4byte	0xc6
 672 01d7 01       		.uleb128 0x1
 673 01d8 50       		.byte	0x50
 674 01d9 0F       		.uleb128 0xf
 675 01da D2000000 		.4byte	0xd2
 676 01de 00000000 		.4byte	.LBB30
 677 01e2 06000000 		.4byte	.LBE30-.LBB30
 678 01e6 01       		.byte	0x1
 679 01e7 6A       		.byte	0x6a
 680 01e8 16       		.uleb128 0x16
 681 01e9 DB000000 		.4byte	0xdb
 682 01ed 06000000 		.4byte	.LBB32
 683 01f1 00000000 		.4byte	.Ldebug_ranges0+0
 684 01f5 01       		.byte	0x1
 685 01f6 6D       		.byte	0x6d
 686 01f7 12020000 		.4byte	0x212
 687 01fb 11       		.uleb128 0x11
 688 01fc E7000000 		.4byte	0xe7
 689 0200 01       		.uleb128 0x1
 690 0201 50       		.byte	0x50
 691 0202 17       		.uleb128 0x17
 692 0203 00000000 		.4byte	.Ldebug_ranges0+0
 693 0207 13       		.uleb128 0x13
 694 0208 F2000000 		.4byte	0xf2
 695 020c 13000000 		.4byte	.LLST1
 696 0210 00       		.byte	0
 697 0211 00       		.byte	0
 698 0212 16       		.uleb128 0x16
 699 0213 04010000 		.4byte	0x104
 700 0217 0C000000 		.4byte	.LBB35
 701 021b 18000000 		.4byte	.Ldebug_ranges0+0x18
 702 021f 01       		.byte	0x1
 703 0220 70       		.byte	0x70
 704 0221 2C020000 		.4byte	0x22c
 705 0225 14       		.uleb128 0x14
 706 0226 10010000 		.4byte	0x110
 707 022a 07       		.byte	0x7
 708 022b 00       		.byte	0
 709 022c 0F       		.uleb128 0xf
 710 022d 1C010000 		.4byte	0x11c
ARM GAS  C:\Users\Eih3\AppData\Local\Temp\cclvsDLa.s 			page 21


 711 0231 14000000 		.4byte	.LBB40
 712 0235 14000000 		.4byte	.LBE40-.LBB40
 713 0239 01       		.byte	0x1
 714 023a 73       		.byte	0x73
 715 023b 00       		.byte	0
 716 023c 0E       		.uleb128 0xe
 717 023d 68000000 		.4byte	.LASF26
 718 0241 01       		.byte	0x1
 719 0242 85       		.byte	0x85
 720 0243 00000000 		.4byte	.LFB2
 721 0247 1C000000 		.4byte	.LFE2-.LFB2
 722 024b 01       		.uleb128 0x1
 723 024c 9C       		.byte	0x9c
 724 024d 87020000 		.4byte	0x287
 725 0251 0F       		.uleb128 0xf
 726 0252 D2000000 		.4byte	0xd2
 727 0256 00000000 		.4byte	.LBB42
 728 025a 06000000 		.4byte	.LBE42-.LBB42
 729 025e 01       		.byte	0x1
 730 025f 88       		.byte	0x88
 731 0260 18       		.uleb128 0x18
 732 0261 DB000000 		.4byte	0xdb
 733 0265 06000000 		.4byte	.LBB44
 734 0269 16000000 		.4byte	.LBE44-.LBB44
 735 026d 01       		.byte	0x1
 736 026e 8B       		.byte	0x8b
 737 026f 19       		.uleb128 0x19
 738 0270 E7000000 		.4byte	0xe7
 739 0274 12       		.uleb128 0x12
 740 0275 06000000 		.4byte	.LBB45
 741 0279 16000000 		.4byte	.LBE45-.LBB45
 742 027d 1A       		.uleb128 0x1a
 743 027e F2000000 		.4byte	0xf2
 744 0282 01       		.uleb128 0x1
 745 0283 53       		.byte	0x53
 746 0284 00       		.byte	0
 747 0285 00       		.byte	0
 748 0286 00       		.byte	0
 749 0287 1B       		.uleb128 0x1b
 750 0288 DB000000 		.4byte	0xdb
 751 028c 00000000 		.4byte	.LFB4
 752 0290 0C000000 		.4byte	.LFE4-.LFB4
 753 0294 01       		.uleb128 0x1
 754 0295 9C       		.byte	0x9c
 755 0296 A9020000 		.4byte	0x2a9
 756 029a 11       		.uleb128 0x11
 757 029b E7000000 		.4byte	0xe7
 758 029f 01       		.uleb128 0x1
 759 02a0 50       		.byte	0x50
 760 02a1 1A       		.uleb128 0x1a
 761 02a2 F2000000 		.4byte	0xf2
 762 02a6 01       		.uleb128 0x1
 763 02a7 53       		.byte	0x53
 764 02a8 00       		.byte	0
 765 02a9 1C       		.uleb128 0x1c
 766 02aa B3010000 		.4byte	.LASF27
 767 02ae 01       		.byte	0x1
ARM GAS  C:\Users\Eih3\AppData\Local\Temp\cclvsDLa.s 			page 22


 768 02af DB       		.byte	0xdb
 769 02b0 C6000000 		.4byte	0xc6
 770 02b4 00000000 		.4byte	.LFB5
 771 02b8 0C000000 		.4byte	.LFE5-.LFB5
 772 02bc 01       		.uleb128 0x1
 773 02bd 9C       		.byte	0x9c
 774 02be D2020000 		.4byte	0x2d2
 775 02c2 1D       		.uleb128 0x1d
 776 02c3 9A010000 		.4byte	.LASF29
 777 02c7 01       		.byte	0x1
 778 02c8 DD       		.byte	0xdd
 779 02c9 FE000000 		.4byte	0xfe
 780 02cd 26000000 		.4byte	.LLST2
 781 02d1 00       		.byte	0
 782 02d2 1B       		.uleb128 0x1b
 783 02d3 04010000 		.4byte	0x104
 784 02d7 00000000 		.4byte	.LFB6
 785 02db 10000000 		.4byte	.LFE6-.LFB6
 786 02df 01       		.uleb128 0x1
 787 02e0 9C       		.byte	0x9c
 788 02e1 EF020000 		.4byte	0x2ef
 789 02e5 1E       		.uleb128 0x1e
 790 02e6 10010000 		.4byte	0x110
 791 02ea 55000000 		.4byte	.LLST3
 792 02ee 00       		.byte	0
 793 02ef 1F       		.uleb128 0x1f
 794 02f0 92000000 		.4byte	.LASF28
 795 02f4 01       		.byte	0x1
 796 02f5 1301     		.2byte	0x113
 797 02f7 80000000 		.4byte	0x80
 798 02fb 00000000 		.4byte	.LFB7
 799 02ff 0C000000 		.4byte	.LFE7-.LFB7
 800 0303 01       		.uleb128 0x1
 801 0304 9C       		.byte	0x9c
 802 0305 1A030000 		.4byte	0x31a
 803 0309 20       		.uleb128 0x20
 804 030a 0F010000 		.4byte	.LASF21
 805 030e 01       		.byte	0x1
 806 030f 1501     		.2byte	0x115
 807 0311 80000000 		.4byte	0x80
 808 0315 76000000 		.4byte	.LLST4
 809 0319 00       		.byte	0
 810 031a 21       		.uleb128 0x21
 811 031b 1C010000 		.4byte	0x11c
 812 031f 00000000 		.4byte	.LFB8
 813 0323 0C000000 		.4byte	.LFE8-.LFB8
 814 0327 01       		.uleb128 0x1
 815 0328 9C       		.byte	0x9c
 816 0329 22       		.uleb128 0x22
 817 032a 2A000000 		.4byte	.LASF36
 818 032e 01       		.byte	0x1
 819 032f 4301     		.2byte	0x143
 820 0331 80000000 		.4byte	0x80
 821 0335 00000000 		.4byte	.LFB9
 822 0339 10000000 		.4byte	.LFE9-.LFB9
 823 033d 01       		.uleb128 0x1
 824 033e 9C       		.byte	0x9c
ARM GAS  C:\Users\Eih3\AppData\Local\Temp\cclvsDLa.s 			page 23


 825 033f 21       		.uleb128 0x21
 826 0340 D2000000 		.4byte	0xd2
 827 0344 00000000 		.4byte	.LFB10
 828 0348 0C000000 		.4byte	.LFE10-.LFB10
 829 034c 01       		.uleb128 0x1
 830 034d 9C       		.byte	0x9c
 831 034e 23       		.uleb128 0x23
 832 034f 19000000 		.4byte	.LASF31
 833 0353 01       		.byte	0x1
 834 0354 7301     		.2byte	0x173
 835 0356 00000000 		.4byte	.LFB11
 836 035a 0C000000 		.4byte	.LFE11-.LFB11
 837 035e 01       		.uleb128 0x1
 838 035f 9C       		.byte	0x9c
 839 0360 23       		.uleb128 0x23
 840 0361 00000000 		.4byte	.LASF32
 841 0365 01       		.byte	0x1
 842 0366 8C01     		.2byte	0x18c
 843 0368 00000000 		.4byte	.LFB12
 844 036c 0C000000 		.4byte	.LFE12-.LFB12
 845 0370 01       		.uleb128 0x1
 846 0371 9C       		.byte	0x9c
 847 0372 00       		.byte	0
 848              		.section	.debug_abbrev,"",%progbits
 849              	.Ldebug_abbrev0:
 850 0000 01       		.uleb128 0x1
 851 0001 11       		.uleb128 0x11
 852 0002 01       		.byte	0x1
 853 0003 25       		.uleb128 0x25
 854 0004 0E       		.uleb128 0xe
 855 0005 13       		.uleb128 0x13
 856 0006 0B       		.uleb128 0xb
 857 0007 03       		.uleb128 0x3
 858 0008 0E       		.uleb128 0xe
 859 0009 1B       		.uleb128 0x1b
 860 000a 0E       		.uleb128 0xe
 861 000b 55       		.uleb128 0x55
 862 000c 17       		.uleb128 0x17
 863 000d 11       		.uleb128 0x11
 864 000e 01       		.uleb128 0x1
 865 000f 10       		.uleb128 0x10
 866 0010 17       		.uleb128 0x17
 867 0011 00       		.byte	0
 868 0012 00       		.byte	0
 869 0013 02       		.uleb128 0x2
 870 0014 24       		.uleb128 0x24
 871 0015 00       		.byte	0
 872 0016 0B       		.uleb128 0xb
 873 0017 0B       		.uleb128 0xb
 874 0018 3E       		.uleb128 0x3e
 875 0019 0B       		.uleb128 0xb
 876 001a 03       		.uleb128 0x3
 877 001b 08       		.uleb128 0x8
 878 001c 00       		.byte	0
 879 001d 00       		.byte	0
 880 001e 03       		.uleb128 0x3
 881 001f 24       		.uleb128 0x24
ARM GAS  C:\Users\Eih3\AppData\Local\Temp\cclvsDLa.s 			page 24


 882 0020 00       		.byte	0
 883 0021 0B       		.uleb128 0xb
 884 0022 0B       		.uleb128 0xb
 885 0023 3E       		.uleb128 0x3e
 886 0024 0B       		.uleb128 0xb
 887 0025 03       		.uleb128 0x3
 888 0026 0E       		.uleb128 0xe
 889 0027 00       		.byte	0
 890 0028 00       		.byte	0
 891 0029 04       		.uleb128 0x4
 892 002a 0F       		.uleb128 0xf
 893 002b 00       		.byte	0
 894 002c 0B       		.uleb128 0xb
 895 002d 0B       		.uleb128 0xb
 896 002e 49       		.uleb128 0x49
 897 002f 13       		.uleb128 0x13
 898 0030 00       		.byte	0
 899 0031 00       		.byte	0
 900 0032 05       		.uleb128 0x5
 901 0033 15       		.uleb128 0x15
 902 0034 00       		.byte	0
 903 0035 27       		.uleb128 0x27
 904 0036 19       		.uleb128 0x19
 905 0037 00       		.byte	0
 906 0038 00       		.byte	0
 907 0039 06       		.uleb128 0x6
 908 003a 16       		.uleb128 0x16
 909 003b 00       		.byte	0
 910 003c 03       		.uleb128 0x3
 911 003d 0E       		.uleb128 0xe
 912 003e 3A       		.uleb128 0x3a
 913 003f 0B       		.uleb128 0xb
 914 0040 3B       		.uleb128 0x3b
 915 0041 0B       		.uleb128 0xb
 916 0042 49       		.uleb128 0x49
 917 0043 13       		.uleb128 0x13
 918 0044 00       		.byte	0
 919 0045 00       		.byte	0
 920 0046 07       		.uleb128 0x7
 921 0047 16       		.uleb128 0x16
 922 0048 00       		.byte	0
 923 0049 03       		.uleb128 0x3
 924 004a 0E       		.uleb128 0xe
 925 004b 3A       		.uleb128 0x3a
 926 004c 0B       		.uleb128 0xb
 927 004d 3B       		.uleb128 0x3b
 928 004e 05       		.uleb128 0x5
 929 004f 49       		.uleb128 0x49
 930 0050 13       		.uleb128 0x13
 931 0051 00       		.byte	0
 932 0052 00       		.byte	0
 933 0053 08       		.uleb128 0x8
 934 0054 35       		.uleb128 0x35
 935 0055 00       		.byte	0
 936 0056 49       		.uleb128 0x49
 937 0057 13       		.uleb128 0x13
 938 0058 00       		.byte	0
ARM GAS  C:\Users\Eih3\AppData\Local\Temp\cclvsDLa.s 			page 25


 939 0059 00       		.byte	0
 940 005a 09       		.uleb128 0x9
 941 005b 2E       		.uleb128 0x2e
 942 005c 00       		.byte	0
 943 005d 3F       		.uleb128 0x3f
 944 005e 19       		.uleb128 0x19
 945 005f 03       		.uleb128 0x3
 946 0060 0E       		.uleb128 0xe
 947 0061 3A       		.uleb128 0x3a
 948 0062 0B       		.uleb128 0xb
 949 0063 3B       		.uleb128 0x3b
 950 0064 05       		.uleb128 0x5
 951 0065 27       		.uleb128 0x27
 952 0066 19       		.uleb128 0x19
 953 0067 20       		.uleb128 0x20
 954 0068 0B       		.uleb128 0xb
 955 0069 00       		.byte	0
 956 006a 00       		.byte	0
 957 006b 0A       		.uleb128 0xa
 958 006c 2E       		.uleb128 0x2e
 959 006d 01       		.byte	0x1
 960 006e 3F       		.uleb128 0x3f
 961 006f 19       		.uleb128 0x19
 962 0070 03       		.uleb128 0x3
 963 0071 0E       		.uleb128 0xe
 964 0072 3A       		.uleb128 0x3a
 965 0073 0B       		.uleb128 0xb
 966 0074 3B       		.uleb128 0x3b
 967 0075 0B       		.uleb128 0xb
 968 0076 27       		.uleb128 0x27
 969 0077 19       		.uleb128 0x19
 970 0078 20       		.uleb128 0x20
 971 0079 0B       		.uleb128 0xb
 972 007a 01       		.uleb128 0x1
 973 007b 13       		.uleb128 0x13
 974 007c 00       		.byte	0
 975 007d 00       		.byte	0
 976 007e 0B       		.uleb128 0xb
 977 007f 05       		.uleb128 0x5
 978 0080 00       		.byte	0
 979 0081 03       		.uleb128 0x3
 980 0082 0E       		.uleb128 0xe
 981 0083 3A       		.uleb128 0x3a
 982 0084 0B       		.uleb128 0xb
 983 0085 3B       		.uleb128 0x3b
 984 0086 0B       		.uleb128 0xb
 985 0087 49       		.uleb128 0x49
 986 0088 13       		.uleb128 0x13
 987 0089 00       		.byte	0
 988 008a 00       		.byte	0
 989 008b 0C       		.uleb128 0xc
 990 008c 34       		.uleb128 0x34
 991 008d 00       		.byte	0
 992 008e 03       		.uleb128 0x3
 993 008f 0E       		.uleb128 0xe
 994 0090 3A       		.uleb128 0x3a
 995 0091 0B       		.uleb128 0xb
ARM GAS  C:\Users\Eih3\AppData\Local\Temp\cclvsDLa.s 			page 26


 996 0092 3B       		.uleb128 0x3b
 997 0093 0B       		.uleb128 0xb
 998 0094 49       		.uleb128 0x49
 999 0095 13       		.uleb128 0x13
 1000 0096 00       		.byte	0
 1001 0097 00       		.byte	0
 1002 0098 0D       		.uleb128 0xd
 1003 0099 2E       		.uleb128 0x2e
 1004 009a 00       		.byte	0
 1005 009b 3F       		.uleb128 0x3f
 1006 009c 19       		.uleb128 0x19
 1007 009d 03       		.uleb128 0x3
 1008 009e 0E       		.uleb128 0xe
 1009 009f 3A       		.uleb128 0x3a
 1010 00a0 0B       		.uleb128 0xb
 1011 00a1 3B       		.uleb128 0x3b
 1012 00a2 0B       		.uleb128 0xb
 1013 00a3 27       		.uleb128 0x27
 1014 00a4 19       		.uleb128 0x19
 1015 00a5 11       		.uleb128 0x11
 1016 00a6 01       		.uleb128 0x1
 1017 00a7 12       		.uleb128 0x12
 1018 00a8 06       		.uleb128 0x6
 1019 00a9 40       		.uleb128 0x40
 1020 00aa 18       		.uleb128 0x18
 1021 00ab 9742     		.uleb128 0x2117
 1022 00ad 19       		.uleb128 0x19
 1023 00ae 00       		.byte	0
 1024 00af 00       		.byte	0
 1025 00b0 0E       		.uleb128 0xe
 1026 00b1 2E       		.uleb128 0x2e
 1027 00b2 01       		.byte	0x1
 1028 00b3 3F       		.uleb128 0x3f
 1029 00b4 19       		.uleb128 0x19
 1030 00b5 03       		.uleb128 0x3
 1031 00b6 0E       		.uleb128 0xe
 1032 00b7 3A       		.uleb128 0x3a
 1033 00b8 0B       		.uleb128 0xb
 1034 00b9 3B       		.uleb128 0x3b
 1035 00ba 0B       		.uleb128 0xb
 1036 00bb 27       		.uleb128 0x27
 1037 00bc 19       		.uleb128 0x19
 1038 00bd 11       		.uleb128 0x11
 1039 00be 01       		.uleb128 0x1
 1040 00bf 12       		.uleb128 0x12
 1041 00c0 06       		.uleb128 0x6
 1042 00c1 40       		.uleb128 0x40
 1043 00c2 18       		.uleb128 0x18
 1044 00c3 9742     		.uleb128 0x2117
 1045 00c5 19       		.uleb128 0x19
 1046 00c6 01       		.uleb128 0x1
 1047 00c7 13       		.uleb128 0x13
 1048 00c8 00       		.byte	0
 1049 00c9 00       		.byte	0
 1050 00ca 0F       		.uleb128 0xf
 1051 00cb 1D       		.uleb128 0x1d
 1052 00cc 00       		.byte	0
ARM GAS  C:\Users\Eih3\AppData\Local\Temp\cclvsDLa.s 			page 27


 1053 00cd 31       		.uleb128 0x31
 1054 00ce 13       		.uleb128 0x13
 1055 00cf 11       		.uleb128 0x11
 1056 00d0 01       		.uleb128 0x1
 1057 00d1 12       		.uleb128 0x12
 1058 00d2 06       		.uleb128 0x6
 1059 00d3 58       		.uleb128 0x58
 1060 00d4 0B       		.uleb128 0xb
 1061 00d5 59       		.uleb128 0x59
 1062 00d6 0B       		.uleb128 0xb
 1063 00d7 00       		.byte	0
 1064 00d8 00       		.byte	0
 1065 00d9 10       		.uleb128 0x10
 1066 00da 1D       		.uleb128 0x1d
 1067 00db 01       		.byte	0x1
 1068 00dc 31       		.uleb128 0x31
 1069 00dd 13       		.uleb128 0x13
 1070 00de 11       		.uleb128 0x11
 1071 00df 01       		.uleb128 0x1
 1072 00e0 12       		.uleb128 0x12
 1073 00e1 06       		.uleb128 0x6
 1074 00e2 58       		.uleb128 0x58
 1075 00e3 0B       		.uleb128 0xb
 1076 00e4 59       		.uleb128 0x59
 1077 00e5 0B       		.uleb128 0xb
 1078 00e6 01       		.uleb128 0x1
 1079 00e7 13       		.uleb128 0x13
 1080 00e8 00       		.byte	0
 1081 00e9 00       		.byte	0
 1082 00ea 11       		.uleb128 0x11
 1083 00eb 05       		.uleb128 0x5
 1084 00ec 00       		.byte	0
 1085 00ed 31       		.uleb128 0x31
 1086 00ee 13       		.uleb128 0x13
 1087 00ef 02       		.uleb128 0x2
 1088 00f0 18       		.uleb128 0x18
 1089 00f1 00       		.byte	0
 1090 00f2 00       		.byte	0
 1091 00f3 12       		.uleb128 0x12
 1092 00f4 0B       		.uleb128 0xb
 1093 00f5 01       		.byte	0x1
 1094 00f6 11       		.uleb128 0x11
 1095 00f7 01       		.uleb128 0x1
 1096 00f8 12       		.uleb128 0x12
 1097 00f9 06       		.uleb128 0x6
 1098 00fa 00       		.byte	0
 1099 00fb 00       		.byte	0
 1100 00fc 13       		.uleb128 0x13
 1101 00fd 34       		.uleb128 0x34
 1102 00fe 00       		.byte	0
 1103 00ff 31       		.uleb128 0x31
 1104 0100 13       		.uleb128 0x13
 1105 0101 02       		.uleb128 0x2
 1106 0102 17       		.uleb128 0x17
 1107 0103 00       		.byte	0
 1108 0104 00       		.byte	0
 1109 0105 14       		.uleb128 0x14
ARM GAS  C:\Users\Eih3\AppData\Local\Temp\cclvsDLa.s 			page 28


 1110 0106 05       		.uleb128 0x5
 1111 0107 00       		.byte	0
 1112 0108 31       		.uleb128 0x31
 1113 0109 13       		.uleb128 0x13
 1114 010a 1C       		.uleb128 0x1c
 1115 010b 0B       		.uleb128 0xb
 1116 010c 00       		.byte	0
 1117 010d 00       		.byte	0
 1118 010e 15       		.uleb128 0x15
 1119 010f 05       		.uleb128 0x5
 1120 0110 00       		.byte	0
 1121 0111 03       		.uleb128 0x3
 1122 0112 0E       		.uleb128 0xe
 1123 0113 3A       		.uleb128 0x3a
 1124 0114 0B       		.uleb128 0xb
 1125 0115 3B       		.uleb128 0x3b
 1126 0116 0B       		.uleb128 0xb
 1127 0117 49       		.uleb128 0x49
 1128 0118 13       		.uleb128 0x13
 1129 0119 02       		.uleb128 0x2
 1130 011a 18       		.uleb128 0x18
 1131 011b 00       		.byte	0
 1132 011c 00       		.byte	0
 1133 011d 16       		.uleb128 0x16
 1134 011e 1D       		.uleb128 0x1d
 1135 011f 01       		.byte	0x1
 1136 0120 31       		.uleb128 0x31
 1137 0121 13       		.uleb128 0x13
 1138 0122 52       		.uleb128 0x52
 1139 0123 01       		.uleb128 0x1
 1140 0124 55       		.uleb128 0x55
 1141 0125 17       		.uleb128 0x17
 1142 0126 58       		.uleb128 0x58
 1143 0127 0B       		.uleb128 0xb
 1144 0128 59       		.uleb128 0x59
 1145 0129 0B       		.uleb128 0xb
 1146 012a 01       		.uleb128 0x1
 1147 012b 13       		.uleb128 0x13
 1148 012c 00       		.byte	0
 1149 012d 00       		.byte	0
 1150 012e 17       		.uleb128 0x17
 1151 012f 0B       		.uleb128 0xb
 1152 0130 01       		.byte	0x1
 1153 0131 55       		.uleb128 0x55
 1154 0132 17       		.uleb128 0x17
 1155 0133 00       		.byte	0
 1156 0134 00       		.byte	0
 1157 0135 18       		.uleb128 0x18
 1158 0136 1D       		.uleb128 0x1d
 1159 0137 01       		.byte	0x1
 1160 0138 31       		.uleb128 0x31
 1161 0139 13       		.uleb128 0x13
 1162 013a 11       		.uleb128 0x11
 1163 013b 01       		.uleb128 0x1
 1164 013c 12       		.uleb128 0x12
 1165 013d 06       		.uleb128 0x6
 1166 013e 58       		.uleb128 0x58
ARM GAS  C:\Users\Eih3\AppData\Local\Temp\cclvsDLa.s 			page 29


 1167 013f 0B       		.uleb128 0xb
 1168 0140 59       		.uleb128 0x59
 1169 0141 0B       		.uleb128 0xb
 1170 0142 00       		.byte	0
 1171 0143 00       		.byte	0
 1172 0144 19       		.uleb128 0x19
 1173 0145 05       		.uleb128 0x5
 1174 0146 00       		.byte	0
 1175 0147 31       		.uleb128 0x31
 1176 0148 13       		.uleb128 0x13
 1177 0149 00       		.byte	0
 1178 014a 00       		.byte	0
 1179 014b 1A       		.uleb128 0x1a
 1180 014c 34       		.uleb128 0x34
 1181 014d 00       		.byte	0
 1182 014e 31       		.uleb128 0x31
 1183 014f 13       		.uleb128 0x13
 1184 0150 02       		.uleb128 0x2
 1185 0151 18       		.uleb128 0x18
 1186 0152 00       		.byte	0
 1187 0153 00       		.byte	0
 1188 0154 1B       		.uleb128 0x1b
 1189 0155 2E       		.uleb128 0x2e
 1190 0156 01       		.byte	0x1
 1191 0157 31       		.uleb128 0x31
 1192 0158 13       		.uleb128 0x13
 1193 0159 11       		.uleb128 0x11
 1194 015a 01       		.uleb128 0x1
 1195 015b 12       		.uleb128 0x12
 1196 015c 06       		.uleb128 0x6
 1197 015d 40       		.uleb128 0x40
 1198 015e 18       		.uleb128 0x18
 1199 015f 9742     		.uleb128 0x2117
 1200 0161 19       		.uleb128 0x19
 1201 0162 01       		.uleb128 0x1
 1202 0163 13       		.uleb128 0x13
 1203 0164 00       		.byte	0
 1204 0165 00       		.byte	0
 1205 0166 1C       		.uleb128 0x1c
 1206 0167 2E       		.uleb128 0x2e
 1207 0168 01       		.byte	0x1
 1208 0169 3F       		.uleb128 0x3f
 1209 016a 19       		.uleb128 0x19
 1210 016b 03       		.uleb128 0x3
 1211 016c 0E       		.uleb128 0xe
 1212 016d 3A       		.uleb128 0x3a
 1213 016e 0B       		.uleb128 0xb
 1214 016f 3B       		.uleb128 0x3b
 1215 0170 0B       		.uleb128 0xb
 1216 0171 27       		.uleb128 0x27
 1217 0172 19       		.uleb128 0x19
 1218 0173 49       		.uleb128 0x49
 1219 0174 13       		.uleb128 0x13
 1220 0175 11       		.uleb128 0x11
 1221 0176 01       		.uleb128 0x1
 1222 0177 12       		.uleb128 0x12
 1223 0178 06       		.uleb128 0x6
ARM GAS  C:\Users\Eih3\AppData\Local\Temp\cclvsDLa.s 			page 30


 1224 0179 40       		.uleb128 0x40
 1225 017a 18       		.uleb128 0x18
 1226 017b 9742     		.uleb128 0x2117
 1227 017d 19       		.uleb128 0x19
 1228 017e 01       		.uleb128 0x1
 1229 017f 13       		.uleb128 0x13
 1230 0180 00       		.byte	0
 1231 0181 00       		.byte	0
 1232 0182 1D       		.uleb128 0x1d
 1233 0183 34       		.uleb128 0x34
 1234 0184 00       		.byte	0
 1235 0185 03       		.uleb128 0x3
 1236 0186 0E       		.uleb128 0xe
 1237 0187 3A       		.uleb128 0x3a
 1238 0188 0B       		.uleb128 0xb
 1239 0189 3B       		.uleb128 0x3b
 1240 018a 0B       		.uleb128 0xb
 1241 018b 49       		.uleb128 0x49
 1242 018c 13       		.uleb128 0x13
 1243 018d 02       		.uleb128 0x2
 1244 018e 17       		.uleb128 0x17
 1245 018f 00       		.byte	0
 1246 0190 00       		.byte	0
 1247 0191 1E       		.uleb128 0x1e
 1248 0192 05       		.uleb128 0x5
 1249 0193 00       		.byte	0
 1250 0194 31       		.uleb128 0x31
 1251 0195 13       		.uleb128 0x13
 1252 0196 02       		.uleb128 0x2
 1253 0197 17       		.uleb128 0x17
 1254 0198 00       		.byte	0
 1255 0199 00       		.byte	0
 1256 019a 1F       		.uleb128 0x1f
 1257 019b 2E       		.uleb128 0x2e
 1258 019c 01       		.byte	0x1
 1259 019d 3F       		.uleb128 0x3f
 1260 019e 19       		.uleb128 0x19
 1261 019f 03       		.uleb128 0x3
 1262 01a0 0E       		.uleb128 0xe
 1263 01a1 3A       		.uleb128 0x3a
 1264 01a2 0B       		.uleb128 0xb
 1265 01a3 3B       		.uleb128 0x3b
 1266 01a4 05       		.uleb128 0x5
 1267 01a5 27       		.uleb128 0x27
 1268 01a6 19       		.uleb128 0x19
 1269 01a7 49       		.uleb128 0x49
 1270 01a8 13       		.uleb128 0x13
 1271 01a9 11       		.uleb128 0x11
 1272 01aa 01       		.uleb128 0x1
 1273 01ab 12       		.uleb128 0x12
 1274 01ac 06       		.uleb128 0x6
 1275 01ad 40       		.uleb128 0x40
 1276 01ae 18       		.uleb128 0x18
 1277 01af 9742     		.uleb128 0x2117
 1278 01b1 19       		.uleb128 0x19
 1279 01b2 01       		.uleb128 0x1
 1280 01b3 13       		.uleb128 0x13
ARM GAS  C:\Users\Eih3\AppData\Local\Temp\cclvsDLa.s 			page 31


 1281 01b4 00       		.byte	0
 1282 01b5 00       		.byte	0
 1283 01b6 20       		.uleb128 0x20
 1284 01b7 34       		.uleb128 0x34
 1285 01b8 00       		.byte	0
 1286 01b9 03       		.uleb128 0x3
 1287 01ba 0E       		.uleb128 0xe
 1288 01bb 3A       		.uleb128 0x3a
 1289 01bc 0B       		.uleb128 0xb
 1290 01bd 3B       		.uleb128 0x3b
 1291 01be 05       		.uleb128 0x5
 1292 01bf 49       		.uleb128 0x49
 1293 01c0 13       		.uleb128 0x13
 1294 01c1 02       		.uleb128 0x2
 1295 01c2 17       		.uleb128 0x17
 1296 01c3 00       		.byte	0
 1297 01c4 00       		.byte	0
 1298 01c5 21       		.uleb128 0x21
 1299 01c6 2E       		.uleb128 0x2e
 1300 01c7 00       		.byte	0
 1301 01c8 31       		.uleb128 0x31
 1302 01c9 13       		.uleb128 0x13
 1303 01ca 11       		.uleb128 0x11
 1304 01cb 01       		.uleb128 0x1
 1305 01cc 12       		.uleb128 0x12
 1306 01cd 06       		.uleb128 0x6
 1307 01ce 40       		.uleb128 0x40
 1308 01cf 18       		.uleb128 0x18
 1309 01d0 9742     		.uleb128 0x2117
 1310 01d2 19       		.uleb128 0x19
 1311 01d3 00       		.byte	0
 1312 01d4 00       		.byte	0
 1313 01d5 22       		.uleb128 0x22
 1314 01d6 2E       		.uleb128 0x2e
 1315 01d7 00       		.byte	0
 1316 01d8 3F       		.uleb128 0x3f
 1317 01d9 19       		.uleb128 0x19
 1318 01da 03       		.uleb128 0x3
 1319 01db 0E       		.uleb128 0xe
 1320 01dc 3A       		.uleb128 0x3a
 1321 01dd 0B       		.uleb128 0xb
 1322 01de 3B       		.uleb128 0x3b
 1323 01df 05       		.uleb128 0x5
 1324 01e0 27       		.uleb128 0x27
 1325 01e1 19       		.uleb128 0x19
 1326 01e2 49       		.uleb128 0x49
 1327 01e3 13       		.uleb128 0x13
 1328 01e4 11       		.uleb128 0x11
 1329 01e5 01       		.uleb128 0x1
 1330 01e6 12       		.uleb128 0x12
 1331 01e7 06       		.uleb128 0x6
 1332 01e8 40       		.uleb128 0x40
 1333 01e9 18       		.uleb128 0x18
 1334 01ea 9742     		.uleb128 0x2117
 1335 01ec 19       		.uleb128 0x19
 1336 01ed 00       		.byte	0
 1337 01ee 00       		.byte	0
ARM GAS  C:\Users\Eih3\AppData\Local\Temp\cclvsDLa.s 			page 32


 1338 01ef 23       		.uleb128 0x23
 1339 01f0 2E       		.uleb128 0x2e
 1340 01f1 00       		.byte	0
 1341 01f2 3F       		.uleb128 0x3f
 1342 01f3 19       		.uleb128 0x19
 1343 01f4 03       		.uleb128 0x3
 1344 01f5 0E       		.uleb128 0xe
 1345 01f6 3A       		.uleb128 0x3a
 1346 01f7 0B       		.uleb128 0xb
 1347 01f8 3B       		.uleb128 0x3b
 1348 01f9 05       		.uleb128 0x5
 1349 01fa 27       		.uleb128 0x27
 1350 01fb 19       		.uleb128 0x19
 1351 01fc 11       		.uleb128 0x11
 1352 01fd 01       		.uleb128 0x1
 1353 01fe 12       		.uleb128 0x12
 1354 01ff 06       		.uleb128 0x6
 1355 0200 40       		.uleb128 0x40
 1356 0201 18       		.uleb128 0x18
 1357 0202 9742     		.uleb128 0x2117
 1358 0204 19       		.uleb128 0x19
 1359 0205 00       		.byte	0
 1360 0206 00       		.byte	0
 1361 0207 00       		.byte	0
 1362              		.section	.debug_loc,"",%progbits
 1363              	.Ldebug_loc0:
 1364              	.LLST0:
 1365 0000 0C000000 		.4byte	.LVL1
 1366 0004 12000000 		.4byte	.LVL3
 1367 0008 0100     		.2byte	0x1
 1368 000a 52       		.byte	0x52
 1369 000b 00000000 		.4byte	0
 1370 000f 00000000 		.4byte	0
 1371              	.LLST1:
 1372 0013 0C000000 		.4byte	.LVL6
 1373 0017 12000000 		.4byte	.LVL8
 1374 001b 0100     		.2byte	0x1
 1375 001d 52       		.byte	0x52
 1376 001e 00000000 		.4byte	0
 1377 0022 00000000 		.4byte	0
 1378              	.LLST2:
 1379 0026 00000000 		.4byte	.LVL13
 1380 002a 02000000 		.4byte	.LVL14
 1381 002e 0600     		.2byte	0x6
 1382 0030 11       		.byte	0x11
 1383 0031 88DA8380 		.sleb128 -536810232
 1383      7E
 1384 0036 02000000 		.4byte	.LVL14
 1385 003a 04000000 		.4byte	.LVL15
 1386 003e 0200     		.2byte	0x2
 1387 0040 73       		.byte	0x73
 1388 0041 00       		.sleb128 0
 1389 0042 04000000 		.4byte	.LVL15
 1390 0046 0C000000 		.4byte	.LFE5
 1391 004a 0100     		.2byte	0x1
 1392 004c 53       		.byte	0x53
 1393 004d 00000000 		.4byte	0
ARM GAS  C:\Users\Eih3\AppData\Local\Temp\cclvsDLa.s 			page 33


 1394 0051 00000000 		.4byte	0
 1395              	.LLST3:
 1396 0055 00000000 		.4byte	.LVL16
 1397 0059 02000000 		.4byte	.LVL17
 1398 005d 0100     		.2byte	0x1
 1399 005f 50       		.byte	0x50
 1400 0060 02000000 		.4byte	.LVL17
 1401 0064 10000000 		.4byte	.LFE6
 1402 0068 0400     		.2byte	0x4
 1403 006a F3       		.byte	0xf3
 1404 006b 01       		.uleb128 0x1
 1405 006c 50       		.byte	0x50
 1406 006d 9F       		.byte	0x9f
 1407 006e 00000000 		.4byte	0
 1408 0072 00000000 		.4byte	0
 1409              	.LLST4:
 1410 0076 04000000 		.4byte	.LVL18
 1411 007a 06000000 		.4byte	.LVL19
 1412 007e 0500     		.2byte	0x5
 1413 0080 70       		.byte	0x70
 1414 0081 00       		.sleb128 0
 1415 0082 35       		.byte	0x35
 1416 0083 25       		.byte	0x25
 1417 0084 9F       		.byte	0x9f
 1418 0085 00000000 		.4byte	0
 1419 0089 00000000 		.4byte	0
 1420              		.section	.debug_aranges,"",%progbits
 1421 0000 7C000000 		.4byte	0x7c
 1422 0004 0200     		.2byte	0x2
 1423 0006 00000000 		.4byte	.Ldebug_info0
 1424 000a 04       		.byte	0x4
 1425 000b 00       		.byte	0
 1426 000c 0000     		.2byte	0
 1427 000e 0000     		.2byte	0
 1428 0010 00000000 		.4byte	.LFB3
 1429 0014 02000000 		.4byte	.LFE3-.LFB3
 1430 0018 00000000 		.4byte	.LFB0
 1431 001c 2C000000 		.4byte	.LFE0-.LFB0
 1432 0020 00000000 		.4byte	.LFB1
 1433 0024 28000000 		.4byte	.LFE1-.LFB1
 1434 0028 00000000 		.4byte	.LFB2
 1435 002c 1C000000 		.4byte	.LFE2-.LFB2
 1436 0030 00000000 		.4byte	.LFB4
 1437 0034 0C000000 		.4byte	.LFE4-.LFB4
 1438 0038 00000000 		.4byte	.LFB5
 1439 003c 0C000000 		.4byte	.LFE5-.LFB5
 1440 0040 00000000 		.4byte	.LFB6
 1441 0044 10000000 		.4byte	.LFE6-.LFB6
 1442 0048 00000000 		.4byte	.LFB7
 1443 004c 0C000000 		.4byte	.LFE7-.LFB7
 1444 0050 00000000 		.4byte	.LFB8
 1445 0054 0C000000 		.4byte	.LFE8-.LFB8
 1446 0058 00000000 		.4byte	.LFB9
 1447 005c 10000000 		.4byte	.LFE9-.LFB9
 1448 0060 00000000 		.4byte	.LFB10
 1449 0064 0C000000 		.4byte	.LFE10-.LFB10
 1450 0068 00000000 		.4byte	.LFB11
ARM GAS  C:\Users\Eih3\AppData\Local\Temp\cclvsDLa.s 			page 34


 1451 006c 0C000000 		.4byte	.LFE11-.LFB11
 1452 0070 00000000 		.4byte	.LFB12
 1453 0074 0C000000 		.4byte	.LFE12-.LFB12
 1454 0078 00000000 		.4byte	0
 1455 007c 00000000 		.4byte	0
 1456              		.section	.debug_ranges,"",%progbits
 1457              	.Ldebug_ranges0:
 1458 0000 06000000 		.4byte	.LBB32
 1459 0004 0C000000 		.4byte	.LBE32
 1460 0008 0E000000 		.4byte	.LBB38
 1461 000c 10000000 		.4byte	.LBE38
 1462 0010 00000000 		.4byte	0
 1463 0014 00000000 		.4byte	0
 1464 0018 0C000000 		.4byte	.LBB35
 1465 001c 0E000000 		.4byte	.LBE35
 1466 0020 10000000 		.4byte	.LBB39
 1467 0024 14000000 		.4byte	.LBE39
 1468 0028 00000000 		.4byte	0
 1469 002c 00000000 		.4byte	0
 1470 0030 00000000 		.4byte	.LFB3
 1471 0034 02000000 		.4byte	.LFE3
 1472 0038 00000000 		.4byte	.LFB0
 1473 003c 2C000000 		.4byte	.LFE0
 1474 0040 00000000 		.4byte	.LFB1
 1475 0044 28000000 		.4byte	.LFE1
 1476 0048 00000000 		.4byte	.LFB2
 1477 004c 1C000000 		.4byte	.LFE2
 1478 0050 00000000 		.4byte	.LFB4
 1479 0054 0C000000 		.4byte	.LFE4
 1480 0058 00000000 		.4byte	.LFB5
 1481 005c 0C000000 		.4byte	.LFE5
 1482 0060 00000000 		.4byte	.LFB6
 1483 0064 10000000 		.4byte	.LFE6
 1484 0068 00000000 		.4byte	.LFB7
 1485 006c 0C000000 		.4byte	.LFE7
 1486 0070 00000000 		.4byte	.LFB8
 1487 0074 0C000000 		.4byte	.LFE8
 1488 0078 00000000 		.4byte	.LFB9
 1489 007c 10000000 		.4byte	.LFE9
 1490 0080 00000000 		.4byte	.LFB10
 1491 0084 0C000000 		.4byte	.LFE10
 1492 0088 00000000 		.4byte	.LFB11
 1493 008c 0C000000 		.4byte	.LFE11
 1494 0090 00000000 		.4byte	.LFB12
 1495 0094 0C000000 		.4byte	.LFE12
 1496 0098 00000000 		.4byte	0
 1497 009c 00000000 		.4byte	0
 1498              		.section	.debug_line,"",%progbits
 1499              	.Ldebug_line0:
 1500 0000 53010000 		.section	.debug_str,"MS",%progbits,1
 1500      02004400 
 1500      00000201 
 1500      FB0E0D00 
 1500      01010101 
 1501              	.LASF32:
 1502 0000 6973725F 		.ascii	"isr_1_ClearPending\000"
 1502      315F436C 
ARM GAS  C:\Users\Eih3\AppData\Local\Temp\cclvsDLa.s 			page 35


 1502      65617250 
 1502      656E6469 
 1502      6E6700
 1503              	.LASF16:
 1504 0013 72656733 		.ascii	"reg32\000"
 1504      3200
 1505              	.LASF31:
 1506 0019 6973725F 		.ascii	"isr_1_SetPending\000"
 1506      315F5365 
 1506      7450656E 
 1506      64696E67 
 1506      00
 1507              	.LASF36:
 1508 002a 6973725F 		.ascii	"isr_1_GetState\000"
 1508      315F4765 
 1508      74537461 
 1508      746500
 1509              	.LASF34:
 1510 0039 2E5C4765 		.ascii	".\\Generated_Source\\PSoC5\\isr_1.c\000"
 1510      6E657261 
 1510      7465645F 
 1510      536F7572 
 1510      63655C50 
 1511              	.LASF22:
 1512 005a 6973725F 		.ascii	"isr_1_Disable\000"
 1512      315F4469 
 1512      7361626C 
 1512      6500
 1513              	.LASF26:
 1514 0068 6973725F 		.ascii	"isr_1_Stop\000"
 1514      315F5374 
 1514      6F7000
 1515              	.LASF24:
 1516 0073 6973725F 		.ascii	"isr_1_Start\000"
 1516      315F5374 
 1516      61727400 
 1517              	.LASF4:
 1518 007f 73686F72 		.ascii	"short unsigned int\000"
 1518      7420756E 
 1518      7369676E 
 1518      65642069 
 1518      6E7400
 1519              	.LASF28:
 1520 0092 6973725F 		.ascii	"isr_1_GetPriority\000"
 1520      315F4765 
 1520      74507269 
 1520      6F726974 
 1520      7900
 1521              	.LASF13:
 1522 00a4 666C6F61 		.ascii	"float\000"
 1522      7400
 1523              	.LASF2:
 1524 00aa 756E7369 		.ascii	"unsigned char\000"
 1524      676E6564 
 1524      20636861 
 1524      7200
 1525              	.LASF15:
ARM GAS  C:\Users\Eih3\AppData\Local\Temp\cclvsDLa.s 			page 36


 1526 00b8 72656738 		.ascii	"reg8\000"
 1526      00
 1527              	.LASF6:
 1528 00bd 6C6F6E67 		.ascii	"long unsigned int\000"
 1528      20756E73 
 1528      69676E65 
 1528      6420696E 
 1528      7400
 1529              	.LASF11:
 1530 00cf 75696E74 		.ascii	"uint8\000"
 1530      3800
 1531              	.LASF35:
 1532 00d5 443A5C45 		.ascii	"D:\\Eih3Cloud\\Projet Programme\\Module HF\\5\\Modu"
 1532      69683343 
 1532      6C6F7564 
 1532      5C50726F 
 1532      6A657420 
 1533 0103 6C652048 		.ascii	"le HF.cydsn\000"
 1533      462E6379 
 1533      64736E00 
 1534              	.LASF21:
 1535 010f 7072696F 		.ascii	"priority\000"
 1535      72697479 
 1535      00
 1536              	.LASF14:
 1537 0118 646F7562 		.ascii	"double\000"
 1537      6C6500
 1538              	.LASF19:
 1539 011f 6973725F 		.ascii	"isr_1_SetPriority\000"
 1539      315F5365 
 1539      74507269 
 1539      6F726974 
 1539      7900
 1540              	.LASF12:
 1541 0131 75696E74 		.ascii	"uint32\000"
 1541      333200
 1542              	.LASF0:
 1543 0138 756E7369 		.ascii	"unsigned int\000"
 1543      676E6564 
 1543      20696E74 
 1543      00
 1544              	.LASF20:
 1545 0145 61646472 		.ascii	"address\000"
 1545      65737300 
 1546              	.LASF8:
 1547 014d 6C6F6E67 		.ascii	"long long unsigned int\000"
 1547      206C6F6E 
 1547      6720756E 
 1547      7369676E 
 1547      65642069 
 1548              	.LASF17:
 1549 0164 63796973 		.ascii	"cyisraddress\000"
 1549      72616464 
 1549      72657373 
 1549      00
 1550              	.LASF9:
 1551 0171 73697A65 		.ascii	"sizetype\000"
ARM GAS  C:\Users\Eih3\AppData\Local\Temp\cclvsDLa.s 			page 37


 1551      74797065 
 1551      00
 1552              	.LASF7:
 1553 017a 6C6F6E67 		.ascii	"long long int\000"
 1553      206C6F6E 
 1553      6720696E 
 1553      7400
 1554              	.LASF23:
 1555 0188 6973725F 		.ascii	"isr_1_Enable\000"
 1555      315F456E 
 1555      61626C65 
 1555      00
 1556              	.LASF10:
 1557 0195 63686172 		.ascii	"char\000"
 1557      00
 1558              	.LASF29:
 1559 019a 72616D56 		.ascii	"ramVectorTable\000"
 1559      6563746F 
 1559      72546162 
 1559      6C6500
 1560              	.LASF3:
 1561 01a9 73686F72 		.ascii	"short int\000"
 1561      7420696E 
 1561      7400
 1562              	.LASF27:
 1563 01b3 6973725F 		.ascii	"isr_1_GetVector\000"
 1563      315F4765 
 1563      74566563 
 1563      746F7200 
 1564              	.LASF30:
 1565 01c3 6973725F 		.ascii	"isr_1_Interrupt\000"
 1565      315F496E 
 1565      74657272 
 1565      75707400 
 1566              	.LASF33:
 1567 01d3 474E5520 		.ascii	"GNU C 4.8.4 20140526 (release) [ARM/embedded-4_8-br"
 1567      4320342E 
 1567      382E3420 
 1567      32303134 
 1567      30353236 
 1568 0206 616E6368 		.ascii	"anch revision 211358] -mcpu=cortex-m3 -mthumb -g -O"
 1568      20726576 
 1568      6973696F 
 1568      6E203231 
 1568      31333538 
 1569 0239 73202D66 		.ascii	"s -ffunction-sections\000"
 1569      66756E63 
 1569      74696F6E 
 1569      2D736563 
 1569      74696F6E 
 1570              	.LASF5:
 1571 024f 6C6F6E67 		.ascii	"long int\000"
 1571      20696E74 
 1571      00
 1572              	.LASF1:
 1573 0258 7369676E 		.ascii	"signed char\000"
 1573      65642063 
ARM GAS  C:\Users\Eih3\AppData\Local\Temp\cclvsDLa.s 			page 38


 1573      68617200 
 1574              	.LASF25:
 1575 0264 6973725F 		.ascii	"isr_1_StartEx\000"
 1575      315F5374 
 1575      61727445 
 1575      7800
 1576              	.LASF18:
 1577 0272 6973725F 		.ascii	"isr_1_SetVector\000"
 1577      315F5365 
 1577      74566563 
 1577      746F7200 
 1578              		.ident	"GCC: (GNU Tools for ARM Embedded Processors) 4.8.4 20140526 (release) [ARM/embedded-4_8-br
