ARM GAS  C:\Users\Eih3\AppData\Local\Temp\ccL22wbh.s 			page 1


   1              		.syntax unified
   2              		.cpu cortex-m3
   3              		.fpu softvfp
   4              		.eabi_attribute 20, 1
   5              		.eabi_attribute 21, 1
   6              		.eabi_attribute 23, 3
   7              		.eabi_attribute 24, 1
   8              		.eabi_attribute 25, 1
   9              		.eabi_attribute 26, 1
  10              		.eabi_attribute 30, 4
  11              		.eabi_attribute 34, 1
  12              		.eabi_attribute 18, 4
  13              		.thumb
  14              		.file	"main.c"
  15              		.text
  16              	.Ltext0:
  17              		.cfi_sections	.debug_frame
  18              		.section	.text.startup.main,"ax",%progbits
  19              		.align	1
  20              		.global	main
  21              		.thumb
  22              		.thumb_func
  23              		.type	main, %function
  24              	main:
  25              	.LFB56:
  26              		.file 1 ".\\main.c"
   1:.\main.c      **** /***************************************************************
   2:.\main.c      **** * Nom Fichier: main.c
   3:.\main.c      **** *
   4:.\main.c      **** * Programme: Carte Module HF
   5:.\main.c      **** *
   6:.\main.c      **** * Fonctions: - Liaison HF           
   7:.\main.c      **** *            - Liaison I²C          
   8:.\main.c      **** *            - Commande Relai       
   9:.\main.c      **** *            - R/W EEPROM
  10:.\main.c      **** *            - AP Wifi
  11:.\main.c      **** *
  12:.\main.c      **** * Dernière MàJ: 11/05/2015
  13:.\main.c      **** *
  14:.\main.c      **** ****************************************************************
  15:.\main.c      **** * CARNUS 2015, Escamez Michel - Soler Donovan - Verdier Jordan
  16:.\main.c      **** ***************************************************************/
  17:.\main.c      **** 
  18:.\main.c      **** /**** Déclarations & Directives ****/
  19:.\main.c      **** #include <Application.h>
  20:.\main.c      **** 
  21:.\main.c      **** /**** Base du programme ****/
  22:.\main.c      **** int main() { Application(); }
  27              		.loc 1 22 0
  28              		.cfi_startproc
  29              		@ args = 0, pretend = 0, frame = 0
  30              		@ frame_needed = 0, uses_anonymous_args = 0
  31 0000 08B5     		push	{r3, lr}
  32              		.cfi_def_cfa_offset 8
  33              		.cfi_offset 3, -8
  34              		.cfi_offset 14, -4
  35              		.loc 1 22 0
ARM GAS  C:\Users\Eih3\AppData\Local\Temp\ccL22wbh.s 			page 2


  36 0002 FFF7FEFF 		bl	Application
  37              	.LVL0:
  38 0006 08BD     		pop	{r3, pc}
  39              		.cfi_endproc
  40              	.LFE56:
  41              		.size	main, .-main
  42              		.comm	i,1,1
  43              		.text
  44              	.Letext0:
  45              		.file 2 "c:\\program files (x86)\\cypress\\psoc creator\\3.1\\psoc creator\\import\\gnu_cs\\arm\\4
  46              		.file 3 "c:\\program files (x86)\\cypress\\psoc creator\\3.1\\psoc creator\\import\\gnu_cs\\arm\\4
  47              		.file 4 ".\\Generated_Source\\PSoC5/cytypes.h"
  48              		.file 5 ".\\Generated_Source\\PSoC5/core_cm3.h"
  49              		.file 6 "./EEPROM.h"
  50              		.file 7 "./Application.h"
  51              		.section	.debug_info,"",%progbits
  52              	.Ldebug_info0:
  53 0000 F1000000 		.4byte	0xf1
  54 0004 0400     		.2byte	0x4
  55 0006 00000000 		.4byte	.Ldebug_abbrev0
  56 000a 04       		.byte	0x4
  57 000b 01       		.uleb128 0x1
  58 000c 62000000 		.4byte	.LASF17
  59 0010 01       		.byte	0x1
  60 0011 06010000 		.4byte	.LASF18
  61 0015 0F010000 		.4byte	.LASF19
  62 0019 00000000 		.4byte	.Ldebug_ranges0+0
  63 001d 00000000 		.4byte	0
  64 0021 00000000 		.4byte	.Ldebug_line0
  65 0025 02       		.uleb128 0x2
  66 0026 01       		.byte	0x1
  67 0027 06       		.byte	0x6
  68 0028 4A010000 		.4byte	.LASF0
  69 002c 02       		.uleb128 0x2
  70 002d 01       		.byte	0x1
  71 002e 08       		.byte	0x8
  72 002f EA000000 		.4byte	.LASF1
  73 0033 02       		.uleb128 0x2
  74 0034 02       		.byte	0x2
  75 0035 05       		.byte	0x5
  76 0036 66010000 		.4byte	.LASF2
  77 003a 02       		.uleb128 0x2
  78 003b 02       		.byte	0x2
  79 003c 07       		.byte	0x7
  80 003d 0E000000 		.4byte	.LASF3
  81 0041 03       		.uleb128 0x3
  82 0042 56010000 		.4byte	.LASF9
  83 0046 02       		.byte	0x2
  84 0047 37       		.byte	0x37
  85 0048 4C000000 		.4byte	0x4c
  86 004c 02       		.uleb128 0x2
  87 004d 04       		.byte	0x4
  88 004e 05       		.byte	0x5
  89 004f FD000000 		.4byte	.LASF4
  90 0053 02       		.uleb128 0x2
  91 0054 04       		.byte	0x4
  92 0055 07       		.byte	0x7
ARM GAS  C:\Users\Eih3\AppData\Local\Temp\ccL22wbh.s 			page 3


  93 0056 39000000 		.4byte	.LASF5
  94 005a 02       		.uleb128 0x2
  95 005b 08       		.byte	0x8
  96 005c 05       		.byte	0x5
  97 005d 00000000 		.4byte	.LASF6
  98 0061 02       		.uleb128 0x2
  99 0062 08       		.byte	0x8
 100 0063 07       		.byte	0x7
 101 0064 4B000000 		.4byte	.LASF7
 102 0068 04       		.uleb128 0x4
 103 0069 04       		.byte	0x4
 104 006a 05       		.byte	0x5
 105 006b 696E7400 		.ascii	"int\000"
 106 006f 02       		.uleb128 0x2
 107 0070 04       		.byte	0x4
 108 0071 07       		.byte	0x7
 109 0072 21000000 		.4byte	.LASF8
 110 0076 03       		.uleb128 0x3
 111 0077 70010000 		.4byte	.LASF10
 112 007b 03       		.byte	0x3
 113 007c 41       		.byte	0x41
 114 007d 41000000 		.4byte	0x41
 115 0081 03       		.uleb128 0x3
 116 0082 33000000 		.4byte	.LASF11
 117 0086 04       		.byte	0x4
 118 0087 A1       		.byte	0xa1
 119 0088 2C000000 		.4byte	0x2c
 120 008c 02       		.uleb128 0x2
 121 008d 04       		.byte	0x4
 122 008e 04       		.byte	0x4
 123 008f 60010000 		.4byte	.LASF12
 124 0093 02       		.uleb128 0x2
 125 0094 08       		.byte	0x8
 126 0095 04       		.byte	0x4
 127 0096 36010000 		.4byte	.LASF13
 128 009a 02       		.uleb128 0x2
 129 009b 01       		.byte	0x1
 130 009c 08       		.byte	0x8
 131 009d F8000000 		.4byte	.LASF14
 132 00a1 02       		.uleb128 0x2
 133 00a2 04       		.byte	0x4
 134 00a3 07       		.byte	0x7
 135 00a4 78010000 		.4byte	.LASF15
 136 00a8 05       		.uleb128 0x5
 137 00a9 2E000000 		.4byte	.LASF20
 138 00ad 01       		.byte	0x1
 139 00ae 16       		.byte	0x16
 140 00af 68000000 		.4byte	0x68
 141 00b3 00000000 		.4byte	.LFB56
 142 00b7 08000000 		.4byte	.LFE56-.LFB56
 143 00bb 01       		.uleb128 0x1
 144 00bc 9C       		.byte	0x9c
 145 00bd CB000000 		.4byte	0xcb
 146 00c1 06       		.uleb128 0x6
 147 00c2 06000000 		.4byte	.LVL0
 148 00c6 EB000000 		.4byte	0xeb
 149 00ca 00       		.byte	0
ARM GAS  C:\Users\Eih3\AppData\Local\Temp\ccL22wbh.s 			page 4


 150 00cb 07       		.uleb128 0x7
 151 00cc 3D010000 		.4byte	.LASF16
 152 00d0 05       		.byte	0x5
 153 00d1 1606     		.2byte	0x616
 154 00d3 D7000000 		.4byte	0xd7
 155 00d7 08       		.uleb128 0x8
 156 00d8 76000000 		.4byte	0x76
 157 00dc 09       		.uleb128 0x9
 158 00dd 6900     		.ascii	"i\000"
 159 00df 06       		.byte	0x6
 160 00e0 0D       		.byte	0xd
 161 00e1 81000000 		.4byte	0x81
 162 00e5 05       		.uleb128 0x5
 163 00e6 03       		.byte	0x3
 164 00e7 00000000 		.4byte	i
 165 00eb 0A       		.uleb128 0xa
 166 00ec DE000000 		.4byte	.LASF21
 167 00f0 07       		.byte	0x7
 168 00f1 14       		.byte	0x14
 169 00f2 0B       		.uleb128 0xb
 170 00f3 00       		.byte	0
 171 00f4 00       		.byte	0
 172              		.section	.debug_abbrev,"",%progbits
 173              	.Ldebug_abbrev0:
 174 0000 01       		.uleb128 0x1
 175 0001 11       		.uleb128 0x11
 176 0002 01       		.byte	0x1
 177 0003 25       		.uleb128 0x25
 178 0004 0E       		.uleb128 0xe
 179 0005 13       		.uleb128 0x13
 180 0006 0B       		.uleb128 0xb
 181 0007 03       		.uleb128 0x3
 182 0008 0E       		.uleb128 0xe
 183 0009 1B       		.uleb128 0x1b
 184 000a 0E       		.uleb128 0xe
 185 000b 55       		.uleb128 0x55
 186 000c 17       		.uleb128 0x17
 187 000d 11       		.uleb128 0x11
 188 000e 01       		.uleb128 0x1
 189 000f 10       		.uleb128 0x10
 190 0010 17       		.uleb128 0x17
 191 0011 00       		.byte	0
 192 0012 00       		.byte	0
 193 0013 02       		.uleb128 0x2
 194 0014 24       		.uleb128 0x24
 195 0015 00       		.byte	0
 196 0016 0B       		.uleb128 0xb
 197 0017 0B       		.uleb128 0xb
 198 0018 3E       		.uleb128 0x3e
 199 0019 0B       		.uleb128 0xb
 200 001a 03       		.uleb128 0x3
 201 001b 0E       		.uleb128 0xe
 202 001c 00       		.byte	0
 203 001d 00       		.byte	0
 204 001e 03       		.uleb128 0x3
 205 001f 16       		.uleb128 0x16
 206 0020 00       		.byte	0
ARM GAS  C:\Users\Eih3\AppData\Local\Temp\ccL22wbh.s 			page 5


 207 0021 03       		.uleb128 0x3
 208 0022 0E       		.uleb128 0xe
 209 0023 3A       		.uleb128 0x3a
 210 0024 0B       		.uleb128 0xb
 211 0025 3B       		.uleb128 0x3b
 212 0026 0B       		.uleb128 0xb
 213 0027 49       		.uleb128 0x49
 214 0028 13       		.uleb128 0x13
 215 0029 00       		.byte	0
 216 002a 00       		.byte	0
 217 002b 04       		.uleb128 0x4
 218 002c 24       		.uleb128 0x24
 219 002d 00       		.byte	0
 220 002e 0B       		.uleb128 0xb
 221 002f 0B       		.uleb128 0xb
 222 0030 3E       		.uleb128 0x3e
 223 0031 0B       		.uleb128 0xb
 224 0032 03       		.uleb128 0x3
 225 0033 08       		.uleb128 0x8
 226 0034 00       		.byte	0
 227 0035 00       		.byte	0
 228 0036 05       		.uleb128 0x5
 229 0037 2E       		.uleb128 0x2e
 230 0038 01       		.byte	0x1
 231 0039 3F       		.uleb128 0x3f
 232 003a 19       		.uleb128 0x19
 233 003b 03       		.uleb128 0x3
 234 003c 0E       		.uleb128 0xe
 235 003d 3A       		.uleb128 0x3a
 236 003e 0B       		.uleb128 0xb
 237 003f 3B       		.uleb128 0x3b
 238 0040 0B       		.uleb128 0xb
 239 0041 49       		.uleb128 0x49
 240 0042 13       		.uleb128 0x13
 241 0043 11       		.uleb128 0x11
 242 0044 01       		.uleb128 0x1
 243 0045 12       		.uleb128 0x12
 244 0046 06       		.uleb128 0x6
 245 0047 40       		.uleb128 0x40
 246 0048 18       		.uleb128 0x18
 247 0049 9742     		.uleb128 0x2117
 248 004b 19       		.uleb128 0x19
 249 004c 01       		.uleb128 0x1
 250 004d 13       		.uleb128 0x13
 251 004e 00       		.byte	0
 252 004f 00       		.byte	0
 253 0050 06       		.uleb128 0x6
 254 0051 898201   		.uleb128 0x4109
 255 0054 00       		.byte	0
 256 0055 11       		.uleb128 0x11
 257 0056 01       		.uleb128 0x1
 258 0057 31       		.uleb128 0x31
 259 0058 13       		.uleb128 0x13
 260 0059 00       		.byte	0
 261 005a 00       		.byte	0
 262 005b 07       		.uleb128 0x7
 263 005c 34       		.uleb128 0x34
ARM GAS  C:\Users\Eih3\AppData\Local\Temp\ccL22wbh.s 			page 6


 264 005d 00       		.byte	0
 265 005e 03       		.uleb128 0x3
 266 005f 0E       		.uleb128 0xe
 267 0060 3A       		.uleb128 0x3a
 268 0061 0B       		.uleb128 0xb
 269 0062 3B       		.uleb128 0x3b
 270 0063 05       		.uleb128 0x5
 271 0064 49       		.uleb128 0x49
 272 0065 13       		.uleb128 0x13
 273 0066 3F       		.uleb128 0x3f
 274 0067 19       		.uleb128 0x19
 275 0068 3C       		.uleb128 0x3c
 276 0069 19       		.uleb128 0x19
 277 006a 00       		.byte	0
 278 006b 00       		.byte	0
 279 006c 08       		.uleb128 0x8
 280 006d 35       		.uleb128 0x35
 281 006e 00       		.byte	0
 282 006f 49       		.uleb128 0x49
 283 0070 13       		.uleb128 0x13
 284 0071 00       		.byte	0
 285 0072 00       		.byte	0
 286 0073 09       		.uleb128 0x9
 287 0074 34       		.uleb128 0x34
 288 0075 00       		.byte	0
 289 0076 03       		.uleb128 0x3
 290 0077 08       		.uleb128 0x8
 291 0078 3A       		.uleb128 0x3a
 292 0079 0B       		.uleb128 0xb
 293 007a 3B       		.uleb128 0x3b
 294 007b 0B       		.uleb128 0xb
 295 007c 49       		.uleb128 0x49
 296 007d 13       		.uleb128 0x13
 297 007e 3F       		.uleb128 0x3f
 298 007f 19       		.uleb128 0x19
 299 0080 02       		.uleb128 0x2
 300 0081 18       		.uleb128 0x18
 301 0082 00       		.byte	0
 302 0083 00       		.byte	0
 303 0084 0A       		.uleb128 0xa
 304 0085 2E       		.uleb128 0x2e
 305 0086 01       		.byte	0x1
 306 0087 3F       		.uleb128 0x3f
 307 0088 19       		.uleb128 0x19
 308 0089 03       		.uleb128 0x3
 309 008a 0E       		.uleb128 0xe
 310 008b 3A       		.uleb128 0x3a
 311 008c 0B       		.uleb128 0xb
 312 008d 3B       		.uleb128 0x3b
 313 008e 0B       		.uleb128 0xb
 314 008f 3C       		.uleb128 0x3c
 315 0090 19       		.uleb128 0x19
 316 0091 00       		.byte	0
 317 0092 00       		.byte	0
 318 0093 0B       		.uleb128 0xb
 319 0094 18       		.uleb128 0x18
 320 0095 00       		.byte	0
ARM GAS  C:\Users\Eih3\AppData\Local\Temp\ccL22wbh.s 			page 7


 321 0096 00       		.byte	0
 322 0097 00       		.byte	0
 323 0098 00       		.byte	0
 324              		.section	.debug_aranges,"",%progbits
 325 0000 1C000000 		.4byte	0x1c
 326 0004 0200     		.2byte	0x2
 327 0006 00000000 		.4byte	.Ldebug_info0
 328 000a 04       		.byte	0x4
 329 000b 00       		.byte	0
 330 000c 0000     		.2byte	0
 331 000e 0000     		.2byte	0
 332 0010 00000000 		.4byte	.LFB56
 333 0014 08000000 		.4byte	.LFE56-.LFB56
 334 0018 00000000 		.4byte	0
 335 001c 00000000 		.4byte	0
 336              		.section	.debug_ranges,"",%progbits
 337              	.Ldebug_ranges0:
 338 0000 00000000 		.4byte	.LFB56
 339 0004 08000000 		.4byte	.LFE56
 340 0008 00000000 		.4byte	0
 341 000c 00000000 		.4byte	0
 342              		.section	.debug_line,"",%progbits
 343              	.Ldebug_line0:
 344 0000 88010000 		.section	.debug_str,"MS",%progbits,1
 344      02007201 
 344      00000201 
 344      FB0E0D00 
 344      01010101 
 345              	.LASF6:
 346 0000 6C6F6E67 		.ascii	"long long int\000"
 346      206C6F6E 
 346      6720696E 
 346      7400
 347              	.LASF3:
 348 000e 73686F72 		.ascii	"short unsigned int\000"
 348      7420756E 
 348      7369676E 
 348      65642069 
 348      6E7400
 349              	.LASF8:
 350 0021 756E7369 		.ascii	"unsigned int\000"
 350      676E6564 
 350      20696E74 
 350      00
 351              	.LASF20:
 352 002e 6D61696E 		.ascii	"main\000"
 352      00
 353              	.LASF11:
 354 0033 75696E74 		.ascii	"uint8\000"
 354      3800
 355              	.LASF5:
 356 0039 6C6F6E67 		.ascii	"long unsigned int\000"
 356      20756E73 
 356      69676E65 
 356      6420696E 
 356      7400
 357              	.LASF7:
ARM GAS  C:\Users\Eih3\AppData\Local\Temp\ccL22wbh.s 			page 8


 358 004b 6C6F6E67 		.ascii	"long long unsigned int\000"
 358      206C6F6E 
 358      6720756E 
 358      7369676E 
 358      65642069 
 359              	.LASF17:
 360 0062 474E5520 		.ascii	"GNU C 4.8.4 20140526 (release) [ARM/embedded-4_8-br"
 360      4320342E 
 360      382E3420 
 360      32303134 
 360      30353236 
 361 0095 616E6368 		.ascii	"anch revision 211358] -mcpu=cortex-m3 -mthumb -g -O"
 361      20726576 
 361      6973696F 
 361      6E203231 
 361      31333538 
 362 00c8 73202D66 		.ascii	"s -ffunction-sections\000"
 362      66756E63 
 362      74696F6E 
 362      2D736563 
 362      74696F6E 
 363              	.LASF21:
 364 00de 4170706C 		.ascii	"Application\000"
 364      69636174 
 364      696F6E00 
 365              	.LASF1:
 366 00ea 756E7369 		.ascii	"unsigned char\000"
 366      676E6564 
 366      20636861 
 366      7200
 367              	.LASF14:
 368 00f8 63686172 		.ascii	"char\000"
 368      00
 369              	.LASF4:
 370 00fd 6C6F6E67 		.ascii	"long int\000"
 370      20696E74 
 370      00
 371              	.LASF18:
 372 0106 2E5C6D61 		.ascii	".\\main.c\000"
 372      696E2E63 
 372      00
 373              	.LASF19:
 374 010f 443A5C45 		.ascii	"D:\\Eih3Cloud\\Module HF\\Module HF.cydsn\000"
 374      69683343 
 374      6C6F7564 
 374      5C4D6F64 
 374      756C6520 
 375              	.LASF13:
 376 0136 646F7562 		.ascii	"double\000"
 376      6C6500
 377              	.LASF16:
 378 013d 49544D5F 		.ascii	"ITM_RxBuffer\000"
 378      52784275 
 378      66666572 
 378      00
 379              	.LASF0:
 380 014a 7369676E 		.ascii	"signed char\000"
ARM GAS  C:\Users\Eih3\AppData\Local\Temp\ccL22wbh.s 			page 9


 380      65642063 
 380      68617200 
 381              	.LASF9:
 382 0156 5F5F696E 		.ascii	"__int32_t\000"
 382      7433325F 
 382      7400
 383              	.LASF12:
 384 0160 666C6F61 		.ascii	"float\000"
 384      7400
 385              	.LASF2:
 386 0166 73686F72 		.ascii	"short int\000"
 386      7420696E 
 386      7400
 387              	.LASF10:
 388 0170 696E7433 		.ascii	"int32_t\000"
 388      325F7400 
 389              	.LASF15:
 390 0178 73697A65 		.ascii	"sizetype\000"
 390      74797065 
 390      00
 391              		.ident	"GCC: (GNU Tools for ARM Embedded Processors) 4.8.4 20140526 (release) [ARM/embedded-4_8-br
