ARM GAS  C:\Users\Eih3\AppData\Local\Temp\ccT9j7kI.s 			page 1


   1              		.syntax unified
   2              		.cpu cortex-m3
   3              		.fpu softvfp
   4              		.eabi_attribute 20, 1
   5              		.eabi_attribute 21, 1
   6              		.eabi_attribute 23, 3
   7              		.eabi_attribute 24, 1
   8              		.eabi_attribute 25, 1
   9              		.eabi_attribute 26, 1
  10              		.eabi_attribute 30, 4
  11              		.eabi_attribute 34, 1
  12              		.eabi_attribute 18, 4
  13              		.thumb
  14              		.file	"module_hf.c"
  15              		.text
  16              	.Ltext0:
  17              		.cfi_sections	.debug_frame
  18              		.section	.text.Config,"ax",%progbits
  19              		.align	1
  20              		.global	Config
  21              		.thumb
  22              		.thumb_func
  23              		.type	Config, %function
  24              	Config:
  25              	.LFB56:
  26              		.file 1 ".\\module_hf.c"
   1:.\module_hf.c **** /****
   2:.\module_hf.c ****  * Fonctions Module_hf
   3:.\module_hf.c ****  ***/
   4:.\module_hf.c **** 
   5:.\module_hf.c **** /**** Déclarations & Directives ****/
   6:.\module_hf.c **** #include <project.h>
   7:.\module_hf.c **** //#include "module_hf.h"
   8:.\module_hf.c **** 
   9:.\module_hf.c **** /**** Configurations ****/
  10:.\module_hf.c **** void Config()
  11:.\module_hf.c **** {
  27              		.loc 1 11 0
  28              		.cfi_startproc
  29              		@ args = 0, pretend = 0, frame = 0
  30              		@ frame_needed = 0, uses_anonymous_args = 0
  31              		@ link register save eliminated.
  32 0000 7047     		bx	lr
  33              		.cfi_endproc
  34              	.LFE56:
  35              		.size	Config, .-Config
  36              		.text
  37              	.Letext0:
  38              		.file 2 "c:\\program files (x86)\\cypress\\psoc creator\\3.1\\psoc creator\\import\\gnu_cs\\arm\\4
  39              		.file 3 "c:\\program files (x86)\\cypress\\psoc creator\\3.1\\psoc creator\\import\\gnu_cs\\arm\\4
  40              		.file 4 ".\\Generated_Source\\PSoC5/core_cm3.h"
  41              		.section	.debug_info,"",%progbits
  42              	.Ldebug_info0:
  43 0000 BC000000 		.4byte	0xbc
  44 0004 0400     		.2byte	0x4
  45 0006 00000000 		.4byte	.Ldebug_abbrev0
  46 000a 04       		.byte	0x4
ARM GAS  C:\Users\Eih3\AppData\Local\Temp\ccT9j7kI.s 			page 2


  47 000b 01       		.uleb128 0x1
  48 000c 65000000 		.4byte	.LASF15
  49 0010 01       		.byte	0x1
  50 0011 2E000000 		.4byte	.LASF16
  51 0015 FD000000 		.4byte	.LASF17
  52 0019 00000000 		.4byte	.Ldebug_ranges0+0
  53 001d 00000000 		.4byte	0
  54 0021 00000000 		.4byte	.Ldebug_line0
  55 0025 02       		.uleb128 0x2
  56 0026 01       		.byte	0x1
  57 0027 06       		.byte	0x6
  58 0028 42010000 		.4byte	.LASF0
  59 002c 02       		.uleb128 0x2
  60 002d 01       		.byte	0x1
  61 002e 08       		.byte	0x8
  62 002f E1000000 		.4byte	.LASF1
  63 0033 02       		.uleb128 0x2
  64 0034 02       		.byte	0x2
  65 0035 05       		.byte	0x5
  66 0036 5E010000 		.4byte	.LASF2
  67 003a 02       		.uleb128 0x2
  68 003b 02       		.byte	0x2
  69 003c 07       		.byte	0x7
  70 003d 0E000000 		.4byte	.LASF3
  71 0041 03       		.uleb128 0x3
  72 0042 4E010000 		.4byte	.LASF9
  73 0046 02       		.byte	0x2
  74 0047 37       		.byte	0x37
  75 0048 4C000000 		.4byte	0x4c
  76 004c 02       		.uleb128 0x2
  77 004d 04       		.byte	0x4
  78 004e 05       		.byte	0x5
  79 004f F4000000 		.4byte	.LASF4
  80 0053 02       		.uleb128 0x2
  81 0054 04       		.byte	0x4
  82 0055 07       		.byte	0x7
  83 0056 3C000000 		.4byte	.LASF5
  84 005a 02       		.uleb128 0x2
  85 005b 08       		.byte	0x8
  86 005c 05       		.byte	0x5
  87 005d 00000000 		.4byte	.LASF6
  88 0061 02       		.uleb128 0x2
  89 0062 08       		.byte	0x8
  90 0063 07       		.byte	0x7
  91 0064 4E000000 		.4byte	.LASF7
  92 0068 04       		.uleb128 0x4
  93 0069 04       		.byte	0x4
  94 006a 05       		.byte	0x5
  95 006b 696E7400 		.ascii	"int\000"
  96 006f 02       		.uleb128 0x2
  97 0070 04       		.byte	0x4
  98 0071 07       		.byte	0x7
  99 0072 21000000 		.4byte	.LASF8
 100 0076 03       		.uleb128 0x3
 101 0077 68010000 		.4byte	.LASF10
 102 007b 03       		.byte	0x3
 103 007c 41       		.byte	0x41
ARM GAS  C:\Users\Eih3\AppData\Local\Temp\ccT9j7kI.s 			page 3


 104 007d 41000000 		.4byte	0x41
 105 0081 02       		.uleb128 0x2
 106 0082 04       		.byte	0x4
 107 0083 04       		.byte	0x4
 108 0084 58010000 		.4byte	.LASF11
 109 0088 02       		.uleb128 0x2
 110 0089 08       		.byte	0x8
 111 008a 04       		.byte	0x4
 112 008b 2E010000 		.4byte	.LASF12
 113 008f 02       		.uleb128 0x2
 114 0090 01       		.byte	0x1
 115 0091 08       		.byte	0x8
 116 0092 EF000000 		.4byte	.LASF13
 117 0096 02       		.uleb128 0x2
 118 0097 04       		.byte	0x4
 119 0098 07       		.byte	0x7
 120 0099 70010000 		.4byte	.LASF14
 121 009d 05       		.uleb128 0x5
 122 009e 27010000 		.4byte	.LASF18
 123 00a2 01       		.byte	0x1
 124 00a3 0A       		.byte	0xa
 125 00a4 00000000 		.4byte	.LFB56
 126 00a8 02000000 		.4byte	.LFE56-.LFB56
 127 00ac 01       		.uleb128 0x1
 128 00ad 9C       		.byte	0x9c
 129 00ae 06       		.uleb128 0x6
 130 00af 35010000 		.4byte	.LASF19
 131 00b3 04       		.byte	0x4
 132 00b4 1606     		.2byte	0x616
 133 00b6 BA000000 		.4byte	0xba
 134 00ba 07       		.uleb128 0x7
 135 00bb 76000000 		.4byte	0x76
 136 00bf 00       		.byte	0
 137              		.section	.debug_abbrev,"",%progbits
 138              	.Ldebug_abbrev0:
 139 0000 01       		.uleb128 0x1
 140 0001 11       		.uleb128 0x11
 141 0002 01       		.byte	0x1
 142 0003 25       		.uleb128 0x25
 143 0004 0E       		.uleb128 0xe
 144 0005 13       		.uleb128 0x13
 145 0006 0B       		.uleb128 0xb
 146 0007 03       		.uleb128 0x3
 147 0008 0E       		.uleb128 0xe
 148 0009 1B       		.uleb128 0x1b
 149 000a 0E       		.uleb128 0xe
 150 000b 55       		.uleb128 0x55
 151 000c 17       		.uleb128 0x17
 152 000d 11       		.uleb128 0x11
 153 000e 01       		.uleb128 0x1
 154 000f 10       		.uleb128 0x10
 155 0010 17       		.uleb128 0x17
 156 0011 00       		.byte	0
 157 0012 00       		.byte	0
 158 0013 02       		.uleb128 0x2
 159 0014 24       		.uleb128 0x24
 160 0015 00       		.byte	0
ARM GAS  C:\Users\Eih3\AppData\Local\Temp\ccT9j7kI.s 			page 4


 161 0016 0B       		.uleb128 0xb
 162 0017 0B       		.uleb128 0xb
 163 0018 3E       		.uleb128 0x3e
 164 0019 0B       		.uleb128 0xb
 165 001a 03       		.uleb128 0x3
 166 001b 0E       		.uleb128 0xe
 167 001c 00       		.byte	0
 168 001d 00       		.byte	0
 169 001e 03       		.uleb128 0x3
 170 001f 16       		.uleb128 0x16
 171 0020 00       		.byte	0
 172 0021 03       		.uleb128 0x3
 173 0022 0E       		.uleb128 0xe
 174 0023 3A       		.uleb128 0x3a
 175 0024 0B       		.uleb128 0xb
 176 0025 3B       		.uleb128 0x3b
 177 0026 0B       		.uleb128 0xb
 178 0027 49       		.uleb128 0x49
 179 0028 13       		.uleb128 0x13
 180 0029 00       		.byte	0
 181 002a 00       		.byte	0
 182 002b 04       		.uleb128 0x4
 183 002c 24       		.uleb128 0x24
 184 002d 00       		.byte	0
 185 002e 0B       		.uleb128 0xb
 186 002f 0B       		.uleb128 0xb
 187 0030 3E       		.uleb128 0x3e
 188 0031 0B       		.uleb128 0xb
 189 0032 03       		.uleb128 0x3
 190 0033 08       		.uleb128 0x8
 191 0034 00       		.byte	0
 192 0035 00       		.byte	0
 193 0036 05       		.uleb128 0x5
 194 0037 2E       		.uleb128 0x2e
 195 0038 00       		.byte	0
 196 0039 3F       		.uleb128 0x3f
 197 003a 19       		.uleb128 0x19
 198 003b 03       		.uleb128 0x3
 199 003c 0E       		.uleb128 0xe
 200 003d 3A       		.uleb128 0x3a
 201 003e 0B       		.uleb128 0xb
 202 003f 3B       		.uleb128 0x3b
 203 0040 0B       		.uleb128 0xb
 204 0041 11       		.uleb128 0x11
 205 0042 01       		.uleb128 0x1
 206 0043 12       		.uleb128 0x12
 207 0044 06       		.uleb128 0x6
 208 0045 40       		.uleb128 0x40
 209 0046 18       		.uleb128 0x18
 210 0047 9742     		.uleb128 0x2117
 211 0049 19       		.uleb128 0x19
 212 004a 00       		.byte	0
 213 004b 00       		.byte	0
 214 004c 06       		.uleb128 0x6
 215 004d 34       		.uleb128 0x34
 216 004e 00       		.byte	0
 217 004f 03       		.uleb128 0x3
ARM GAS  C:\Users\Eih3\AppData\Local\Temp\ccT9j7kI.s 			page 5


 218 0050 0E       		.uleb128 0xe
 219 0051 3A       		.uleb128 0x3a
 220 0052 0B       		.uleb128 0xb
 221 0053 3B       		.uleb128 0x3b
 222 0054 05       		.uleb128 0x5
 223 0055 49       		.uleb128 0x49
 224 0056 13       		.uleb128 0x13
 225 0057 3F       		.uleb128 0x3f
 226 0058 19       		.uleb128 0x19
 227 0059 3C       		.uleb128 0x3c
 228 005a 19       		.uleb128 0x19
 229 005b 00       		.byte	0
 230 005c 00       		.byte	0
 231 005d 07       		.uleb128 0x7
 232 005e 35       		.uleb128 0x35
 233 005f 00       		.byte	0
 234 0060 49       		.uleb128 0x49
 235 0061 13       		.uleb128 0x13
 236 0062 00       		.byte	0
 237 0063 00       		.byte	0
 238 0064 00       		.byte	0
 239              		.section	.debug_aranges,"",%progbits
 240 0000 1C000000 		.4byte	0x1c
 241 0004 0200     		.2byte	0x2
 242 0006 00000000 		.4byte	.Ldebug_info0
 243 000a 04       		.byte	0x4
 244 000b 00       		.byte	0
 245 000c 0000     		.2byte	0
 246 000e 0000     		.2byte	0
 247 0010 00000000 		.4byte	.LFB56
 248 0014 02000000 		.4byte	.LFE56-.LFB56
 249 0018 00000000 		.4byte	0
 250 001c 00000000 		.4byte	0
 251              		.section	.debug_ranges,"",%progbits
 252              	.Ldebug_ranges0:
 253 0000 00000000 		.4byte	.LFB56
 254 0004 02000000 		.4byte	.LFE56
 255 0008 00000000 		.4byte	0
 256 000c 00000000 		.4byte	0
 257              		.section	.debug_line,"",%progbits
 258              	.Ldebug_line0:
 259 0000 5E010000 		.section	.debug_str,"MS",%progbits,1
 259      02004901 
 259      00000201 
 259      FB0E0D00 
 259      01010101 
 260              	.LASF6:
 261 0000 6C6F6E67 		.ascii	"long long int\000"
 261      206C6F6E 
 261      6720696E 
 261      7400
 262              	.LASF3:
 263 000e 73686F72 		.ascii	"short unsigned int\000"
 263      7420756E 
 263      7369676E 
 263      65642069 
 263      6E7400
ARM GAS  C:\Users\Eih3\AppData\Local\Temp\ccT9j7kI.s 			page 6


 264              	.LASF8:
 265 0021 756E7369 		.ascii	"unsigned int\000"
 265      676E6564 
 265      20696E74 
 265      00
 266              	.LASF16:
 267 002e 2E5C6D6F 		.ascii	".\\module_hf.c\000"
 267      64756C65 
 267      5F68662E 
 267      6300
 268              	.LASF5:
 269 003c 6C6F6E67 		.ascii	"long unsigned int\000"
 269      20756E73 
 269      69676E65 
 269      6420696E 
 269      7400
 270              	.LASF7:
 271 004e 6C6F6E67 		.ascii	"long long unsigned int\000"
 271      206C6F6E 
 271      6720756E 
 271      7369676E 
 271      65642069 
 272              	.LASF15:
 273 0065 474E5520 		.ascii	"GNU C 4.8.4 20140526 (release) [ARM/embedded-4_8-br"
 273      4320342E 
 273      382E3420 
 273      32303134 
 273      30353236 
 274 0098 616E6368 		.ascii	"anch revision 211358] -mcpu=cortex-m3 -mthumb -g -O"
 274      20726576 
 274      6973696F 
 274      6E203231 
 274      31333538 
 275 00cb 73202D66 		.ascii	"s -ffunction-sections\000"
 275      66756E63 
 275      74696F6E 
 275      2D736563 
 275      74696F6E 
 276              	.LASF1:
 277 00e1 756E7369 		.ascii	"unsigned char\000"
 277      676E6564 
 277      20636861 
 277      7200
 278              	.LASF13:
 279 00ef 63686172 		.ascii	"char\000"
 279      00
 280              	.LASF4:
 281 00f4 6C6F6E67 		.ascii	"long int\000"
 281      20696E74 
 281      00
 282              	.LASF17:
 283 00fd 443A5C45 		.ascii	"D:\\Eih3Cloud\\Projet RAGT\\3\\Carte HF.cydsn\000"
 283      69683343 
 283      6C6F7564 
 283      5C50726F 
 283      6A657420 
 284              	.LASF18:
ARM GAS  C:\Users\Eih3\AppData\Local\Temp\ccT9j7kI.s 			page 7


 285 0127 436F6E66 		.ascii	"Config\000"
 285      696700
 286              	.LASF12:
 287 012e 646F7562 		.ascii	"double\000"
 287      6C6500
 288              	.LASF19:
 289 0135 49544D5F 		.ascii	"ITM_RxBuffer\000"
 289      52784275 
 289      66666572 
 289      00
 290              	.LASF0:
 291 0142 7369676E 		.ascii	"signed char\000"
 291      65642063 
 291      68617200 
 292              	.LASF9:
 293 014e 5F5F696E 		.ascii	"__int32_t\000"
 293      7433325F 
 293      7400
 294              	.LASF11:
 295 0158 666C6F61 		.ascii	"float\000"
 295      7400
 296              	.LASF2:
 297 015e 73686F72 		.ascii	"short int\000"
 297      7420696E 
 297      7400
 298              	.LASF10:
 299 0168 696E7433 		.ascii	"int32_t\000"
 299      325F7400 
 300              	.LASF14:
 301 0170 73697A65 		.ascii	"sizetype\000"
 301      74797065 
 301      00
 302              		.ident	"GCC: (GNU Tools for ARM Embedded Processors) 4.8.4 20140526 (release) [ARM/embedded-4_8-br
