ARM GAS  C:\Users\Eih3\AppData\Local\Temp\cckIu7de.s 			page 1


   1              		.syntax unified
   2              		.cpu cortex-m3
   3              		.fpu softvfp
   4              		.eabi_attribute 20, 1
   5              		.eabi_attribute 21, 1
   6              		.eabi_attribute 23, 3
   7              		.eabi_attribute 24, 1
   8              		.eabi_attribute 25, 1
   9              		.eabi_attribute 26, 1
  10              		.eabi_attribute 30, 4
  11              		.eabi_attribute 34, 1
  12              		.eabi_attribute 18, 4
  13              		.thumb
  14              		.file	"Variables.c"
  15              		.text
  16              	.Ltext0:
  17              		.cfi_sections	.debug_frame
  18              		.global	ConfigEnd
  19              		.comm	Rxflag,1,1
  20              		.global	RxData
  21              		.comm	readData,254,1
  22              		.comm	writeData,254,1
  23              		.global	dataBuffer
  24              		.global	adresse
  25              		.comm	i,1,1
  26              		.data
  27              		.type	RxData, %object
  28              		.size	RxData, 1
  29              	RxData:
  30 0000 20       		.byte	32
  31              		.bss
  32              		.type	ConfigEnd, %object
  33              		.size	ConfigEnd, 1
  34              	ConfigEnd:
  35 0000 00       		.space	1
  36              		.type	dataBuffer, %object
  37              		.size	dataBuffer, 254
  38              	dataBuffer:
  39 0001 00000000 		.space	254
  39      00000000 
  39      00000000 
  39      00000000 
  39      00000000 
  40              		.type	adresse, %object
  41              		.size	adresse, 2
  42              	adresse:
  43 00ff 0000     		.space	2
  44              		.text
  45              	.Letext0:
  46              		.file 1 "c:\\program files (x86)\\cypress\\psoc creator\\3.1\\psoc creator\\import\\gnu_cs\\arm\\4
  47              		.file 2 "c:\\program files (x86)\\cypress\\psoc creator\\3.1\\psoc creator\\import\\gnu_cs\\arm\\4
  48              		.file 3 ".\\Generated_Source\\PSoC5/cytypes.h"
  49              		.file 4 ".\\Generated_Source\\PSoC5/core_cm3.h"
  50              		.file 5 ".\\Variables.c"
  51              		.section	.debug_info,"",%progbits
  52              	.Ldebug_info0:
  53 0000 54010000 		.4byte	0x154
ARM GAS  C:\Users\Eih3\AppData\Local\Temp\cckIu7de.s 			page 2


  54 0004 0400     		.2byte	0x4
  55 0006 00000000 		.4byte	.Ldebug_abbrev0
  56 000a 04       		.byte	0x4
  57 000b 01       		.uleb128 0x1
  58 000c 71000000 		.4byte	.LASF24
  59 0010 01       		.byte	0x1
  60 0011 06010000 		.4byte	.LASF25
  61 0015 30010000 		.4byte	.LASF26
  62 0019 00000000 		.4byte	.Ldebug_line0
  63 001d 02       		.uleb128 0x2
  64 001e 01       		.byte	0x1
  65 001f 06       		.byte	0x6
  66 0020 7E010000 		.4byte	.LASF0
  67 0024 02       		.uleb128 0x2
  68 0025 01       		.byte	0x1
  69 0026 08       		.byte	0x8
  70 0027 F8000000 		.4byte	.LASF1
  71 002b 02       		.uleb128 0x2
  72 002c 02       		.byte	0x2
  73 002d 05       		.byte	0x5
  74 002e 9A010000 		.4byte	.LASF2
  75 0032 02       		.uleb128 0x2
  76 0033 02       		.byte	0x2
  77 0034 07       		.byte	0x7
  78 0035 0E000000 		.4byte	.LASF3
  79 0039 03       		.uleb128 0x3
  80 003a 8A010000 		.4byte	.LASF9
  81 003e 01       		.byte	0x1
  82 003f 37       		.byte	0x37
  83 0040 44000000 		.4byte	0x44
  84 0044 02       		.uleb128 0x2
  85 0045 04       		.byte	0x4
  86 0046 05       		.byte	0x5
  87 0047 19010000 		.4byte	.LASF4
  88 004b 02       		.uleb128 0x2
  89 004c 04       		.byte	0x4
  90 004d 07       		.byte	0x7
  91 004e 48000000 		.4byte	.LASF5
  92 0052 02       		.uleb128 0x2
  93 0053 08       		.byte	0x8
  94 0054 05       		.byte	0x5
  95 0055 00000000 		.4byte	.LASF6
  96 0059 02       		.uleb128 0x2
  97 005a 08       		.byte	0x8
  98 005b 07       		.byte	0x7
  99 005c 5A000000 		.4byte	.LASF7
 100 0060 04       		.uleb128 0x4
 101 0061 04       		.byte	0x4
 102 0062 05       		.byte	0x5
 103 0063 696E7400 		.ascii	"int\000"
 104 0067 02       		.uleb128 0x2
 105 0068 04       		.byte	0x4
 106 0069 07       		.byte	0x7
 107 006a 21000000 		.4byte	.LASF8
 108 006e 03       		.uleb128 0x3
 109 006f AC010000 		.4byte	.LASF10
 110 0073 02       		.byte	0x2
ARM GAS  C:\Users\Eih3\AppData\Local\Temp\cckIu7de.s 			page 3


 111 0074 41       		.byte	0x41
 112 0075 39000000 		.4byte	0x39
 113 0079 03       		.uleb128 0x3
 114 007a 42000000 		.4byte	.LASF11
 115 007e 03       		.byte	0x3
 116 007f A1       		.byte	0xa1
 117 0080 24000000 		.4byte	0x24
 118 0084 02       		.uleb128 0x2
 119 0085 04       		.byte	0x4
 120 0086 04       		.byte	0x4
 121 0087 94010000 		.4byte	.LASF12
 122 008b 02       		.uleb128 0x2
 123 008c 08       		.byte	0x8
 124 008d 04       		.byte	0x4
 125 008e 29010000 		.4byte	.LASF13
 126 0092 02       		.uleb128 0x2
 127 0093 01       		.byte	0x1
 128 0094 08       		.byte	0x8
 129 0095 14010000 		.4byte	.LASF14
 130 0099 02       		.uleb128 0x2
 131 009a 04       		.byte	0x4
 132 009b 07       		.byte	0x7
 133 009c BD010000 		.4byte	.LASF15
 134 00a0 05       		.uleb128 0x5
 135 00a1 71010000 		.4byte	.LASF16
 136 00a5 04       		.byte	0x4
 137 00a6 1606     		.2byte	0x616
 138 00a8 AC000000 		.4byte	0xac
 139 00ac 06       		.uleb128 0x6
 140 00ad 6E000000 		.4byte	0x6e
 141 00b1 07       		.uleb128 0x7
 142 00b2 6900     		.ascii	"i\000"
 143 00b4 05       		.byte	0x5
 144 00b5 07       		.byte	0x7
 145 00b6 79000000 		.4byte	0x79
 146 00ba 05       		.uleb128 0x5
 147 00bb 03       		.byte	0x3
 148 00bc 00000000 		.4byte	i
 149 00c0 08       		.uleb128 0x8
 150 00c1 79000000 		.4byte	0x79
 151 00c5 D0000000 		.4byte	0xd0
 152 00c9 09       		.uleb128 0x9
 153 00ca 99000000 		.4byte	0x99
 154 00ce 01       		.byte	0x1
 155 00cf 00       		.byte	0
 156 00d0 0A       		.uleb128 0xa
 157 00d1 A4010000 		.4byte	.LASF17
 158 00d5 05       		.byte	0x5
 159 00d6 08       		.byte	0x8
 160 00d7 C0000000 		.4byte	0xc0
 161 00db 05       		.uleb128 0x5
 162 00dc 03       		.byte	0x3
 163 00dd 00000000 		.4byte	adresse
 164 00e1 08       		.uleb128 0x8
 165 00e2 79000000 		.4byte	0x79
 166 00e6 F1000000 		.4byte	0xf1
 167 00ea 09       		.uleb128 0x9
ARM GAS  C:\Users\Eih3\AppData\Local\Temp\cckIu7de.s 			page 4


 168 00eb 99000000 		.4byte	0x99
 169 00ef FD       		.byte	0xfd
 170 00f0 00       		.byte	0
 171 00f1 0A       		.uleb128 0xa
 172 00f2 ED000000 		.4byte	.LASF18
 173 00f6 05       		.byte	0x5
 174 00f7 09       		.byte	0x9
 175 00f8 E1000000 		.4byte	0xe1
 176 00fc 05       		.uleb128 0x5
 177 00fd 03       		.byte	0x3
 178 00fe 00000000 		.4byte	dataBuffer
 179 0102 0A       		.uleb128 0xa
 180 0103 38000000 		.4byte	.LASF19
 181 0107 05       		.byte	0x5
 182 0108 0A       		.byte	0xa
 183 0109 E1000000 		.4byte	0xe1
 184 010d 05       		.uleb128 0x5
 185 010e 03       		.byte	0x3
 186 010f 00000000 		.4byte	writeData
 187 0113 0A       		.uleb128 0xa
 188 0114 B4010000 		.4byte	.LASF20
 189 0118 05       		.byte	0x5
 190 0119 0B       		.byte	0xb
 191 011a E1000000 		.4byte	0xe1
 192 011e 05       		.uleb128 0x5
 193 011f 03       		.byte	0x3
 194 0120 00000000 		.4byte	readData
 195 0124 0A       		.uleb128 0xa
 196 0125 22010000 		.4byte	.LASF21
 197 0129 05       		.byte	0x5
 198 012a 0C       		.byte	0xc
 199 012b 79000000 		.4byte	0x79
 200 012f 05       		.uleb128 0x5
 201 0130 03       		.byte	0x3
 202 0131 00000000 		.4byte	RxData
 203 0135 0A       		.uleb128 0xa
 204 0136 6A010000 		.4byte	.LASF22
 205 013a 05       		.byte	0x5
 206 013b 0D       		.byte	0xd
 207 013c 79000000 		.4byte	0x79
 208 0140 05       		.uleb128 0x5
 209 0141 03       		.byte	0x3
 210 0142 00000000 		.4byte	Rxflag
 211 0146 0A       		.uleb128 0xa
 212 0147 2E000000 		.4byte	.LASF23
 213 014b 05       		.byte	0x5
 214 014c 0E       		.byte	0xe
 215 014d 79000000 		.4byte	0x79
 216 0151 05       		.uleb128 0x5
 217 0152 03       		.byte	0x3
 218 0153 00000000 		.4byte	ConfigEnd
 219 0157 00       		.byte	0
 220              		.section	.debug_abbrev,"",%progbits
 221              	.Ldebug_abbrev0:
 222 0000 01       		.uleb128 0x1
 223 0001 11       		.uleb128 0x11
 224 0002 01       		.byte	0x1
ARM GAS  C:\Users\Eih3\AppData\Local\Temp\cckIu7de.s 			page 5


 225 0003 25       		.uleb128 0x25
 226 0004 0E       		.uleb128 0xe
 227 0005 13       		.uleb128 0x13
 228 0006 0B       		.uleb128 0xb
 229 0007 03       		.uleb128 0x3
 230 0008 0E       		.uleb128 0xe
 231 0009 1B       		.uleb128 0x1b
 232 000a 0E       		.uleb128 0xe
 233 000b 10       		.uleb128 0x10
 234 000c 17       		.uleb128 0x17
 235 000d 00       		.byte	0
 236 000e 00       		.byte	0
 237 000f 02       		.uleb128 0x2
 238 0010 24       		.uleb128 0x24
 239 0011 00       		.byte	0
 240 0012 0B       		.uleb128 0xb
 241 0013 0B       		.uleb128 0xb
 242 0014 3E       		.uleb128 0x3e
 243 0015 0B       		.uleb128 0xb
 244 0016 03       		.uleb128 0x3
 245 0017 0E       		.uleb128 0xe
 246 0018 00       		.byte	0
 247 0019 00       		.byte	0
 248 001a 03       		.uleb128 0x3
 249 001b 16       		.uleb128 0x16
 250 001c 00       		.byte	0
 251 001d 03       		.uleb128 0x3
 252 001e 0E       		.uleb128 0xe
 253 001f 3A       		.uleb128 0x3a
 254 0020 0B       		.uleb128 0xb
 255 0021 3B       		.uleb128 0x3b
 256 0022 0B       		.uleb128 0xb
 257 0023 49       		.uleb128 0x49
 258 0024 13       		.uleb128 0x13
 259 0025 00       		.byte	0
 260 0026 00       		.byte	0
 261 0027 04       		.uleb128 0x4
 262 0028 24       		.uleb128 0x24
 263 0029 00       		.byte	0
 264 002a 0B       		.uleb128 0xb
 265 002b 0B       		.uleb128 0xb
 266 002c 3E       		.uleb128 0x3e
 267 002d 0B       		.uleb128 0xb
 268 002e 03       		.uleb128 0x3
 269 002f 08       		.uleb128 0x8
 270 0030 00       		.byte	0
 271 0031 00       		.byte	0
 272 0032 05       		.uleb128 0x5
 273 0033 34       		.uleb128 0x34
 274 0034 00       		.byte	0
 275 0035 03       		.uleb128 0x3
 276 0036 0E       		.uleb128 0xe
 277 0037 3A       		.uleb128 0x3a
 278 0038 0B       		.uleb128 0xb
 279 0039 3B       		.uleb128 0x3b
 280 003a 05       		.uleb128 0x5
 281 003b 49       		.uleb128 0x49
ARM GAS  C:\Users\Eih3\AppData\Local\Temp\cckIu7de.s 			page 6


 282 003c 13       		.uleb128 0x13
 283 003d 3F       		.uleb128 0x3f
 284 003e 19       		.uleb128 0x19
 285 003f 3C       		.uleb128 0x3c
 286 0040 19       		.uleb128 0x19
 287 0041 00       		.byte	0
 288 0042 00       		.byte	0
 289 0043 06       		.uleb128 0x6
 290 0044 35       		.uleb128 0x35
 291 0045 00       		.byte	0
 292 0046 49       		.uleb128 0x49
 293 0047 13       		.uleb128 0x13
 294 0048 00       		.byte	0
 295 0049 00       		.byte	0
 296 004a 07       		.uleb128 0x7
 297 004b 34       		.uleb128 0x34
 298 004c 00       		.byte	0
 299 004d 03       		.uleb128 0x3
 300 004e 08       		.uleb128 0x8
 301 004f 3A       		.uleb128 0x3a
 302 0050 0B       		.uleb128 0xb
 303 0051 3B       		.uleb128 0x3b
 304 0052 0B       		.uleb128 0xb
 305 0053 49       		.uleb128 0x49
 306 0054 13       		.uleb128 0x13
 307 0055 3F       		.uleb128 0x3f
 308 0056 19       		.uleb128 0x19
 309 0057 02       		.uleb128 0x2
 310 0058 18       		.uleb128 0x18
 311 0059 00       		.byte	0
 312 005a 00       		.byte	0
 313 005b 08       		.uleb128 0x8
 314 005c 01       		.uleb128 0x1
 315 005d 01       		.byte	0x1
 316 005e 49       		.uleb128 0x49
 317 005f 13       		.uleb128 0x13
 318 0060 01       		.uleb128 0x1
 319 0061 13       		.uleb128 0x13
 320 0062 00       		.byte	0
 321 0063 00       		.byte	0
 322 0064 09       		.uleb128 0x9
 323 0065 21       		.uleb128 0x21
 324 0066 00       		.byte	0
 325 0067 49       		.uleb128 0x49
 326 0068 13       		.uleb128 0x13
 327 0069 2F       		.uleb128 0x2f
 328 006a 0B       		.uleb128 0xb
 329 006b 00       		.byte	0
 330 006c 00       		.byte	0
 331 006d 0A       		.uleb128 0xa
 332 006e 34       		.uleb128 0x34
 333 006f 00       		.byte	0
 334 0070 03       		.uleb128 0x3
 335 0071 0E       		.uleb128 0xe
 336 0072 3A       		.uleb128 0x3a
 337 0073 0B       		.uleb128 0xb
 338 0074 3B       		.uleb128 0x3b
ARM GAS  C:\Users\Eih3\AppData\Local\Temp\cckIu7de.s 			page 7


 339 0075 0B       		.uleb128 0xb
 340 0076 49       		.uleb128 0x49
 341 0077 13       		.uleb128 0x13
 342 0078 3F       		.uleb128 0x3f
 343 0079 19       		.uleb128 0x19
 344 007a 02       		.uleb128 0x2
 345 007b 18       		.uleb128 0x18
 346 007c 00       		.byte	0
 347 007d 00       		.byte	0
 348 007e 00       		.byte	0
 349              		.section	.debug_aranges,"",%progbits
 350 0000 14000000 		.4byte	0x14
 351 0004 0200     		.2byte	0x2
 352 0006 00000000 		.4byte	.Ldebug_info0
 353 000a 04       		.byte	0x4
 354 000b 00       		.byte	0
 355 000c 0000     		.2byte	0
 356 000e 0000     		.2byte	0
 357 0010 00000000 		.4byte	0
 358 0014 00000000 		.4byte	0
 359              		.section	.debug_line,"",%progbits
 360              	.Ldebug_line0:
 361 0000 5C010000 		.section	.debug_str,"MS",%progbits,1
 361      02005601 
 361      00000201 
 361      FB0E0D00 
 361      01010101 
 362              	.LASF6:
 363 0000 6C6F6E67 		.ascii	"long long int\000"
 363      206C6F6E 
 363      6720696E 
 363      7400
 364              	.LASF3:
 365 000e 73686F72 		.ascii	"short unsigned int\000"
 365      7420756E 
 365      7369676E 
 365      65642069 
 365      6E7400
 366              	.LASF8:
 367 0021 756E7369 		.ascii	"unsigned int\000"
 367      676E6564 
 367      20696E74 
 367      00
 368              	.LASF23:
 369 002e 436F6E66 		.ascii	"ConfigEnd\000"
 369      6967456E 
 369      6400
 370              	.LASF19:
 371 0038 77726974 		.ascii	"writeData\000"
 371      65446174 
 371      6100
 372              	.LASF11:
 373 0042 75696E74 		.ascii	"uint8\000"
 373      3800
 374              	.LASF5:
 375 0048 6C6F6E67 		.ascii	"long unsigned int\000"
 375      20756E73 
ARM GAS  C:\Users\Eih3\AppData\Local\Temp\cckIu7de.s 			page 8


 375      69676E65 
 375      6420696E 
 375      7400
 376              	.LASF7:
 377 005a 6C6F6E67 		.ascii	"long long unsigned int\000"
 377      206C6F6E 
 377      6720756E 
 377      7369676E 
 377      65642069 
 378              	.LASF24:
 379 0071 474E5520 		.ascii	"GNU C 4.8.4 20140526 (release) [ARM/embedded-4_8-br"
 379      4320342E 
 379      382E3420 
 379      32303134 
 379      30353236 
 380 00a4 616E6368 		.ascii	"anch revision 211358] -mcpu=cortex-m3 -mthumb -g -O"
 380      20726576 
 380      6973696F 
 380      6E203231 
 380      31333538 
 381 00d7 73202D66 		.ascii	"s -ffunction-sections\000"
 381      66756E63 
 381      74696F6E 
 381      2D736563 
 381      74696F6E 
 382              	.LASF18:
 383 00ed 64617461 		.ascii	"dataBuffer\000"
 383      42756666 
 383      657200
 384              	.LASF1:
 385 00f8 756E7369 		.ascii	"unsigned char\000"
 385      676E6564 
 385      20636861 
 385      7200
 386              	.LASF25:
 387 0106 2E5C5661 		.ascii	".\\Variables.c\000"
 387      72696162 
 387      6C65732E 
 387      6300
 388              	.LASF14:
 389 0114 63686172 		.ascii	"char\000"
 389      00
 390              	.LASF4:
 391 0119 6C6F6E67 		.ascii	"long int\000"
 391      20696E74 
 391      00
 392              	.LASF21:
 393 0122 52784461 		.ascii	"RxData\000"
 393      746100
 394              	.LASF13:
 395 0129 646F7562 		.ascii	"double\000"
 395      6C6500
 396              	.LASF26:
 397 0130 443A5C45 		.ascii	"D:\\Eih3Cloud\\Projet Programme\\Module HF\\5\\Modu"
 397      69683343 
 397      6C6F7564 
 397      5C50726F 
ARM GAS  C:\Users\Eih3\AppData\Local\Temp\cckIu7de.s 			page 9


 397      6A657420 
 398 015e 6C652048 		.ascii	"le HF.cydsn\000"
 398      462E6379 
 398      64736E00 
 399              	.LASF22:
 400 016a 5278666C 		.ascii	"Rxflag\000"
 400      616700
 401              	.LASF16:
 402 0171 49544D5F 		.ascii	"ITM_RxBuffer\000"
 402      52784275 
 402      66666572 
 402      00
 403              	.LASF0:
 404 017e 7369676E 		.ascii	"signed char\000"
 404      65642063 
 404      68617200 
 405              	.LASF9:
 406 018a 5F5F696E 		.ascii	"__int32_t\000"
 406      7433325F 
 406      7400
 407              	.LASF12:
 408 0194 666C6F61 		.ascii	"float\000"
 408      7400
 409              	.LASF2:
 410 019a 73686F72 		.ascii	"short int\000"
 410      7420696E 
 410      7400
 411              	.LASF17:
 412 01a4 61647265 		.ascii	"adresse\000"
 412      73736500 
 413              	.LASF10:
 414 01ac 696E7433 		.ascii	"int32_t\000"
 414      325F7400 
 415              	.LASF20:
 416 01b4 72656164 		.ascii	"readData\000"
 416      44617461 
 416      00
 417              	.LASF15:
 418 01bd 73697A65 		.ascii	"sizetype\000"
 418      74797065 
 418      00
 419              		.ident	"GCC: (GNU Tools for ARM Embedded Processors) 4.8.4 20140526 (release) [ARM/embedded-4_8-br
