ARM GAS  C:\Users\Eih3\AppData\Local\Temp\ccLBmvb6.s 			page 1


   1              		.syntax unified
   2              		.cpu cortex-m3
   3              		.fpu softvfp
   4              		.eabi_attribute 20, 1
   5              		.eabi_attribute 21, 1
   6              		.eabi_attribute 23, 3
   7              		.eabi_attribute 24, 1
   8              		.eabi_attribute 25, 1
   9              		.eabi_attribute 26, 1
  10              		.eabi_attribute 30, 4
  11              		.eabi_attribute 34, 1
  12              		.eabi_attribute 18, 4
  13              		.thumb
  14              		.file	"WIFI.c"
  15              		.text
  16              	.Ltext0:
  17              		.cfi_sections	.debug_frame
  18              		.section	.text.ATModeCommande,"ax",%progbits
  19              		.align	1
  20              		.global	ATModeCommande
  21              		.thumb
  22              		.thumb_func
  23              		.type	ATModeCommande, %function
  24              	ATModeCommande:
  25              	.LFB56:
  26              		.file 1 ".\\WIFI.c"
   1:.\WIFI.c      **** /***************************************************************
   2:.\WIFI.c      **** * Nom Fichier: WIFI.c
   3:.\WIFI.c      **** *
   4:.\WIFI.c      **** * Fonctions: - Liaison série sans fil  
   5:.\WIFI.c      **** *            - Mode point d'accès Wifi
   6:.\WIFI.c      **** *
   7:.\WIFI.c      **** * Connexion: Module GPIO5 (Rx)   -> PSoc P3[7] (Tx)
   8:.\WIFI.c      **** *            Module GPIO6 (Tx)   -> PSoC P3[5] (Rx)
   9:.\WIFI.c      **** *            Module GPIO1 (GND)  -> PSoC GND
  10:.\WIFI.c      **** *            Module GPIO2 (DVDD) -> PSoC 3.3V (max)
  11:.\WIFI.c      **** *
  12:.\WIFI.c      **** * Paramètres: - Bits per second 	= 115200
  13:.\WIFI.c      **** *             - Data bits		    = 8
  14:.\WIFI.c      **** *             - Parity			    = None
  15:.\WIFI.c      **** *             - Stop Bits		    = 1
  16:.\WIFI.c      **** *             - Flow Control		= None
  17:.\WIFI.c      **** *
  18:.\WIFI.c      **** * Informations: Voir document PDF "USR-WIFI232-T.pdf"
  19:.\WIFI.c      **** *
  20:.\WIFI.c      **** ****************************************************************
  21:.\WIFI.c      **** * CARNUS 2015, Escamez Michel - Soler Donovan - Verdier Jordan
  22:.\WIFI.c      **** ***************************************************************/
  23:.\WIFI.c      **** 
  24:.\WIFI.c      **** /**** Déclarations & Directives ****/
  25:.\WIFI.c      **** #include "Application.h"
  26:.\WIFI.c      **** 
  27:.\WIFI.c      **** /**** Déclarations Variables ****/    
  28:.\WIFI.c      **** char *AT[NUM_COM] = {
  29:.\WIFI.c      ****     "+++", //Entre en mode commande
  30:.\WIFI.c      ****     "a", //Valide la demande
  31:.\WIFI.c      ****     "AT+E", //Arrête l'affichage de la commande saisie
ARM GAS  C:\Users\Eih3\AppData\Local\Temp\ccLBmvb6.s 			page 2


  32:.\WIFI.c      ****     "AT+UART=115200,8,1,None,NFC", //Définition des paramètres de transmissions
  33:.\WIFI.c      ****     "AT+WMODE=AP", //Mode point d'accès
  34:.\WIFI.c      ****     "AT+WAP=11BGN,RAGT_ETUVE,CH11", //Nom du réseau auquel le module se connecte
  35:.\WIFI.c      ****     "AT+WAKEY=OPEN,NONE", //Paramètres de sécurité
  36:.\WIFI.c      ****     "AT+WADHCP=off", //Service DHCP = OFF
  37:.\WIFI.c      ****     "AT+LANN=10.10.100.254,255.255.255.0", //Assignation IP
  38:.\WIFI.c      ****     "AT+NETP=TCP,Server,8899,10.10.100.254", //Paramétrage Server TCP
  39:.\WIFI.c      ****     "AT+ENTM" //Entre en mode transmission invisible "Serial Wifi"
  40:.\WIFI.c      **** };
  41:.\WIFI.c      **** 
  42:.\WIFI.c      **** extern uint8 ConfigEnd; //La configuration du module est finie
  43:.\WIFI.c      **** extern uint8 Linked; //Client connecté ? 1u oui; 0u non
  44:.\WIFI.c      **** 
  45:.\WIFI.c      **** uint8 command;
  46:.\WIFI.c      **** 
  47:.\WIFI.c      **** /**** Entrer en mode commande ****/
  48:.\WIFI.c      **** void ATModeCommande()
  49:.\WIFI.c      **** {    
  27              		.loc 1 49 0
  28              		.cfi_startproc
  29              		@ args = 0, pretend = 0, frame = 0
  30              		@ frame_needed = 0, uses_anonymous_args = 0
  31 0000 10B5     		push	{r4, lr}
  32              		.cfi_def_cfa_offset 8
  33              		.cfi_offset 4, -8
  34              		.cfi_offset 14, -4
  50:.\WIFI.c      ****     UART_PutString(AT[0]);    
  35              		.loc 1 50 0
  36 0002 084C     		ldr	r4, .L2
  37 0004 2068     		ldr	r0, [r4]
  38 0006 FFF7FEFF 		bl	UART_PutString
  39              	.LVL0:
  51:.\WIFI.c      ****     CyDelay(10);    
  40              		.loc 1 51 0
  41 000a 0A20     		movs	r0, #10
  42 000c FFF7FEFF 		bl	CyDelay
  43              	.LVL1:
  52:.\WIFI.c      ****     UART_PutString(AT[1]);
  44              		.loc 1 52 0
  45 0010 6068     		ldr	r0, [r4, #4]
  46 0012 FFF7FEFF 		bl	UART_PutString
  47              	.LVL2:
  53:.\WIFI.c      ****     CyDelay(500);
  54:.\WIFI.c      **** }
  48              		.loc 1 54 0
  49 0016 BDE81040 		pop	{r4, lr}
  53:.\WIFI.c      ****     CyDelay(500);
  50              		.loc 1 53 0
  51 001a 4FF4FA70 		mov	r0, #500
  52 001e FFF7FEBF 		b	CyDelay
  53              	.LVL3:
  54              	.L3:
  55 0022 00BF     		.align	2
  56              	.L2:
  57 0024 00000000 		.word	.LANCHOR0
  58              		.cfi_endproc
  59              	.LFE56:
ARM GAS  C:\Users\Eih3\AppData\Local\Temp\ccLBmvb6.s 			page 3


  60              		.size	ATModeCommande, .-ATModeCommande
  61              		.section	.text.SendATCommand,"ax",%progbits
  62              		.align	1
  63              		.global	SendATCommand
  64              		.thumb
  65              		.thumb_func
  66              		.type	SendATCommand, %function
  67              	SendATCommand:
  68              	.LFB58:
  55:.\WIFI.c      **** 
  56:.\WIFI.c      **** /**** Configuration module AP ****/
  57:.\WIFI.c      **** void ConfigAP() { for (i = 2; i < NUM_COM; i++)  { SendATCommand(AT[i]); } }
  58:.\WIFI.c      **** 
  59:.\WIFI.c      **** /**** Envoi Commande UART ****/
  60:.\WIFI.c      **** void SendATCommand(char *at)
  61:.\WIFI.c      **** {
  69              		.loc 1 61 0
  70              		.cfi_startproc
  71              		@ args = 0, pretend = 0, frame = 0
  72              		@ frame_needed = 0, uses_anonymous_args = 0
  73              	.LVL4:
  74 0000 08B5     		push	{r3, lr}
  75              		.cfi_def_cfa_offset 8
  76              		.cfi_offset 3, -8
  77              		.cfi_offset 14, -4
  62:.\WIFI.c      ****     UART_PutString(at);
  78              		.loc 1 62 0
  79 0002 FFF7FEFF 		bl	UART_PutString
  80              	.LVL5:
  63:.\WIFI.c      ****     UART_PutCRLF(0x0d);
  81              		.loc 1 63 0
  82 0006 0D20     		movs	r0, #13
  83 0008 FFF7FEFF 		bl	UART_PutCRLF
  84              	.LVL6:
  64:.\WIFI.c      ****     CyDelay(100);
  65:.\WIFI.c      **** }
  85              		.loc 1 65 0
  86 000c BDE80840 		pop	{r3, lr}
  64:.\WIFI.c      ****     CyDelay(100);
  87              		.loc 1 64 0
  88 0010 6420     		movs	r0, #100
  89 0012 FFF7FEBF 		b	CyDelay
  90              	.LVL7:
  91              		.cfi_endproc
  92              	.LFE58:
  93              		.size	SendATCommand, .-SendATCommand
  94              		.section	.text.ConfigAP,"ax",%progbits
  95              		.align	1
  96              		.global	ConfigAP
  97              		.thumb
  98              		.thumb_func
  99              		.type	ConfigAP, %function
 100              	ConfigAP:
 101              	.LFB57:
  57:.\WIFI.c      **** void ConfigAP() { for (i = 2; i < NUM_COM; i++)  { SendATCommand(AT[i]); } }
 102              		.loc 1 57 0
 103              		.cfi_startproc
ARM GAS  C:\Users\Eih3\AppData\Local\Temp\ccLBmvb6.s 			page 4


 104              		@ args = 0, pretend = 0, frame = 0
 105              		@ frame_needed = 0, uses_anonymous_args = 0
 106 0000 38B5     		push	{r3, r4, r5, lr}
 107              		.cfi_def_cfa_offset 16
 108              		.cfi_offset 3, -16
 109              		.cfi_offset 4, -12
 110              		.cfi_offset 5, -8
 111              		.cfi_offset 14, -4
  57:.\WIFI.c      **** void ConfigAP() { for (i = 2; i < NUM_COM; i++)  { SendATCommand(AT[i]); } }
 112              		.loc 1 57 0
 113 0002 094B     		ldr	r3, .L10
 114 0004 0222     		movs	r2, #2
 115 0006 1A70     		strb	r2, [r3]
 116 0008 1D46     		mov	r5, r3
 117              	.L6:
  57:.\WIFI.c      **** void ConfigAP() { for (i = 2; i < NUM_COM; i++)  { SendATCommand(AT[i]); } }
 118              		.loc 1 57 0 is_stmt 0 discriminator 1
 119 000a 2B78     		ldrb	r3, [r5]	@ zero_extendqisi2
 120 000c 064C     		ldr	r4, .L10
 121 000e 0A2B     		cmp	r3, #10
 122 0010 08D8     		bhi	.L9
  57:.\WIFI.c      **** void ConfigAP() { for (i = 2; i < NUM_COM; i++)  { SendATCommand(AT[i]); } }
 123              		.loc 1 57 0 discriminator 2
 124 0012 064A     		ldr	r2, .L10+4
 125 0014 52F82300 		ldr	r0, [r2, r3, lsl #2]
 126 0018 FFF7FEFF 		bl	SendATCommand
 127              	.LVL8:
 128 001c 2378     		ldrb	r3, [r4]	@ zero_extendqisi2
 129 001e 0133     		adds	r3, r3, #1
 130 0020 2370     		strb	r3, [r4]
 131 0022 F2E7     		b	.L6
 132              	.L9:
  57:.\WIFI.c      **** void ConfigAP() { for (i = 2; i < NUM_COM; i++)  { SendATCommand(AT[i]); } }
 133              		.loc 1 57 0
 134 0024 38BD     		pop	{r3, r4, r5, pc}
 135              	.L11:
 136 0026 00BF     		.align	2
 137              	.L10:
 138 0028 00000000 		.word	i
 139 002c 00000000 		.word	.LANCHOR0
 140              		.cfi_endproc
 141              	.LFE57:
 142              		.size	ConfigAP, .-ConfigAP
 143              		.section	.text.ConfigWifi,"ax",%progbits
 144              		.align	1
 145              		.global	ConfigWifi
 146              		.thumb
 147              		.thumb_func
 148              		.type	ConfigWifi, %function
 149              	ConfigWifi:
 150              	.LFB59:
  66:.\WIFI.c      **** 
  67:.\WIFI.c      **** /**** Configuration Wifi ****/
  68:.\WIFI.c      **** void ConfigWifi()
  69:.\WIFI.c      **** {    
 151              		.loc 1 69 0 is_stmt 1
 152              		.cfi_startproc
ARM GAS  C:\Users\Eih3\AppData\Local\Temp\ccLBmvb6.s 			page 5


 153              		@ args = 0, pretend = 0, frame = 0
 154              		@ frame_needed = 0, uses_anonymous_args = 0
 155 0000 08B5     		push	{r3, lr}
 156              		.cfi_def_cfa_offset 8
 157              		.cfi_offset 3, -8
 158              		.cfi_offset 14, -4
  70:.\WIFI.c      ****     ATModeCommande();     
 159              		.loc 1 70 0
 160 0002 FFF7FEFF 		bl	ATModeCommande
 161              	.LVL9:
  71:.\WIFI.c      ****     ConfigAP(); 
 162              		.loc 1 71 0
 163 0006 FFF7FEFF 		bl	ConfigAP
 164              	.LVL10:
  72:.\WIFI.c      ****     CyDelay(1000);
 165              		.loc 1 72 0
 166 000a 4FF47A70 		mov	r0, #1000
 167 000e FFF7FEFF 		bl	CyDelay
 168              	.LVL11:
  73:.\WIFI.c      ****     UART_ClearRxBuffer();
 169              		.loc 1 73 0
 170 0012 FFF7FEFF 		bl	UART_ClearRxBuffer
 171              	.LVL12:
  74:.\WIFI.c      ****     ConfigEnd = 1u;
 172              		.loc 1 74 0
 173 0016 024B     		ldr	r3, .L13
 174 0018 0122     		movs	r2, #1
 175 001a 1A70     		strb	r2, [r3]
 176 001c 08BD     		pop	{r3, pc}
 177              	.L14:
 178 001e 00BF     		.align	2
 179              	.L13:
 180 0020 00000000 		.word	ConfigEnd
 181              		.cfi_endproc
 182              	.LFE59:
 183              		.size	ConfigWifi, .-ConfigWifi
 184              		.section	.text.TCPOK,"ax",%progbits
 185              		.align	1
 186              		.global	TCPOK
 187              		.thumb
 188              		.thumb_func
 189              		.type	TCPOK, %function
 190              	TCPOK:
 191              	.LFB60:
  75:.\WIFI.c      **** }
  76:.\WIFI.c      **** 
  77:.\WIFI.c      **** /**** Fonction Transmission TCP OK ****/
  78:.\WIFI.c      **** void TCPOK()
  79:.\WIFI.c      **** {    
 192              		.loc 1 79 0
 193              		.cfi_startproc
 194              		@ args = 0, pretend = 0, frame = 0
 195              		@ frame_needed = 0, uses_anonymous_args = 0
 196 0000 08B5     		push	{r3, lr}
 197              		.cfi_def_cfa_offset 8
 198              		.cfi_offset 3, -8
 199              		.cfi_offset 14, -4
ARM GAS  C:\Users\Eih3\AppData\Local\Temp\ccLBmvb6.s 			page 6


  80:.\WIFI.c      ****     UART_PutChar(0x40);
 200              		.loc 1 80 0
 201 0002 4020     		movs	r0, #64
 202 0004 FFF7FEFF 		bl	UART_PutChar
 203              	.LVL13:
  81:.\WIFI.c      ****     LCD_ClearDisplay();
 204              		.loc 1 81 0
 205 0008 0120     		movs	r0, #1
 206 000a FFF7FEFF 		bl	LCD_WriteControl
 207              	.LVL14:
  82:.\WIFI.c      ****     LCD_PrintString("Transmission TCP");
 208              		.loc 1 82 0
 209 000e 0E48     		ldr	r0, .L16
 210 0010 FFF7FEFF 		bl	LCD_PrintString
 211              	.LVL15:
  83:.\WIFI.c      ****     LCD_Position(1u, 7u);
 212              		.loc 1 83 0
 213 0014 0721     		movs	r1, #7
 214 0016 0120     		movs	r0, #1
 215 0018 FFF7FEFF 		bl	LCD_Position
 216              	.LVL16:
  84:.\WIFI.c      ****     LCD_PrintString("OK");    
 217              		.loc 1 84 0
 218 001c 0B48     		ldr	r0, .L16+4
 219 001e FFF7FEFF 		bl	LCD_PrintString
 220              	.LVL17:
  85:.\WIFI.c      ****     CyDelay(1000);
 221              		.loc 1 85 0
 222 0022 4FF47A70 		mov	r0, #1000
 223 0026 FFF7FEFF 		bl	CyDelay
 224              	.LVL18:
  86:.\WIFI.c      ****     LCD_ClearDisplay(); 
 225              		.loc 1 86 0
 226 002a 0120     		movs	r0, #1
 227 002c FFF7FEFF 		bl	LCD_WriteControl
 228              	.LVL19:
  87:.\WIFI.c      ****     Linked = 1u;
 229              		.loc 1 87 0
 230 0030 074B     		ldr	r3, .L16+8
 231 0032 0120     		movs	r0, #1
  88:.\WIFI.c      ****     LCD_Position(1u, 14u); 
 232              		.loc 1 88 0
 233 0034 0E21     		movs	r1, #14
  87:.\WIFI.c      ****     Linked = 1u;
 234              		.loc 1 87 0
 235 0036 1870     		strb	r0, [r3]
 236              		.loc 1 88 0
 237 0038 FFF7FEFF 		bl	LCD_Position
 238              	.LVL20:
  89:.\WIFI.c      ****     LCD_PrintString("ok");
  90:.\WIFI.c      **** }
 239              		.loc 1 90 0
 240 003c BDE80840 		pop	{r3, lr}
  89:.\WIFI.c      ****     LCD_PrintString("ok");
 241              		.loc 1 89 0
 242 0040 0448     		ldr	r0, .L16+12
 243 0042 FFF7FEBF 		b	LCD_PrintString
ARM GAS  C:\Users\Eih3\AppData\Local\Temp\ccLBmvb6.s 			page 7


 244              	.LVL21:
 245              	.L17:
 246 0046 00BF     		.align	2
 247              	.L16:
 248 0048 00000000 		.word	.LC0
 249 004c 11000000 		.word	.LC1
 250 0050 00000000 		.word	Linked
 251 0054 14000000 		.word	.LC2
 252              		.cfi_endproc
 253              	.LFE60:
 254              		.size	TCPOK, .-TCPOK
 255              		.comm	command,1,1
 256              		.global	AT
 257              		.comm	i,1,1
 258              		.section	.rodata.str1.1,"aMS",%progbits,1
 259              	.LC0:
 260 0000 5472616E 		.ascii	"Transmission TCP\000"
 260      736D6973 
 260      73696F6E 
 260      20544350 
 260      00
 261              	.LC1:
 262 0011 4F4B00   		.ascii	"OK\000"
 263              	.LC2:
 264 0014 6F6B00   		.ascii	"ok\000"
 265              	.LC3:
 266 0017 2B2B2B00 		.ascii	"+++\000"
 267              	.LC4:
 268 001b 6100     		.ascii	"a\000"
 269              	.LC5:
 270 001d 41542B45 		.ascii	"AT+E\000"
 270      00
 271              	.LC6:
 272 0022 41542B55 		.ascii	"AT+UART=115200,8,1,None,NFC\000"
 272      4152543D 
 272      31313532 
 272      30302C38 
 272      2C312C4E 
 273              	.LC7:
 274 003e 41542B57 		.ascii	"AT+WMODE=AP\000"
 274      4D4F4445 
 274      3D415000 
 275              	.LC8:
 276 004a 41542B57 		.ascii	"AT+WAP=11BGN,RAGT_ETUVE,CH11\000"
 276      41503D31 
 276      3142474E 
 276      2C524147 
 276      545F4554 
 277              	.LC9:
 278 0067 41542B57 		.ascii	"AT+WAKEY=OPEN,NONE\000"
 278      414B4559 
 278      3D4F5045 
 278      4E2C4E4F 
 278      4E4500
 279              	.LC10:
 280 007a 41542B57 		.ascii	"AT+WADHCP=off\000"
 280      41444843 
ARM GAS  C:\Users\Eih3\AppData\Local\Temp\ccLBmvb6.s 			page 8


 280      503D6F66 
 280      6600
 281              	.LC11:
 282 0088 41542B4C 		.ascii	"AT+LANN=10.10.100.254,255.255.255.0\000"
 282      414E4E3D 
 282      31302E31 
 282      302E3130 
 282      302E3235 
 283              	.LC12:
 284 00ac 41542B4E 		.ascii	"AT+NETP=TCP,Server,8899,10.10.100.254\000"
 284      4554503D 
 284      5443502C 
 284      53657276 
 284      65722C38 
 285              	.LC13:
 286 00d2 41542B45 		.ascii	"AT+ENTM\000"
 286      4E544D00 
 287              		.data
 288              		.align	2
 289              		.set	.LANCHOR0,. + 0
 290              		.type	AT, %object
 291              		.size	AT, 44
 292              	AT:
 293 0000 17000000 		.word	.LC3
 294 0004 1B000000 		.word	.LC4
 295 0008 1D000000 		.word	.LC5
 296 000c 22000000 		.word	.LC6
 297 0010 3E000000 		.word	.LC7
 298 0014 4A000000 		.word	.LC8
 299 0018 67000000 		.word	.LC9
 300 001c 7A000000 		.word	.LC10
 301 0020 88000000 		.word	.LC11
 302 0024 AC000000 		.word	.LC12
 303 0028 D2000000 		.word	.LC13
 304              		.text
 305              	.Letext0:
 306              		.file 2 "c:\\program files (x86)\\cypress\\psoc creator\\3.1\\psoc creator\\import\\gnu_cs\\arm\\4
 307              		.file 3 "c:\\program files (x86)\\cypress\\psoc creator\\3.1\\psoc creator\\import\\gnu_cs\\arm\\4
 308              		.file 4 ".\\Generated_Source\\PSoC5/cytypes.h"
 309              		.file 5 ".\\EEPROM.h"
 310              		.file 6 ".\\Generated_Source\\PSoC5/core_cm3.h"
 311              		.file 7 ".\\Generated_Source\\PSoC5/UART.h"
 312              		.file 8 ".\\Generated_Source\\PSoC5/CyLib.h"
 313              		.file 9 ".\\Generated_Source\\PSoC5/LCD.h"
 314              		.section	.debug_info,"",%progbits
 315              	.Ldebug_info0:
 316 0000 95030000 		.4byte	0x395
 317 0004 0400     		.2byte	0x4
 318 0006 00000000 		.4byte	.Ldebug_abbrev0
 319 000a 04       		.byte	0x4
 320 000b 01       		.uleb128 0x1
 321 000c 87000000 		.4byte	.LASF32
 322 0010 01       		.byte	0x1
 323 0011 49010000 		.4byte	.LASF33
 324 0015 59000000 		.4byte	.LASF34
 325 0019 00000000 		.4byte	.Ldebug_ranges0+0
 326 001d 00000000 		.4byte	0
ARM GAS  C:\Users\Eih3\AppData\Local\Temp\ccLBmvb6.s 			page 9


 327 0021 00000000 		.4byte	.Ldebug_line0
 328 0025 02       		.uleb128 0x2
 329 0026 01       		.byte	0x1
 330 0027 06       		.byte	0x6
 331 0028 4D000000 		.4byte	.LASF0
 332 002c 02       		.uleb128 0x2
 333 002d 01       		.byte	0x1
 334 002e 08       		.byte	0x8
 335 002f 3B010000 		.4byte	.LASF1
 336 0033 02       		.uleb128 0x2
 337 0034 02       		.byte	0x2
 338 0035 05       		.byte	0x5
 339 0036 FD010000 		.4byte	.LASF2
 340 003a 02       		.uleb128 0x2
 341 003b 02       		.byte	0x2
 342 003c 07       		.byte	0x7
 343 003d 1B010000 		.4byte	.LASF3
 344 0041 03       		.uleb128 0x3
 345 0042 00000000 		.4byte	.LASF9
 346 0046 02       		.byte	0x2
 347 0047 37       		.byte	0x37
 348 0048 4C000000 		.4byte	0x4c
 349 004c 02       		.uleb128 0x2
 350 004d 04       		.byte	0x4
 351 004e 05       		.byte	0x5
 352 004f 0A000000 		.4byte	.LASF4
 353 0053 02       		.uleb128 0x2
 354 0054 04       		.byte	0x4
 355 0055 07       		.byte	0x7
 356 0056 09010000 		.4byte	.LASF5
 357 005a 02       		.uleb128 0x2
 358 005b 08       		.byte	0x8
 359 005c 05       		.byte	0x5
 360 005d D0010000 		.4byte	.LASF6
 361 0061 02       		.uleb128 0x2
 362 0062 08       		.byte	0x8
 363 0063 07       		.byte	0x7
 364 0064 7C010000 		.4byte	.LASF7
 365 0068 04       		.uleb128 0x4
 366 0069 04       		.byte	0x4
 367 006a 05       		.byte	0x5
 368 006b 696E7400 		.ascii	"int\000"
 369 006f 02       		.uleb128 0x2
 370 0070 04       		.byte	0x4
 371 0071 07       		.byte	0x7
 372 0072 6F010000 		.4byte	.LASF8
 373 0076 03       		.uleb128 0x3
 374 0077 BB010000 		.4byte	.LASF10
 375 007b 03       		.byte	0x3
 376 007c 41       		.byte	0x41
 377 007d 41000000 		.4byte	0x41
 378 0081 03       		.uleb128 0x3
 379 0082 07020000 		.4byte	.LASF11
 380 0086 04       		.byte	0x4
 381 0087 A1       		.byte	0xa1
 382 0088 2C000000 		.4byte	0x2c
 383 008c 03       		.uleb128 0x3
ARM GAS  C:\Users\Eih3\AppData\Local\Temp\ccLBmvb6.s 			page 10


 384 008d 68010000 		.4byte	.LASF12
 385 0091 04       		.byte	0x4
 386 0092 A3       		.byte	0xa3
 387 0093 53000000 		.4byte	0x53
 388 0097 02       		.uleb128 0x2
 389 0098 04       		.byte	0x4
 390 0099 04       		.byte	0x4
 391 009a 47000000 		.4byte	.LASF13
 392 009e 02       		.uleb128 0x2
 393 009f 08       		.byte	0x8
 394 00a0 04       		.byte	0x4
 395 00a1 31000000 		.4byte	.LASF14
 396 00a5 03       		.uleb128 0x3
 397 00a6 03010000 		.4byte	.LASF15
 398 00aa 04       		.byte	0x4
 399 00ab B2       		.byte	0xb2
 400 00ac B0000000 		.4byte	0xb0
 401 00b0 02       		.uleb128 0x2
 402 00b1 01       		.byte	0x1
 403 00b2 08       		.byte	0x8
 404 00b3 E7010000 		.4byte	.LASF16
 405 00b7 02       		.uleb128 0x2
 406 00b8 04       		.byte	0x4
 407 00b9 07       		.byte	0x7
 408 00ba DE010000 		.4byte	.LASF17
 409 00be 05       		.uleb128 0x5
 410 00bf 04       		.byte	0x4
 411 00c0 B0000000 		.4byte	0xb0
 412 00c4 06       		.uleb128 0x6
 413 00c5 38000000 		.4byte	.LASF18
 414 00c9 01       		.byte	0x1
 415 00ca 30       		.byte	0x30
 416 00cb 00000000 		.4byte	.LFB56
 417 00cf 28000000 		.4byte	.LFE56-.LFB56
 418 00d3 01       		.uleb128 0x1
 419 00d4 9C       		.byte	0x9c
 420 00d5 10010000 		.4byte	0x110
 421 00d9 07       		.uleb128 0x7
 422 00da 0A000000 		.4byte	.LVL0
 423 00de 0E030000 		.4byte	0x30e
 424 00e2 08       		.uleb128 0x8
 425 00e3 10000000 		.4byte	.LVL1
 426 00e7 2A030000 		.4byte	0x32a
 427 00eb F5000000 		.4byte	0xf5
 428 00ef 09       		.uleb128 0x9
 429 00f0 01       		.uleb128 0x1
 430 00f1 50       		.byte	0x50
 431 00f2 01       		.uleb128 0x1
 432 00f3 3A       		.byte	0x3a
 433 00f4 00       		.byte	0
 434 00f5 07       		.uleb128 0x7
 435 00f6 16000000 		.4byte	.LVL2
 436 00fa 0E030000 		.4byte	0x30e
 437 00fe 0A       		.uleb128 0xa
 438 00ff 22000000 		.4byte	.LVL3
 439 0103 2A030000 		.4byte	0x32a
 440 0107 09       		.uleb128 0x9
ARM GAS  C:\Users\Eih3\AppData\Local\Temp\ccLBmvb6.s 			page 11


 441 0108 01       		.uleb128 0x1
 442 0109 50       		.byte	0x50
 443 010a 03       		.uleb128 0x3
 444 010b 0A       		.byte	0xa
 445 010c F401     		.2byte	0x1f4
 446 010e 00       		.byte	0
 447 010f 00       		.byte	0
 448 0110 0B       		.uleb128 0xb
 449 0111 93010000 		.4byte	.LASF35
 450 0115 01       		.byte	0x1
 451 0116 3C       		.byte	0x3c
 452 0117 00000000 		.4byte	.LFB58
 453 011b 16000000 		.4byte	.LFE58-.LFB58
 454 011f 01       		.uleb128 0x1
 455 0120 9C       		.byte	0x9c
 456 0121 6C010000 		.4byte	0x16c
 457 0125 0C       		.uleb128 0xc
 458 0126 617400   		.ascii	"at\000"
 459 0129 01       		.byte	0x1
 460 012a 3C       		.byte	0x3c
 461 012b BE000000 		.4byte	0xbe
 462 012f 00000000 		.4byte	.LLST0
 463 0133 08       		.uleb128 0x8
 464 0134 06000000 		.4byte	.LVL5
 465 0138 0E030000 		.4byte	0x30e
 466 013c 48010000 		.4byte	0x148
 467 0140 09       		.uleb128 0x9
 468 0141 01       		.uleb128 0x1
 469 0142 50       		.byte	0x50
 470 0143 03       		.uleb128 0x3
 471 0144 F3       		.byte	0xf3
 472 0145 01       		.uleb128 0x1
 473 0146 50       		.byte	0x50
 474 0147 00       		.byte	0
 475 0148 08       		.uleb128 0x8
 476 0149 0C000000 		.4byte	.LVL6
 477 014d 3B030000 		.4byte	0x33b
 478 0151 5B010000 		.4byte	0x15b
 479 0155 09       		.uleb128 0x9
 480 0156 01       		.uleb128 0x1
 481 0157 50       		.byte	0x50
 482 0158 01       		.uleb128 0x1
 483 0159 3D       		.byte	0x3d
 484 015a 00       		.byte	0
 485 015b 0A       		.uleb128 0xa
 486 015c 16000000 		.4byte	.LVL7
 487 0160 2A030000 		.4byte	0x32a
 488 0164 09       		.uleb128 0x9
 489 0165 01       		.uleb128 0x1
 490 0166 50       		.byte	0x50
 491 0167 02       		.uleb128 0x2
 492 0168 08       		.byte	0x8
 493 0169 64       		.byte	0x64
 494 016a 00       		.byte	0
 495 016b 00       		.byte	0
 496 016c 06       		.uleb128 0x6
 497 016d 15020000 		.4byte	.LASF19
ARM GAS  C:\Users\Eih3\AppData\Local\Temp\ccLBmvb6.s 			page 12


 498 0171 01       		.byte	0x1
 499 0172 39       		.byte	0x39
 500 0173 00000000 		.4byte	.LFB57
 501 0177 30000000 		.4byte	.LFE57-.LFB57
 502 017b 01       		.uleb128 0x1
 503 017c 9C       		.byte	0x9c
 504 017d 8B010000 		.4byte	0x18b
 505 0181 07       		.uleb128 0x7
 506 0182 1C000000 		.4byte	.LVL8
 507 0186 10010000 		.4byte	0x110
 508 018a 00       		.byte	0
 509 018b 06       		.uleb128 0x6
 510 018c 13000000 		.4byte	.LASF20
 511 0190 01       		.byte	0x1
 512 0191 44       		.byte	0x44
 513 0192 00000000 		.4byte	.LFB59
 514 0196 24000000 		.4byte	.LFE59-.LFB59
 515 019a 01       		.uleb128 0x1
 516 019b 9C       		.byte	0x9c
 517 019c D1010000 		.4byte	0x1d1
 518 01a0 07       		.uleb128 0x7
 519 01a1 06000000 		.4byte	.LVL9
 520 01a5 C4000000 		.4byte	0xc4
 521 01a9 07       		.uleb128 0x7
 522 01aa 0A000000 		.4byte	.LVL10
 523 01ae 6C010000 		.4byte	0x16c
 524 01b2 08       		.uleb128 0x8
 525 01b3 12000000 		.4byte	.LVL11
 526 01b7 2A030000 		.4byte	0x32a
 527 01bb C7010000 		.4byte	0x1c7
 528 01bf 09       		.uleb128 0x9
 529 01c0 01       		.uleb128 0x1
 530 01c1 50       		.byte	0x50
 531 01c2 03       		.uleb128 0x3
 532 01c3 0A       		.byte	0xa
 533 01c4 E803     		.2byte	0x3e8
 534 01c6 00       		.byte	0
 535 01c7 07       		.uleb128 0x7
 536 01c8 16000000 		.4byte	.LVL12
 537 01cc 4C030000 		.4byte	0x34c
 538 01d0 00       		.byte	0
 539 01d1 06       		.uleb128 0x6
 540 01d2 52010000 		.4byte	.LASF21
 541 01d6 01       		.byte	0x1
 542 01d7 4E       		.byte	0x4e
 543 01d8 00000000 		.4byte	.LFB60
 544 01dc 58000000 		.4byte	.LFE60-.LFB60
 545 01e0 01       		.uleb128 0x1
 546 01e1 9C       		.byte	0x9c
 547 01e2 A7020000 		.4byte	0x2a7
 548 01e6 08       		.uleb128 0x8
 549 01e7 08000000 		.4byte	.LVL13
 550 01eb 53030000 		.4byte	0x353
 551 01ef FA010000 		.4byte	0x1fa
 552 01f3 09       		.uleb128 0x9
 553 01f4 01       		.uleb128 0x1
 554 01f5 50       		.byte	0x50
ARM GAS  C:\Users\Eih3\AppData\Local\Temp\ccLBmvb6.s 			page 13


 555 01f6 02       		.uleb128 0x2
 556 01f7 08       		.byte	0x8
 557 01f8 40       		.byte	0x40
 558 01f9 00       		.byte	0
 559 01fa 08       		.uleb128 0x8
 560 01fb 0E000000 		.4byte	.LVL14
 561 01ff 64030000 		.4byte	0x364
 562 0203 0D020000 		.4byte	0x20d
 563 0207 09       		.uleb128 0x9
 564 0208 01       		.uleb128 0x1
 565 0209 50       		.byte	0x50
 566 020a 01       		.uleb128 0x1
 567 020b 31       		.byte	0x31
 568 020c 00       		.byte	0
 569 020d 08       		.uleb128 0x8
 570 020e 14000000 		.4byte	.LVL15
 571 0212 75030000 		.4byte	0x375
 572 0216 24020000 		.4byte	0x224
 573 021a 09       		.uleb128 0x9
 574 021b 01       		.uleb128 0x1
 575 021c 50       		.byte	0x50
 576 021d 05       		.uleb128 0x5
 577 021e 03       		.byte	0x3
 578 021f 00000000 		.4byte	.LC0
 579 0223 00       		.byte	0
 580 0224 08       		.uleb128 0x8
 581 0225 1C000000 		.4byte	.LVL16
 582 0229 86030000 		.4byte	0x386
 583 022d 3C020000 		.4byte	0x23c
 584 0231 09       		.uleb128 0x9
 585 0232 01       		.uleb128 0x1
 586 0233 51       		.byte	0x51
 587 0234 01       		.uleb128 0x1
 588 0235 37       		.byte	0x37
 589 0236 09       		.uleb128 0x9
 590 0237 01       		.uleb128 0x1
 591 0238 50       		.byte	0x50
 592 0239 01       		.uleb128 0x1
 593 023a 31       		.byte	0x31
 594 023b 00       		.byte	0
 595 023c 08       		.uleb128 0x8
 596 023d 22000000 		.4byte	.LVL17
 597 0241 75030000 		.4byte	0x375
 598 0245 53020000 		.4byte	0x253
 599 0249 09       		.uleb128 0x9
 600 024a 01       		.uleb128 0x1
 601 024b 50       		.byte	0x50
 602 024c 05       		.uleb128 0x5
 603 024d 03       		.byte	0x3
 604 024e 11000000 		.4byte	.LC1
 605 0252 00       		.byte	0
 606 0253 08       		.uleb128 0x8
 607 0254 2A000000 		.4byte	.LVL18
 608 0258 2A030000 		.4byte	0x32a
 609 025c 68020000 		.4byte	0x268
 610 0260 09       		.uleb128 0x9
 611 0261 01       		.uleb128 0x1
ARM GAS  C:\Users\Eih3\AppData\Local\Temp\ccLBmvb6.s 			page 14


 612 0262 50       		.byte	0x50
 613 0263 03       		.uleb128 0x3
 614 0264 0A       		.byte	0xa
 615 0265 E803     		.2byte	0x3e8
 616 0267 00       		.byte	0
 617 0268 08       		.uleb128 0x8
 618 0269 30000000 		.4byte	.LVL19
 619 026d 64030000 		.4byte	0x364
 620 0271 7B020000 		.4byte	0x27b
 621 0275 09       		.uleb128 0x9
 622 0276 01       		.uleb128 0x1
 623 0277 50       		.byte	0x50
 624 0278 01       		.uleb128 0x1
 625 0279 31       		.byte	0x31
 626 027a 00       		.byte	0
 627 027b 08       		.uleb128 0x8
 628 027c 3C000000 		.4byte	.LVL20
 629 0280 86030000 		.4byte	0x386
 630 0284 93020000 		.4byte	0x293
 631 0288 09       		.uleb128 0x9
 632 0289 01       		.uleb128 0x1
 633 028a 51       		.byte	0x51
 634 028b 01       		.uleb128 0x1
 635 028c 3E       		.byte	0x3e
 636 028d 09       		.uleb128 0x9
 637 028e 01       		.uleb128 0x1
 638 028f 50       		.byte	0x50
 639 0290 01       		.uleb128 0x1
 640 0291 31       		.byte	0x31
 641 0292 00       		.byte	0
 642 0293 0A       		.uleb128 0xa
 643 0294 46000000 		.4byte	.LVL21
 644 0298 75030000 		.4byte	0x375
 645 029c 09       		.uleb128 0x9
 646 029d 01       		.uleb128 0x1
 647 029e 50       		.byte	0x50
 648 029f 05       		.uleb128 0x5
 649 02a0 03       		.byte	0x3
 650 02a1 14000000 		.4byte	.LC2
 651 02a5 00       		.byte	0
 652 02a6 00       		.byte	0
 653 02a7 0D       		.uleb128 0xd
 654 02a8 2E010000 		.4byte	.LASF22
 655 02ac 06       		.byte	0x6
 656 02ad 1606     		.2byte	0x616
 657 02af B3020000 		.4byte	0x2b3
 658 02b3 0E       		.uleb128 0xe
 659 02b4 76000000 		.4byte	0x76
 660 02b8 0F       		.uleb128 0xf
 661 02b9 6900     		.ascii	"i\000"
 662 02bb 05       		.byte	0x5
 663 02bc 0D       		.byte	0xd
 664 02bd 81000000 		.4byte	0x81
 665 02c1 05       		.uleb128 0x5
 666 02c2 03       		.byte	0x3
 667 02c3 00000000 		.4byte	i
 668 02c7 10       		.uleb128 0x10
ARM GAS  C:\Users\Eih3\AppData\Local\Temp\ccLBmvb6.s 			page 15


 669 02c8 BE000000 		.4byte	0xbe
 670 02cc D7020000 		.4byte	0x2d7
 671 02d0 11       		.uleb128 0x11
 672 02d1 B7000000 		.4byte	0xb7
 673 02d5 0A       		.byte	0xa
 674 02d6 00       		.byte	0
 675 02d7 0F       		.uleb128 0xf
 676 02d8 415400   		.ascii	"AT\000"
 677 02db 01       		.byte	0x1
 678 02dc 1C       		.byte	0x1c
 679 02dd C7020000 		.4byte	0x2c7
 680 02e1 05       		.uleb128 0x5
 681 02e2 03       		.byte	0x3
 682 02e3 00000000 		.4byte	AT
 683 02e7 12       		.uleb128 0x12
 684 02e8 1E020000 		.4byte	.LASF23
 685 02ec 01       		.byte	0x1
 686 02ed 2A       		.byte	0x2a
 687 02ee 81000000 		.4byte	0x81
 688 02f2 12       		.uleb128 0x12
 689 02f3 80000000 		.4byte	.LASF24
 690 02f7 01       		.byte	0x1
 691 02f8 2B       		.byte	0x2b
 692 02f9 81000000 		.4byte	0x81
 693 02fd 13       		.uleb128 0x13
 694 02fe 0D020000 		.4byte	.LASF25
 695 0302 01       		.byte	0x1
 696 0303 2D       		.byte	0x2d
 697 0304 81000000 		.4byte	0x81
 698 0308 05       		.uleb128 0x5
 699 0309 03       		.byte	0x3
 700 030a 00000000 		.4byte	command
 701 030e 14       		.uleb128 0x14
 702 030f 28020000 		.4byte	.LASF26
 703 0313 07       		.byte	0x7
 704 0314 8B       		.byte	0x8b
 705 0315 1F030000 		.4byte	0x31f
 706 0319 15       		.uleb128 0x15
 707 031a 1F030000 		.4byte	0x31f
 708 031e 00       		.byte	0
 709 031f 05       		.uleb128 0x5
 710 0320 04       		.byte	0x4
 711 0321 25030000 		.4byte	0x325
 712 0325 16       		.uleb128 0x16
 713 0326 A5000000 		.4byte	0xa5
 714 032a 14       		.uleb128 0x14
 715 032b 37020000 		.4byte	.LASF27
 716 032f 08       		.byte	0x8
 717 0330 77       		.byte	0x77
 718 0331 3B030000 		.4byte	0x33b
 719 0335 15       		.uleb128 0x15
 720 0336 8C000000 		.4byte	0x8c
 721 033a 00       		.byte	0
 722 033b 14       		.uleb128 0x14
 723 033c AE010000 		.4byte	.LASF28
 724 0340 07       		.byte	0x7
 725 0341 8E       		.byte	0x8e
ARM GAS  C:\Users\Eih3\AppData\Local\Temp\ccLBmvb6.s 			page 16


 726 0342 4C030000 		.4byte	0x34c
 727 0346 15       		.uleb128 0x15
 728 0347 81000000 		.4byte	0x81
 729 034b 00       		.byte	0
 730 034c 17       		.uleb128 0x17
 731 034d 1E000000 		.4byte	.LASF36
 732 0351 07       		.byte	0x7
 733 0352 75       		.byte	0x75
 734 0353 14       		.uleb128 0x14
 735 0354 C3010000 		.4byte	.LASF29
 736 0358 07       		.byte	0x7
 737 0359 8A       		.byte	0x8a
 738 035a 64030000 		.4byte	0x364
 739 035e 15       		.uleb128 0x15
 740 035f 81000000 		.4byte	0x81
 741 0363 00       		.byte	0
 742 0364 14       		.uleb128 0x14
 743 0365 EC010000 		.4byte	.LASF30
 744 0369 09       		.byte	0x9
 745 036a 3A       		.byte	0x3a
 746 036b 75030000 		.4byte	0x375
 747 036f 15       		.uleb128 0x15
 748 0370 81000000 		.4byte	0x81
 749 0374 00       		.byte	0
 750 0375 14       		.uleb128 0x14
 751 0376 58010000 		.4byte	.LASF31
 752 037a 09       		.byte	0x9
 753 037b 3C       		.byte	0x3c
 754 037c 86030000 		.4byte	0x386
 755 0380 15       		.uleb128 0x15
 756 0381 1F030000 		.4byte	0x31f
 757 0385 00       		.byte	0
 758 0386 18       		.uleb128 0x18
 759 0387 A1010000 		.4byte	.LASF37
 760 038b 09       		.byte	0x9
 761 038c 3D       		.byte	0x3d
 762 038d 15       		.uleb128 0x15
 763 038e 81000000 		.4byte	0x81
 764 0392 15       		.uleb128 0x15
 765 0393 81000000 		.4byte	0x81
 766 0397 00       		.byte	0
 767 0398 00       		.byte	0
 768              		.section	.debug_abbrev,"",%progbits
 769              	.Ldebug_abbrev0:
 770 0000 01       		.uleb128 0x1
 771 0001 11       		.uleb128 0x11
 772 0002 01       		.byte	0x1
 773 0003 25       		.uleb128 0x25
 774 0004 0E       		.uleb128 0xe
 775 0005 13       		.uleb128 0x13
 776 0006 0B       		.uleb128 0xb
 777 0007 03       		.uleb128 0x3
 778 0008 0E       		.uleb128 0xe
 779 0009 1B       		.uleb128 0x1b
 780 000a 0E       		.uleb128 0xe
 781 000b 55       		.uleb128 0x55
 782 000c 17       		.uleb128 0x17
ARM GAS  C:\Users\Eih3\AppData\Local\Temp\ccLBmvb6.s 			page 17


 783 000d 11       		.uleb128 0x11
 784 000e 01       		.uleb128 0x1
 785 000f 10       		.uleb128 0x10
 786 0010 17       		.uleb128 0x17
 787 0011 00       		.byte	0
 788 0012 00       		.byte	0
 789 0013 02       		.uleb128 0x2
 790 0014 24       		.uleb128 0x24
 791 0015 00       		.byte	0
 792 0016 0B       		.uleb128 0xb
 793 0017 0B       		.uleb128 0xb
 794 0018 3E       		.uleb128 0x3e
 795 0019 0B       		.uleb128 0xb
 796 001a 03       		.uleb128 0x3
 797 001b 0E       		.uleb128 0xe
 798 001c 00       		.byte	0
 799 001d 00       		.byte	0
 800 001e 03       		.uleb128 0x3
 801 001f 16       		.uleb128 0x16
 802 0020 00       		.byte	0
 803 0021 03       		.uleb128 0x3
 804 0022 0E       		.uleb128 0xe
 805 0023 3A       		.uleb128 0x3a
 806 0024 0B       		.uleb128 0xb
 807 0025 3B       		.uleb128 0x3b
 808 0026 0B       		.uleb128 0xb
 809 0027 49       		.uleb128 0x49
 810 0028 13       		.uleb128 0x13
 811 0029 00       		.byte	0
 812 002a 00       		.byte	0
 813 002b 04       		.uleb128 0x4
 814 002c 24       		.uleb128 0x24
 815 002d 00       		.byte	0
 816 002e 0B       		.uleb128 0xb
 817 002f 0B       		.uleb128 0xb
 818 0030 3E       		.uleb128 0x3e
 819 0031 0B       		.uleb128 0xb
 820 0032 03       		.uleb128 0x3
 821 0033 08       		.uleb128 0x8
 822 0034 00       		.byte	0
 823 0035 00       		.byte	0
 824 0036 05       		.uleb128 0x5
 825 0037 0F       		.uleb128 0xf
 826 0038 00       		.byte	0
 827 0039 0B       		.uleb128 0xb
 828 003a 0B       		.uleb128 0xb
 829 003b 49       		.uleb128 0x49
 830 003c 13       		.uleb128 0x13
 831 003d 00       		.byte	0
 832 003e 00       		.byte	0
 833 003f 06       		.uleb128 0x6
 834 0040 2E       		.uleb128 0x2e
 835 0041 01       		.byte	0x1
 836 0042 3F       		.uleb128 0x3f
 837 0043 19       		.uleb128 0x19
 838 0044 03       		.uleb128 0x3
 839 0045 0E       		.uleb128 0xe
ARM GAS  C:\Users\Eih3\AppData\Local\Temp\ccLBmvb6.s 			page 18


 840 0046 3A       		.uleb128 0x3a
 841 0047 0B       		.uleb128 0xb
 842 0048 3B       		.uleb128 0x3b
 843 0049 0B       		.uleb128 0xb
 844 004a 11       		.uleb128 0x11
 845 004b 01       		.uleb128 0x1
 846 004c 12       		.uleb128 0x12
 847 004d 06       		.uleb128 0x6
 848 004e 40       		.uleb128 0x40
 849 004f 18       		.uleb128 0x18
 850 0050 9742     		.uleb128 0x2117
 851 0052 19       		.uleb128 0x19
 852 0053 01       		.uleb128 0x1
 853 0054 13       		.uleb128 0x13
 854 0055 00       		.byte	0
 855 0056 00       		.byte	0
 856 0057 07       		.uleb128 0x7
 857 0058 898201   		.uleb128 0x4109
 858 005b 00       		.byte	0
 859 005c 11       		.uleb128 0x11
 860 005d 01       		.uleb128 0x1
 861 005e 31       		.uleb128 0x31
 862 005f 13       		.uleb128 0x13
 863 0060 00       		.byte	0
 864 0061 00       		.byte	0
 865 0062 08       		.uleb128 0x8
 866 0063 898201   		.uleb128 0x4109
 867 0066 01       		.byte	0x1
 868 0067 11       		.uleb128 0x11
 869 0068 01       		.uleb128 0x1
 870 0069 31       		.uleb128 0x31
 871 006a 13       		.uleb128 0x13
 872 006b 01       		.uleb128 0x1
 873 006c 13       		.uleb128 0x13
 874 006d 00       		.byte	0
 875 006e 00       		.byte	0
 876 006f 09       		.uleb128 0x9
 877 0070 8A8201   		.uleb128 0x410a
 878 0073 00       		.byte	0
 879 0074 02       		.uleb128 0x2
 880 0075 18       		.uleb128 0x18
 881 0076 9142     		.uleb128 0x2111
 882 0078 18       		.uleb128 0x18
 883 0079 00       		.byte	0
 884 007a 00       		.byte	0
 885 007b 0A       		.uleb128 0xa
 886 007c 898201   		.uleb128 0x4109
 887 007f 01       		.byte	0x1
 888 0080 11       		.uleb128 0x11
 889 0081 01       		.uleb128 0x1
 890 0082 9542     		.uleb128 0x2115
 891 0084 19       		.uleb128 0x19
 892 0085 31       		.uleb128 0x31
 893 0086 13       		.uleb128 0x13
 894 0087 00       		.byte	0
 895 0088 00       		.byte	0
 896 0089 0B       		.uleb128 0xb
ARM GAS  C:\Users\Eih3\AppData\Local\Temp\ccLBmvb6.s 			page 19


 897 008a 2E       		.uleb128 0x2e
 898 008b 01       		.byte	0x1
 899 008c 3F       		.uleb128 0x3f
 900 008d 19       		.uleb128 0x19
 901 008e 03       		.uleb128 0x3
 902 008f 0E       		.uleb128 0xe
 903 0090 3A       		.uleb128 0x3a
 904 0091 0B       		.uleb128 0xb
 905 0092 3B       		.uleb128 0x3b
 906 0093 0B       		.uleb128 0xb
 907 0094 27       		.uleb128 0x27
 908 0095 19       		.uleb128 0x19
 909 0096 11       		.uleb128 0x11
 910 0097 01       		.uleb128 0x1
 911 0098 12       		.uleb128 0x12
 912 0099 06       		.uleb128 0x6
 913 009a 40       		.uleb128 0x40
 914 009b 18       		.uleb128 0x18
 915 009c 9742     		.uleb128 0x2117
 916 009e 19       		.uleb128 0x19
 917 009f 01       		.uleb128 0x1
 918 00a0 13       		.uleb128 0x13
 919 00a1 00       		.byte	0
 920 00a2 00       		.byte	0
 921 00a3 0C       		.uleb128 0xc
 922 00a4 05       		.uleb128 0x5
 923 00a5 00       		.byte	0
 924 00a6 03       		.uleb128 0x3
 925 00a7 08       		.uleb128 0x8
 926 00a8 3A       		.uleb128 0x3a
 927 00a9 0B       		.uleb128 0xb
 928 00aa 3B       		.uleb128 0x3b
 929 00ab 0B       		.uleb128 0xb
 930 00ac 49       		.uleb128 0x49
 931 00ad 13       		.uleb128 0x13
 932 00ae 02       		.uleb128 0x2
 933 00af 17       		.uleb128 0x17
 934 00b0 00       		.byte	0
 935 00b1 00       		.byte	0
 936 00b2 0D       		.uleb128 0xd
 937 00b3 34       		.uleb128 0x34
 938 00b4 00       		.byte	0
 939 00b5 03       		.uleb128 0x3
 940 00b6 0E       		.uleb128 0xe
 941 00b7 3A       		.uleb128 0x3a
 942 00b8 0B       		.uleb128 0xb
 943 00b9 3B       		.uleb128 0x3b
 944 00ba 05       		.uleb128 0x5
 945 00bb 49       		.uleb128 0x49
 946 00bc 13       		.uleb128 0x13
 947 00bd 3F       		.uleb128 0x3f
 948 00be 19       		.uleb128 0x19
 949 00bf 3C       		.uleb128 0x3c
 950 00c0 19       		.uleb128 0x19
 951 00c1 00       		.byte	0
 952 00c2 00       		.byte	0
 953 00c3 0E       		.uleb128 0xe
ARM GAS  C:\Users\Eih3\AppData\Local\Temp\ccLBmvb6.s 			page 20


 954 00c4 35       		.uleb128 0x35
 955 00c5 00       		.byte	0
 956 00c6 49       		.uleb128 0x49
 957 00c7 13       		.uleb128 0x13
 958 00c8 00       		.byte	0
 959 00c9 00       		.byte	0
 960 00ca 0F       		.uleb128 0xf
 961 00cb 34       		.uleb128 0x34
 962 00cc 00       		.byte	0
 963 00cd 03       		.uleb128 0x3
 964 00ce 08       		.uleb128 0x8
 965 00cf 3A       		.uleb128 0x3a
 966 00d0 0B       		.uleb128 0xb
 967 00d1 3B       		.uleb128 0x3b
 968 00d2 0B       		.uleb128 0xb
 969 00d3 49       		.uleb128 0x49
 970 00d4 13       		.uleb128 0x13
 971 00d5 3F       		.uleb128 0x3f
 972 00d6 19       		.uleb128 0x19
 973 00d7 02       		.uleb128 0x2
 974 00d8 18       		.uleb128 0x18
 975 00d9 00       		.byte	0
 976 00da 00       		.byte	0
 977 00db 10       		.uleb128 0x10
 978 00dc 01       		.uleb128 0x1
 979 00dd 01       		.byte	0x1
 980 00de 49       		.uleb128 0x49
 981 00df 13       		.uleb128 0x13
 982 00e0 01       		.uleb128 0x1
 983 00e1 13       		.uleb128 0x13
 984 00e2 00       		.byte	0
 985 00e3 00       		.byte	0
 986 00e4 11       		.uleb128 0x11
 987 00e5 21       		.uleb128 0x21
 988 00e6 00       		.byte	0
 989 00e7 49       		.uleb128 0x49
 990 00e8 13       		.uleb128 0x13
 991 00e9 2F       		.uleb128 0x2f
 992 00ea 0B       		.uleb128 0xb
 993 00eb 00       		.byte	0
 994 00ec 00       		.byte	0
 995 00ed 12       		.uleb128 0x12
 996 00ee 34       		.uleb128 0x34
 997 00ef 00       		.byte	0
 998 00f0 03       		.uleb128 0x3
 999 00f1 0E       		.uleb128 0xe
 1000 00f2 3A       		.uleb128 0x3a
 1001 00f3 0B       		.uleb128 0xb
 1002 00f4 3B       		.uleb128 0x3b
 1003 00f5 0B       		.uleb128 0xb
 1004 00f6 49       		.uleb128 0x49
 1005 00f7 13       		.uleb128 0x13
 1006 00f8 3F       		.uleb128 0x3f
 1007 00f9 19       		.uleb128 0x19
 1008 00fa 3C       		.uleb128 0x3c
 1009 00fb 19       		.uleb128 0x19
 1010 00fc 00       		.byte	0
ARM GAS  C:\Users\Eih3\AppData\Local\Temp\ccLBmvb6.s 			page 21


 1011 00fd 00       		.byte	0
 1012 00fe 13       		.uleb128 0x13
 1013 00ff 34       		.uleb128 0x34
 1014 0100 00       		.byte	0
 1015 0101 03       		.uleb128 0x3
 1016 0102 0E       		.uleb128 0xe
 1017 0103 3A       		.uleb128 0x3a
 1018 0104 0B       		.uleb128 0xb
 1019 0105 3B       		.uleb128 0x3b
 1020 0106 0B       		.uleb128 0xb
 1021 0107 49       		.uleb128 0x49
 1022 0108 13       		.uleb128 0x13
 1023 0109 3F       		.uleb128 0x3f
 1024 010a 19       		.uleb128 0x19
 1025 010b 02       		.uleb128 0x2
 1026 010c 18       		.uleb128 0x18
 1027 010d 00       		.byte	0
 1028 010e 00       		.byte	0
 1029 010f 14       		.uleb128 0x14
 1030 0110 2E       		.uleb128 0x2e
 1031 0111 01       		.byte	0x1
 1032 0112 3F       		.uleb128 0x3f
 1033 0113 19       		.uleb128 0x19
 1034 0114 03       		.uleb128 0x3
 1035 0115 0E       		.uleb128 0xe
 1036 0116 3A       		.uleb128 0x3a
 1037 0117 0B       		.uleb128 0xb
 1038 0118 3B       		.uleb128 0x3b
 1039 0119 0B       		.uleb128 0xb
 1040 011a 27       		.uleb128 0x27
 1041 011b 19       		.uleb128 0x19
 1042 011c 3C       		.uleb128 0x3c
 1043 011d 19       		.uleb128 0x19
 1044 011e 01       		.uleb128 0x1
 1045 011f 13       		.uleb128 0x13
 1046 0120 00       		.byte	0
 1047 0121 00       		.byte	0
 1048 0122 15       		.uleb128 0x15
 1049 0123 05       		.uleb128 0x5
 1050 0124 00       		.byte	0
 1051 0125 49       		.uleb128 0x49
 1052 0126 13       		.uleb128 0x13
 1053 0127 00       		.byte	0
 1054 0128 00       		.byte	0
 1055 0129 16       		.uleb128 0x16
 1056 012a 26       		.uleb128 0x26
 1057 012b 00       		.byte	0
 1058 012c 49       		.uleb128 0x49
 1059 012d 13       		.uleb128 0x13
 1060 012e 00       		.byte	0
 1061 012f 00       		.byte	0
 1062 0130 17       		.uleb128 0x17
 1063 0131 2E       		.uleb128 0x2e
 1064 0132 00       		.byte	0
 1065 0133 3F       		.uleb128 0x3f
 1066 0134 19       		.uleb128 0x19
 1067 0135 03       		.uleb128 0x3
ARM GAS  C:\Users\Eih3\AppData\Local\Temp\ccLBmvb6.s 			page 22


 1068 0136 0E       		.uleb128 0xe
 1069 0137 3A       		.uleb128 0x3a
 1070 0138 0B       		.uleb128 0xb
 1071 0139 3B       		.uleb128 0x3b
 1072 013a 0B       		.uleb128 0xb
 1073 013b 27       		.uleb128 0x27
 1074 013c 19       		.uleb128 0x19
 1075 013d 3C       		.uleb128 0x3c
 1076 013e 19       		.uleb128 0x19
 1077 013f 00       		.byte	0
 1078 0140 00       		.byte	0
 1079 0141 18       		.uleb128 0x18
 1080 0142 2E       		.uleb128 0x2e
 1081 0143 01       		.byte	0x1
 1082 0144 3F       		.uleb128 0x3f
 1083 0145 19       		.uleb128 0x19
 1084 0146 03       		.uleb128 0x3
 1085 0147 0E       		.uleb128 0xe
 1086 0148 3A       		.uleb128 0x3a
 1087 0149 0B       		.uleb128 0xb
 1088 014a 3B       		.uleb128 0x3b
 1089 014b 0B       		.uleb128 0xb
 1090 014c 27       		.uleb128 0x27
 1091 014d 19       		.uleb128 0x19
 1092 014e 3C       		.uleb128 0x3c
 1093 014f 19       		.uleb128 0x19
 1094 0150 00       		.byte	0
 1095 0151 00       		.byte	0
 1096 0152 00       		.byte	0
 1097              		.section	.debug_loc,"",%progbits
 1098              	.Ldebug_loc0:
 1099              	.LLST0:
 1100 0000 00000000 		.4byte	.LVL4
 1101 0004 05000000 		.4byte	.LVL5-1
 1102 0008 0100     		.2byte	0x1
 1103 000a 50       		.byte	0x50
 1104 000b 05000000 		.4byte	.LVL5-1
 1105 000f 16000000 		.4byte	.LFE58
 1106 0013 0400     		.2byte	0x4
 1107 0015 F3       		.byte	0xf3
 1108 0016 01       		.uleb128 0x1
 1109 0017 50       		.byte	0x50
 1110 0018 9F       		.byte	0x9f
 1111 0019 00000000 		.4byte	0
 1112 001d 00000000 		.4byte	0
 1113              		.section	.debug_aranges,"",%progbits
 1114 0000 3C000000 		.4byte	0x3c
 1115 0004 0200     		.2byte	0x2
 1116 0006 00000000 		.4byte	.Ldebug_info0
 1117 000a 04       		.byte	0x4
 1118 000b 00       		.byte	0
 1119 000c 0000     		.2byte	0
 1120 000e 0000     		.2byte	0
 1121 0010 00000000 		.4byte	.LFB56
 1122 0014 28000000 		.4byte	.LFE56-.LFB56
 1123 0018 00000000 		.4byte	.LFB58
 1124 001c 16000000 		.4byte	.LFE58-.LFB58
ARM GAS  C:\Users\Eih3\AppData\Local\Temp\ccLBmvb6.s 			page 23


 1125 0020 00000000 		.4byte	.LFB57
 1126 0024 30000000 		.4byte	.LFE57-.LFB57
 1127 0028 00000000 		.4byte	.LFB59
 1128 002c 24000000 		.4byte	.LFE59-.LFB59
 1129 0030 00000000 		.4byte	.LFB60
 1130 0034 58000000 		.4byte	.LFE60-.LFB60
 1131 0038 00000000 		.4byte	0
 1132 003c 00000000 		.4byte	0
 1133              		.section	.debug_ranges,"",%progbits
 1134              	.Ldebug_ranges0:
 1135 0000 00000000 		.4byte	.LFB56
 1136 0004 28000000 		.4byte	.LFE56
 1137 0008 00000000 		.4byte	.LFB58
 1138 000c 16000000 		.4byte	.LFE58
 1139 0010 00000000 		.4byte	.LFB57
 1140 0014 30000000 		.4byte	.LFE57
 1141 0018 00000000 		.4byte	.LFB59
 1142 001c 24000000 		.4byte	.LFE59
 1143 0020 00000000 		.4byte	.LFB60
 1144 0024 58000000 		.4byte	.LFE60
 1145 0028 00000000 		.4byte	0
 1146 002c 00000000 		.4byte	0
 1147              		.section	.debug_line,"",%progbits
 1148              	.Ldebug_line0:
 1149 0000 F8010000 		.section	.debug_str,"MS",%progbits,1
 1149      02007D01 
 1149      00000201 
 1149      FB0E0D00 
 1149      01010101 
 1150              	.LASF9:
 1151 0000 5F5F696E 		.ascii	"__int32_t\000"
 1151      7433325F 
 1151      7400
 1152              	.LASF4:
 1153 000a 6C6F6E67 		.ascii	"long int\000"
 1153      20696E74 
 1153      00
 1154              	.LASF20:
 1155 0013 436F6E66 		.ascii	"ConfigWifi\000"
 1155      69675769 
 1155      666900
 1156              	.LASF36:
 1157 001e 55415254 		.ascii	"UART_ClearRxBuffer\000"
 1157      5F436C65 
 1157      61725278 
 1157      42756666 
 1157      657200
 1158              	.LASF14:
 1159 0031 646F7562 		.ascii	"double\000"
 1159      6C6500
 1160              	.LASF18:
 1161 0038 41544D6F 		.ascii	"ATModeCommande\000"
 1161      6465436F 
 1161      6D6D616E 
 1161      646500
 1162              	.LASF13:
 1163 0047 666C6F61 		.ascii	"float\000"
ARM GAS  C:\Users\Eih3\AppData\Local\Temp\ccLBmvb6.s 			page 24


 1163      7400
 1164              	.LASF0:
 1165 004d 7369676E 		.ascii	"signed char\000"
 1165      65642063 
 1165      68617200 
 1166              	.LASF34:
 1167 0059 443A5C45 		.ascii	"D:\\Eih3Cloud\\Module HF\\Module HF.cydsn\000"
 1167      69683343 
 1167      6C6F7564 
 1167      5C4D6F64 
 1167      756C6520 
 1168              	.LASF24:
 1169 0080 4C696E6B 		.ascii	"Linked\000"
 1169      656400
 1170              	.LASF32:
 1171 0087 474E5520 		.ascii	"GNU C 4.8.4 20140526 (release) [ARM/embedded-4_8-br"
 1171      4320342E 
 1171      382E3420 
 1171      32303134 
 1171      30353236 
 1172 00ba 616E6368 		.ascii	"anch revision 211358] -mcpu=cortex-m3 -mthumb -g -O"
 1172      20726576 
 1172      6973696F 
 1172      6E203231 
 1172      31333538 
 1173 00ed 73202D66 		.ascii	"s -ffunction-sections\000"
 1173      66756E63 
 1173      74696F6E 
 1173      2D736563 
 1173      74696F6E 
 1174              	.LASF15:
 1175 0103 63686172 		.ascii	"char8\000"
 1175      3800
 1176              	.LASF5:
 1177 0109 6C6F6E67 		.ascii	"long unsigned int\000"
 1177      20756E73 
 1177      69676E65 
 1177      6420696E 
 1177      7400
 1178              	.LASF3:
 1179 011b 73686F72 		.ascii	"short unsigned int\000"
 1179      7420756E 
 1179      7369676E 
 1179      65642069 
 1179      6E7400
 1180              	.LASF22:
 1181 012e 49544D5F 		.ascii	"ITM_RxBuffer\000"
 1181      52784275 
 1181      66666572 
 1181      00
 1182              	.LASF1:
 1183 013b 756E7369 		.ascii	"unsigned char\000"
 1183      676E6564 
 1183      20636861 
 1183      7200
 1184              	.LASF33:
 1185 0149 2E5C5749 		.ascii	".\\WIFI.c\000"
ARM GAS  C:\Users\Eih3\AppData\Local\Temp\ccLBmvb6.s 			page 25


 1185      46492E63 
 1185      00
 1186              	.LASF21:
 1187 0152 5443504F 		.ascii	"TCPOK\000"
 1187      4B00
 1188              	.LASF31:
 1189 0158 4C43445F 		.ascii	"LCD_PrintString\000"
 1189      5072696E 
 1189      74537472 
 1189      696E6700 
 1190              	.LASF12:
 1191 0168 75696E74 		.ascii	"uint32\000"
 1191      333200
 1192              	.LASF8:
 1193 016f 756E7369 		.ascii	"unsigned int\000"
 1193      676E6564 
 1193      20696E74 
 1193      00
 1194              	.LASF7:
 1195 017c 6C6F6E67 		.ascii	"long long unsigned int\000"
 1195      206C6F6E 
 1195      6720756E 
 1195      7369676E 
 1195      65642069 
 1196              	.LASF35:
 1197 0193 53656E64 		.ascii	"SendATCommand\000"
 1197      4154436F 
 1197      6D6D616E 
 1197      6400
 1198              	.LASF37:
 1199 01a1 4C43445F 		.ascii	"LCD_Position\000"
 1199      506F7369 
 1199      74696F6E 
 1199      00
 1200              	.LASF28:
 1201 01ae 55415254 		.ascii	"UART_PutCRLF\000"
 1201      5F507574 
 1201      43524C46 
 1201      00
 1202              	.LASF10:
 1203 01bb 696E7433 		.ascii	"int32_t\000"
 1203      325F7400 
 1204              	.LASF29:
 1205 01c3 55415254 		.ascii	"UART_PutChar\000"
 1205      5F507574 
 1205      43686172 
 1205      00
 1206              	.LASF6:
 1207 01d0 6C6F6E67 		.ascii	"long long int\000"
 1207      206C6F6E 
 1207      6720696E 
 1207      7400
 1208              	.LASF17:
 1209 01de 73697A65 		.ascii	"sizetype\000"
 1209      74797065 
 1209      00
 1210              	.LASF16:
ARM GAS  C:\Users\Eih3\AppData\Local\Temp\ccLBmvb6.s 			page 26


 1211 01e7 63686172 		.ascii	"char\000"
 1211      00
 1212              	.LASF30:
 1213 01ec 4C43445F 		.ascii	"LCD_WriteControl\000"
 1213      57726974 
 1213      65436F6E 
 1213      74726F6C 
 1213      00
 1214              	.LASF2:
 1215 01fd 73686F72 		.ascii	"short int\000"
 1215      7420696E 
 1215      7400
 1216              	.LASF11:
 1217 0207 75696E74 		.ascii	"uint8\000"
 1217      3800
 1218              	.LASF25:
 1219 020d 636F6D6D 		.ascii	"command\000"
 1219      616E6400 
 1220              	.LASF19:
 1221 0215 436F6E66 		.ascii	"ConfigAP\000"
 1221      69674150 
 1221      00
 1222              	.LASF23:
 1223 021e 436F6E66 		.ascii	"ConfigEnd\000"
 1223      6967456E 
 1223      6400
 1224              	.LASF26:
 1225 0228 55415254 		.ascii	"UART_PutString\000"
 1225      5F507574 
 1225      53747269 
 1225      6E6700
 1226              	.LASF27:
 1227 0237 43794465 		.ascii	"CyDelay\000"
 1227      6C617900 
 1228              		.ident	"GCC: (GNU Tools for ARM Embedded Processors) 4.8.4 20140526 (release) [ARM/embedded-4_8-br
