ARM GAS  C:\Users\Eih3\AppData\Local\Temp\cchrzQ2l.s 			page 1


   1              		.syntax unified
   2              		.cpu cortex-m3
   3              		.fpu softvfp
   4              		.eabi_attribute 20, 1
   5              		.eabi_attribute 21, 1
   6              		.eabi_attribute 23, 3
   7              		.eabi_attribute 24, 1
   8              		.eabi_attribute 25, 1
   9              		.eabi_attribute 26, 1
  10              		.eabi_attribute 30, 6
  11              		.eabi_attribute 34, 1
  12              		.eabi_attribute 18, 4
  13              		.thumb
  14              		.file	"cymetadata.c"
  15              		.text
  16              	.Ltext0:
  17              		.cfi_sections	.debug_frame
  18              		.global	cy_meta_configecc
  19              		.section	.cyconfigecc,"a",%progbits
  20              		.align	2
  21              		.type	cy_meta_configecc, %object
  22              		.size	cy_meta_configecc, 160
  23              	cy_meta_configecc:
  24 0000 02       		.byte	2
  25 0001 52       		.byte	82
  26 0002 00       		.byte	0
  27 0003 40       		.byte	64
  28 0004 03       		.byte	3
  29 0005 15       		.byte	21
  30 0006 01       		.byte	1
  31 0007 40       		.byte	64
  32 0008 01       		.byte	1
  33 0009 17       		.byte	23
  34 000a 01       		.byte	1
  35 000b 40       		.byte	64
  36 000c 01       		.byte	1
  37 000d 19       		.byte	25
  38 000e 01       		.byte	1
  39 000f 40       		.byte	64
  40 0010 03       		.byte	3
  41 0011 1B       		.byte	27
  42 0012 01       		.byte	1
  43 0013 40       		.byte	64
  44 0014 02       		.byte	2
  45 0015 42       		.byte	66
  46 0016 01       		.byte	1
  47 0017 40       		.byte	64
  48 0018 01       		.byte	1
  49 0019 43       		.byte	67
  50 001a 01       		.byte	1
  51 001b 40       		.byte	64
  52 001c 03       		.byte	3
  53 001d 48       		.byte	72
  54 001e 01       		.byte	1
  55 001f 40       		.byte	64
  56 0020 10       		.byte	16
  57 0021 49       		.byte	73
ARM GAS  C:\Users\Eih3\AppData\Local\Temp\cchrzQ2l.s 			page 2


  58 0022 01       		.byte	1
  59 0023 40       		.byte	64
  60 0024 08       		.byte	8
  61 0025 4C       		.byte	76
  62 0026 01       		.byte	1
  63 0027 40       		.byte	64
  64 0028 05       		.byte	5
  65 0029 4D       		.byte	77
  66 002a 01       		.byte	1
  67 002b 40       		.byte	64
  68 002c 01       		.byte	1
  69 002d 51       		.byte	81
  70 002e 01       		.byte	1
  71 002f 40       		.byte	64
  72 0030 60       		.byte	96
  73 0031 02       		.byte	2
  74 0032 64       		.byte	100
  75 0033 03       		.byte	3
  76 0034 E0       		.byte	-32
  77 0035 08       		.byte	8
  78 0036 E4       		.byte	-28
  79 0037 01       		.byte	1
  80 0038 EA       		.byte	-22
  81 0039 05       		.byte	5
  82 003a E6       		.byte	-26
  83 003b 04       		.byte	4
  84 003c E6       		.byte	-26
  85 003d 04       		.byte	4
  86 003e E0       		.byte	-32
  87 003f 08       		.byte	8
  88 0040 E4       		.byte	-28
  89 0041 01       		.byte	1
  90 0042 EA       		.byte	-22
  91 0043 05       		.byte	5
  92 0044 3E       		.byte	62
  93 0045 10       		.byte	16
  94 0046 CE       		.byte	-50
  95 0047 20       		.byte	32
  96 0048 96       		.byte	-106
  97 0049 10       		.byte	16
  98 004a 80       		.byte	-128
  99 004b 01       		.byte	1
 100 004c 96       		.byte	-106
 101 004d 10       		.byte	16
 102 004e E6       		.byte	-26
 103 004f 20       		.byte	32
 104 0050 12       		.byte	18
 105 0051 20       		.byte	32
 106 0052 16       		.byte	22
 107 0053 40       		.byte	64
 108 0054 70       		.byte	112
 109 0055 01       		.byte	1
 110 0056 77       		.byte	119
 111 0057 10       		.byte	16
 112 0058 82       		.byte	-126
 113 0059 20       		.byte	32
 114 005a 86       		.byte	-122
ARM GAS  C:\Users\Eih3\AppData\Local\Temp\cchrzQ2l.s 			page 3


 115 005b 40       		.byte	64
 116 005c 90       		.byte	-112
 117 005d 02       		.byte	2
 118 005e 9B       		.byte	-101
 119 005f 10       		.byte	16
 120 0060 AA       		.byte	-86
 121 0061 10       		.byte	16
 122 0062 AB       		.byte	-85
 123 0063 10       		.byte	16
 124 0064 C4       		.byte	-60
 125 0065 30       		.byte	48
 126 0066 DC       		.byte	-36
 127 0067 80       		.byte	-128
 128 0068 DE       		.byte	-34
 129 0069 20       		.byte	32
 130 006a E0       		.byte	-32
 131 006b 10       		.byte	16
 132 006c E4       		.byte	-28
 133 006d 80       		.byte	-128
 134 006e EA       		.byte	-22
 135 006f A0       		.byte	-96
 136 0070 12       		.byte	18
 137 0071 80       		.byte	-128
 138 0072 13       		.byte	19
 139 0073 20       		.byte	32
 140 0074 17       		.byte	23
 141 0075 08       		.byte	8
 142 0076 7B       		.byte	123
 143 0077 10       		.byte	16
 144 0078 7F       		.byte	127
 145 0079 40       		.byte	64
 146 007a 82       		.byte	-126
 147 007b 80       		.byte	-128
 148 007c C4       		.byte	-60
 149 007d 0E       		.byte	14
 150 007e DE       		.byte	-34
 151 007f 03       		.byte	3
 152 0080 83       		.byte	-125
 153 0081 10       		.byte	16
 154 0082 87       		.byte	-121
 155 0083 40       		.byte	64
 156 0084 97       		.byte	-105
 157 0085 80       		.byte	-128
 158 0086 A7       		.byte	-89
 159 0087 10       		.byte	16
 160 0088 AB       		.byte	-85
 161 0089 28       		.byte	40
 162 008a 03       		.byte	3
 163 008b C0       		.byte	-64
 164 008c 03       		.byte	3
 165 008d 00       		.byte	0
 166 008e 00       		.byte	0
 167 008f 00       		.byte	0
 168 0090 03       		.byte	3
 169 0091 00       		.byte	0
 170 0092 03       		.byte	3
 171 0093 00       		.byte	0
ARM GAS  C:\Users\Eih3\AppData\Local\Temp\cchrzQ2l.s 			page 4


 172 0094 00       		.byte	0
 173 0095 00       		.byte	0
 174 0096 00       		.byte	0
 175 0097 00       		.byte	0
 176 0098 00       		.byte	0
 177 0099 7F       		.byte	127
 178 009a 7F       		.byte	127
 179 009b 00       		.byte	0
 180 009c 00       		.byte	0
 181 009d 00       		.byte	0
 182 009e 00       		.byte	0
 183 009f 00       		.byte	0
 184              		.global	cy_meta_custnvl
 185              		.section	.cycustnvl,"a",%progbits
 186              		.align	2
 187              		.type	cy_meta_custnvl, %object
 188              		.size	cy_meta_custnvl, 4
 189              	cy_meta_custnvl:
 190 0000 00       		.byte	0
 191 0001 00       		.byte	0
 192 0002 40       		.byte	64
 193 0003 05       		.byte	5
 194              		.global	cy_meta_wonvl
 195              		.section	.cywolatch,"a",%progbits
 196              		.align	2
 197              		.type	cy_meta_wonvl, %object
 198              		.size	cy_meta_wonvl, 4
 199              	cy_meta_wonvl:
 200 0000 BC       		.byte	-68
 201 0001 90       		.byte	-112
 202 0002 AC       		.byte	-84
 203 0003 AF       		.byte	-81
 204              		.global	cy_meta_flashprotect
 205              		.section	.cyflashprotect,"a",%progbits
 206              		.align	2
 207              		.type	cy_meta_flashprotect, %object
 208              		.size	cy_meta_flashprotect, 256
 209              	cy_meta_flashprotect:
 210 0000 00000000 		.space	256
 210      00000000 
 210      00000000 
 210      00000000 
 210      00000000 
 211              		.global	cy_metadata
 212              		.section	.cymeta,"a",%progbits
 213              		.align	2
 214              		.type	cy_metadata, %object
 215              		.size	cy_metadata, 12
 216              	cy_metadata:
 217 0000 00       		.byte	0
 218 0001 01       		.byte	1
 219 0002 2E       		.byte	46
 220 0003 12       		.byte	18
 221 0004 30       		.byte	48
 222 0005 69       		.byte	105
 223 0006 00       		.byte	0
 224 0007 01       		.byte	1
ARM GAS  C:\Users\Eih3\AppData\Local\Temp\cchrzQ2l.s 			page 5


 225 0008 00       		.byte	0
 226 0009 00       		.byte	0
 227 000a 00       		.byte	0
 228 000b 00       		.byte	0
 229              		.text
 230              	.Letext0:
 231              		.file 1 ".\\Generated_Source\\PSoC5\\cymetadata.c"
 232              		.file 2 ".\\Generated_Source\\PSoC5\\cytypes.h"
 233              		.section	.debug_info,"",%progbits
 234              	.Ldebug_info0:
 235 0000 35010000 		.4byte	0x135
 236 0004 0400     		.2byte	0x4
 237 0006 00000000 		.4byte	.Ldebug_abbrev0
 238 000a 04       		.byte	0x4
 239 000b 01       		.uleb128 0x1
 240 000c E2000000 		.4byte	.LASF18
 241 0010 01       		.byte	0x1
 242 0011 06000000 		.4byte	.LASF19
 243 0015 38000000 		.4byte	.LASF20
 244 0019 00000000 		.4byte	.Ldebug_line0
 245 001d 02       		.uleb128 0x2
 246 001e 01       		.byte	0x1
 247 001f 06       		.byte	0x6
 248 0020 B6010000 		.4byte	.LASF0
 249 0024 02       		.uleb128 0x2
 250 0025 01       		.byte	0x1
 251 0026 08       		.byte	0x8
 252 0027 62000000 		.4byte	.LASF1
 253 002b 02       		.uleb128 0x2
 254 002c 02       		.byte	0x2
 255 002d 05       		.byte	0x5
 256 002e 9D010000 		.4byte	.LASF2
 257 0032 02       		.uleb128 0x2
 258 0033 02       		.byte	0x2
 259 0034 07       		.byte	0x7
 260 0035 82000000 		.4byte	.LASF3
 261 0039 02       		.uleb128 0x2
 262 003a 04       		.byte	0x4
 263 003b 05       		.byte	0x5
 264 003c AD010000 		.4byte	.LASF4
 265 0040 02       		.uleb128 0x2
 266 0041 04       		.byte	0x4
 267 0042 07       		.byte	0x7
 268 0043 70000000 		.4byte	.LASF5
 269 0047 02       		.uleb128 0x2
 270 0048 08       		.byte	0x8
 271 0049 05       		.byte	0x5
 272 004a 8A010000 		.4byte	.LASF6
 273 004e 02       		.uleb128 0x2
 274 004f 08       		.byte	0x8
 275 0050 07       		.byte	0x7
 276 0051 CB000000 		.4byte	.LASF7
 277 0055 03       		.uleb128 0x3
 278 0056 04       		.byte	0x4
 279 0057 05       		.byte	0x5
 280 0058 696E7400 		.ascii	"int\000"
 281 005c 02       		.uleb128 0x2
ARM GAS  C:\Users\Eih3\AppData\Local\Temp\cchrzQ2l.s 			page 6


 282 005d 04       		.byte	0x4
 283 005e 07       		.byte	0x7
 284 005f BE000000 		.4byte	.LASF8
 285 0063 04       		.uleb128 0x4
 286 0064 A7010000 		.4byte	.LASF21
 287 0068 02       		.byte	0x2
 288 0069 A1       		.byte	0xa1
 289 006a 24000000 		.4byte	0x24
 290 006e 02       		.uleb128 0x2
 291 006f 04       		.byte	0x4
 292 0070 04       		.byte	0x4
 293 0071 00000000 		.4byte	.LASF9
 294 0075 02       		.uleb128 0x2
 295 0076 08       		.byte	0x8
 296 0077 04       		.byte	0x4
 297 0078 95000000 		.4byte	.LASF10
 298 007c 02       		.uleb128 0x2
 299 007d 01       		.byte	0x1
 300 007e 08       		.byte	0x8
 301 007f 98010000 		.4byte	.LASF11
 302 0083 05       		.uleb128 0x5
 303 0084 63000000 		.4byte	0x63
 304 0088 93000000 		.4byte	0x93
 305 008c 06       		.uleb128 0x6
 306 008d 93000000 		.4byte	0x93
 307 0091 9F       		.byte	0x9f
 308 0092 00       		.byte	0
 309 0093 02       		.uleb128 0x2
 310 0094 04       		.byte	0x4
 311 0095 07       		.byte	0x7
 312 0096 81010000 		.4byte	.LASF12
 313 009a 07       		.uleb128 0x7
 314 009b AC000000 		.4byte	.LASF13
 315 009f 01       		.byte	0x1
 316 00a0 1C       		.byte	0x1c
 317 00a1 AB000000 		.4byte	0xab
 318 00a5 05       		.uleb128 0x5
 319 00a6 03       		.byte	0x3
 320 00a7 00000000 		.4byte	cy_meta_configecc
 321 00ab 08       		.uleb128 0x8
 322 00ac 83000000 		.4byte	0x83
 323 00b0 05       		.uleb128 0x5
 324 00b1 63000000 		.4byte	0x63
 325 00b5 C0000000 		.4byte	0xc0
 326 00b9 06       		.uleb128 0x6
 327 00ba 93000000 		.4byte	0x93
 328 00be 03       		.byte	0x3
 329 00bf 00       		.byte	0
 330 00c0 07       		.uleb128 0x7
 331 00c1 9C000000 		.4byte	.LASF14
 332 00c5 01       		.byte	0x1
 333 00c6 3A       		.byte	0x3a
 334 00c7 D1000000 		.4byte	0xd1
 335 00cb 05       		.uleb128 0x5
 336 00cc 03       		.byte	0x3
 337 00cd 00000000 		.4byte	cy_meta_custnvl
 338 00d1 08       		.uleb128 0x8
ARM GAS  C:\Users\Eih3\AppData\Local\Temp\cchrzQ2l.s 			page 7


 339 00d2 B0000000 		.4byte	0xb0
 340 00d6 07       		.uleb128 0x7
 341 00d7 73010000 		.4byte	.LASF15
 342 00db 01       		.byte	0x1
 343 00dc 45       		.byte	0x45
 344 00dd E7000000 		.4byte	0xe7
 345 00e1 05       		.uleb128 0x5
 346 00e2 03       		.byte	0x3
 347 00e3 00000000 		.4byte	cy_meta_wonvl
 348 00e7 08       		.uleb128 0x8
 349 00e8 B0000000 		.4byte	0xb0
 350 00ec 05       		.uleb128 0x5
 351 00ed 63000000 		.4byte	0x63
 352 00f1 FC000000 		.4byte	0xfc
 353 00f5 06       		.uleb128 0x6
 354 00f6 93000000 		.4byte	0x93
 355 00fa FF       		.byte	0xff
 356 00fb 00       		.byte	0
 357 00fc 07       		.uleb128 0x7
 358 00fd 5E010000 		.4byte	.LASF16
 359 0101 01       		.byte	0x1
 360 0102 50       		.byte	0x50
 361 0103 0D010000 		.4byte	0x10d
 362 0107 05       		.uleb128 0x5
 363 0108 03       		.byte	0x3
 364 0109 00000000 		.4byte	cy_meta_flashprotect
 365 010d 08       		.uleb128 0x8
 366 010e EC000000 		.4byte	0xec
 367 0112 05       		.uleb128 0x5
 368 0113 63000000 		.4byte	0x63
 369 0117 22010000 		.4byte	0x122
 370 011b 06       		.uleb128 0x6
 371 011c 93000000 		.4byte	0x93
 372 0120 0B       		.byte	0xb
 373 0121 00       		.byte	0
 374 0122 07       		.uleb128 0x7
 375 0123 2C000000 		.4byte	.LASF17
 376 0127 01       		.byte	0x1
 377 0128 7A       		.byte	0x7a
 378 0129 33010000 		.4byte	0x133
 379 012d 05       		.uleb128 0x5
 380 012e 03       		.byte	0x3
 381 012f 00000000 		.4byte	cy_metadata
 382 0133 08       		.uleb128 0x8
 383 0134 12010000 		.4byte	0x112
 384 0138 00       		.byte	0
 385              		.section	.debug_abbrev,"",%progbits
 386              	.Ldebug_abbrev0:
 387 0000 01       		.uleb128 0x1
 388 0001 11       		.uleb128 0x11
 389 0002 01       		.byte	0x1
 390 0003 25       		.uleb128 0x25
 391 0004 0E       		.uleb128 0xe
 392 0005 13       		.uleb128 0x13
 393 0006 0B       		.uleb128 0xb
 394 0007 03       		.uleb128 0x3
 395 0008 0E       		.uleb128 0xe
ARM GAS  C:\Users\Eih3\AppData\Local\Temp\cchrzQ2l.s 			page 8


 396 0009 1B       		.uleb128 0x1b
 397 000a 0E       		.uleb128 0xe
 398 000b 10       		.uleb128 0x10
 399 000c 17       		.uleb128 0x17
 400 000d 00       		.byte	0
 401 000e 00       		.byte	0
 402 000f 02       		.uleb128 0x2
 403 0010 24       		.uleb128 0x24
 404 0011 00       		.byte	0
 405 0012 0B       		.uleb128 0xb
 406 0013 0B       		.uleb128 0xb
 407 0014 3E       		.uleb128 0x3e
 408 0015 0B       		.uleb128 0xb
 409 0016 03       		.uleb128 0x3
 410 0017 0E       		.uleb128 0xe
 411 0018 00       		.byte	0
 412 0019 00       		.byte	0
 413 001a 03       		.uleb128 0x3
 414 001b 24       		.uleb128 0x24
 415 001c 00       		.byte	0
 416 001d 0B       		.uleb128 0xb
 417 001e 0B       		.uleb128 0xb
 418 001f 3E       		.uleb128 0x3e
 419 0020 0B       		.uleb128 0xb
 420 0021 03       		.uleb128 0x3
 421 0022 08       		.uleb128 0x8
 422 0023 00       		.byte	0
 423 0024 00       		.byte	0
 424 0025 04       		.uleb128 0x4
 425 0026 16       		.uleb128 0x16
 426 0027 00       		.byte	0
 427 0028 03       		.uleb128 0x3
 428 0029 0E       		.uleb128 0xe
 429 002a 3A       		.uleb128 0x3a
 430 002b 0B       		.uleb128 0xb
 431 002c 3B       		.uleb128 0x3b
 432 002d 0B       		.uleb128 0xb
 433 002e 49       		.uleb128 0x49
 434 002f 13       		.uleb128 0x13
 435 0030 00       		.byte	0
 436 0031 00       		.byte	0
 437 0032 05       		.uleb128 0x5
 438 0033 01       		.uleb128 0x1
 439 0034 01       		.byte	0x1
 440 0035 49       		.uleb128 0x49
 441 0036 13       		.uleb128 0x13
 442 0037 01       		.uleb128 0x1
 443 0038 13       		.uleb128 0x13
 444 0039 00       		.byte	0
 445 003a 00       		.byte	0
 446 003b 06       		.uleb128 0x6
 447 003c 21       		.uleb128 0x21
 448 003d 00       		.byte	0
 449 003e 49       		.uleb128 0x49
 450 003f 13       		.uleb128 0x13
 451 0040 2F       		.uleb128 0x2f
 452 0041 0B       		.uleb128 0xb
ARM GAS  C:\Users\Eih3\AppData\Local\Temp\cchrzQ2l.s 			page 9


 453 0042 00       		.byte	0
 454 0043 00       		.byte	0
 455 0044 07       		.uleb128 0x7
 456 0045 34       		.uleb128 0x34
 457 0046 00       		.byte	0
 458 0047 03       		.uleb128 0x3
 459 0048 0E       		.uleb128 0xe
 460 0049 3A       		.uleb128 0x3a
 461 004a 0B       		.uleb128 0xb
 462 004b 3B       		.uleb128 0x3b
 463 004c 0B       		.uleb128 0xb
 464 004d 49       		.uleb128 0x49
 465 004e 13       		.uleb128 0x13
 466 004f 3F       		.uleb128 0x3f
 467 0050 19       		.uleb128 0x19
 468 0051 02       		.uleb128 0x2
 469 0052 18       		.uleb128 0x18
 470 0053 00       		.byte	0
 471 0054 00       		.byte	0
 472 0055 08       		.uleb128 0x8
 473 0056 26       		.uleb128 0x26
 474 0057 00       		.byte	0
 475 0058 49       		.uleb128 0x49
 476 0059 13       		.uleb128 0x13
 477 005a 00       		.byte	0
 478 005b 00       		.byte	0
 479 005c 00       		.byte	0
 480              		.section	.debug_aranges,"",%progbits
 481 0000 14000000 		.4byte	0x14
 482 0004 0200     		.2byte	0x2
 483 0006 00000000 		.4byte	.Ldebug_info0
 484 000a 04       		.byte	0x4
 485 000b 00       		.byte	0
 486 000c 0000     		.2byte	0
 487 000e 0000     		.2byte	0
 488 0010 00000000 		.4byte	0
 489 0014 00000000 		.4byte	0
 490              		.section	.debug_line,"",%progbits
 491              	.Ldebug_line0:
 492 0000 4F000000 		.section	.debug_str,"MS",%progbits,1
 492      02004900 
 492      00000201 
 492      FB0E0D00 
 492      01010101 
 493              	.LASF9:
 494 0000 666C6F61 		.ascii	"float\000"
 494      7400
 495              	.LASF19:
 496 0006 2E5C4765 		.ascii	".\\Generated_Source\\PSoC5\\cymetadata.c\000"
 496      6E657261 
 496      7465645F 
 496      536F7572 
 496      63655C50 
 497              	.LASF17:
 498 002c 63795F6D 		.ascii	"cy_metadata\000"
 498      65746164 
 498      61746100 
ARM GAS  C:\Users\Eih3\AppData\Local\Temp\cchrzQ2l.s 			page 10


 499              	.LASF20:
 500 0038 443A5C45 		.ascii	"D:\\Eih3Cloud\\Projet RAGT\\3\\Carte HF.cydsn\000"
 500      69683343 
 500      6C6F7564 
 500      5C50726F 
 500      6A657420 
 501              	.LASF1:
 502 0062 756E7369 		.ascii	"unsigned char\000"
 502      676E6564 
 502      20636861 
 502      7200
 503              	.LASF5:
 504 0070 6C6F6E67 		.ascii	"long unsigned int\000"
 504      20756E73 
 504      69676E65 
 504      6420696E 
 504      7400
 505              	.LASF3:
 506 0082 73686F72 		.ascii	"short unsigned int\000"
 506      7420756E 
 506      7369676E 
 506      65642069 
 506      6E7400
 507              	.LASF10:
 508 0095 646F7562 		.ascii	"double\000"
 508      6C6500
 509              	.LASF14:
 510 009c 63795F6D 		.ascii	"cy_meta_custnvl\000"
 510      6574615F 
 510      63757374 
 510      6E766C00 
 511              	.LASF13:
 512 00ac 63795F6D 		.ascii	"cy_meta_configecc\000"
 512      6574615F 
 512      636F6E66 
 512      69676563 
 512      6300
 513              	.LASF8:
 514 00be 756E7369 		.ascii	"unsigned int\000"
 514      676E6564 
 514      20696E74 
 514      00
 515              	.LASF7:
 516 00cb 6C6F6E67 		.ascii	"long long unsigned int\000"
 516      206C6F6E 
 516      6720756E 
 516      7369676E 
 516      65642069 
 517              	.LASF18:
 518 00e2 474E5520 		.ascii	"GNU C 4.8.4 20140526 (release) [ARM/embedded-4_8-br"
 518      4320342E 
 518      382E3420 
 518      32303134 
 518      30353236 
 519 0115 616E6368 		.ascii	"anch revision 211358] -mcpu=cortex-m3 -mthumb -g -O"
 519      20726576 
 519      6973696F 
ARM GAS  C:\Users\Eih3\AppData\Local\Temp\cchrzQ2l.s 			page 11


 519      6E203231 
 519      31333538 
 520 0148 30202D66 		.ascii	"0 -ffunction-sections\000"
 520      66756E63 
 520      74696F6E 
 520      2D736563 
 520      74696F6E 
 521              	.LASF16:
 522 015e 63795F6D 		.ascii	"cy_meta_flashprotect\000"
 522      6574615F 
 522      666C6173 
 522      6870726F 
 522      74656374 
 523              	.LASF15:
 524 0173 63795F6D 		.ascii	"cy_meta_wonvl\000"
 524      6574615F 
 524      776F6E76 
 524      6C00
 525              	.LASF12:
 526 0181 73697A65 		.ascii	"sizetype\000"
 526      74797065 
 526      00
 527              	.LASF6:
 528 018a 6C6F6E67 		.ascii	"long long int\000"
 528      206C6F6E 
 528      6720696E 
 528      7400
 529              	.LASF11:
 530 0198 63686172 		.ascii	"char\000"
 530      00
 531              	.LASF2:
 532 019d 73686F72 		.ascii	"short int\000"
 532      7420696E 
 532      7400
 533              	.LASF21:
 534 01a7 75696E74 		.ascii	"uint8\000"
 534      3800
 535              	.LASF4:
 536 01ad 6C6F6E67 		.ascii	"long int\000"
 536      20696E74 
 536      00
 537              	.LASF0:
 538 01b6 7369676E 		.ascii	"signed char\000"
 538      65642063 
 538      68617200 
 539              		.ident	"GCC: (GNU Tools for ARM Embedded Processors) 4.8.4 20140526 (release) [ARM/embedded-4_8-br
