ARM GAS  C:\Users\Eih3\AppData\Local\Temp\ccKxeIMd.s 			page 1


   1              		.syntax unified
   2              		.cpu cortex-m3
   3              		.fpu softvfp
   4              		.eabi_attribute 20, 1
   5              		.eabi_attribute 21, 1
   6              		.eabi_attribute 23, 3
   7              		.eabi_attribute 24, 1
   8              		.eabi_attribute 25, 1
   9              		.eabi_attribute 26, 1
  10              		.eabi_attribute 30, 6
  11              		.eabi_attribute 34, 1
  12              		.eabi_attribute 18, 4
  13              		.thumb
  14              		.file	"EEPROM.c"
  15              		.text
  16              	.Ltext0:
  17              		.cfi_sections	.debug_frame
  18              		.comm	i,1,1
  19              		.section	.text.EcritureEEPROM,"ax",%progbits
  20              		.align	2
  21              		.global	EcritureEEPROM
  22              		.thumb
  23              		.thumb_func
  24              		.type	EcritureEEPROM, %function
  25              	EcritureEEPROM:
  26              	.LFB56:
  27              		.file 1 ".\\EEPROM.c"
   1:.\EEPROM.c    **** /****
   2:.\EEPROM.c    ****  * Fonctions EEPROM
   3:.\EEPROM.c    ****  ***/
   4:.\EEPROM.c    **** 
   5:.\EEPROM.c    **** /**** Déclarations & Directives ****/
   6:.\EEPROM.c    **** #include <project.h>
   7:.\EEPROM.c    **** #include "EEPROM.h"
   8:.\EEPROM.c    **** 
   9:.\EEPROM.c    **** /**** Fonction pour écrire dans l'EEPROM ****/
  10:.\EEPROM.c    **** /*
  11:.\EEPROM.c    ****  * uint8 address = adresse de l'EEPROM où placer le curseur
  12:.\EEPROM.c    ****  * uint8 * writeData = Stockage des valeurs EEPROM dans le tableau
  13:.\EEPROM.c    ****  *                    où dataBuffer[1] = addresse
  14:.\EEPROM.c    ****  * uint8 length = longueur des données à écrire
  15:.\EEPROM.c    ****  */
  16:.\EEPROM.c    **** void EcritureEEPROM(uint8 address, uint8 * writeData, uint8 length)
  17:.\EEPROM.c    **** {
  28              		.loc 1 17 0
  29              		.cfi_startproc
  30              		@ args = 0, pretend = 0, frame = 8
  31              		@ frame_needed = 1, uses_anonymous_args = 0
  32 0000 80B5     		push	{r7, lr}
  33              		.cfi_def_cfa_offset 8
  34              		.cfi_offset 7, -8
  35              		.cfi_offset 14, -4
  36 0002 82B0     		sub	sp, sp, #8
  37              		.cfi_def_cfa_offset 16
  38 0004 00AF     		add	r7, sp, #0
  39              		.cfi_def_cfa_register 7
  40 0006 3960     		str	r1, [r7]
ARM GAS  C:\Users\Eih3\AppData\Local\Temp\ccKxeIMd.s 			page 2


  41 0008 1346     		mov	r3, r2
  42 000a 0246     		mov	r2, r0
  43 000c FA71     		strb	r2, [r7, #7]
  44 000e BB71     		strb	r3, [r7, #6]
  18:.\EEPROM.c    ****     I2C_Start();
  45              		.loc 1 18 0
  46 0010 FFF7FEFF 		bl	I2C_Start
  19:.\EEPROM.c    ****     I2C_MasterClearStatus();
  47              		.loc 1 19 0
  48 0014 FFF7FEFF 		bl	I2C_MasterClearStatus
  20:.\EEPROM.c    ****     
  21:.\EEPROM.c    ****     dataBuffer[1] = address;
  49              		.loc 1 21 0
  50 0018 1A4B     		ldr	r3, .L5
  51 001a FA79     		ldrb	r2, [r7, #7]
  52 001c 5A70     		strb	r2, [r3, #1]
  22:.\EEPROM.c    ****     
  23:.\EEPROM.c    ****     length += 2;   
  53              		.loc 1 23 0
  54 001e BB79     		ldrb	r3, [r7, #6]
  55 0020 0233     		adds	r3, r3, #2
  56 0022 BB71     		strb	r3, [r7, #6]
  24:.\EEPROM.c    ****     
  25:.\EEPROM.c    ****     for (i = 0; i < length; i++)  { dataBuffer[i + 2] = writeData[i]; };
  57              		.loc 1 25 0
  58 0024 184B     		ldr	r3, .L5+4
  59 0026 0022     		movs	r2, #0
  60 0028 1A70     		strb	r2, [r3]
  61 002a 0FE0     		b	.L2
  62              	.L3:
  63              		.loc 1 25 0 is_stmt 0 discriminator 2
  64 002c 164B     		ldr	r3, .L5+4
  65 002e 1B78     		ldrb	r3, [r3]	@ zero_extendqisi2
  66 0030 0233     		adds	r3, r3, #2
  67 0032 154A     		ldr	r2, .L5+4
  68 0034 1278     		ldrb	r2, [r2]	@ zero_extendqisi2
  69 0036 3968     		ldr	r1, [r7]
  70 0038 0A44     		add	r2, r2, r1
  71 003a 1178     		ldrb	r1, [r2]	@ zero_extendqisi2
  72 003c 114A     		ldr	r2, .L5
  73 003e D154     		strb	r1, [r2, r3]
  74 0040 114B     		ldr	r3, .L5+4
  75 0042 1B78     		ldrb	r3, [r3]	@ zero_extendqisi2
  76 0044 0133     		adds	r3, r3, #1
  77 0046 DAB2     		uxtb	r2, r3
  78 0048 0F4B     		ldr	r3, .L5+4
  79 004a 1A70     		strb	r2, [r3]
  80              	.L2:
  81              		.loc 1 25 0 discriminator 1
  82 004c 0E4B     		ldr	r3, .L5+4
  83 004e 1B78     		ldrb	r3, [r3]	@ zero_extendqisi2
  84 0050 BA79     		ldrb	r2, [r7, #6]	@ zero_extendqisi2
  85 0052 9A42     		cmp	r2, r3
  86 0054 EAD8     		bhi	.L3
  26:.\EEPROM.c    ****     
  27:.\EEPROM.c    ****     I2C_MasterWriteBuf(SLAVE_ADDRESS,(uint8 *) dataBuffer, length, I2C_MODE_COMPLETE_XFER);
  87              		.loc 1 27 0 is_stmt 1
ARM GAS  C:\Users\Eih3\AppData\Local\Temp\ccKxeIMd.s 			page 3


  88 0056 BB79     		ldrb	r3, [r7, #6]	@ zero_extendqisi2
  89 0058 5020     		movs	r0, #80
  90 005a 0A49     		ldr	r1, .L5
  91 005c 1A46     		mov	r2, r3
  92 005e 0023     		movs	r3, #0
  93 0060 FFF7FEFF 		bl	I2C_MasterWriteBuf
  28:.\EEPROM.c    ****     while((I2C_MasterStatus() & I2C_MSTAT_WR_CMPLT) == 0u) {}
  94              		.loc 1 28 0
  95 0064 00BF     		nop
  96              	.L4:
  97              		.loc 1 28 0 is_stmt 0 discriminator 1
  98 0066 FFF7FEFF 		bl	I2C_MasterStatus
  99 006a 0346     		mov	r3, r0
 100 006c 03F00203 		and	r3, r3, #2
 101 0070 002B     		cmp	r3, #0
 102 0072 F8D0     		beq	.L4
  29:.\EEPROM.c    ****     
  30:.\EEPROM.c    ****     CyDelay(50);
 103              		.loc 1 30 0 is_stmt 1
 104 0074 3220     		movs	r0, #50
 105 0076 FFF7FEFF 		bl	CyDelay
  31:.\EEPROM.c    ****                 
  32:.\EEPROM.c    ****     I2C_MasterClearStatus();
 106              		.loc 1 32 0
 107 007a FFF7FEFF 		bl	I2C_MasterClearStatus
  33:.\EEPROM.c    **** }
 108              		.loc 1 33 0
 109 007e 0837     		adds	r7, r7, #8
 110 0080 BD46     		mov	sp, r7
 111              		@ sp needed
 112 0082 80BD     		pop	{r7, pc}
 113              	.L6:
 114              		.align	2
 115              	.L5:
 116 0084 00000000 		.word	dataBuffer
 117 0088 00000000 		.word	i
 118              		.cfi_endproc
 119              	.LFE56:
 120              		.size	EcritureEEPROM, .-EcritureEEPROM
 121              		.section	.text.LectureEEPROM,"ax",%progbits
 122              		.align	2
 123              		.global	LectureEEPROM
 124              		.thumb
 125              		.thumb_func
 126              		.type	LectureEEPROM, %function
 127              	LectureEEPROM:
 128              	.LFB57:
  34:.\EEPROM.c    **** 
  35:.\EEPROM.c    **** /**** Fonction pour lire l'EEPROM ****/
  36:.\EEPROM.c    **** /*
  37:.\EEPROM.c    ****  * uint8 address = adresse de l'EEPROM où placer le curseur
  38:.\EEPROM.c    ****  * uint8 * readData = Stockage des valeurs EEPROM dans le tableau
  39:.\EEPROM.c    ****  *                    où adresse[1] = addresse
  40:.\EEPROM.c    ****  * uint8 length = longueur des données à lire
  41:.\EEPROM.c    ****  */
  42:.\EEPROM.c    **** void LectureEEPROM(uint8 address, uint8 * readData, uint8 length)
  43:.\EEPROM.c    **** {   
ARM GAS  C:\Users\Eih3\AppData\Local\Temp\ccKxeIMd.s 			page 4


 129              		.loc 1 43 0
 130              		.cfi_startproc
 131              		@ args = 0, pretend = 0, frame = 8
 132              		@ frame_needed = 1, uses_anonymous_args = 0
 133 0000 90B5     		push	{r4, r7, lr}
 134              		.cfi_def_cfa_offset 12
 135              		.cfi_offset 4, -12
 136              		.cfi_offset 7, -8
 137              		.cfi_offset 14, -4
 138 0002 83B0     		sub	sp, sp, #12
 139              		.cfi_def_cfa_offset 24
 140 0004 00AF     		add	r7, sp, #0
 141              		.cfi_def_cfa_register 7
 142 0006 3960     		str	r1, [r7]
 143 0008 1346     		mov	r3, r2
 144 000a 0246     		mov	r2, r0
 145 000c FA71     		strb	r2, [r7, #7]
 146 000e BB71     		strb	r3, [r7, #6]
  44:.\EEPROM.c    ****     I2C_Start();
 147              		.loc 1 44 0
 148 0010 FFF7FEFF 		bl	I2C_Start
  45:.\EEPROM.c    ****     I2C_MasterClearStatus();
 149              		.loc 1 45 0
 150 0014 FFF7FEFF 		bl	I2C_MasterClearStatus
  46:.\EEPROM.c    ****     
  47:.\EEPROM.c    ****     adresse[1] = address;
 151              		.loc 1 47 0
 152 0018 1C4B     		ldr	r3, .L11
 153 001a FA79     		ldrb	r2, [r7, #7]
 154 001c 5A70     		strb	r2, [r3, #1]
  48:.\EEPROM.c    ****     
  49:.\EEPROM.c    ****     length += 1;   
 155              		.loc 1 49 0
 156 001e BB79     		ldrb	r3, [r7, #6]
 157 0020 0133     		adds	r3, r3, #1
 158 0022 BB71     		strb	r3, [r7, #6]
  50:.\EEPROM.c    ****     
  51:.\EEPROM.c    ****     I2C_MasterWriteBuf(SLAVE_ADDRESS,(uint8 *) adresse ,2 , I2C_MODE_COMPLETE_XFER);
 159              		.loc 1 51 0
 160 0024 5020     		movs	r0, #80
 161 0026 1949     		ldr	r1, .L11
 162 0028 0222     		movs	r2, #2
 163 002a 0023     		movs	r3, #0
 164 002c FFF7FEFF 		bl	I2C_MasterWriteBuf
  52:.\EEPROM.c    ****     while((I2C_MasterStatus() & I2C_MSTAT_WR_CMPLT) == 0u) {}
 165              		.loc 1 52 0
 166 0030 00BF     		nop
 167              	.L8:
 168              		.loc 1 52 0 is_stmt 0 discriminator 1
 169 0032 FFF7FEFF 		bl	I2C_MasterStatus
 170 0036 0346     		mov	r3, r0
 171 0038 03F00203 		and	r3, r3, #2
 172 003c 002B     		cmp	r3, #0
 173 003e F8D0     		beq	.L8
  53:.\EEPROM.c    ****     
  54:.\EEPROM.c    ****     I2C_MasterSendStart(SLAVE_ADDRESS, 1);   
 174              		.loc 1 54 0 is_stmt 1
ARM GAS  C:\Users\Eih3\AppData\Local\Temp\ccKxeIMd.s 			page 5


 175 0040 5020     		movs	r0, #80
 176 0042 0121     		movs	r1, #1
 177 0044 FFF7FEFF 		bl	I2C_MasterSendStart
  55:.\EEPROM.c    ****     
  56:.\EEPROM.c    ****     for (i = 0; i < length; i++)  { readData[i] = I2C_MasterReadByte(1u); };
 178              		.loc 1 56 0
 179 0048 114B     		ldr	r3, .L11+4
 180 004a 0022     		movs	r2, #0
 181 004c 1A70     		strb	r2, [r3]
 182 004e 0EE0     		b	.L9
 183              	.L10:
 184              		.loc 1 56 0 is_stmt 0 discriminator 2
 185 0050 0F4B     		ldr	r3, .L11+4
 186 0052 1B78     		ldrb	r3, [r3]	@ zero_extendqisi2
 187 0054 3A68     		ldr	r2, [r7]
 188 0056 D418     		adds	r4, r2, r3
 189 0058 0120     		movs	r0, #1
 190 005a FFF7FEFF 		bl	I2C_MasterReadByte
 191 005e 0346     		mov	r3, r0
 192 0060 2370     		strb	r3, [r4]
 193 0062 0B4B     		ldr	r3, .L11+4
 194 0064 1B78     		ldrb	r3, [r3]	@ zero_extendqisi2
 195 0066 0133     		adds	r3, r3, #1
 196 0068 DAB2     		uxtb	r2, r3
 197 006a 094B     		ldr	r3, .L11+4
 198 006c 1A70     		strb	r2, [r3]
 199              	.L9:
 200              		.loc 1 56 0 discriminator 1
 201 006e 084B     		ldr	r3, .L11+4
 202 0070 1B78     		ldrb	r3, [r3]	@ zero_extendqisi2
 203 0072 BA79     		ldrb	r2, [r7, #6]	@ zero_extendqisi2
 204 0074 9A42     		cmp	r2, r3
 205 0076 EBD8     		bhi	.L10
  57:.\EEPROM.c    ****     
  58:.\EEPROM.c    ****     CyDelay(50);
 206              		.loc 1 58 0 is_stmt 1
 207 0078 3220     		movs	r0, #50
 208 007a FFF7FEFF 		bl	CyDelay
  59:.\EEPROM.c    ****     
  60:.\EEPROM.c    ****     I2C_MasterSendStop();
 209              		.loc 1 60 0
 210 007e FFF7FEFF 		bl	I2C_MasterSendStop
  61:.\EEPROM.c    ****     
  62:.\EEPROM.c    ****     I2C_MasterClearStatus();   
 211              		.loc 1 62 0
 212 0082 FFF7FEFF 		bl	I2C_MasterClearStatus
  63:.\EEPROM.c    **** }
 213              		.loc 1 63 0
 214 0086 0C37     		adds	r7, r7, #12
 215 0088 BD46     		mov	sp, r7
 216              		@ sp needed
 217 008a 90BD     		pop	{r4, r7, pc}
 218              	.L12:
 219              		.align	2
 220              	.L11:
 221 008c 00000000 		.word	adresse
 222 0090 00000000 		.word	i
ARM GAS  C:\Users\Eih3\AppData\Local\Temp\ccKxeIMd.s 			page 6


 223              		.cfi_endproc
 224              	.LFE57:
 225              		.size	LectureEEPROM, .-LectureEEPROM
 226              		.text
 227              	.Letext0:
 228              		.file 2 "c:\\program files (x86)\\cypress\\psoc creator\\3.1\\psoc creator\\import\\gnu_cs\\arm\\4
 229              		.file 3 "c:\\program files (x86)\\cypress\\psoc creator\\3.1\\psoc creator\\import\\gnu_cs\\arm\\4
 230              		.file 4 ".\\Generated_Source\\PSoC5/cytypes.h"
 231              		.file 5 ".\\Generated_Source\\PSoC5/core_cm3.h"
 232              		.file 6 ".\\EEPROM.h"
 233              		.section	.debug_info,"",%progbits
 234              	.Ldebug_info0:
 235 0000 6C010000 		.4byte	0x16c
 236 0004 0400     		.2byte	0x4
 237 0006 00000000 		.4byte	.Ldebug_abbrev0
 238 000a 04       		.byte	0x4
 239 000b 01       		.uleb128 0x1
 240 000c 14010000 		.4byte	.LASF25
 241 0010 01       		.byte	0x1
 242 0011 C6000000 		.4byte	.LASF26
 243 0015 95000000 		.4byte	.LASF27
 244 0019 00000000 		.4byte	.Ldebug_ranges0+0
 245 001d 00000000 		.4byte	0
 246 0021 00000000 		.4byte	.Ldebug_line0
 247 0025 02       		.uleb128 0x2
 248 0026 01       		.byte	0x1
 249 0027 06       		.byte	0x6
 250 0028 EE000000 		.4byte	.LASF0
 251 002c 02       		.uleb128 0x2
 252 002d 01       		.byte	0x1
 253 002e 08       		.byte	0x8
 254 002f 79000000 		.4byte	.LASF1
 255 0033 02       		.uleb128 0x2
 256 0034 02       		.byte	0x2
 257 0035 05       		.byte	0x5
 258 0036 0A010000 		.4byte	.LASF2
 259 003a 02       		.uleb128 0x2
 260 003b 02       		.byte	0x2
 261 003c 07       		.byte	0x7
 262 003d 0E000000 		.4byte	.LASF3
 263 0041 03       		.uleb128 0x3
 264 0042 FA000000 		.4byte	.LASF9
 265 0046 02       		.byte	0x2
 266 0047 37       		.byte	0x37
 267 0048 4C000000 		.4byte	0x4c
 268 004c 02       		.uleb128 0x2
 269 004d 04       		.byte	0x4
 270 004e 05       		.byte	0x5
 271 004f 8C000000 		.4byte	.LASF4
 272 0053 02       		.uleb128 0x2
 273 0054 04       		.byte	0x4
 274 0055 07       		.byte	0x7
 275 0056 45000000 		.4byte	.LASF5
 276 005a 02       		.uleb128 0x2
 277 005b 08       		.byte	0x8
 278 005c 05       		.byte	0x5
 279 005d 00000000 		.4byte	.LASF6
ARM GAS  C:\Users\Eih3\AppData\Local\Temp\ccKxeIMd.s 			page 7


 280 0061 02       		.uleb128 0x2
 281 0062 08       		.byte	0x8
 282 0063 07       		.byte	0x7
 283 0064 57000000 		.4byte	.LASF7
 284 0068 04       		.uleb128 0x4
 285 0069 04       		.byte	0x4
 286 006a 05       		.byte	0x5
 287 006b 696E7400 		.ascii	"int\000"
 288 006f 02       		.uleb128 0x2
 289 0070 04       		.byte	0x4
 290 0071 07       		.byte	0x7
 291 0072 21000000 		.4byte	.LASF8
 292 0076 03       		.uleb128 0x3
 293 0077 90010000 		.4byte	.LASF10
 294 007b 03       		.byte	0x3
 295 007c 41       		.byte	0x41
 296 007d 41000000 		.4byte	0x41
 297 0081 03       		.uleb128 0x3
 298 0082 D1000000 		.4byte	.LASF11
 299 0086 04       		.byte	0x4
 300 0087 A1       		.byte	0xa1
 301 0088 2C000000 		.4byte	0x2c
 302 008c 02       		.uleb128 0x2
 303 008d 04       		.byte	0x4
 304 008e 04       		.byte	0x4
 305 008f 04010000 		.4byte	.LASF12
 306 0093 02       		.uleb128 0x2
 307 0094 08       		.byte	0x8
 308 0095 04       		.byte	0x4
 309 0096 BF000000 		.4byte	.LASF13
 310 009a 02       		.uleb128 0x2
 311 009b 01       		.byte	0x1
 312 009c 08       		.byte	0x8
 313 009d 87000000 		.4byte	.LASF14
 314 00a1 02       		.uleb128 0x2
 315 00a2 04       		.byte	0x4
 316 00a3 07       		.byte	0x7
 317 00a4 AF010000 		.4byte	.LASF15
 318 00a8 05       		.uleb128 0x5
 319 00a9 B8010000 		.4byte	.LASF19
 320 00ad 01       		.byte	0x1
 321 00ae 10       		.byte	0x10
 322 00af 00000000 		.4byte	.LFB56
 323 00b3 8C000000 		.4byte	.LFE56-.LFB56
 324 00b7 01       		.uleb128 0x1
 325 00b8 9C       		.byte	0x9c
 326 00b9 E8000000 		.4byte	0xe8
 327 00bd 06       		.uleb128 0x6
 328 00be 3D000000 		.4byte	.LASF16
 329 00c2 01       		.byte	0x1
 330 00c3 10       		.byte	0x10
 331 00c4 81000000 		.4byte	0x81
 332 00c8 02       		.uleb128 0x2
 333 00c9 91       		.byte	0x91
 334 00ca 77       		.sleb128 -9
 335 00cb 06       		.uleb128 0x6
 336 00cc D7000000 		.4byte	.LASF17
ARM GAS  C:\Users\Eih3\AppData\Local\Temp\ccKxeIMd.s 			page 8


 337 00d0 01       		.byte	0x1
 338 00d1 10       		.byte	0x10
 339 00d2 E8000000 		.4byte	0xe8
 340 00d6 02       		.uleb128 0x2
 341 00d7 91       		.byte	0x91
 342 00d8 70       		.sleb128 -16
 343 00d9 06       		.uleb128 0x6
 344 00da 36000000 		.4byte	.LASF18
 345 00de 01       		.byte	0x1
 346 00df 10       		.byte	0x10
 347 00e0 81000000 		.4byte	0x81
 348 00e4 02       		.uleb128 0x2
 349 00e5 91       		.byte	0x91
 350 00e6 76       		.sleb128 -10
 351 00e7 00       		.byte	0
 352 00e8 07       		.uleb128 0x7
 353 00e9 04       		.byte	0x4
 354 00ea 81000000 		.4byte	0x81
 355 00ee 05       		.uleb128 0x5
 356 00ef 98010000 		.4byte	.LASF20
 357 00f3 01       		.byte	0x1
 358 00f4 2A       		.byte	0x2a
 359 00f5 00000000 		.4byte	.LFB57
 360 00f9 94000000 		.4byte	.LFE57-.LFB57
 361 00fd 01       		.uleb128 0x1
 362 00fe 9C       		.byte	0x9c
 363 00ff 2E010000 		.4byte	0x12e
 364 0103 06       		.uleb128 0x6
 365 0104 3D000000 		.4byte	.LASF16
 366 0108 01       		.byte	0x1
 367 0109 2A       		.byte	0x2a
 368 010a 81000000 		.4byte	0x81
 369 010e 02       		.uleb128 0x2
 370 010f 91       		.byte	0x91
 371 0110 6F       		.sleb128 -17
 372 0111 06       		.uleb128 0x6
 373 0112 A6010000 		.4byte	.LASF21
 374 0116 01       		.byte	0x1
 375 0117 2A       		.byte	0x2a
 376 0118 E8000000 		.4byte	0xe8
 377 011c 02       		.uleb128 0x2
 378 011d 91       		.byte	0x91
 379 011e 68       		.sleb128 -24
 380 011f 06       		.uleb128 0x6
 381 0120 36000000 		.4byte	.LASF18
 382 0124 01       		.byte	0x1
 383 0125 2A       		.byte	0x2a
 384 0126 81000000 		.4byte	0x81
 385 012a 02       		.uleb128 0x2
 386 012b 91       		.byte	0x91
 387 012c 6E       		.sleb128 -18
 388 012d 00       		.byte	0
 389 012e 08       		.uleb128 0x8
 390 012f E1000000 		.4byte	.LASF22
 391 0133 05       		.byte	0x5
 392 0134 1606     		.2byte	0x616
 393 0136 3A010000 		.4byte	0x13a
ARM GAS  C:\Users\Eih3\AppData\Local\Temp\ccKxeIMd.s 			page 9


 394 013a 09       		.uleb128 0x9
 395 013b 76000000 		.4byte	0x76
 396 013f 0A       		.uleb128 0xa
 397 0140 6900     		.ascii	"i\000"
 398 0142 06       		.byte	0x6
 399 0143 07       		.byte	0x7
 400 0144 81000000 		.4byte	0x81
 401 0148 05       		.uleb128 0x5
 402 0149 03       		.byte	0x3
 403 014a 00000000 		.4byte	i
 404 014e 0B       		.uleb128 0xb
 405 014f 81000000 		.4byte	0x81
 406 0153 59010000 		.4byte	0x159
 407 0157 0C       		.uleb128 0xc
 408 0158 00       		.byte	0
 409 0159 0D       		.uleb128 0xd
 410 015a 2E000000 		.4byte	.LASF23
 411 015e 06       		.byte	0x6
 412 015f 09       		.byte	0x9
 413 0160 4E010000 		.4byte	0x14e
 414 0164 0D       		.uleb128 0xd
 415 0165 6E000000 		.4byte	.LASF24
 416 0169 06       		.byte	0x6
 417 016a 0B       		.byte	0xb
 418 016b 4E010000 		.4byte	0x14e
 419 016f 00       		.byte	0
 420              		.section	.debug_abbrev,"",%progbits
 421              	.Ldebug_abbrev0:
 422 0000 01       		.uleb128 0x1
 423 0001 11       		.uleb128 0x11
 424 0002 01       		.byte	0x1
 425 0003 25       		.uleb128 0x25
 426 0004 0E       		.uleb128 0xe
 427 0005 13       		.uleb128 0x13
 428 0006 0B       		.uleb128 0xb
 429 0007 03       		.uleb128 0x3
 430 0008 0E       		.uleb128 0xe
 431 0009 1B       		.uleb128 0x1b
 432 000a 0E       		.uleb128 0xe
 433 000b 55       		.uleb128 0x55
 434 000c 17       		.uleb128 0x17
 435 000d 11       		.uleb128 0x11
 436 000e 01       		.uleb128 0x1
 437 000f 10       		.uleb128 0x10
 438 0010 17       		.uleb128 0x17
 439 0011 00       		.byte	0
 440 0012 00       		.byte	0
 441 0013 02       		.uleb128 0x2
 442 0014 24       		.uleb128 0x24
 443 0015 00       		.byte	0
 444 0016 0B       		.uleb128 0xb
 445 0017 0B       		.uleb128 0xb
 446 0018 3E       		.uleb128 0x3e
 447 0019 0B       		.uleb128 0xb
 448 001a 03       		.uleb128 0x3
 449 001b 0E       		.uleb128 0xe
 450 001c 00       		.byte	0
ARM GAS  C:\Users\Eih3\AppData\Local\Temp\ccKxeIMd.s 			page 10


 451 001d 00       		.byte	0
 452 001e 03       		.uleb128 0x3
 453 001f 16       		.uleb128 0x16
 454 0020 00       		.byte	0
 455 0021 03       		.uleb128 0x3
 456 0022 0E       		.uleb128 0xe
 457 0023 3A       		.uleb128 0x3a
 458 0024 0B       		.uleb128 0xb
 459 0025 3B       		.uleb128 0x3b
 460 0026 0B       		.uleb128 0xb
 461 0027 49       		.uleb128 0x49
 462 0028 13       		.uleb128 0x13
 463 0029 00       		.byte	0
 464 002a 00       		.byte	0
 465 002b 04       		.uleb128 0x4
 466 002c 24       		.uleb128 0x24
 467 002d 00       		.byte	0
 468 002e 0B       		.uleb128 0xb
 469 002f 0B       		.uleb128 0xb
 470 0030 3E       		.uleb128 0x3e
 471 0031 0B       		.uleb128 0xb
 472 0032 03       		.uleb128 0x3
 473 0033 08       		.uleb128 0x8
 474 0034 00       		.byte	0
 475 0035 00       		.byte	0
 476 0036 05       		.uleb128 0x5
 477 0037 2E       		.uleb128 0x2e
 478 0038 01       		.byte	0x1
 479 0039 3F       		.uleb128 0x3f
 480 003a 19       		.uleb128 0x19
 481 003b 03       		.uleb128 0x3
 482 003c 0E       		.uleb128 0xe
 483 003d 3A       		.uleb128 0x3a
 484 003e 0B       		.uleb128 0xb
 485 003f 3B       		.uleb128 0x3b
 486 0040 0B       		.uleb128 0xb
 487 0041 27       		.uleb128 0x27
 488 0042 19       		.uleb128 0x19
 489 0043 11       		.uleb128 0x11
 490 0044 01       		.uleb128 0x1
 491 0045 12       		.uleb128 0x12
 492 0046 06       		.uleb128 0x6
 493 0047 40       		.uleb128 0x40
 494 0048 18       		.uleb128 0x18
 495 0049 9642     		.uleb128 0x2116
 496 004b 19       		.uleb128 0x19
 497 004c 01       		.uleb128 0x1
 498 004d 13       		.uleb128 0x13
 499 004e 00       		.byte	0
 500 004f 00       		.byte	0
 501 0050 06       		.uleb128 0x6
 502 0051 05       		.uleb128 0x5
 503 0052 00       		.byte	0
 504 0053 03       		.uleb128 0x3
 505 0054 0E       		.uleb128 0xe
 506 0055 3A       		.uleb128 0x3a
 507 0056 0B       		.uleb128 0xb
ARM GAS  C:\Users\Eih3\AppData\Local\Temp\ccKxeIMd.s 			page 11


 508 0057 3B       		.uleb128 0x3b
 509 0058 0B       		.uleb128 0xb
 510 0059 49       		.uleb128 0x49
 511 005a 13       		.uleb128 0x13
 512 005b 02       		.uleb128 0x2
 513 005c 18       		.uleb128 0x18
 514 005d 00       		.byte	0
 515 005e 00       		.byte	0
 516 005f 07       		.uleb128 0x7
 517 0060 0F       		.uleb128 0xf
 518 0061 00       		.byte	0
 519 0062 0B       		.uleb128 0xb
 520 0063 0B       		.uleb128 0xb
 521 0064 49       		.uleb128 0x49
 522 0065 13       		.uleb128 0x13
 523 0066 00       		.byte	0
 524 0067 00       		.byte	0
 525 0068 08       		.uleb128 0x8
 526 0069 34       		.uleb128 0x34
 527 006a 00       		.byte	0
 528 006b 03       		.uleb128 0x3
 529 006c 0E       		.uleb128 0xe
 530 006d 3A       		.uleb128 0x3a
 531 006e 0B       		.uleb128 0xb
 532 006f 3B       		.uleb128 0x3b
 533 0070 05       		.uleb128 0x5
 534 0071 49       		.uleb128 0x49
 535 0072 13       		.uleb128 0x13
 536 0073 3F       		.uleb128 0x3f
 537 0074 19       		.uleb128 0x19
 538 0075 3C       		.uleb128 0x3c
 539 0076 19       		.uleb128 0x19
 540 0077 00       		.byte	0
 541 0078 00       		.byte	0
 542 0079 09       		.uleb128 0x9
 543 007a 35       		.uleb128 0x35
 544 007b 00       		.byte	0
 545 007c 49       		.uleb128 0x49
 546 007d 13       		.uleb128 0x13
 547 007e 00       		.byte	0
 548 007f 00       		.byte	0
 549 0080 0A       		.uleb128 0xa
 550 0081 34       		.uleb128 0x34
 551 0082 00       		.byte	0
 552 0083 03       		.uleb128 0x3
 553 0084 08       		.uleb128 0x8
 554 0085 3A       		.uleb128 0x3a
 555 0086 0B       		.uleb128 0xb
 556 0087 3B       		.uleb128 0x3b
 557 0088 0B       		.uleb128 0xb
 558 0089 49       		.uleb128 0x49
 559 008a 13       		.uleb128 0x13
 560 008b 3F       		.uleb128 0x3f
 561 008c 19       		.uleb128 0x19
 562 008d 02       		.uleb128 0x2
 563 008e 18       		.uleb128 0x18
 564 008f 00       		.byte	0
ARM GAS  C:\Users\Eih3\AppData\Local\Temp\ccKxeIMd.s 			page 12


 565 0090 00       		.byte	0
 566 0091 0B       		.uleb128 0xb
 567 0092 01       		.uleb128 0x1
 568 0093 01       		.byte	0x1
 569 0094 49       		.uleb128 0x49
 570 0095 13       		.uleb128 0x13
 571 0096 01       		.uleb128 0x1
 572 0097 13       		.uleb128 0x13
 573 0098 00       		.byte	0
 574 0099 00       		.byte	0
 575 009a 0C       		.uleb128 0xc
 576 009b 21       		.uleb128 0x21
 577 009c 00       		.byte	0
 578 009d 00       		.byte	0
 579 009e 00       		.byte	0
 580 009f 0D       		.uleb128 0xd
 581 00a0 34       		.uleb128 0x34
 582 00a1 00       		.byte	0
 583 00a2 03       		.uleb128 0x3
 584 00a3 0E       		.uleb128 0xe
 585 00a4 3A       		.uleb128 0x3a
 586 00a5 0B       		.uleb128 0xb
 587 00a6 3B       		.uleb128 0x3b
 588 00a7 0B       		.uleb128 0xb
 589 00a8 49       		.uleb128 0x49
 590 00a9 13       		.uleb128 0x13
 591 00aa 3F       		.uleb128 0x3f
 592 00ab 19       		.uleb128 0x19
 593 00ac 3C       		.uleb128 0x3c
 594 00ad 19       		.uleb128 0x19
 595 00ae 00       		.byte	0
 596 00af 00       		.byte	0
 597 00b0 00       		.byte	0
 598              		.section	.debug_aranges,"",%progbits
 599 0000 24000000 		.4byte	0x24
 600 0004 0200     		.2byte	0x2
 601 0006 00000000 		.4byte	.Ldebug_info0
 602 000a 04       		.byte	0x4
 603 000b 00       		.byte	0
 604 000c 0000     		.2byte	0
 605 000e 0000     		.2byte	0
 606 0010 00000000 		.4byte	.LFB56
 607 0014 8C000000 		.4byte	.LFE56-.LFB56
 608 0018 00000000 		.4byte	.LFB57
 609 001c 94000000 		.4byte	.LFE57-.LFB57
 610 0020 00000000 		.4byte	0
 611 0024 00000000 		.4byte	0
 612              		.section	.debug_ranges,"",%progbits
 613              	.Ldebug_ranges0:
 614 0000 00000000 		.4byte	.LFB56
 615 0004 8C000000 		.4byte	.LFE56
 616 0008 00000000 		.4byte	.LFB57
 617 000c 94000000 		.4byte	.LFE57
 618 0010 00000000 		.4byte	0
 619 0014 00000000 		.4byte	0
 620              		.section	.debug_line,"",%progbits
 621              	.Ldebug_line0:
ARM GAS  C:\Users\Eih3\AppData\Local\Temp\ccKxeIMd.s 			page 13


 622 0000 C1010000 		.section	.debug_str,"MS",%progbits,1
 622      02006101 
 622      00000201 
 622      FB0E0D00 
 622      01010101 
 623              	.LASF6:
 624 0000 6C6F6E67 		.ascii	"long long int\000"
 624      206C6F6E 
 624      6720696E 
 624      7400
 625              	.LASF3:
 626 000e 73686F72 		.ascii	"short unsigned int\000"
 626      7420756E 
 626      7369676E 
 626      65642069 
 626      6E7400
 627              	.LASF8:
 628 0021 756E7369 		.ascii	"unsigned int\000"
 628      676E6564 
 628      20696E74 
 628      00
 629              	.LASF23:
 630 002e 61647265 		.ascii	"adresse\000"
 630      73736500 
 631              	.LASF18:
 632 0036 6C656E67 		.ascii	"length\000"
 632      746800
 633              	.LASF16:
 634 003d 61646472 		.ascii	"address\000"
 634      65737300 
 635              	.LASF5:
 636 0045 6C6F6E67 		.ascii	"long unsigned int\000"
 636      20756E73 
 636      69676E65 
 636      6420696E 
 636      7400
 637              	.LASF7:
 638 0057 6C6F6E67 		.ascii	"long long unsigned int\000"
 638      206C6F6E 
 638      6720756E 
 638      7369676E 
 638      65642069 
 639              	.LASF24:
 640 006e 64617461 		.ascii	"dataBuffer\000"
 640      42756666 
 640      657200
 641              	.LASF1:
 642 0079 756E7369 		.ascii	"unsigned char\000"
 642      676E6564 
 642      20636861 
 642      7200
 643              	.LASF14:
 644 0087 63686172 		.ascii	"char\000"
 644      00
 645              	.LASF4:
 646 008c 6C6F6E67 		.ascii	"long int\000"
 646      20696E74 
ARM GAS  C:\Users\Eih3\AppData\Local\Temp\ccKxeIMd.s 			page 14


 646      00
 647              	.LASF27:
 648 0095 443A5C45 		.ascii	"D:\\Eih3Cloud\\Projet RAGT\\3\\Carte HF.cydsn\000"
 648      69683343 
 648      6C6F7564 
 648      5C50726F 
 648      6A657420 
 649              	.LASF13:
 650 00bf 646F7562 		.ascii	"double\000"
 650      6C6500
 651              	.LASF26:
 652 00c6 2E5C4545 		.ascii	".\\EEPROM.c\000"
 652      50524F4D 
 652      2E6300
 653              	.LASF11:
 654 00d1 75696E74 		.ascii	"uint8\000"
 654      3800
 655              	.LASF17:
 656 00d7 77726974 		.ascii	"writeData\000"
 656      65446174 
 656      6100
 657              	.LASF22:
 658 00e1 49544D5F 		.ascii	"ITM_RxBuffer\000"
 658      52784275 
 658      66666572 
 658      00
 659              	.LASF0:
 660 00ee 7369676E 		.ascii	"signed char\000"
 660      65642063 
 660      68617200 
 661              	.LASF9:
 662 00fa 5F5F696E 		.ascii	"__int32_t\000"
 662      7433325F 
 662      7400
 663              	.LASF12:
 664 0104 666C6F61 		.ascii	"float\000"
 664      7400
 665              	.LASF2:
 666 010a 73686F72 		.ascii	"short int\000"
 666      7420696E 
 666      7400
 667              	.LASF25:
 668 0114 474E5520 		.ascii	"GNU C 4.8.4 20140526 (release) [ARM/embedded-4_8-br"
 668      4320342E 
 668      382E3420 
 668      32303134 
 668      30353236 
 669 0147 616E6368 		.ascii	"anch revision 211358] -mcpu=cortex-m3 -mthumb -g -O"
 669      20726576 
 669      6973696F 
 669      6E203231 
 669      31333538 
 670 017a 30202D66 		.ascii	"0 -ffunction-sections\000"
 670      66756E63 
 670      74696F6E 
 670      2D736563 
 670      74696F6E 
ARM GAS  C:\Users\Eih3\AppData\Local\Temp\ccKxeIMd.s 			page 15


 671              	.LASF10:
 672 0190 696E7433 		.ascii	"int32_t\000"
 672      325F7400 
 673              	.LASF20:
 674 0198 4C656374 		.ascii	"LectureEEPROM\000"
 674      75726545 
 674      4550524F 
 674      4D00
 675              	.LASF21:
 676 01a6 72656164 		.ascii	"readData\000"
 676      44617461 
 676      00
 677              	.LASF15:
 678 01af 73697A65 		.ascii	"sizetype\000"
 678      74797065 
 678      00
 679              	.LASF19:
 680 01b8 45637269 		.ascii	"EcritureEEPROM\000"
 680      74757265 
 680      45455052 
 680      4F4D00
 681              		.ident	"GCC: (GNU Tools for ARM Embedded Processors) 4.8.4 20140526 (release) [ARM/embedded-4_8-br
