ARM GAS  C:\Users\Eih3\AppData\Local\Temp\ccBXQ1QT.s 			page 1


   1              		.syntax unified
   2              		.cpu cortex-m3
   3              		.fpu softvfp
   4              		.eabi_attribute 20, 1
   5              		.eabi_attribute 21, 1
   6              		.eabi_attribute 23, 3
   7              		.eabi_attribute 24, 1
   8              		.eabi_attribute 25, 1
   9              		.eabi_attribute 26, 1
  10              		.eabi_attribute 30, 6
  11              		.eabi_attribute 34, 1
  12              		.eabi_attribute 18, 4
  13              		.thumb
  14              		.file	"etuve.c"
  15              		.text
  16              	.Ltext0:
  17              		.cfi_sections	.debug_frame
  18              		.comm	i,1,1
  19              		.global	adresse
  20              		.bss
  21              		.align	2
  22              		.type	adresse, %object
  23              		.size	adresse, 2
  24              	adresse:
  25 0000 0000     		.space	2
  26              		.global	dataBuffer
  27 0002 0000     		.align	2
  28              		.type	dataBuffer, %object
  29              		.size	dataBuffer, 15
  30              	dataBuffer:
  31 0004 00000000 		.space	15
  31      00000000 
  31      00000000 
  31      000000
  32              		.comm	writeData,15,4
  33              		.comm	readData,15,4
  34 0013 00       		.section	.text.Config,"ax",%progbits
  35              		.align	2
  36              		.global	Config
  37              		.thumb
  38              		.thumb_func
  39              		.type	Config, %function
  40              	Config:
  41              	.LFB56:
  42              		.file 1 ".\\etuve.c"
   1:.\etuve.c     **** /****
   2:.\etuve.c     ****  * Fonctions Etuve
   3:.\etuve.c     ****  ***/
   4:.\etuve.c     **** 
   5:.\etuve.c     **** /**** Déclarations & Directives ****/
   6:.\etuve.c     **** #include <project.h>
   7:.\etuve.c     **** #include "etuve.h"
   8:.\etuve.c     **** 
   9:.\etuve.c     **** /**** Configurations ****/
  10:.\etuve.c     **** void Config()
  11:.\etuve.c     **** {
  43              		.loc 1 11 0
ARM GAS  C:\Users\Eih3\AppData\Local\Temp\ccBXQ1QT.s 			page 2


  44              		.cfi_startproc
  45              		@ args = 0, pretend = 0, frame = 0
  46              		@ frame_needed = 1, uses_anonymous_args = 0
  47              		@ link register save eliminated.
  48 0000 80B4     		push	{r7}
  49              		.cfi_def_cfa_offset 4
  50              		.cfi_offset 7, -4
  51 0002 00AF     		add	r7, sp, #0
  52              		.cfi_def_cfa_register 7
  12:.\etuve.c     **** }
  53              		.loc 1 12 0
  54 0004 BD46     		mov	sp, r7
  55              		@ sp needed
  56 0006 5DF8047B 		ldr	r7, [sp], #4
  57 000a 7047     		bx	lr
  58              		.cfi_endproc
  59              	.LFE56:
  60              		.size	Config, .-Config
  61              		.section	.text.Init,"ax",%progbits
  62              		.align	2
  63              		.global	Init
  64              		.thumb
  65              		.thumb_func
  66              		.type	Init, %function
  67              	Init:
  68              	.LFB57:
  13:.\etuve.c     **** 
  14:.\etuve.c     **** /**** Initialisations ****/
  15:.\etuve.c     **** void Init()
  16:.\etuve.c     **** {
  69              		.loc 1 16 0
  70              		.cfi_startproc
  71              		@ args = 0, pretend = 0, frame = 0
  72              		@ frame_needed = 1, uses_anonymous_args = 0
  73 0000 80B5     		push	{r7, lr}
  74              		.cfi_def_cfa_offset 8
  75              		.cfi_offset 7, -8
  76              		.cfi_offset 14, -4
  77 0002 00AF     		add	r7, sp, #0
  78              		.cfi_def_cfa_register 7
  17:.\etuve.c     ****     Init_Interruptions();
  79              		.loc 1 17 0
  80 0004 FFF7FEFF 		bl	Init_Interruptions
  18:.\etuve.c     ****     
  19:.\etuve.c     ****     /**temporaire**/
  20:.\etuve.c     ****     LCD_Start();
  81              		.loc 1 20 0
  82 0008 FFF7FEFF 		bl	LCD_Start
  21:.\etuve.c     **** }
  83              		.loc 1 21 0
  84 000c 80BD     		pop	{r7, pc}
  85              		.cfi_endproc
  86              	.LFE57:
  87              		.size	Init, .-Init
  88 000e 00BF     		.section	.text.Init_Interruptions,"ax",%progbits
  89              		.align	2
  90              		.global	Init_Interruptions
ARM GAS  C:\Users\Eih3\AppData\Local\Temp\ccBXQ1QT.s 			page 3


  91              		.thumb
  92              		.thumb_func
  93              		.type	Init_Interruptions, %function
  94              	Init_Interruptions:
  95              	.LFB58:
  22:.\etuve.c     **** 
  23:.\etuve.c     **** /**** Initialisation Interruptions ****/
  24:.\etuve.c     **** void Init_Interruptions()
  25:.\etuve.c     **** {
  96              		.loc 1 25 0
  97              		.cfi_startproc
  98              		@ args = 0, pretend = 0, frame = 0
  99              		@ frame_needed = 1, uses_anonymous_args = 0
 100 0000 80B5     		push	{r7, lr}
 101              		.cfi_def_cfa_offset 8
 102              		.cfi_offset 7, -8
 103              		.cfi_offset 14, -4
 104 0002 00AF     		add	r7, sp, #0
 105              		.cfi_def_cfa_register 7
  26:.\etuve.c     ****     CYGlobalIntEnable;
 106              		.loc 1 26 0
 107              	@ 26 ".\etuve.c" 1
 108 0004 62B6     		CPSIE   i
 109              	@ 0 "" 2
  27:.\etuve.c     ****     I2C_Start();
 110              		.loc 1 27 0
 111              		.thumb
 112 0006 FFF7FEFF 		bl	I2C_Start
  28:.\etuve.c     ****     I2C_MasterClearStatus();
 113              		.loc 1 28 0
 114 000a FFF7FEFF 		bl	I2C_MasterClearStatus
  29:.\etuve.c     **** }
 115              		.loc 1 29 0
 116 000e 80BD     		pop	{r7, pc}
 117              		.cfi_endproc
 118              	.LFE58:
 119              		.size	Init_Interruptions, .-Init_Interruptions
 120              		.section	.text.fonctionTest,"ax",%progbits
 121              		.align	2
 122              		.global	fonctionTest
 123              		.thumb
 124              		.thumb_func
 125              		.type	fonctionTest, %function
 126              	fonctionTest:
 127              	.LFB59:
  30:.\etuve.c     **** 
  31:.\etuve.c     **** /**** Fonction Test Divers ****/
  32:.\etuve.c     **** void fonctionTest()
  33:.\etuve.c     **** {    
 128              		.loc 1 33 0
 129              		.cfi_startproc
 130              		@ args = 0, pretend = 0, frame = 0
 131              		@ frame_needed = 1, uses_anonymous_args = 0
 132 0000 80B5     		push	{r7, lr}
 133              		.cfi_def_cfa_offset 8
 134              		.cfi_offset 7, -8
 135              		.cfi_offset 14, -4
ARM GAS  C:\Users\Eih3\AppData\Local\Temp\ccBXQ1QT.s 			page 4


 136 0002 00AF     		add	r7, sp, #0
 137              		.cfi_def_cfa_register 7
  34:.\etuve.c     ****     LCD_Position(0, 0);   
 138              		.loc 1 34 0
 139 0004 0020     		movs	r0, #0
 140 0006 0021     		movs	r1, #0
 141 0008 FFF7FEFF 		bl	LCD_Position
  35:.\etuve.c     ****     
  36:.\etuve.c     ****     i = 0;     
 142              		.loc 1 36 0
 143 000c 154B     		ldr	r3, .L6
 144 000e 0022     		movs	r2, #0
 145 0010 1A70     		strb	r2, [r3]
  37:.\etuve.c     ****         
  38:.\etuve.c     ****     writeData[0] = 0x52; //R
 146              		.loc 1 38 0
 147 0012 154B     		ldr	r3, .L6+4
 148 0014 5222     		movs	r2, #82
 149 0016 1A70     		strb	r2, [r3]
  39:.\etuve.c     ****     writeData[1] = 0x41; //A
 150              		.loc 1 39 0
 151 0018 134B     		ldr	r3, .L6+4
 152 001a 4122     		movs	r2, #65
 153 001c 5A70     		strb	r2, [r3, #1]
  40:.\etuve.c     ****     writeData[2] = 0x47; //G
 154              		.loc 1 40 0
 155 001e 124B     		ldr	r3, .L6+4
 156 0020 4722     		movs	r2, #71
 157 0022 9A70     		strb	r2, [r3, #2]
  41:.\etuve.c     ****     writeData[3] = 0x54; //T
 158              		.loc 1 41 0
 159 0024 104B     		ldr	r3, .L6+4
 160 0026 5422     		movs	r2, #84
 161 0028 DA70     		strb	r2, [r3, #3]
  42:.\etuve.c     ****     
  43:.\etuve.c     ****     /** Exemple Ecriture I2C **/
  44:.\etuve.c     ****     EcritureEEPROM(0, writeData, sizeof(writeData));    
 162              		.loc 1 44 0
 163 002a 0020     		movs	r0, #0
 164 002c 0E49     		ldr	r1, .L6+4
 165 002e 0F22     		movs	r2, #15
 166 0030 FFF7FEFF 		bl	EcritureEEPROM
  45:.\etuve.c     ****     
  46:.\etuve.c     ****     /** Exemple Lecture I2C **/ 
  47:.\etuve.c     ****     LectureEEPROM(0, readData, sizeof(writeData));
 167              		.loc 1 47 0
 168 0034 0020     		movs	r0, #0
 169 0036 0D49     		ldr	r1, .L6+8
 170 0038 0F22     		movs	r2, #15
 171 003a FFF7FEFF 		bl	LectureEEPROM
 172              	.L5:
  48:.\etuve.c     ****     
  49:.\etuve.c     ****     do { LCD_PutChar(readData[i]); i++; } while (i < sizeof(writeData)); 
 173              		.loc 1 49 0 discriminator 1
 174 003e 094B     		ldr	r3, .L6
 175 0040 1B78     		ldrb	r3, [r3]	@ zero_extendqisi2
 176 0042 0A4A     		ldr	r2, .L6+8
ARM GAS  C:\Users\Eih3\AppData\Local\Temp\ccBXQ1QT.s 			page 5


 177 0044 D35C     		ldrb	r3, [r2, r3]	@ zero_extendqisi2
 178 0046 1846     		mov	r0, r3
 179 0048 FFF7FEFF 		bl	LCD_PutChar
 180 004c 054B     		ldr	r3, .L6
 181 004e 1B78     		ldrb	r3, [r3]	@ zero_extendqisi2
 182 0050 0133     		adds	r3, r3, #1
 183 0052 DAB2     		uxtb	r2, r3
 184 0054 034B     		ldr	r3, .L6
 185 0056 1A70     		strb	r2, [r3]
 186 0058 024B     		ldr	r3, .L6
 187 005a 1B78     		ldrb	r3, [r3]	@ zero_extendqisi2
 188 005c 0E2B     		cmp	r3, #14
 189 005e EED9     		bls	.L5
  50:.\etuve.c     **** }
 190              		.loc 1 50 0
 191 0060 80BD     		pop	{r7, pc}
 192              	.L7:
 193 0062 00BF     		.align	2
 194              	.L6:
 195 0064 00000000 		.word	i
 196 0068 00000000 		.word	writeData
 197 006c 00000000 		.word	readData
 198              		.cfi_endproc
 199              	.LFE59:
 200              		.size	fonctionTest, .-fonctionTest
 201              		.text
 202              	.Letext0:
 203              		.file 2 "c:\\program files (x86)\\cypress\\psoc creator\\3.1\\psoc creator\\import\\gnu_cs\\arm\\4
 204              		.file 3 "c:\\program files (x86)\\cypress\\psoc creator\\3.1\\psoc creator\\import\\gnu_cs\\arm\\4
 205              		.file 4 ".\\Generated_Source\\PSoC5/cytypes.h"
 206              		.file 5 ".\\Generated_Source\\PSoC5/core_cm3.h"
 207              		.file 6 ".\\etuve.h"
 208              		.section	.debug_info,"",%progbits
 209              	.Ldebug_info0:
 210 0000 6D010000 		.4byte	0x16d
 211 0004 0400     		.2byte	0x4
 212 0006 00000000 		.4byte	.Ldebug_abbrev0
 213 000a 04       		.byte	0x4
 214 000b 01       		.uleb128 0x1
 215 000c 30010000 		.4byte	.LASF25
 216 0010 01       		.byte	0x1
 217 0011 E4000000 		.4byte	.LASF26
 218 0015 AC000000 		.4byte	.LASF27
 219 0019 00000000 		.4byte	.Ldebug_ranges0+0
 220 001d 00000000 		.4byte	0
 221 0021 00000000 		.4byte	.Ldebug_line0
 222 0025 02       		.uleb128 0x2
 223 0026 01       		.byte	0x1
 224 0027 06       		.byte	0x6
 225 0028 05010000 		.4byte	.LASF0
 226 002c 02       		.uleb128 0x2
 227 002d 01       		.byte	0x1
 228 002e 08       		.byte	0x8
 229 002f 7D000000 		.4byte	.LASF1
 230 0033 02       		.uleb128 0x2
 231 0034 02       		.byte	0x2
 232 0035 05       		.byte	0x5
ARM GAS  C:\Users\Eih3\AppData\Local\Temp\ccBXQ1QT.s 			page 6


 233 0036 26010000 		.4byte	.LASF2
 234 003a 02       		.uleb128 0x2
 235 003b 02       		.byte	0x2
 236 003c 07       		.byte	0x7
 237 003d 0E000000 		.4byte	.LASF3
 238 0041 03       		.uleb128 0x3
 239 0042 11010000 		.4byte	.LASF9
 240 0046 02       		.byte	0x2
 241 0047 37       		.byte	0x37
 242 0048 4C000000 		.4byte	0x4c
 243 004c 02       		.uleb128 0x2
 244 004d 04       		.byte	0x4
 245 004e 05       		.byte	0x5
 246 004f A3000000 		.4byte	.LASF4
 247 0053 02       		.uleb128 0x2
 248 0054 04       		.byte	0x4
 249 0055 07       		.byte	0x7
 250 0056 49000000 		.4byte	.LASF5
 251 005a 02       		.uleb128 0x2
 252 005b 08       		.byte	0x8
 253 005c 05       		.byte	0x5
 254 005d 00000000 		.4byte	.LASF6
 255 0061 02       		.uleb128 0x2
 256 0062 08       		.byte	0x8
 257 0063 07       		.byte	0x7
 258 0064 5B000000 		.4byte	.LASF7
 259 0068 04       		.uleb128 0x4
 260 0069 04       		.byte	0x4
 261 006a 05       		.byte	0x5
 262 006b 696E7400 		.ascii	"int\000"
 263 006f 02       		.uleb128 0x2
 264 0070 04       		.byte	0x4
 265 0071 07       		.byte	0x7
 266 0072 21000000 		.4byte	.LASF8
 267 0076 03       		.uleb128 0x3
 268 0077 AC010000 		.4byte	.LASF10
 269 007b 03       		.byte	0x3
 270 007c 41       		.byte	0x41
 271 007d 41000000 		.4byte	0x41
 272 0081 03       		.uleb128 0x3
 273 0082 43000000 		.4byte	.LASF11
 274 0086 04       		.byte	0x4
 275 0087 A1       		.byte	0xa1
 276 0088 2C000000 		.4byte	0x2c
 277 008c 02       		.uleb128 0x2
 278 008d 04       		.byte	0x4
 279 008e 04       		.byte	0x4
 280 008f 20010000 		.4byte	.LASF12
 281 0093 02       		.uleb128 0x2
 282 0094 08       		.byte	0x8
 283 0095 04       		.byte	0x4
 284 0096 DD000000 		.4byte	.LASF13
 285 009a 02       		.uleb128 0x2
 286 009b 01       		.byte	0x1
 287 009c 08       		.byte	0x8
 288 009d 8B000000 		.4byte	.LASF14
 289 00a1 02       		.uleb128 0x2
ARM GAS  C:\Users\Eih3\AppData\Local\Temp\ccBXQ1QT.s 			page 7


 290 00a2 04       		.byte	0x4
 291 00a3 07       		.byte	0x7
 292 00a4 BD010000 		.4byte	.LASF15
 293 00a8 05       		.uleb128 0x5
 294 00a9 D6000000 		.4byte	.LASF16
 295 00ad 01       		.byte	0x1
 296 00ae 0A       		.byte	0xa
 297 00af 00000000 		.4byte	.LFB56
 298 00b3 0C000000 		.4byte	.LFE56-.LFB56
 299 00b7 01       		.uleb128 0x1
 300 00b8 9C       		.byte	0x9c
 301 00b9 06       		.uleb128 0x6
 302 00ba 1B010000 		.4byte	.LASF17
 303 00be 01       		.byte	0x1
 304 00bf 0F       		.byte	0xf
 305 00c0 00000000 		.4byte	.LFB57
 306 00c4 0E000000 		.4byte	.LFE57-.LFB57
 307 00c8 01       		.uleb128 0x1
 308 00c9 9C       		.byte	0x9c
 309 00ca 06       		.uleb128 0x6
 310 00cb 90000000 		.4byte	.LASF18
 311 00cf 01       		.byte	0x1
 312 00d0 18       		.byte	0x18
 313 00d1 00000000 		.4byte	.LFB58
 314 00d5 10000000 		.4byte	.LFE58-.LFB58
 315 00d9 01       		.uleb128 0x1
 316 00da 9C       		.byte	0x9c
 317 00db 06       		.uleb128 0x6
 318 00dc 36000000 		.4byte	.LASF19
 319 00e0 01       		.byte	0x1
 320 00e1 20       		.byte	0x20
 321 00e2 00000000 		.4byte	.LFB59
 322 00e6 70000000 		.4byte	.LFE59-.LFB59
 323 00ea 01       		.uleb128 0x1
 324 00eb 9C       		.byte	0x9c
 325 00ec 07       		.uleb128 0x7
 326 00ed F8000000 		.4byte	.LASF20
 327 00f1 05       		.byte	0x5
 328 00f2 1606     		.2byte	0x616
 329 00f4 F8000000 		.4byte	0xf8
 330 00f8 08       		.uleb128 0x8
 331 00f9 76000000 		.4byte	0x76
 332 00fd 09       		.uleb128 0x9
 333 00fe 6900     		.ascii	"i\000"
 334 0100 06       		.byte	0x6
 335 0101 07       		.byte	0x7
 336 0102 81000000 		.4byte	0x81
 337 0106 05       		.uleb128 0x5
 338 0107 03       		.byte	0x3
 339 0108 00000000 		.4byte	i
 340 010c 0A       		.uleb128 0xa
 341 010d 81000000 		.4byte	0x81
 342 0111 1C010000 		.4byte	0x11c
 343 0115 0B       		.uleb128 0xb
 344 0116 A1000000 		.4byte	0xa1
 345 011a 01       		.byte	0x1
 346 011b 00       		.byte	0
ARM GAS  C:\Users\Eih3\AppData\Local\Temp\ccBXQ1QT.s 			page 8


 347 011c 0C       		.uleb128 0xc
 348 011d 2E000000 		.4byte	.LASF21
 349 0121 06       		.byte	0x6
 350 0122 09       		.byte	0x9
 351 0123 0C010000 		.4byte	0x10c
 352 0127 05       		.uleb128 0x5
 353 0128 03       		.byte	0x3
 354 0129 00000000 		.4byte	adresse
 355 012d 0A       		.uleb128 0xa
 356 012e 81000000 		.4byte	0x81
 357 0132 3D010000 		.4byte	0x13d
 358 0136 0B       		.uleb128 0xb
 359 0137 A1000000 		.4byte	0xa1
 360 013b 0E       		.byte	0xe
 361 013c 00       		.byte	0
 362 013d 0C       		.uleb128 0xc
 363 013e 72000000 		.4byte	.LASF22
 364 0142 06       		.byte	0x6
 365 0143 0B       		.byte	0xb
 366 0144 2D010000 		.4byte	0x12d
 367 0148 05       		.uleb128 0x5
 368 0149 03       		.byte	0x3
 369 014a 00000000 		.4byte	dataBuffer
 370 014e 0C       		.uleb128 0xc
 371 014f EE000000 		.4byte	.LASF23
 372 0153 06       		.byte	0x6
 373 0154 0D       		.byte	0xd
 374 0155 2D010000 		.4byte	0x12d
 375 0159 05       		.uleb128 0x5
 376 015a 03       		.byte	0x3
 377 015b 00000000 		.4byte	writeData
 378 015f 0C       		.uleb128 0xc
 379 0160 B4010000 		.4byte	.LASF24
 380 0164 06       		.byte	0x6
 381 0165 0F       		.byte	0xf
 382 0166 2D010000 		.4byte	0x12d
 383 016a 05       		.uleb128 0x5
 384 016b 03       		.byte	0x3
 385 016c 00000000 		.4byte	readData
 386 0170 00       		.byte	0
 387              		.section	.debug_abbrev,"",%progbits
 388              	.Ldebug_abbrev0:
 389 0000 01       		.uleb128 0x1
 390 0001 11       		.uleb128 0x11
 391 0002 01       		.byte	0x1
 392 0003 25       		.uleb128 0x25
 393 0004 0E       		.uleb128 0xe
 394 0005 13       		.uleb128 0x13
 395 0006 0B       		.uleb128 0xb
 396 0007 03       		.uleb128 0x3
 397 0008 0E       		.uleb128 0xe
 398 0009 1B       		.uleb128 0x1b
 399 000a 0E       		.uleb128 0xe
 400 000b 55       		.uleb128 0x55
 401 000c 17       		.uleb128 0x17
 402 000d 11       		.uleb128 0x11
 403 000e 01       		.uleb128 0x1
ARM GAS  C:\Users\Eih3\AppData\Local\Temp\ccBXQ1QT.s 			page 9


 404 000f 10       		.uleb128 0x10
 405 0010 17       		.uleb128 0x17
 406 0011 00       		.byte	0
 407 0012 00       		.byte	0
 408 0013 02       		.uleb128 0x2
 409 0014 24       		.uleb128 0x24
 410 0015 00       		.byte	0
 411 0016 0B       		.uleb128 0xb
 412 0017 0B       		.uleb128 0xb
 413 0018 3E       		.uleb128 0x3e
 414 0019 0B       		.uleb128 0xb
 415 001a 03       		.uleb128 0x3
 416 001b 0E       		.uleb128 0xe
 417 001c 00       		.byte	0
 418 001d 00       		.byte	0
 419 001e 03       		.uleb128 0x3
 420 001f 16       		.uleb128 0x16
 421 0020 00       		.byte	0
 422 0021 03       		.uleb128 0x3
 423 0022 0E       		.uleb128 0xe
 424 0023 3A       		.uleb128 0x3a
 425 0024 0B       		.uleb128 0xb
 426 0025 3B       		.uleb128 0x3b
 427 0026 0B       		.uleb128 0xb
 428 0027 49       		.uleb128 0x49
 429 0028 13       		.uleb128 0x13
 430 0029 00       		.byte	0
 431 002a 00       		.byte	0
 432 002b 04       		.uleb128 0x4
 433 002c 24       		.uleb128 0x24
 434 002d 00       		.byte	0
 435 002e 0B       		.uleb128 0xb
 436 002f 0B       		.uleb128 0xb
 437 0030 3E       		.uleb128 0x3e
 438 0031 0B       		.uleb128 0xb
 439 0032 03       		.uleb128 0x3
 440 0033 08       		.uleb128 0x8
 441 0034 00       		.byte	0
 442 0035 00       		.byte	0
 443 0036 05       		.uleb128 0x5
 444 0037 2E       		.uleb128 0x2e
 445 0038 00       		.byte	0
 446 0039 3F       		.uleb128 0x3f
 447 003a 19       		.uleb128 0x19
 448 003b 03       		.uleb128 0x3
 449 003c 0E       		.uleb128 0xe
 450 003d 3A       		.uleb128 0x3a
 451 003e 0B       		.uleb128 0xb
 452 003f 3B       		.uleb128 0x3b
 453 0040 0B       		.uleb128 0xb
 454 0041 11       		.uleb128 0x11
 455 0042 01       		.uleb128 0x1
 456 0043 12       		.uleb128 0x12
 457 0044 06       		.uleb128 0x6
 458 0045 40       		.uleb128 0x40
 459 0046 18       		.uleb128 0x18
 460 0047 9742     		.uleb128 0x2117
ARM GAS  C:\Users\Eih3\AppData\Local\Temp\ccBXQ1QT.s 			page 10


 461 0049 19       		.uleb128 0x19
 462 004a 00       		.byte	0
 463 004b 00       		.byte	0
 464 004c 06       		.uleb128 0x6
 465 004d 2E       		.uleb128 0x2e
 466 004e 00       		.byte	0
 467 004f 3F       		.uleb128 0x3f
 468 0050 19       		.uleb128 0x19
 469 0051 03       		.uleb128 0x3
 470 0052 0E       		.uleb128 0xe
 471 0053 3A       		.uleb128 0x3a
 472 0054 0B       		.uleb128 0xb
 473 0055 3B       		.uleb128 0x3b
 474 0056 0B       		.uleb128 0xb
 475 0057 11       		.uleb128 0x11
 476 0058 01       		.uleb128 0x1
 477 0059 12       		.uleb128 0x12
 478 005a 06       		.uleb128 0x6
 479 005b 40       		.uleb128 0x40
 480 005c 18       		.uleb128 0x18
 481 005d 9642     		.uleb128 0x2116
 482 005f 19       		.uleb128 0x19
 483 0060 00       		.byte	0
 484 0061 00       		.byte	0
 485 0062 07       		.uleb128 0x7
 486 0063 34       		.uleb128 0x34
 487 0064 00       		.byte	0
 488 0065 03       		.uleb128 0x3
 489 0066 0E       		.uleb128 0xe
 490 0067 3A       		.uleb128 0x3a
 491 0068 0B       		.uleb128 0xb
 492 0069 3B       		.uleb128 0x3b
 493 006a 05       		.uleb128 0x5
 494 006b 49       		.uleb128 0x49
 495 006c 13       		.uleb128 0x13
 496 006d 3F       		.uleb128 0x3f
 497 006e 19       		.uleb128 0x19
 498 006f 3C       		.uleb128 0x3c
 499 0070 19       		.uleb128 0x19
 500 0071 00       		.byte	0
 501 0072 00       		.byte	0
 502 0073 08       		.uleb128 0x8
 503 0074 35       		.uleb128 0x35
 504 0075 00       		.byte	0
 505 0076 49       		.uleb128 0x49
 506 0077 13       		.uleb128 0x13
 507 0078 00       		.byte	0
 508 0079 00       		.byte	0
 509 007a 09       		.uleb128 0x9
 510 007b 34       		.uleb128 0x34
 511 007c 00       		.byte	0
 512 007d 03       		.uleb128 0x3
 513 007e 08       		.uleb128 0x8
 514 007f 3A       		.uleb128 0x3a
 515 0080 0B       		.uleb128 0xb
 516 0081 3B       		.uleb128 0x3b
 517 0082 0B       		.uleb128 0xb
ARM GAS  C:\Users\Eih3\AppData\Local\Temp\ccBXQ1QT.s 			page 11


 518 0083 49       		.uleb128 0x49
 519 0084 13       		.uleb128 0x13
 520 0085 3F       		.uleb128 0x3f
 521 0086 19       		.uleb128 0x19
 522 0087 02       		.uleb128 0x2
 523 0088 18       		.uleb128 0x18
 524 0089 00       		.byte	0
 525 008a 00       		.byte	0
 526 008b 0A       		.uleb128 0xa
 527 008c 01       		.uleb128 0x1
 528 008d 01       		.byte	0x1
 529 008e 49       		.uleb128 0x49
 530 008f 13       		.uleb128 0x13
 531 0090 01       		.uleb128 0x1
 532 0091 13       		.uleb128 0x13
 533 0092 00       		.byte	0
 534 0093 00       		.byte	0
 535 0094 0B       		.uleb128 0xb
 536 0095 21       		.uleb128 0x21
 537 0096 00       		.byte	0
 538 0097 49       		.uleb128 0x49
 539 0098 13       		.uleb128 0x13
 540 0099 2F       		.uleb128 0x2f
 541 009a 0B       		.uleb128 0xb
 542 009b 00       		.byte	0
 543 009c 00       		.byte	0
 544 009d 0C       		.uleb128 0xc
 545 009e 34       		.uleb128 0x34
 546 009f 00       		.byte	0
 547 00a0 03       		.uleb128 0x3
 548 00a1 0E       		.uleb128 0xe
 549 00a2 3A       		.uleb128 0x3a
 550 00a3 0B       		.uleb128 0xb
 551 00a4 3B       		.uleb128 0x3b
 552 00a5 0B       		.uleb128 0xb
 553 00a6 49       		.uleb128 0x49
 554 00a7 13       		.uleb128 0x13
 555 00a8 3F       		.uleb128 0x3f
 556 00a9 19       		.uleb128 0x19
 557 00aa 02       		.uleb128 0x2
 558 00ab 18       		.uleb128 0x18
 559 00ac 00       		.byte	0
 560 00ad 00       		.byte	0
 561 00ae 00       		.byte	0
 562              		.section	.debug_aranges,"",%progbits
 563 0000 34000000 		.4byte	0x34
 564 0004 0200     		.2byte	0x2
 565 0006 00000000 		.4byte	.Ldebug_info0
 566 000a 04       		.byte	0x4
 567 000b 00       		.byte	0
 568 000c 0000     		.2byte	0
 569 000e 0000     		.2byte	0
 570 0010 00000000 		.4byte	.LFB56
 571 0014 0C000000 		.4byte	.LFE56-.LFB56
 572 0018 00000000 		.4byte	.LFB57
 573 001c 0E000000 		.4byte	.LFE57-.LFB57
 574 0020 00000000 		.4byte	.LFB58
ARM GAS  C:\Users\Eih3\AppData\Local\Temp\ccBXQ1QT.s 			page 12


 575 0024 10000000 		.4byte	.LFE58-.LFB58
 576 0028 00000000 		.4byte	.LFB59
 577 002c 70000000 		.4byte	.LFE59-.LFB59
 578 0030 00000000 		.4byte	0
 579 0034 00000000 		.4byte	0
 580              		.section	.debug_ranges,"",%progbits
 581              	.Ldebug_ranges0:
 582 0000 00000000 		.4byte	.LFB56
 583 0004 0C000000 		.4byte	.LFE56
 584 0008 00000000 		.4byte	.LFB57
 585 000c 0E000000 		.4byte	.LFE57
 586 0010 00000000 		.4byte	.LFB58
 587 0014 10000000 		.4byte	.LFE58
 588 0018 00000000 		.4byte	.LFB59
 589 001c 70000000 		.4byte	.LFE59
 590 0020 00000000 		.4byte	0
 591 0024 00000000 		.4byte	0
 592              		.section	.debug_line,"",%progbits
 593              	.Ldebug_line0:
 594 0000 B8010000 		.section	.debug_str,"MS",%progbits,1
 594      02005F01 
 594      00000201 
 594      FB0E0D00 
 594      01010101 
 595              	.LASF6:
 596 0000 6C6F6E67 		.ascii	"long long int\000"
 596      206C6F6E 
 596      6720696E 
 596      7400
 597              	.LASF3:
 598 000e 73686F72 		.ascii	"short unsigned int\000"
 598      7420756E 
 598      7369676E 
 598      65642069 
 598      6E7400
 599              	.LASF8:
 600 0021 756E7369 		.ascii	"unsigned int\000"
 600      676E6564 
 600      20696E74 
 600      00
 601              	.LASF21:
 602 002e 61647265 		.ascii	"adresse\000"
 602      73736500 
 603              	.LASF19:
 604 0036 666F6E63 		.ascii	"fonctionTest\000"
 604      74696F6E 
 604      54657374 
 604      00
 605              	.LASF11:
 606 0043 75696E74 		.ascii	"uint8\000"
 606      3800
 607              	.LASF5:
 608 0049 6C6F6E67 		.ascii	"long unsigned int\000"
 608      20756E73 
 608      69676E65 
 608      6420696E 
 608      7400
ARM GAS  C:\Users\Eih3\AppData\Local\Temp\ccBXQ1QT.s 			page 13


 609              	.LASF7:
 610 005b 6C6F6E67 		.ascii	"long long unsigned int\000"
 610      206C6F6E 
 610      6720756E 
 610      7369676E 
 610      65642069 
 611              	.LASF22:
 612 0072 64617461 		.ascii	"dataBuffer\000"
 612      42756666 
 612      657200
 613              	.LASF1:
 614 007d 756E7369 		.ascii	"unsigned char\000"
 614      676E6564 
 614      20636861 
 614      7200
 615              	.LASF14:
 616 008b 63686172 		.ascii	"char\000"
 616      00
 617              	.LASF18:
 618 0090 496E6974 		.ascii	"Init_Interruptions\000"
 618      5F496E74 
 618      65727275 
 618      7074696F 
 618      6E7300
 619              	.LASF4:
 620 00a3 6C6F6E67 		.ascii	"long int\000"
 620      20696E74 
 620      00
 621              	.LASF27:
 622 00ac 443A5C45 		.ascii	"D:\\Eih3Cloud\\Projet RAGT\\3\\Carte HF.cydsn\000"
 622      69683343 
 622      6C6F7564 
 622      5C50726F 
 622      6A657420 
 623              	.LASF16:
 624 00d6 436F6E66 		.ascii	"Config\000"
 624      696700
 625              	.LASF13:
 626 00dd 646F7562 		.ascii	"double\000"
 626      6C6500
 627              	.LASF26:
 628 00e4 2E5C6574 		.ascii	".\\etuve.c\000"
 628      7576652E 
 628      6300
 629              	.LASF23:
 630 00ee 77726974 		.ascii	"writeData\000"
 630      65446174 
 630      6100
 631              	.LASF20:
 632 00f8 49544D5F 		.ascii	"ITM_RxBuffer\000"
 632      52784275 
 632      66666572 
 632      00
 633              	.LASF0:
 634 0105 7369676E 		.ascii	"signed char\000"
 634      65642063 
 634      68617200 
ARM GAS  C:\Users\Eih3\AppData\Local\Temp\ccBXQ1QT.s 			page 14


 635              	.LASF9:
 636 0111 5F5F696E 		.ascii	"__int32_t\000"
 636      7433325F 
 636      7400
 637              	.LASF17:
 638 011b 496E6974 		.ascii	"Init\000"
 638      00
 639              	.LASF12:
 640 0120 666C6F61 		.ascii	"float\000"
 640      7400
 641              	.LASF2:
 642 0126 73686F72 		.ascii	"short int\000"
 642      7420696E 
 642      7400
 643              	.LASF25:
 644 0130 474E5520 		.ascii	"GNU C 4.8.4 20140526 (release) [ARM/embedded-4_8-br"
 644      4320342E 
 644      382E3420 
 644      32303134 
 644      30353236 
 645 0163 616E6368 		.ascii	"anch revision 211358] -mcpu=cortex-m3 -mthumb -g -O"
 645      20726576 
 645      6973696F 
 645      6E203231 
 645      31333538 
 646 0196 30202D66 		.ascii	"0 -ffunction-sections\000"
 646      66756E63 
 646      74696F6E 
 646      2D736563 
 646      74696F6E 
 647              	.LASF10:
 648 01ac 696E7433 		.ascii	"int32_t\000"
 648      325F7400 
 649              	.LASF24:
 650 01b4 72656164 		.ascii	"readData\000"
 650      44617461 
 650      00
 651              	.LASF15:
 652 01bd 73697A65 		.ascii	"sizetype\000"
 652      74797065 
 652      00
 653              		.ident	"GCC: (GNU Tools for ARM Embedded Processors) 4.8.4 20140526 (release) [ARM/embedded-4_8-br
