ARM GAS  C:\Users\Eih3\AppData\Local\Temp\ccgTalK0.s 			page 1


   1              		.syntax unified
   2              		.cpu cortex-m3
   3              		.fpu softvfp
   4              		.eabi_attribute 20, 1
   5              		.eabi_attribute 21, 1
   6              		.eabi_attribute 23, 3
   7              		.eabi_attribute 24, 1
   8              		.eabi_attribute 25, 1
   9              		.eabi_attribute 26, 1
  10              		.eabi_attribute 30, 6
  11              		.eabi_attribute 34, 1
  12              		.eabi_attribute 18, 4
  13              		.thumb
  14              		.file	"main.c"
  15              		.text
  16              	.Ltext0:
  17              		.cfi_sections	.debug_frame
  18              		.comm	i,1,1
  19              		.global	adresse
  20              		.bss
  21              		.align	2
  22              		.type	adresse, %object
  23              		.size	adresse, 2
  24              	adresse:
  25 0000 0000     		.space	2
  26              		.global	dataBuffer
  27 0002 0000     		.align	2
  28              		.type	dataBuffer, %object
  29              		.size	dataBuffer, 254
  30              	dataBuffer:
  31 0004 00000000 		.space	254
  31      00000000 
  31      00000000 
  31      00000000 
  31      00000000 
  32              		.comm	writeData,254,4
  33              		.comm	readData,254,4
  34 0102 0000     		.section	.text.main,"ax",%progbits
  35              		.align	2
  36              		.global	main
  37              		.thumb
  38              		.thumb_func
  39              		.type	main, %function
  40              	main:
  41              	.LFB56:
  42              		.file 1 ".\\main.c"
   1:.\main.c      **** /*************************
   2:.\main.c      ****  * Programme Module HF   
   3:.\main.c      ****  *                       
   4:.\main.c      ****  * Auteurs :             
   5:.\main.c      ****  *  Escamez Michel       
   6:.\main.c      ****  *  Soler Donovan        
   7:.\main.c      ****  *  Verdier Jordan       
   8:.\main.c      ****  *                       
   9:.\main.c      ****  * Fonctions :           
  10:.\main.c      ****  *  Liaison HF           
  11:.\main.c      ****  *  Liaison I²C          
ARM GAS  C:\Users\Eih3\AppData\Local\Temp\ccgTalK0.s 			page 2


  12:.\main.c      ****  *  Commande Relai       
  13:.\main.c      ****  *  R/W EEPROM           
  14:.\main.c      ****  *                       
  15:.\main.c      ****  * MàJ :                 
  16:.\main.c      ****  *  07/05/2015 Exemple   
  17:.\main.c      ****  *                       
  18:.\main.c      ****  ************************/
  19:.\main.c      **** 
  20:.\main.c      **** /**** Déclarations & Directives ****/
  21:.\main.c      **** #include <project.h>
  22:.\main.c      **** #include "module_hf.h"
  23:.\main.c      **** 
  24:.\main.c      **** int main()
  25:.\main.c      **** {
  43              		.loc 1 25 0
  44              		.cfi_startproc
  45              		@ args = 0, pretend = 0, frame = 0
  46              		@ frame_needed = 1, uses_anonymous_args = 0
  47 0000 80B5     		push	{r7, lr}
  48              		.cfi_def_cfa_offset 8
  49              		.cfi_offset 7, -8
  50              		.cfi_offset 14, -4
  51 0002 00AF     		add	r7, sp, #0
  52              		.cfi_def_cfa_register 7
  26:.\main.c      ****     Config();    
  53              		.loc 1 26 0
  54 0004 FFF7FEFF 		bl	Config
  27:.\main.c      ****     Init(); 
  55              		.loc 1 27 0
  56 0008 FFF7FEFF 		bl	Init
  57              	.L2:
  28:.\main.c      ****     
  29:.\main.c      ****     for(;;)
  30:.\main.c      ****     { 
  31:.\main.c      ****         fonctionTest();
  58              		.loc 1 31 0 discriminator 1
  59 000c FFF7FEFF 		bl	fonctionTest
  32:.\main.c      ****         CyDelay(500);
  60              		.loc 1 32 0 discriminator 1
  61 0010 4FF4FA70 		mov	r0, #500
  62 0014 FFF7FEFF 		bl	CyDelay
  33:.\main.c      ****     }
  63              		.loc 1 33 0 discriminator 1
  64 0018 F8E7     		b	.L2
  65              		.cfi_endproc
  66              	.LFE56:
  67              		.size	main, .-main
  68 001a 00BF     		.section	.text.Config,"ax",%progbits
  69              		.align	2
  70              		.global	Config
  71              		.thumb
  72              		.thumb_func
  73              		.type	Config, %function
  74              	Config:
  75              	.LFB57:
  34:.\main.c      **** }
  35:.\main.c      **** 
ARM GAS  C:\Users\Eih3\AppData\Local\Temp\ccgTalK0.s 			page 3


  36:.\main.c      **** /**** Configurations ****/
  37:.\main.c      **** void Config()
  38:.\main.c      **** {
  76              		.loc 1 38 0
  77              		.cfi_startproc
  78              		@ args = 0, pretend = 0, frame = 0
  79              		@ frame_needed = 1, uses_anonymous_args = 0
  80              		@ link register save eliminated.
  81 0000 80B4     		push	{r7}
  82              		.cfi_def_cfa_offset 4
  83              		.cfi_offset 7, -4
  84 0002 00AF     		add	r7, sp, #0
  85              		.cfi_def_cfa_register 7
  39:.\main.c      **** }
  86              		.loc 1 39 0
  87 0004 BD46     		mov	sp, r7
  88              		@ sp needed
  89 0006 5DF8047B 		ldr	r7, [sp], #4
  90 000a 7047     		bx	lr
  91              		.cfi_endproc
  92              	.LFE57:
  93              		.size	Config, .-Config
  94              		.section	.text.Init,"ax",%progbits
  95              		.align	2
  96              		.global	Init
  97              		.thumb
  98              		.thumb_func
  99              		.type	Init, %function
 100              	Init:
 101              	.LFB58:
  40:.\main.c      **** 
  41:.\main.c      **** /**** Initialisations ****/
  42:.\main.c      **** void Init()
  43:.\main.c      **** {
 102              		.loc 1 43 0
 103              		.cfi_startproc
 104              		@ args = 0, pretend = 0, frame = 0
 105              		@ frame_needed = 1, uses_anonymous_args = 0
 106 0000 80B5     		push	{r7, lr}
 107              		.cfi_def_cfa_offset 8
 108              		.cfi_offset 7, -8
 109              		.cfi_offset 14, -4
 110 0002 00AF     		add	r7, sp, #0
 111              		.cfi_def_cfa_register 7
  44:.\main.c      ****     Init_Interruptions();
 112              		.loc 1 44 0
 113 0004 FFF7FEFF 		bl	Init_Interruptions
  45:.\main.c      ****     
  46:.\main.c      ****     /**temporaire**/
  47:.\main.c      ****     LCD_Start();
 114              		.loc 1 47 0
 115 0008 FFF7FEFF 		bl	LCD_Start
  48:.\main.c      **** }
 116              		.loc 1 48 0
 117 000c 80BD     		pop	{r7, pc}
 118              		.cfi_endproc
 119              	.LFE58:
ARM GAS  C:\Users\Eih3\AppData\Local\Temp\ccgTalK0.s 			page 4


 120              		.size	Init, .-Init
 121 000e 00BF     		.section	.text.Init_Interruptions,"ax",%progbits
 122              		.align	2
 123              		.global	Init_Interruptions
 124              		.thumb
 125              		.thumb_func
 126              		.type	Init_Interruptions, %function
 127              	Init_Interruptions:
 128              	.LFB59:
  49:.\main.c      **** 
  50:.\main.c      **** /**** Initialisation Interruptions ****/
  51:.\main.c      **** void Init_Interruptions()
  52:.\main.c      **** {
 129              		.loc 1 52 0
 130              		.cfi_startproc
 131              		@ args = 0, pretend = 0, frame = 0
 132              		@ frame_needed = 1, uses_anonymous_args = 0
 133 0000 80B5     		push	{r7, lr}
 134              		.cfi_def_cfa_offset 8
 135              		.cfi_offset 7, -8
 136              		.cfi_offset 14, -4
 137 0002 00AF     		add	r7, sp, #0
 138              		.cfi_def_cfa_register 7
  53:.\main.c      ****     CYGlobalIntEnable;
 139              		.loc 1 53 0
 140              	@ 53 ".\main.c" 1
 141 0004 62B6     		CPSIE   i
 142              	@ 0 "" 2
  54:.\main.c      ****     I2C_Start();
 143              		.loc 1 54 0
 144              		.thumb
 145 0006 FFF7FEFF 		bl	I2C_Start
  55:.\main.c      ****     I2C_MasterClearStatus();
 146              		.loc 1 55 0
 147 000a FFF7FEFF 		bl	I2C_MasterClearStatus
  56:.\main.c      **** }
 148              		.loc 1 56 0
 149 000e 80BD     		pop	{r7, pc}
 150              		.cfi_endproc
 151              	.LFE59:
 152              		.size	Init_Interruptions, .-Init_Interruptions
 153              		.section	.text.fonctionTest,"ax",%progbits
 154              		.align	2
 155              		.global	fonctionTest
 156              		.thumb
 157              		.thumb_func
 158              		.type	fonctionTest, %function
 159              	fonctionTest:
 160              	.LFB60:
  57:.\main.c      **** 
  58:.\main.c      **** /**** Fonction Test Divers ****/
  59:.\main.c      **** void fonctionTest()
  60:.\main.c      **** {    
 161              		.loc 1 60 0
 162              		.cfi_startproc
 163              		@ args = 0, pretend = 0, frame = 0
 164              		@ frame_needed = 1, uses_anonymous_args = 0
ARM GAS  C:\Users\Eih3\AppData\Local\Temp\ccgTalK0.s 			page 5


 165 0000 80B5     		push	{r7, lr}
 166              		.cfi_def_cfa_offset 8
 167              		.cfi_offset 7, -8
 168              		.cfi_offset 14, -4
 169 0002 00AF     		add	r7, sp, #0
 170              		.cfi_def_cfa_register 7
  61:.\main.c      ****     LCD_Position(0, 0);    
 171              		.loc 1 61 0
 172 0004 0020     		movs	r0, #0
 173 0006 0021     		movs	r1, #0
 174 0008 FFF7FEFF 		bl	LCD_Position
  62:.\main.c      ****     
  63:.\main.c      ****     //writeData = 10 octets de 0 à 9
  64:.\main.c      ****     for (i = 0; i < 10; i++)  { writeData[i] = 0x30+i; };
 175              		.loc 1 64 0
 176 000c 1A4B     		ldr	r3, .L11
 177 000e 0022     		movs	r2, #0
 178 0010 1A70     		strb	r2, [r3]
 179 0012 0DE0     		b	.L7
 180              	.L8:
 181              		.loc 1 64 0 is_stmt 0 discriminator 2
 182 0014 184B     		ldr	r3, .L11
 183 0016 1B78     		ldrb	r3, [r3]	@ zero_extendqisi2
 184 0018 174A     		ldr	r2, .L11
 185 001a 1278     		ldrb	r2, [r2]	@ zero_extendqisi2
 186 001c 3032     		adds	r2, r2, #48
 187 001e D1B2     		uxtb	r1, r2
 188 0020 164A     		ldr	r2, .L11+4
 189 0022 D154     		strb	r1, [r2, r3]
 190 0024 144B     		ldr	r3, .L11
 191 0026 1B78     		ldrb	r3, [r3]	@ zero_extendqisi2
 192 0028 0133     		adds	r3, r3, #1
 193 002a DAB2     		uxtb	r2, r3
 194 002c 124B     		ldr	r3, .L11
 195 002e 1A70     		strb	r2, [r3]
 196              	.L7:
 197              		.loc 1 64 0 discriminator 1
 198 0030 114B     		ldr	r3, .L11
 199 0032 1B78     		ldrb	r3, [r3]	@ zero_extendqisi2
 200 0034 092B     		cmp	r3, #9
 201 0036 EDD9     		bls	.L8
  65:.\main.c      ****     
  66:.\main.c      ****     /** Exemple Ecriture I2C **/
  67:.\main.c      ****     EcritureEEPROM(0, writeData, 10);
 202              		.loc 1 67 0 is_stmt 1
 203 0038 0020     		movs	r0, #0
 204 003a 1049     		ldr	r1, .L11+4
 205 003c 0A22     		movs	r2, #10
 206 003e FFF7FEFF 		bl	EcritureEEPROM
  68:.\main.c      **** 
  69:.\main.c      ****     /** Exemple Lecture I2C **/ 
  70:.\main.c      ****     LectureEEPROM(0, readData, 10);
 207              		.loc 1 70 0
 208 0042 0020     		movs	r0, #0
 209 0044 0E49     		ldr	r1, .L11+8
 210 0046 0A22     		movs	r2, #10
 211 0048 FFF7FEFF 		bl	LectureEEPROM
ARM GAS  C:\Users\Eih3\AppData\Local\Temp\ccgTalK0.s 			page 6


  71:.\main.c      ****     
  72:.\main.c      ****     //Affiche 10 caractères
  73:.\main.c      ****     for (i = 0; i < 10; i++)  { LCD_PutChar(readData[i]); };
 212              		.loc 1 73 0
 213 004c 0A4B     		ldr	r3, .L11
 214 004e 0022     		movs	r2, #0
 215 0050 1A70     		strb	r2, [r3]
 216 0052 0CE0     		b	.L9
 217              	.L10:
 218              		.loc 1 73 0 is_stmt 0 discriminator 2
 219 0054 084B     		ldr	r3, .L11
 220 0056 1B78     		ldrb	r3, [r3]	@ zero_extendqisi2
 221 0058 094A     		ldr	r2, .L11+8
 222 005a D35C     		ldrb	r3, [r2, r3]	@ zero_extendqisi2
 223 005c 1846     		mov	r0, r3
 224 005e FFF7FEFF 		bl	LCD_PutChar
 225 0062 054B     		ldr	r3, .L11
 226 0064 1B78     		ldrb	r3, [r3]	@ zero_extendqisi2
 227 0066 0133     		adds	r3, r3, #1
 228 0068 DAB2     		uxtb	r2, r3
 229 006a 034B     		ldr	r3, .L11
 230 006c 1A70     		strb	r2, [r3]
 231              	.L9:
 232              		.loc 1 73 0 discriminator 1
 233 006e 024B     		ldr	r3, .L11
 234 0070 1B78     		ldrb	r3, [r3]	@ zero_extendqisi2
 235 0072 092B     		cmp	r3, #9
 236 0074 EED9     		bls	.L10
  74:.\main.c      **** }
 237              		.loc 1 74 0 is_stmt 1
 238 0076 80BD     		pop	{r7, pc}
 239              	.L12:
 240              		.align	2
 241              	.L11:
 242 0078 00000000 		.word	i
 243 007c 00000000 		.word	writeData
 244 0080 00000000 		.word	readData
 245              		.cfi_endproc
 246              	.LFE60:
 247              		.size	fonctionTest, .-fonctionTest
 248              		.text
 249              	.Letext0:
 250              		.file 2 "c:\\program files (x86)\\cypress\\psoc creator\\3.1\\psoc creator\\import\\gnu_cs\\arm\\4
 251              		.file 3 "c:\\program files (x86)\\cypress\\psoc creator\\3.1\\psoc creator\\import\\gnu_cs\\arm\\4
 252              		.file 4 ".\\Generated_Source\\PSoC5/cytypes.h"
 253              		.file 5 ".\\Generated_Source\\PSoC5/core_cm3.h"
 254              		.file 6 ".\\module_hf.h"
 255              		.section	.debug_info,"",%progbits
 256              	.Ldebug_info0:
 257 0000 82010000 		.4byte	0x182
 258 0004 0400     		.2byte	0x4
 259 0006 00000000 		.4byte	.Ldebug_abbrev0
 260 000a 04       		.byte	0x4
 261 000b 01       		.uleb128 0x1
 262 000c DD000000 		.4byte	.LASF25
 263 0010 01       		.byte	0x1
 264 0011 4F000000 		.4byte	.LASF26
ARM GAS  C:\Users\Eih3\AppData\Local\Temp\ccgTalK0.s 			page 7


 265 0015 00000000 		.4byte	.LASF27
 266 0019 00000000 		.4byte	.Ldebug_ranges0+0
 267 001d 00000000 		.4byte	0
 268 0021 00000000 		.4byte	.Ldebug_line0
 269 0025 02       		.uleb128 0x2
 270 0026 01       		.byte	0x1
 271 0027 06       		.byte	0x6
 272 0028 AD010000 		.4byte	.LASF0
 273 002c 02       		.uleb128 0x2
 274 002d 01       		.byte	0x1
 275 002e 08       		.byte	0x8
 276 002f 41000000 		.4byte	.LASF1
 277 0033 02       		.uleb128 0x2
 278 0034 02       		.byte	0x2
 279 0035 05       		.byte	0x5
 280 0036 7D010000 		.4byte	.LASF2
 281 003a 02       		.uleb128 0x2
 282 003b 02       		.byte	0x2
 283 003c 07       		.byte	0x7
 284 003d 5F000000 		.4byte	.LASF3
 285 0041 03       		.uleb128 0x3
 286 0042 2A000000 		.4byte	.LASF9
 287 0046 02       		.byte	0x2
 288 0047 37       		.byte	0x37
 289 0048 4C000000 		.4byte	0x4c
 290 004c 02       		.uleb128 0x2
 291 004d 04       		.byte	0x4
 292 004e 05       		.byte	0x5
 293 004f 97010000 		.4byte	.LASF4
 294 0053 02       		.uleb128 0x2
 295 0054 04       		.byte	0x4
 296 0055 07       		.byte	0x7
 297 0056 97000000 		.4byte	.LASF5
 298 005a 02       		.uleb128 0x2
 299 005b 08       		.byte	0x8
 300 005c 05       		.byte	0x5
 301 005d 6A010000 		.4byte	.LASF6
 302 0061 02       		.uleb128 0x2
 303 0062 08       		.byte	0x8
 304 0063 07       		.byte	0x7
 305 0064 C6000000 		.4byte	.LASF7
 306 0068 04       		.uleb128 0x4
 307 0069 04       		.byte	0x4
 308 006a 05       		.byte	0x5
 309 006b 696E7400 		.ascii	"int\000"
 310 006f 02       		.uleb128 0x2
 311 0070 04       		.byte	0x4
 312 0071 07       		.byte	0x7
 313 0072 B9000000 		.4byte	.LASF8
 314 0076 03       		.uleb128 0x3
 315 0077 59010000 		.4byte	.LASF10
 316 007b 03       		.byte	0x3
 317 007c 41       		.byte	0x41
 318 007d 41000000 		.4byte	0x41
 319 0081 03       		.uleb128 0x3
 320 0082 87010000 		.4byte	.LASF11
 321 0086 04       		.byte	0x4
ARM GAS  C:\Users\Eih3\AppData\Local\Temp\ccgTalK0.s 			page 8


 322 0087 A1       		.byte	0xa1
 323 0088 2C000000 		.4byte	0x2c
 324 008c 02       		.uleb128 0x2
 325 008d 04       		.byte	0x4
 326 008e 04       		.byte	0x4
 327 008f 3B000000 		.4byte	.LASF12
 328 0093 02       		.uleb128 0x2
 329 0094 08       		.byte	0x8
 330 0095 04       		.byte	0x4
 331 0096 34000000 		.4byte	.LASF13
 332 009a 02       		.uleb128 0x2
 333 009b 01       		.byte	0x1
 334 009c 08       		.byte	0x8
 335 009d 78010000 		.4byte	.LASF14
 336 00a1 02       		.uleb128 0x2
 337 00a2 04       		.byte	0x4
 338 00a3 07       		.byte	0x7
 339 00a4 61010000 		.4byte	.LASF15
 340 00a8 05       		.uleb128 0x5
 341 00a9 B4000000 		.4byte	.LASF28
 342 00ad 01       		.byte	0x1
 343 00ae 18       		.byte	0x18
 344 00af 68000000 		.4byte	0x68
 345 00b3 00000000 		.4byte	.LFB56
 346 00b7 1A000000 		.4byte	.LFE56-.LFB56
 347 00bb 01       		.uleb128 0x1
 348 00bc 9C       		.byte	0x9c
 349 00bd 06       		.uleb128 0x6
 350 00be 58000000 		.4byte	.LASF16
 351 00c2 01       		.byte	0x1
 352 00c3 25       		.byte	0x25
 353 00c4 00000000 		.4byte	.LFB57
 354 00c8 0C000000 		.4byte	.LFE57-.LFB57
 355 00cc 01       		.uleb128 0x1
 356 00cd 9C       		.byte	0x9c
 357 00ce 07       		.uleb128 0x7
 358 00cf 72000000 		.4byte	.LASF17
 359 00d3 01       		.byte	0x1
 360 00d4 2A       		.byte	0x2a
 361 00d5 00000000 		.4byte	.LFB58
 362 00d9 0E000000 		.4byte	.LFE58-.LFB58
 363 00dd 01       		.uleb128 0x1
 364 00de 9C       		.byte	0x9c
 365 00df 07       		.uleb128 0x7
 366 00e0 84000000 		.4byte	.LASF18
 367 00e4 01       		.byte	0x1
 368 00e5 33       		.byte	0x33
 369 00e6 00000000 		.4byte	.LFB59
 370 00ea 10000000 		.4byte	.LFE59-.LFB59
 371 00ee 01       		.uleb128 0x1
 372 00ef 9C       		.byte	0x9c
 373 00f0 07       		.uleb128 0x7
 374 00f1 A0010000 		.4byte	.LASF19
 375 00f5 01       		.byte	0x1
 376 00f6 3B       		.byte	0x3b
 377 00f7 00000000 		.4byte	.LFB60
 378 00fb 84000000 		.4byte	.LFE60-.LFB60
ARM GAS  C:\Users\Eih3\AppData\Local\Temp\ccgTalK0.s 			page 9


 379 00ff 01       		.uleb128 0x1
 380 0100 9C       		.byte	0x9c
 381 0101 08       		.uleb128 0x8
 382 0102 77000000 		.4byte	.LASF20
 383 0106 05       		.byte	0x5
 384 0107 1606     		.2byte	0x616
 385 0109 0D010000 		.4byte	0x10d
 386 010d 09       		.uleb128 0x9
 387 010e 76000000 		.4byte	0x76
 388 0112 0A       		.uleb128 0xa
 389 0113 6900     		.ascii	"i\000"
 390 0115 06       		.byte	0x6
 391 0116 07       		.byte	0x7
 392 0117 81000000 		.4byte	0x81
 393 011b 05       		.uleb128 0x5
 394 011c 03       		.byte	0x3
 395 011d 00000000 		.4byte	i
 396 0121 0B       		.uleb128 0xb
 397 0122 81000000 		.4byte	0x81
 398 0126 31010000 		.4byte	0x131
 399 012a 0C       		.uleb128 0xc
 400 012b A1000000 		.4byte	0xa1
 401 012f 01       		.byte	0x1
 402 0130 00       		.byte	0
 403 0131 0D       		.uleb128 0xd
 404 0132 C2010000 		.4byte	.LASF21
 405 0136 06       		.byte	0x6
 406 0137 09       		.byte	0x9
 407 0138 21010000 		.4byte	0x121
 408 013c 05       		.uleb128 0x5
 409 013d 03       		.byte	0x3
 410 013e 00000000 		.4byte	adresse
 411 0142 0B       		.uleb128 0xb
 412 0143 81000000 		.4byte	0x81
 413 0147 52010000 		.4byte	0x152
 414 014b 0C       		.uleb128 0xc
 415 014c A1000000 		.4byte	0xa1
 416 0150 FD       		.byte	0xfd
 417 0151 00       		.byte	0
 418 0152 0D       		.uleb128 0xd
 419 0153 A9000000 		.4byte	.LASF22
 420 0157 06       		.byte	0x6
 421 0158 0B       		.byte	0xb
 422 0159 42010000 		.4byte	0x142
 423 015d 05       		.uleb128 0x5
 424 015e 03       		.byte	0x3
 425 015f 00000000 		.4byte	dataBuffer
 426 0163 0D       		.uleb128 0xd
 427 0164 8D010000 		.4byte	.LASF23
 428 0168 06       		.byte	0x6
 429 0169 0D       		.byte	0xd
 430 016a 42010000 		.4byte	0x142
 431 016e 05       		.uleb128 0x5
 432 016f 03       		.byte	0x3
 433 0170 00000000 		.4byte	writeData
 434 0174 0D       		.uleb128 0xd
 435 0175 B9010000 		.4byte	.LASF24
ARM GAS  C:\Users\Eih3\AppData\Local\Temp\ccgTalK0.s 			page 10


 436 0179 06       		.byte	0x6
 437 017a 0F       		.byte	0xf
 438 017b 42010000 		.4byte	0x142
 439 017f 05       		.uleb128 0x5
 440 0180 03       		.byte	0x3
 441 0181 00000000 		.4byte	readData
 442 0185 00       		.byte	0
 443              		.section	.debug_abbrev,"",%progbits
 444              	.Ldebug_abbrev0:
 445 0000 01       		.uleb128 0x1
 446 0001 11       		.uleb128 0x11
 447 0002 01       		.byte	0x1
 448 0003 25       		.uleb128 0x25
 449 0004 0E       		.uleb128 0xe
 450 0005 13       		.uleb128 0x13
 451 0006 0B       		.uleb128 0xb
 452 0007 03       		.uleb128 0x3
 453 0008 0E       		.uleb128 0xe
 454 0009 1B       		.uleb128 0x1b
 455 000a 0E       		.uleb128 0xe
 456 000b 55       		.uleb128 0x55
 457 000c 17       		.uleb128 0x17
 458 000d 11       		.uleb128 0x11
 459 000e 01       		.uleb128 0x1
 460 000f 10       		.uleb128 0x10
 461 0010 17       		.uleb128 0x17
 462 0011 00       		.byte	0
 463 0012 00       		.byte	0
 464 0013 02       		.uleb128 0x2
 465 0014 24       		.uleb128 0x24
 466 0015 00       		.byte	0
 467 0016 0B       		.uleb128 0xb
 468 0017 0B       		.uleb128 0xb
 469 0018 3E       		.uleb128 0x3e
 470 0019 0B       		.uleb128 0xb
 471 001a 03       		.uleb128 0x3
 472 001b 0E       		.uleb128 0xe
 473 001c 00       		.byte	0
 474 001d 00       		.byte	0
 475 001e 03       		.uleb128 0x3
 476 001f 16       		.uleb128 0x16
 477 0020 00       		.byte	0
 478 0021 03       		.uleb128 0x3
 479 0022 0E       		.uleb128 0xe
 480 0023 3A       		.uleb128 0x3a
 481 0024 0B       		.uleb128 0xb
 482 0025 3B       		.uleb128 0x3b
 483 0026 0B       		.uleb128 0xb
 484 0027 49       		.uleb128 0x49
 485 0028 13       		.uleb128 0x13
 486 0029 00       		.byte	0
 487 002a 00       		.byte	0
 488 002b 04       		.uleb128 0x4
 489 002c 24       		.uleb128 0x24
 490 002d 00       		.byte	0
 491 002e 0B       		.uleb128 0xb
 492 002f 0B       		.uleb128 0xb
ARM GAS  C:\Users\Eih3\AppData\Local\Temp\ccgTalK0.s 			page 11


 493 0030 3E       		.uleb128 0x3e
 494 0031 0B       		.uleb128 0xb
 495 0032 03       		.uleb128 0x3
 496 0033 08       		.uleb128 0x8
 497 0034 00       		.byte	0
 498 0035 00       		.byte	0
 499 0036 05       		.uleb128 0x5
 500 0037 2E       		.uleb128 0x2e
 501 0038 00       		.byte	0
 502 0039 3F       		.uleb128 0x3f
 503 003a 19       		.uleb128 0x19
 504 003b 03       		.uleb128 0x3
 505 003c 0E       		.uleb128 0xe
 506 003d 3A       		.uleb128 0x3a
 507 003e 0B       		.uleb128 0xb
 508 003f 3B       		.uleb128 0x3b
 509 0040 0B       		.uleb128 0xb
 510 0041 49       		.uleb128 0x49
 511 0042 13       		.uleb128 0x13
 512 0043 11       		.uleb128 0x11
 513 0044 01       		.uleb128 0x1
 514 0045 12       		.uleb128 0x12
 515 0046 06       		.uleb128 0x6
 516 0047 40       		.uleb128 0x40
 517 0048 18       		.uleb128 0x18
 518 0049 9642     		.uleb128 0x2116
 519 004b 19       		.uleb128 0x19
 520 004c 00       		.byte	0
 521 004d 00       		.byte	0
 522 004e 06       		.uleb128 0x6
 523 004f 2E       		.uleb128 0x2e
 524 0050 00       		.byte	0
 525 0051 3F       		.uleb128 0x3f
 526 0052 19       		.uleb128 0x19
 527 0053 03       		.uleb128 0x3
 528 0054 0E       		.uleb128 0xe
 529 0055 3A       		.uleb128 0x3a
 530 0056 0B       		.uleb128 0xb
 531 0057 3B       		.uleb128 0x3b
 532 0058 0B       		.uleb128 0xb
 533 0059 11       		.uleb128 0x11
 534 005a 01       		.uleb128 0x1
 535 005b 12       		.uleb128 0x12
 536 005c 06       		.uleb128 0x6
 537 005d 40       		.uleb128 0x40
 538 005e 18       		.uleb128 0x18
 539 005f 9742     		.uleb128 0x2117
 540 0061 19       		.uleb128 0x19
 541 0062 00       		.byte	0
 542 0063 00       		.byte	0
 543 0064 07       		.uleb128 0x7
 544 0065 2E       		.uleb128 0x2e
 545 0066 00       		.byte	0
 546 0067 3F       		.uleb128 0x3f
 547 0068 19       		.uleb128 0x19
 548 0069 03       		.uleb128 0x3
 549 006a 0E       		.uleb128 0xe
ARM GAS  C:\Users\Eih3\AppData\Local\Temp\ccgTalK0.s 			page 12


 550 006b 3A       		.uleb128 0x3a
 551 006c 0B       		.uleb128 0xb
 552 006d 3B       		.uleb128 0x3b
 553 006e 0B       		.uleb128 0xb
 554 006f 11       		.uleb128 0x11
 555 0070 01       		.uleb128 0x1
 556 0071 12       		.uleb128 0x12
 557 0072 06       		.uleb128 0x6
 558 0073 40       		.uleb128 0x40
 559 0074 18       		.uleb128 0x18
 560 0075 9642     		.uleb128 0x2116
 561 0077 19       		.uleb128 0x19
 562 0078 00       		.byte	0
 563 0079 00       		.byte	0
 564 007a 08       		.uleb128 0x8
 565 007b 34       		.uleb128 0x34
 566 007c 00       		.byte	0
 567 007d 03       		.uleb128 0x3
 568 007e 0E       		.uleb128 0xe
 569 007f 3A       		.uleb128 0x3a
 570 0080 0B       		.uleb128 0xb
 571 0081 3B       		.uleb128 0x3b
 572 0082 05       		.uleb128 0x5
 573 0083 49       		.uleb128 0x49
 574 0084 13       		.uleb128 0x13
 575 0085 3F       		.uleb128 0x3f
 576 0086 19       		.uleb128 0x19
 577 0087 3C       		.uleb128 0x3c
 578 0088 19       		.uleb128 0x19
 579 0089 00       		.byte	0
 580 008a 00       		.byte	0
 581 008b 09       		.uleb128 0x9
 582 008c 35       		.uleb128 0x35
 583 008d 00       		.byte	0
 584 008e 49       		.uleb128 0x49
 585 008f 13       		.uleb128 0x13
 586 0090 00       		.byte	0
 587 0091 00       		.byte	0
 588 0092 0A       		.uleb128 0xa
 589 0093 34       		.uleb128 0x34
 590 0094 00       		.byte	0
 591 0095 03       		.uleb128 0x3
 592 0096 08       		.uleb128 0x8
 593 0097 3A       		.uleb128 0x3a
 594 0098 0B       		.uleb128 0xb
 595 0099 3B       		.uleb128 0x3b
 596 009a 0B       		.uleb128 0xb
 597 009b 49       		.uleb128 0x49
 598 009c 13       		.uleb128 0x13
 599 009d 3F       		.uleb128 0x3f
 600 009e 19       		.uleb128 0x19
 601 009f 02       		.uleb128 0x2
 602 00a0 18       		.uleb128 0x18
 603 00a1 00       		.byte	0
 604 00a2 00       		.byte	0
 605 00a3 0B       		.uleb128 0xb
 606 00a4 01       		.uleb128 0x1
ARM GAS  C:\Users\Eih3\AppData\Local\Temp\ccgTalK0.s 			page 13


 607 00a5 01       		.byte	0x1
 608 00a6 49       		.uleb128 0x49
 609 00a7 13       		.uleb128 0x13
 610 00a8 01       		.uleb128 0x1
 611 00a9 13       		.uleb128 0x13
 612 00aa 00       		.byte	0
 613 00ab 00       		.byte	0
 614 00ac 0C       		.uleb128 0xc
 615 00ad 21       		.uleb128 0x21
 616 00ae 00       		.byte	0
 617 00af 49       		.uleb128 0x49
 618 00b0 13       		.uleb128 0x13
 619 00b1 2F       		.uleb128 0x2f
 620 00b2 0B       		.uleb128 0xb
 621 00b3 00       		.byte	0
 622 00b4 00       		.byte	0
 623 00b5 0D       		.uleb128 0xd
 624 00b6 34       		.uleb128 0x34
 625 00b7 00       		.byte	0
 626 00b8 03       		.uleb128 0x3
 627 00b9 0E       		.uleb128 0xe
 628 00ba 3A       		.uleb128 0x3a
 629 00bb 0B       		.uleb128 0xb
 630 00bc 3B       		.uleb128 0x3b
 631 00bd 0B       		.uleb128 0xb
 632 00be 49       		.uleb128 0x49
 633 00bf 13       		.uleb128 0x13
 634 00c0 3F       		.uleb128 0x3f
 635 00c1 19       		.uleb128 0x19
 636 00c2 02       		.uleb128 0x2
 637 00c3 18       		.uleb128 0x18
 638 00c4 00       		.byte	0
 639 00c5 00       		.byte	0
 640 00c6 00       		.byte	0
 641              		.section	.debug_aranges,"",%progbits
 642 0000 3C000000 		.4byte	0x3c
 643 0004 0200     		.2byte	0x2
 644 0006 00000000 		.4byte	.Ldebug_info0
 645 000a 04       		.byte	0x4
 646 000b 00       		.byte	0
 647 000c 0000     		.2byte	0
 648 000e 0000     		.2byte	0
 649 0010 00000000 		.4byte	.LFB56
 650 0014 1A000000 		.4byte	.LFE56-.LFB56
 651 0018 00000000 		.4byte	.LFB57
 652 001c 0C000000 		.4byte	.LFE57-.LFB57
 653 0020 00000000 		.4byte	.LFB58
 654 0024 0E000000 		.4byte	.LFE58-.LFB58
 655 0028 00000000 		.4byte	.LFB59
 656 002c 10000000 		.4byte	.LFE59-.LFB59
 657 0030 00000000 		.4byte	.LFB60
 658 0034 84000000 		.4byte	.LFE60-.LFB60
 659 0038 00000000 		.4byte	0
 660 003c 00000000 		.4byte	0
 661              		.section	.debug_ranges,"",%progbits
 662              	.Ldebug_ranges0:
 663 0000 00000000 		.4byte	.LFB56
ARM GAS  C:\Users\Eih3\AppData\Local\Temp\ccgTalK0.s 			page 14


 664 0004 1A000000 		.4byte	.LFE56
 665 0008 00000000 		.4byte	.LFB57
 666 000c 0C000000 		.4byte	.LFE57
 667 0010 00000000 		.4byte	.LFB58
 668 0014 0E000000 		.4byte	.LFE58
 669 0018 00000000 		.4byte	.LFB59
 670 001c 10000000 		.4byte	.LFE59
 671 0020 00000000 		.4byte	.LFB60
 672 0024 84000000 		.4byte	.LFE60
 673 0028 00000000 		.4byte	0
 674 002c 00000000 		.4byte	0
 675              		.section	.debug_line,"",%progbits
 676              	.Ldebug_line0:
 677 0000 EA010000 		.section	.debug_str,"MS",%progbits,1
 677      02006201 
 677      00000201 
 677      FB0E0D00 
 677      01010101 
 678              	.LASF27:
 679 0000 443A5C45 		.ascii	"D:\\Eih3Cloud\\Projet RAGT\\3\\Carte HF.cydsn\000"
 679      69683343 
 679      6C6F7564 
 679      5C50726F 
 679      6A657420 
 680              	.LASF9:
 681 002a 5F5F696E 		.ascii	"__int32_t\000"
 681      7433325F 
 681      7400
 682              	.LASF13:
 683 0034 646F7562 		.ascii	"double\000"
 683      6C6500
 684              	.LASF12:
 685 003b 666C6F61 		.ascii	"float\000"
 685      7400
 686              	.LASF1:
 687 0041 756E7369 		.ascii	"unsigned char\000"
 687      676E6564 
 687      20636861 
 687      7200
 688              	.LASF26:
 689 004f 2E5C6D61 		.ascii	".\\main.c\000"
 689      696E2E63 
 689      00
 690              	.LASF16:
 691 0058 436F6E66 		.ascii	"Config\000"
 691      696700
 692              	.LASF3:
 693 005f 73686F72 		.ascii	"short unsigned int\000"
 693      7420756E 
 693      7369676E 
 693      65642069 
 693      6E7400
 694              	.LASF17:
 695 0072 496E6974 		.ascii	"Init\000"
 695      00
 696              	.LASF20:
 697 0077 49544D5F 		.ascii	"ITM_RxBuffer\000"
ARM GAS  C:\Users\Eih3\AppData\Local\Temp\ccgTalK0.s 			page 15


 697      52784275 
 697      66666572 
 697      00
 698              	.LASF18:
 699 0084 496E6974 		.ascii	"Init_Interruptions\000"
 699      5F496E74 
 699      65727275 
 699      7074696F 
 699      6E7300
 700              	.LASF5:
 701 0097 6C6F6E67 		.ascii	"long unsigned int\000"
 701      20756E73 
 701      69676E65 
 701      6420696E 
 701      7400
 702              	.LASF22:
 703 00a9 64617461 		.ascii	"dataBuffer\000"
 703      42756666 
 703      657200
 704              	.LASF28:
 705 00b4 6D61696E 		.ascii	"main\000"
 705      00
 706              	.LASF8:
 707 00b9 756E7369 		.ascii	"unsigned int\000"
 707      676E6564 
 707      20696E74 
 707      00
 708              	.LASF7:
 709 00c6 6C6F6E67 		.ascii	"long long unsigned int\000"
 709      206C6F6E 
 709      6720756E 
 709      7369676E 
 709      65642069 
 710              	.LASF25:
 711 00dd 474E5520 		.ascii	"GNU C 4.8.4 20140526 (release) [ARM/embedded-4_8-br"
 711      4320342E 
 711      382E3420 
 711      32303134 
 711      30353236 
 712 0110 616E6368 		.ascii	"anch revision 211358] -mcpu=cortex-m3 -mthumb -g -O"
 712      20726576 
 712      6973696F 
 712      6E203231 
 712      31333538 
 713 0143 30202D66 		.ascii	"0 -ffunction-sections\000"
 713      66756E63 
 713      74696F6E 
 713      2D736563 
 713      74696F6E 
 714              	.LASF10:
 715 0159 696E7433 		.ascii	"int32_t\000"
 715      325F7400 
 716              	.LASF15:
 717 0161 73697A65 		.ascii	"sizetype\000"
 717      74797065 
 717      00
 718              	.LASF6:
ARM GAS  C:\Users\Eih3\AppData\Local\Temp\ccgTalK0.s 			page 16


 719 016a 6C6F6E67 		.ascii	"long long int\000"
 719      206C6F6E 
 719      6720696E 
 719      7400
 720              	.LASF14:
 721 0178 63686172 		.ascii	"char\000"
 721      00
 722              	.LASF2:
 723 017d 73686F72 		.ascii	"short int\000"
 723      7420696E 
 723      7400
 724              	.LASF11:
 725 0187 75696E74 		.ascii	"uint8\000"
 725      3800
 726              	.LASF23:
 727 018d 77726974 		.ascii	"writeData\000"
 727      65446174 
 727      6100
 728              	.LASF4:
 729 0197 6C6F6E67 		.ascii	"long int\000"
 729      20696E74 
 729      00
 730              	.LASF19:
 731 01a0 666F6E63 		.ascii	"fonctionTest\000"
 731      74696F6E 
 731      54657374 
 731      00
 732              	.LASF0:
 733 01ad 7369676E 		.ascii	"signed char\000"
 733      65642063 
 733      68617200 
 734              	.LASF24:
 735 01b9 72656164 		.ascii	"readData\000"
 735      44617461 
 735      00
 736              	.LASF21:
 737 01c2 61647265 		.ascii	"adresse\000"
 737      73736500 
 738              		.ident	"GCC: (GNU Tools for ARM Embedded Processors) 4.8.4 20140526 (release) [ARM/embedded-4_8-br
