ARM GAS  C:\Users\Eih3\AppData\Local\Temp\ccBJ8Ypu.s 			page 1


   1              		.syntax unified
   2              		.cpu cortex-m3
   3              		.fpu softvfp
   4              		.eabi_attribute 20, 1
   5              		.eabi_attribute 21, 1
   6              		.eabi_attribute 23, 3
   7              		.eabi_attribute 24, 1
   8              		.eabi_attribute 25, 1
   9              		.eabi_attribute 26, 1
  10              		.eabi_attribute 30, 6
  11              		.eabi_attribute 34, 1
  12              		.eabi_attribute 18, 4
  13              		.thumb
  14              		.file	"module_hf.c"
  15              		.text
  16              	.Ltext0:
  17              		.cfi_sections	.debug_frame
  18              		.comm	i,1,1
  19              		.global	adresse
  20              		.bss
  21              		.align	2
  22              		.type	adresse, %object
  23              		.size	adresse, 2
  24              	adresse:
  25 0000 0000     		.space	2
  26              		.global	dataBuffer
  27 0002 0000     		.align	2
  28              		.type	dataBuffer, %object
  29              		.size	dataBuffer, 254
  30              	dataBuffer:
  31 0004 00000000 		.space	254
  31      00000000 
  31      00000000 
  31      00000000 
  31      00000000 
  32              		.comm	writeData,254,4
  33              		.comm	readData,254,4
  34 0102 0000     		.text
  35              	.Letext0:
  36              		.file 1 "c:\\program files (x86)\\cypress\\psoc creator\\3.1\\psoc creator\\import\\gnu_cs\\arm\\4
  37              		.file 2 "c:\\program files (x86)\\cypress\\psoc creator\\3.1\\psoc creator\\import\\gnu_cs\\arm\\4
  38              		.file 3 ".\\Generated_Source\\PSoC5/cytypes.h"
  39              		.file 4 ".\\Generated_Source\\PSoC5/core_cm3.h"
  40              		.file 5 ".\\module_hf.h"
  41              		.section	.debug_info,"",%progbits
  42              	.Ldebug_info0:
  43 0000 21010000 		.4byte	0x121
  44 0004 0400     		.2byte	0x4
  45 0006 00000000 		.4byte	.Ldebug_abbrev0
  46 000a 04       		.byte	0x4
  47 000b 01       		.uleb128 0x1
  48 000c 08010000 		.4byte	.LASF21
  49 0010 01       		.byte	0x1
  50 0011 36000000 		.4byte	.LASF22
  51 0015 9A000000 		.4byte	.LASF23
  52 0019 00000000 		.4byte	.Ldebug_line0
  53 001d 02       		.uleb128 0x2
ARM GAS  C:\Users\Eih3\AppData\Local\Temp\ccBJ8Ypu.s 			page 2


  54 001e 01       		.byte	0x1
  55 001f 06       		.byte	0x6
  56 0020 E2000000 		.4byte	.LASF0
  57 0024 02       		.uleb128 0x2
  58 0025 01       		.byte	0x1
  59 0026 08       		.byte	0x8
  60 0027 7E000000 		.4byte	.LASF1
  61 002b 02       		.uleb128 0x2
  62 002c 02       		.byte	0x2
  63 002d 05       		.byte	0x5
  64 002e FE000000 		.4byte	.LASF2
  65 0032 02       		.uleb128 0x2
  66 0033 02       		.byte	0x2
  67 0034 07       		.byte	0x7
  68 0035 0E000000 		.4byte	.LASF3
  69 0039 03       		.uleb128 0x3
  70 003a EE000000 		.4byte	.LASF9
  71 003e 01       		.byte	0x1
  72 003f 37       		.byte	0x37
  73 0040 44000000 		.4byte	0x44
  74 0044 02       		.uleb128 0x2
  75 0045 04       		.byte	0x4
  76 0046 05       		.byte	0x5
  77 0047 91000000 		.4byte	.LASF4
  78 004b 02       		.uleb128 0x2
  79 004c 04       		.byte	0x4
  80 004d 07       		.byte	0x7
  81 004e 4A000000 		.4byte	.LASF5
  82 0052 02       		.uleb128 0x2
  83 0053 08       		.byte	0x8
  84 0054 05       		.byte	0x5
  85 0055 00000000 		.4byte	.LASF6
  86 0059 02       		.uleb128 0x2
  87 005a 08       		.byte	0x8
  88 005b 07       		.byte	0x7
  89 005c 5C000000 		.4byte	.LASF7
  90 0060 04       		.uleb128 0x4
  91 0061 04       		.byte	0x4
  92 0062 05       		.byte	0x5
  93 0063 696E7400 		.ascii	"int\000"
  94 0067 02       		.uleb128 0x2
  95 0068 04       		.byte	0x4
  96 0069 07       		.byte	0x7
  97 006a 21000000 		.4byte	.LASF8
  98 006e 03       		.uleb128 0x3
  99 006f 84010000 		.4byte	.LASF10
 100 0073 02       		.byte	0x2
 101 0074 41       		.byte	0x41
 102 0075 39000000 		.4byte	0x39
 103 0079 03       		.uleb128 0x3
 104 007a 44000000 		.4byte	.LASF11
 105 007e 03       		.byte	0x3
 106 007f A1       		.byte	0xa1
 107 0080 24000000 		.4byte	0x24
 108 0084 02       		.uleb128 0x2
 109 0085 04       		.byte	0x4
 110 0086 04       		.byte	0x4
ARM GAS  C:\Users\Eih3\AppData\Local\Temp\ccBJ8Ypu.s 			page 3


 111 0087 F8000000 		.4byte	.LASF12
 112 008b 02       		.uleb128 0x2
 113 008c 08       		.byte	0x8
 114 008d 04       		.byte	0x4
 115 008e C4000000 		.4byte	.LASF13
 116 0092 02       		.uleb128 0x2
 117 0093 01       		.byte	0x1
 118 0094 08       		.byte	0x8
 119 0095 8C000000 		.4byte	.LASF14
 120 0099 02       		.uleb128 0x2
 121 009a 04       		.byte	0x4
 122 009b 07       		.byte	0x7
 123 009c 95010000 		.4byte	.LASF15
 124 00a0 05       		.uleb128 0x5
 125 00a1 D5000000 		.4byte	.LASF16
 126 00a5 04       		.byte	0x4
 127 00a6 1606     		.2byte	0x616
 128 00a8 AC000000 		.4byte	0xac
 129 00ac 06       		.uleb128 0x6
 130 00ad 6E000000 		.4byte	0x6e
 131 00b1 07       		.uleb128 0x7
 132 00b2 6900     		.ascii	"i\000"
 133 00b4 05       		.byte	0x5
 134 00b5 07       		.byte	0x7
 135 00b6 79000000 		.4byte	0x79
 136 00ba 05       		.uleb128 0x5
 137 00bb 03       		.byte	0x3
 138 00bc 00000000 		.4byte	i
 139 00c0 08       		.uleb128 0x8
 140 00c1 79000000 		.4byte	0x79
 141 00c5 D0000000 		.4byte	0xd0
 142 00c9 09       		.uleb128 0x9
 143 00ca 99000000 		.4byte	0x99
 144 00ce 01       		.byte	0x1
 145 00cf 00       		.byte	0
 146 00d0 0A       		.uleb128 0xa
 147 00d1 2E000000 		.4byte	.LASF17
 148 00d5 05       		.byte	0x5
 149 00d6 09       		.byte	0x9
 150 00d7 C0000000 		.4byte	0xc0
 151 00db 05       		.uleb128 0x5
 152 00dc 03       		.byte	0x3
 153 00dd 00000000 		.4byte	adresse
 154 00e1 08       		.uleb128 0x8
 155 00e2 79000000 		.4byte	0x79
 156 00e6 F1000000 		.4byte	0xf1
 157 00ea 09       		.uleb128 0x9
 158 00eb 99000000 		.4byte	0x99
 159 00ef FD       		.byte	0xfd
 160 00f0 00       		.byte	0
 161 00f1 0A       		.uleb128 0xa
 162 00f2 73000000 		.4byte	.LASF18
 163 00f6 05       		.byte	0x5
 164 00f7 0B       		.byte	0xb
 165 00f8 E1000000 		.4byte	0xe1
 166 00fc 05       		.uleb128 0x5
 167 00fd 03       		.byte	0x3
ARM GAS  C:\Users\Eih3\AppData\Local\Temp\ccBJ8Ypu.s 			page 4


 168 00fe 00000000 		.4byte	dataBuffer
 169 0102 0A       		.uleb128 0xa
 170 0103 CB000000 		.4byte	.LASF19
 171 0107 05       		.byte	0x5
 172 0108 0D       		.byte	0xd
 173 0109 E1000000 		.4byte	0xe1
 174 010d 05       		.uleb128 0x5
 175 010e 03       		.byte	0x3
 176 010f 00000000 		.4byte	writeData
 177 0113 0A       		.uleb128 0xa
 178 0114 8C010000 		.4byte	.LASF20
 179 0118 05       		.byte	0x5
 180 0119 0F       		.byte	0xf
 181 011a E1000000 		.4byte	0xe1
 182 011e 05       		.uleb128 0x5
 183 011f 03       		.byte	0x3
 184 0120 00000000 		.4byte	readData
 185 0124 00       		.byte	0
 186              		.section	.debug_abbrev,"",%progbits
 187              	.Ldebug_abbrev0:
 188 0000 01       		.uleb128 0x1
 189 0001 11       		.uleb128 0x11
 190 0002 01       		.byte	0x1
 191 0003 25       		.uleb128 0x25
 192 0004 0E       		.uleb128 0xe
 193 0005 13       		.uleb128 0x13
 194 0006 0B       		.uleb128 0xb
 195 0007 03       		.uleb128 0x3
 196 0008 0E       		.uleb128 0xe
 197 0009 1B       		.uleb128 0x1b
 198 000a 0E       		.uleb128 0xe
 199 000b 10       		.uleb128 0x10
 200 000c 17       		.uleb128 0x17
 201 000d 00       		.byte	0
 202 000e 00       		.byte	0
 203 000f 02       		.uleb128 0x2
 204 0010 24       		.uleb128 0x24
 205 0011 00       		.byte	0
 206 0012 0B       		.uleb128 0xb
 207 0013 0B       		.uleb128 0xb
 208 0014 3E       		.uleb128 0x3e
 209 0015 0B       		.uleb128 0xb
 210 0016 03       		.uleb128 0x3
 211 0017 0E       		.uleb128 0xe
 212 0018 00       		.byte	0
 213 0019 00       		.byte	0
 214 001a 03       		.uleb128 0x3
 215 001b 16       		.uleb128 0x16
 216 001c 00       		.byte	0
 217 001d 03       		.uleb128 0x3
 218 001e 0E       		.uleb128 0xe
 219 001f 3A       		.uleb128 0x3a
 220 0020 0B       		.uleb128 0xb
 221 0021 3B       		.uleb128 0x3b
 222 0022 0B       		.uleb128 0xb
 223 0023 49       		.uleb128 0x49
 224 0024 13       		.uleb128 0x13
ARM GAS  C:\Users\Eih3\AppData\Local\Temp\ccBJ8Ypu.s 			page 5


 225 0025 00       		.byte	0
 226 0026 00       		.byte	0
 227 0027 04       		.uleb128 0x4
 228 0028 24       		.uleb128 0x24
 229 0029 00       		.byte	0
 230 002a 0B       		.uleb128 0xb
 231 002b 0B       		.uleb128 0xb
 232 002c 3E       		.uleb128 0x3e
 233 002d 0B       		.uleb128 0xb
 234 002e 03       		.uleb128 0x3
 235 002f 08       		.uleb128 0x8
 236 0030 00       		.byte	0
 237 0031 00       		.byte	0
 238 0032 05       		.uleb128 0x5
 239 0033 34       		.uleb128 0x34
 240 0034 00       		.byte	0
 241 0035 03       		.uleb128 0x3
 242 0036 0E       		.uleb128 0xe
 243 0037 3A       		.uleb128 0x3a
 244 0038 0B       		.uleb128 0xb
 245 0039 3B       		.uleb128 0x3b
 246 003a 05       		.uleb128 0x5
 247 003b 49       		.uleb128 0x49
 248 003c 13       		.uleb128 0x13
 249 003d 3F       		.uleb128 0x3f
 250 003e 19       		.uleb128 0x19
 251 003f 3C       		.uleb128 0x3c
 252 0040 19       		.uleb128 0x19
 253 0041 00       		.byte	0
 254 0042 00       		.byte	0
 255 0043 06       		.uleb128 0x6
 256 0044 35       		.uleb128 0x35
 257 0045 00       		.byte	0
 258 0046 49       		.uleb128 0x49
 259 0047 13       		.uleb128 0x13
 260 0048 00       		.byte	0
 261 0049 00       		.byte	0
 262 004a 07       		.uleb128 0x7
 263 004b 34       		.uleb128 0x34
 264 004c 00       		.byte	0
 265 004d 03       		.uleb128 0x3
 266 004e 08       		.uleb128 0x8
 267 004f 3A       		.uleb128 0x3a
 268 0050 0B       		.uleb128 0xb
 269 0051 3B       		.uleb128 0x3b
 270 0052 0B       		.uleb128 0xb
 271 0053 49       		.uleb128 0x49
 272 0054 13       		.uleb128 0x13
 273 0055 3F       		.uleb128 0x3f
 274 0056 19       		.uleb128 0x19
 275 0057 02       		.uleb128 0x2
 276 0058 18       		.uleb128 0x18
 277 0059 00       		.byte	0
 278 005a 00       		.byte	0
 279 005b 08       		.uleb128 0x8
 280 005c 01       		.uleb128 0x1
 281 005d 01       		.byte	0x1
ARM GAS  C:\Users\Eih3\AppData\Local\Temp\ccBJ8Ypu.s 			page 6


 282 005e 49       		.uleb128 0x49
 283 005f 13       		.uleb128 0x13
 284 0060 01       		.uleb128 0x1
 285 0061 13       		.uleb128 0x13
 286 0062 00       		.byte	0
 287 0063 00       		.byte	0
 288 0064 09       		.uleb128 0x9
 289 0065 21       		.uleb128 0x21
 290 0066 00       		.byte	0
 291 0067 49       		.uleb128 0x49
 292 0068 13       		.uleb128 0x13
 293 0069 2F       		.uleb128 0x2f
 294 006a 0B       		.uleb128 0xb
 295 006b 00       		.byte	0
 296 006c 00       		.byte	0
 297 006d 0A       		.uleb128 0xa
 298 006e 34       		.uleb128 0x34
 299 006f 00       		.byte	0
 300 0070 03       		.uleb128 0x3
 301 0071 0E       		.uleb128 0xe
 302 0072 3A       		.uleb128 0x3a
 303 0073 0B       		.uleb128 0xb
 304 0074 3B       		.uleb128 0x3b
 305 0075 0B       		.uleb128 0xb
 306 0076 49       		.uleb128 0x49
 307 0077 13       		.uleb128 0x13
 308 0078 3F       		.uleb128 0x3f
 309 0079 19       		.uleb128 0x19
 310 007a 02       		.uleb128 0x2
 311 007b 18       		.uleb128 0x18
 312 007c 00       		.byte	0
 313 007d 00       		.byte	0
 314 007e 00       		.byte	0
 315              		.section	.debug_aranges,"",%progbits
 316 0000 14000000 		.4byte	0x14
 317 0004 0200     		.2byte	0x2
 318 0006 00000000 		.4byte	.Ldebug_info0
 319 000a 04       		.byte	0x4
 320 000b 00       		.byte	0
 321 000c 0000     		.2byte	0
 322 000e 0000     		.2byte	0
 323 0010 00000000 		.4byte	0
 324 0014 00000000 		.4byte	0
 325              		.section	.debug_line,"",%progbits
 326              	.Ldebug_line0:
 327 0000 5C010000 		.section	.debug_str,"MS",%progbits,1
 327      02005601 
 327      00000201 
 327      FB0E0D00 
 327      01010101 
 328              	.LASF6:
 329 0000 6C6F6E67 		.ascii	"long long int\000"
 329      206C6F6E 
 329      6720696E 
 329      7400
 330              	.LASF3:
 331 000e 73686F72 		.ascii	"short unsigned int\000"
ARM GAS  C:\Users\Eih3\AppData\Local\Temp\ccBJ8Ypu.s 			page 7


 331      7420756E 
 331      7369676E 
 331      65642069 
 331      6E7400
 332              	.LASF8:
 333 0021 756E7369 		.ascii	"unsigned int\000"
 333      676E6564 
 333      20696E74 
 333      00
 334              	.LASF17:
 335 002e 61647265 		.ascii	"adresse\000"
 335      73736500 
 336              	.LASF22:
 337 0036 2E5C6D6F 		.ascii	".\\module_hf.c\000"
 337      64756C65 
 337      5F68662E 
 337      6300
 338              	.LASF11:
 339 0044 75696E74 		.ascii	"uint8\000"
 339      3800
 340              	.LASF5:
 341 004a 6C6F6E67 		.ascii	"long unsigned int\000"
 341      20756E73 
 341      69676E65 
 341      6420696E 
 341      7400
 342              	.LASF7:
 343 005c 6C6F6E67 		.ascii	"long long unsigned int\000"
 343      206C6F6E 
 343      6720756E 
 343      7369676E 
 343      65642069 
 344              	.LASF18:
 345 0073 64617461 		.ascii	"dataBuffer\000"
 345      42756666 
 345      657200
 346              	.LASF1:
 347 007e 756E7369 		.ascii	"unsigned char\000"
 347      676E6564 
 347      20636861 
 347      7200
 348              	.LASF14:
 349 008c 63686172 		.ascii	"char\000"
 349      00
 350              	.LASF4:
 351 0091 6C6F6E67 		.ascii	"long int\000"
 351      20696E74 
 351      00
 352              	.LASF23:
 353 009a 443A5C45 		.ascii	"D:\\Eih3Cloud\\Projet RAGT\\3\\Carte HF.cydsn\000"
 353      69683343 
 353      6C6F7564 
 353      5C50726F 
 353      6A657420 
 354              	.LASF13:
 355 00c4 646F7562 		.ascii	"double\000"
 355      6C6500
ARM GAS  C:\Users\Eih3\AppData\Local\Temp\ccBJ8Ypu.s 			page 8


 356              	.LASF19:
 357 00cb 77726974 		.ascii	"writeData\000"
 357      65446174 
 357      6100
 358              	.LASF16:
 359 00d5 49544D5F 		.ascii	"ITM_RxBuffer\000"
 359      52784275 
 359      66666572 
 359      00
 360              	.LASF0:
 361 00e2 7369676E 		.ascii	"signed char\000"
 361      65642063 
 361      68617200 
 362              	.LASF9:
 363 00ee 5F5F696E 		.ascii	"__int32_t\000"
 363      7433325F 
 363      7400
 364              	.LASF12:
 365 00f8 666C6F61 		.ascii	"float\000"
 365      7400
 366              	.LASF2:
 367 00fe 73686F72 		.ascii	"short int\000"
 367      7420696E 
 367      7400
 368              	.LASF21:
 369 0108 474E5520 		.ascii	"GNU C 4.8.4 20140526 (release) [ARM/embedded-4_8-br"
 369      4320342E 
 369      382E3420 
 369      32303134 
 369      30353236 
 370 013b 616E6368 		.ascii	"anch revision 211358] -mcpu=cortex-m3 -mthumb -g -O"
 370      20726576 
 370      6973696F 
 370      6E203231 
 370      31333538 
 371 016e 30202D66 		.ascii	"0 -ffunction-sections\000"
 371      66756E63 
 371      74696F6E 
 371      2D736563 
 371      74696F6E 
 372              	.LASF10:
 373 0184 696E7433 		.ascii	"int32_t\000"
 373      325F7400 
 374              	.LASF20:
 375 018c 72656164 		.ascii	"readData\000"
 375      44617461 
 375      00
 376              	.LASF15:
 377 0195 73697A65 		.ascii	"sizetype\000"
 377      74797065 
 377      00
 378              		.ident	"GCC: (GNU Tools for ARM Embedded Processors) 4.8.4 20140526 (release) [ARM/embedded-4_8-br
